{"C:\\Users\\juan david\\Documents\\Trabajos ADSO\\Programación\\QR-FARM\\frontend\\src\\App.vue": {"path":"C:\\Users\\juan david\\Documents\\Trabajos ADSO\\Programación\\QR-FARM\\frontend\\src\\App.vue","statementMap":{"0":{"start":{"line":2,"column":2},"end":{"line":2,"column":null}}},"fnMap":{},"branchMap":{},"s":{"0":1},"f":{},"b":{},"meta":{"lastBranch":0,"lastFunction":0,"lastStatement":0,"seen":{}}}
,"C:\\Users\\juan david\\Documents\\Trabajos ADSO\\Programación\\QR-FARM\\frontend\\src\\main.js": {"path":"C:\\Users\\juan david\\Documents\\Trabajos ADSO\\Programación\\QR-FARM\\frontend\\src\\main.js","statementMap":{"0":{"start":{"line":9,"column":15},"end":{"line":16,"column":1}},"1":{"start":{"line":19,"column":0},"end":{"line":23,"column":1}},"2":{"start":{"line":20,"column":2},"end":{"line":20,"column":50}},"3":{"start":{"line":22,"column":2},"end":{"line":22,"column":25}},"4":{"start":{"line":26,"column":0},"end":{"line":28,"column":1}},"5":{"start":{"line":27,"column":2},"end":{"line":27,"column":58}},"6":{"start":{"line":30,"column":0},"end":{"line":30,"column":40}}},"fnMap":{},"branchMap":{"0":{"loc":{"start":{"line":10,"column":16},"end":{"line":10,"column":114}},"type":"binary-expr","locations":[{"start":{"line":10,"column":16},"end":{"line":10,"column":52}},{"start":{"line":10,"column":56},"end":{"line":10,"column":83}},{"start":{"line":10,"column":87},"end":{"line":10,"column":114}}],"line":10},"1":{"loc":{"start":{"line":11,"column":12},"end":{"line":11,"column":84}},"type":"binary-expr","locations":[{"start":{"line":11,"column":12},"end":{"line":11,"column":44}},{"start":{"line":11,"column":48},"end":{"line":11,"column":71}},{"start":{"line":11,"column":75},"end":{"line":11,"column":84}}],"line":11},"2":{"loc":{"start":{"line":12,"column":9},"end":{"line":12,"column":82}},"type":"binary-expr","locations":[{"start":{"line":12,"column":9},"end":{"line":12,"column":49}},{"start":{"line":12,"column":53},"end":{"line":12,"column":73}},{"start":{"line":12,"column":77},"end":{"line":12,"column":82}}],"line":12},"3":{"loc":{"start":{"line":13,"column":11},"end":{"line":13,"column":42}},"type":"binary-expr","locations":[{"start":{"line":13,"column":11},"end":{"line":13,"column":33}},{"start":{"line":13,"column":37},"end":{"line":13,"column":42}}],"line":13},"4":{"loc":{"start":{"line":14,"column":18},"end":{"line":14,"column":52}},"type":"binary-expr","locations":[{"start":{"line":14,"column":18},"end":{"line":14,"column":47}},{"start":{"line":14,"column":51},"end":{"line":14,"column":52}}],"line":14},"5":{"loc":{"start":{"line":15,"column":15},"end":{"line":15,"column":49}},"type":"binary-expr","locations":[{"start":{"line":15,"column":15},"end":{"line":15,"column":41}},{"start":{"line":15,"column":45},"end":{"line":15,"column":49}}],"line":15},"6":{"loc":{"start":{"line":19,"column":0},"end":{"line":23,"column":1}},"type":"if","locations":[{"start":{"line":19,"column":0},"end":{"line":23,"column":1}},{"start":{"line":21,"column":7},"end":{"line":23,"column":1}}],"line":19},"7":{"loc":{"start":{"line":26,"column":0},"end":{"line":28,"column":1}},"type":"if","locations":[{"start":{"line":26,"column":0},"end":{"line":28,"column":1}},{"start":{},"end":{}}],"line":26}},"s":{"0":0,"1":0,"2":0,"3":0,"4":0,"5":0,"6":0},"f":{},"b":{"0":[0,0,0],"1":[0,0,0],"2":[0,0,0],"3":[0,0],"4":[0,0],"5":[0,0],"6":[0,0],"7":[0,0]},"meta":{"lastBranch":8,"lastFunction":0,"lastStatement":7,"seen":{"s:9:15:16:1":0,"b:10:16:10:52:10:56:10:83:10:87:10:114":0,"b:11:12:11:44:11:48:11:71:11:75:11:84":1,"b:12:9:12:49:12:53:12:73:12:77:12:82":2,"b:13:11:13:33:13:37:13:42":3,"b:14:18:14:47:14:51:14:52":4,"b:15:15:15:41:15:45:15:49":5,"b:19:0:23:1:21:7:23:1":6,"s:19:0:23:1":1,"s:20:2:20:50":2,"s:22:2:22:25":3,"b:26:0:28:1:undefined:undefined:undefined:undefined":7,"s:26:0:28:1":4,"s:27:2:27:58":5,"s:30:0:30:40":6}}}
,"C:\\Users\\juan david\\Documents\\Trabajos ADSO\\Programación\\QR-FARM\\frontend\\src\\socket.js": {"path":"C:\\Users\\juan david\\Documents\\Trabajos ADSO\\Programación\\QR-FARM\\frontend\\src\\socket.js","statementMap":{"0":{"start":{"line":4,"column":21},"end":{"line":8,"column":2}}},"fnMap":{},"branchMap":{"0":{"loc":{"start":{"line":4,"column":25},"end":{"line":4,"column":84}},"type":"binary-expr","locations":[{"start":{"line":4,"column":25},"end":{"line":4,"column":57}},{"start":{"line":4,"column":61},"end":{"line":4,"column":84}}],"line":4}},"s":{"0":2},"f":{},"b":{"0":[2,2]},"meta":{"lastBranch":1,"lastFunction":0,"lastStatement":1,"seen":{"s:4:21:8:2":0,"b:4:25:4:57:4:61:4:84":0}}}
,"C:\\Users\\juan david\\Documents\\Trabajos ADSO\\Programación\\QR-FARM\\frontend\\src\\assets\\js\\dashboard-admin.js": {"path":"C:\\Users\\juan david\\Documents\\Trabajos ADSO\\Programación\\QR-FARM\\frontend\\src\\assets\\js\\dashboard-admin.js","statementMap":{"0":{"start":{"line":4,"column":24},"end":{"line":20,"column":1}},"1":{"start":{"line":5,"column":16},"end":{"line":5,"column":27}},"2":{"start":{"line":6,"column":16},"end":{"line":6,"column":27}},"3":{"start":{"line":7,"column":2},"end":{"line":9,"column":3}},"4":{"start":{"line":8,"column":4},"end":{"line":8,"column":17}},"5":{"start":{"line":11,"column":2},"end":{"line":17,"column":3}},"6":{"start":{"line":12,"column":18},"end":{"line":12,"column":35}},"7":{"start":{"line":13,"column":19},"end":{"line":13,"column":37}},"8":{"start":{"line":14,"column":4},"end":{"line":14,"column":42}},"9":{"start":{"line":15,"column":27},"end":{"line":15,"column":50}},"10":{"start":{"line":16,"column":4},"end":{"line":16,"column":54}},"11":{"start":{"line":19,"column":2},"end":{"line":19,"column":15}},"12":{"start":{"line":25,"column":4},"end":{"line":33,"column":6}},"13":{"start":{"line":36,"column":4},"end":{"line":39,"column":5}},"14":{"start":{"line":37,"column":6},"end":{"line":37,"column":34}},"15":{"start":{"line":38,"column":6},"end":{"line":38,"column":13}},"16":{"start":{"line":41,"column":17},"end":{"line":41,"column":38}},"17":{"start":{"line":42,"column":4},"end":{"line":42,"column":68}},"18":{"start":{"line":44,"column":4},"end":{"line":44,"column":30}},"19":{"start":{"line":48,"column":6},"end":{"line":65,"column":7}},"20":{"start":{"line":50,"column":33},"end":{"line":50,"column":55}},"21":{"start":{"line":51,"column":8},"end":{"line":51,"column":78}},"22":{"start":{"line":54,"column":31},"end":{"line":54,"column":55}},"23":{"start":{"line":55,"column":8},"end":{"line":55,"column":74}},"24":{"start":{"line":58,"column":33},"end":{"line":58,"column":58}},"25":{"start":{"line":59,"column":8},"end":{"line":59,"column":78}},"26":{"start":{"line":62,"column":8},"end":{"line":62,"column":58}},"27":{"start":{"line":64,"column":8},"end":{"line":64,"column":61}},"28":{"start":{"line":69,"column":6},"end":{"line":69,"column":27}},"29":{"start":{"line":70,"column":6},"end":{"line":70,"column":34}}},"fnMap":{"0":{"name":"(anonymous_0)","decl":{"start":{"line":4,"column":24},"end":{"line":4,"column":25}},"loc":{"start":{"line":4,"column":38},"end":{"line":20,"column":1}},"line":4},"1":{"name":"(anonymous_1)","decl":{"start":{"line":24,"column":2},"end":{"line":24,"column":6}},"loc":{"start":{"line":24,"column":9},"end":{"line":34,"column":3}},"line":24},"2":{"name":"(anonymous_2)","decl":{"start":{"line":35,"column":2},"end":{"line":35,"column":9}},"loc":{"start":{"line":35,"column":12},"end":{"line":45,"column":3}},"line":35},"3":{"name":"(anonymous_3)","decl":{"start":{"line":47,"column":10},"end":{"line":47,"column":28}},"loc":{"start":{"line":47,"column":31},"end":{"line":66,"column":5}},"line":47},"4":{"name":"(anonymous_4)","decl":{"start":{"line":68,"column":4},"end":{"line":68,"column":10}},"loc":{"start":{"line":68,"column":13},"end":{"line":71,"column":5}},"line":68}},"branchMap":{"0":{"loc":{"start":{"line":7,"column":2},"end":{"line":9,"column":3}},"type":"if","locations":[{"start":{"line":7,"column":2},"end":{"line":9,"column":3}},{"start":{},"end":{}}],"line":7},"1":{"loc":{"start":{"line":7,"column":6},"end":{"line":7,"column":73}},"type":"binary-expr","locations":[{"start":{"line":7,"column":6},"end":{"line":7,"column":29}},{"start":{"line":7,"column":33},"end":{"line":7,"column":56}},{"start":{"line":7,"column":60},"end":{"line":7,"column":73}}],"line":7},"2":{"loc":{"start":{"line":11,"column":2},"end":{"line":17,"column":3}},"type":"if","locations":[{"start":{"line":11,"column":2},"end":{"line":17,"column":3}},{"start":{},"end":{}}],"line":11},"3":{"loc":{"start":{"line":11,"column":6},"end":{"line":11,"column":69}},"type":"binary-expr","locations":[{"start":{"line":11,"column":6},"end":{"line":11,"column":35}},{"start":{"line":11,"column":39},"end":{"line":11,"column":69}}],"line":11},"4":{"loc":{"start":{"line":36,"column":4},"end":{"line":39,"column":5}},"type":"if","locations":[{"start":{"line":36,"column":4},"end":{"line":39,"column":5}},{"start":{},"end":{}}],"line":36},"5":{"loc":{"start":{"line":36,"column":8},"end":{"line":36,"column":64}},"type":"binary-expr","locations":[{"start":{"line":36,"column":8},"end":{"line":36,"column":38}},{"start":{"line":36,"column":42},"end":{"line":36,"column":64}}],"line":36},"6":{"loc":{"start":{"line":42,"column":20},"end":{"line":42,"column":67}},"type":"binary-expr","locations":[{"start":{"line":42,"column":20},"end":{"line":42,"column":48}},{"start":{"line":42,"column":52},"end":{"line":42,"column":67}}],"line":42},"7":{"loc":{"start":{"line":51,"column":37},"end":{"line":51,"column":77}},"type":"binary-expr","locations":[{"start":{"line":51,"column":37},"end":{"line":51,"column":72}},{"start":{"line":51,"column":76},"end":{"line":51,"column":77}}],"line":51},"8":{"loc":{"start":{"line":55,"column":35},"end":{"line":55,"column":73}},"type":"binary-expr","locations":[{"start":{"line":55,"column":35},"end":{"line":55,"column":68}},{"start":{"line":55,"column":72},"end":{"line":55,"column":73}}],"line":55},"9":{"loc":{"start":{"line":59,"column":37},"end":{"line":59,"column":77}},"type":"binary-expr","locations":[{"start":{"line":59,"column":37},"end":{"line":59,"column":72}},{"start":{"line":59,"column":76},"end":{"line":59,"column":77}}],"line":59}},"s":{"0":0,"1":0,"2":0,"3":0,"4":0,"5":0,"6":0,"7":0,"8":0,"9":0,"10":0,"11":0,"12":0,"13":0,"14":0,"15":0,"16":0,"17":0,"18":0,"19":0,"20":0,"21":0,"22":0,"23":0,"24":0,"25":0,"26":0,"27":0,"28":0,"29":0},"f":{"0":0,"1":0,"2":0,"3":0,"4":0},"b":{"0":[0,0],"1":[0,0,0],"2":[0,0],"3":[0,0],"4":[0,0],"5":[0,0],"6":[0,0],"7":[0,0],"8":[0,0],"9":[0,0]},"meta":{"lastBranch":10,"lastFunction":5,"lastStatement":30,"seen":{"s:4:24:20:1":0,"f:4:24:4:25":0,"s:5:16:5:27":1,"s:6:16:6:27":2,"b:7:2:9:3:undefined:undefined:undefined:undefined":0,"s:7:2:9:3":3,"b:7:6:7:29:7:33:7:56:7:60:7:73":1,"s:8:4:8:17":4,"b:11:2:17:3:undefined:undefined:undefined:undefined":2,"s:11:2:17:3":5,"b:11:6:11:35:11:39:11:69":3,"s:12:18:12:35":6,"s:13:19:13:37":7,"s:14:4:14:42":8,"s:15:27:15:50":9,"s:16:4:16:54":10,"s:19:2:19:15":11,"f:24:2:24:6":1,"s:25:4:33:6":12,"f:35:2:35:9":2,"b:36:4:39:5:undefined:undefined:undefined:undefined":4,"s:36:4:39:5":13,"b:36:8:36:38:36:42:36:64":5,"s:37:6:37:34":14,"s:38:6:38:13":15,"s:41:17:41:38":16,"s:42:4:42:68":17,"b:42:20:42:48:42:52:42:67":6,"s:44:4:44:30":18,"f:47:10:47:28":3,"s:48:6:65:7":19,"s:50:33:50:55":20,"s:51:8:51:78":21,"b:51:37:51:72:51:76:51:77":7,"s:54:31:54:55":22,"s:55:8:55:74":23,"b:55:35:55:68:55:72:55:73":8,"s:58:33:58:58":24,"s:59:8:59:78":25,"b:59:37:59:72:59:76:59:77":9,"s:62:8:62:58":26,"s:64:8:64:61":27,"f:68:4:68:10":4,"s:69:6:69:27":28,"s:70:6:70:34":29}}}
,"C:\\Users\\juan david\\Documents\\Trabajos ADSO\\Programación\\QR-FARM\\frontend\\src\\assets\\js\\dashboard-content-usuario.js": {"path":"C:\\Users\\juan david\\Documents\\Trabajos ADSO\\Programación\\QR-FARM\\frontend\\src\\assets\\js\\dashboard-content-usuario.js","statementMap":{"0":{"start":{"line":11,"column":4},"end":{"line":21,"column":6}},"1":{"start":{"line":24,"column":4},"end":{"line":24,"column":30}},"2":{"start":{"line":25,"column":4},"end":{"line":25,"column":30}},"3":{"start":{"line":32,"column":19},"end":{"line":32,"column":40}},"4":{"start":{"line":33,"column":6},"end":{"line":36,"column":7}},"5":{"start":{"line":34,"column":8},"end":{"line":34,"column":73}},"6":{"start":{"line":35,"column":8},"end":{"line":35,"column":55}},"7":{"start":{"line":43,"column":6},"end":{"line":61,"column":7}},"8":{"start":{"line":44,"column":70},"end":{"line":48,"column":10}},"9":{"start":{"line":50,"column":8},"end":{"line":50,"column":74}},"10":{"start":{"line":51,"column":8},"end":{"line":51,"column":77}},"11":{"start":{"line":52,"column":8},"end":{"line":52,"column":84}},"12":{"start":{"line":54,"column":8},"end":{"line":54,"column":61}},"13":{"start":{"line":56,"column":8},"end":{"line":60,"column":10}}},"fnMap":{"0":{"name":"(anonymous_0)","decl":{"start":{"line":10,"column":2},"end":{"line":10,"column":6}},"loc":{"start":{"line":10,"column":9},"end":{"line":22,"column":3}},"line":10},"1":{"name":"(anonymous_1)","decl":{"start":{"line":23,"column":2},"end":{"line":23,"column":9}},"loc":{"start":{"line":23,"column":12},"end":{"line":26,"column":3}},"line":23},"2":{"name":"(anonymous_2)","decl":{"start":{"line":31,"column":4},"end":{"line":31,"column":22}},"loc":{"start":{"line":31,"column":25},"end":{"line":37,"column":5}},"line":31},"3":{"name":"(anonymous_3)","decl":{"start":{"line":42,"column":10},"end":{"line":42,"column":28}},"loc":{"start":{"line":42,"column":31},"end":{"line":62,"column":5}},"line":42}},"branchMap":{"0":{"loc":{"start":{"line":33,"column":6},"end":{"line":36,"column":7}},"type":"if","locations":[{"start":{"line":33,"column":6},"end":{"line":36,"column":7}},{"start":{},"end":{}}],"line":33},"1":{"loc":{"start":{"line":33,"column":10},"end":{"line":33,"column":30}},"type":"binary-expr","locations":[{"start":{"line":33,"column":10},"end":{"line":33,"column":14}},{"start":{"line":33,"column":18},"end":{"line":33,"column":30}}],"line":33},"2":{"loc":{"start":{"line":34,"column":31},"end":{"line":34,"column":72}},"type":"binary-expr","locations":[{"start":{"line":34,"column":31},"end":{"line":34,"column":59}},{"start":{"line":34,"column":63},"end":{"line":34,"column":72}}],"line":34},"3":{"loc":{"start":{"line":35,"column":30},"end":{"line":35,"column":54}},"type":"binary-expr","locations":[{"start":{"line":35,"column":30},"end":{"line":35,"column":48}},{"start":{"line":35,"column":52},"end":{"line":35,"column":54}}],"line":35},"4":{"loc":{"start":{"line":50,"column":35},"end":{"line":50,"column":73}},"type":"binary-expr","locations":[{"start":{"line":50,"column":35},"end":{"line":50,"column":68}},{"start":{"line":50,"column":72},"end":{"line":50,"column":73}}],"line":50},"5":{"loc":{"start":{"line":51,"column":37},"end":{"line":51,"column":76}},"type":"binary-expr","locations":[{"start":{"line":51,"column":37},"end":{"line":51,"column":71}},{"start":{"line":51,"column":75},"end":{"line":51,"column":76}}],"line":51},"6":{"loc":{"start":{"line":52,"column":41},"end":{"line":52,"column":83}},"type":"binary-expr","locations":[{"start":{"line":52,"column":41},"end":{"line":52,"column":78}},{"start":{"line":52,"column":82},"end":{"line":52,"column":83}}],"line":52},"7":{"loc":{"start":{"line":57,"column":18},"end":{"line":57,"column":47}},"type":"binary-expr","locations":[{"start":{"line":57,"column":18},"end":{"line":57,"column":42}},{"start":{"line":57,"column":46},"end":{"line":57,"column":47}}],"line":57},"8":{"loc":{"start":{"line":58,"column":20},"end":{"line":58,"column":51}},"type":"binary-expr","locations":[{"start":{"line":58,"column":20},"end":{"line":58,"column":46}},{"start":{"line":58,"column":50},"end":{"line":58,"column":51}}],"line":58},"9":{"loc":{"start":{"line":59,"column":24},"end":{"line":59,"column":59}},"type":"binary-expr","locations":[{"start":{"line":59,"column":24},"end":{"line":59,"column":54}},{"start":{"line":59,"column":58},"end":{"line":59,"column":59}}],"line":59}},"s":{"0":0,"1":0,"2":0,"3":0,"4":0,"5":0,"6":0,"7":0,"8":0,"9":0,"10":0,"11":0,"12":0,"13":0},"f":{"0":0,"1":0,"2":0,"3":0},"b":{"0":[0,0],"1":[0,0],"2":[0,0],"3":[0,0],"4":[0,0],"5":[0,0],"6":[0,0],"7":[0,0],"8":[0,0],"9":[0,0]},"meta":{"lastBranch":10,"lastFunction":4,"lastStatement":14,"seen":{"f:10:2:10:6":0,"s:11:4:21:6":0,"f:23:2:23:9":1,"s:24:4:24:30":1,"s:25:4:25:30":2,"f:31:4:31:22":2,"s:32:19:32:40":3,"b:33:6:36:7:undefined:undefined:undefined:undefined":0,"s:33:6:36:7":4,"b:33:10:33:14:33:18:33:30":1,"s:34:8:34:73":5,"b:34:31:34:59:34:63:34:72":2,"s:35:8:35:55":6,"b:35:30:35:48:35:52:35:54":3,"f:42:10:42:28":3,"s:43:6:61:7":7,"s:44:70:48:10":8,"s:50:8:50:74":9,"b:50:35:50:68:50:72:50:73":4,"s:51:8:51:77":10,"b:51:37:51:71:51:75:51:76":5,"s:52:8:52:84":11,"b:52:41:52:78:52:82:52:83":6,"s:54:8:54:61":12,"s:56:8:60:10":13,"b:57:18:57:42:57:46:57:47":7,"b:58:20:58:46:58:50:58:51":8,"b:59:24:59:54:59:58:59:59":9}}}
,"C:\\Users\\juan david\\Documents\\Trabajos ADSO\\Programación\\QR-FARM\\frontend\\src\\assets\\js\\dashboard-content.js": {"path":"C:\\Users\\juan david\\Documents\\Trabajos ADSO\\Programación\\QR-FARM\\frontend\\src\\assets\\js\\dashboard-content.js","statementMap":{"0":{"start":{"line":4,"column":24},"end":{"line":20,"column":1}},"1":{"start":{"line":5,"column":16},"end":{"line":5,"column":27}},"2":{"start":{"line":6,"column":16},"end":{"line":6,"column":27}},"3":{"start":{"line":7,"column":2},"end":{"line":9,"column":3}},"4":{"start":{"line":8,"column":4},"end":{"line":8,"column":17}},"5":{"start":{"line":11,"column":2},"end":{"line":17,"column":3}},"6":{"start":{"line":12,"column":18},"end":{"line":12,"column":35}},"7":{"start":{"line":13,"column":19},"end":{"line":13,"column":37}},"8":{"start":{"line":14,"column":4},"end":{"line":14,"column":42}},"9":{"start":{"line":15,"column":27},"end":{"line":15,"column":50}},"10":{"start":{"line":16,"column":4},"end":{"line":16,"column":54}},"11":{"start":{"line":19,"column":2},"end":{"line":19,"column":15}},"12":{"start":{"line":25,"column":4},"end":{"line":36,"column":6}},"13":{"start":{"line":39,"column":4},"end":{"line":39,"column":57}},"14":{"start":{"line":40,"column":4},"end":{"line":40,"column":25}},"15":{"start":{"line":41,"column":4},"end":{"line":41,"column":71}},"16":{"start":{"line":43,"column":4},"end":{"line":46,"column":5}},"17":{"start":{"line":44,"column":6},"end":{"line":44,"column":77}},"18":{"start":{"line":45,"column":6},"end":{"line":45,"column":27}},"19":{"start":{"line":48,"column":4},"end":{"line":48,"column":63}},"20":{"start":{"line":49,"column":4},"end":{"line":49,"column":30}},"21":{"start":{"line":51,"column":4},"end":{"line":54,"column":5}},"22":{"start":{"line":52,"column":6},"end":{"line":52,"column":84}},"23":{"start":{"line":53,"column":6},"end":{"line":53,"column":32}},"24":{"start":{"line":57,"column":4},"end":{"line":57,"column":69}},"25":{"start":{"line":60,"column":4},"end":{"line":60,"column":72}},"26":{"start":{"line":64,"column":19},"end":{"line":64,"column":40}},"27":{"start":{"line":65,"column":6},"end":{"line":65,"column":49}},"28":{"start":{"line":66,"column":6},"end":{"line":66,"column":98}},"29":{"start":{"line":69,"column":6},"end":{"line":92,"column":7}},"30":{"start":{"line":70,"column":8},"end":{"line":70,"column":72}},"31":{"start":{"line":71,"column":25},"end":{"line":71,"column":53}},"32":{"start":{"line":72,"column":8},"end":{"line":72,"column":74}},"33":{"start":{"line":74,"column":8},"end":{"line":82,"column":9}},"34":{"start":{"line":75,"column":10},"end":{"line":75,"column":50}},"35":{"start":{"line":76,"column":10},"end":{"line":76,"column":58}},"36":{"start":{"line":77,"column":10},"end":{"line":77,"column":83}},"37":{"start":{"line":79,"column":10},"end":{"line":79,"column":92}},"38":{"start":{"line":80,"column":10},"end":{"line":80,"column":28}},"39":{"start":{"line":81,"column":10},"end":{"line":81,"column":40}},"40":{"start":{"line":84,"column":8},"end":{"line":84,"column":75}},"41":{"start":{"line":85,"column":8},"end":{"line":89,"column":11}},"42":{"start":{"line":90,"column":8},"end":{"line":90,"column":26}},"43":{"start":{"line":91,"column":8},"end":{"line":91,"column":38}},"44":{"start":{"line":95,"column":6},"end":{"line":107,"column":7}},"45":{"start":{"line":96,"column":21},"end":{"line":96,"column":42}},"46":{"start":{"line":97,"column":25},"end":{"line":97,"column":40}},"47":{"start":{"line":99,"column":8},"end":{"line":104,"column":9}},"48":{"start":{"line":100,"column":27},"end":{"line":100,"column":60}},"49":{"start":{"line":101,"column":10},"end":{"line":103,"column":11}},"50":{"start":{"line":102,"column":12},"end":{"line":102,"column":52}},"51":{"start":{"line":106,"column":8},"end":{"line":106,"column":61}},"52":{"start":{"line":111,"column":6},"end":{"line":111,"column":32}},"53":{"start":{"line":114,"column":6},"end":{"line":114,"column":106}},"54":{"start":{"line":116,"column":6},"end":{"line":274,"column":7}},"55":{"start":{"line":117,"column":8},"end":{"line":260,"column":9}},"56":{"start":{"line":118,"column":10},"end":{"line":118,"column":86}},"57":{"start":{"line":121,"column":10},"end":{"line":141,"column":11}},"58":{"start":{"line":122,"column":12},"end":{"line":122,"column":67}},"59":{"start":{"line":123,"column":37},"end":{"line":123,"column":59}},"60":{"start":{"line":124,"column":12},"end":{"line":124,"column":87}},"61":{"start":{"line":126,"column":12},"end":{"line":132,"column":13}},"62":{"start":{"line":127,"column":14},"end":{"line":127,"column":84}},"63":{"start":{"line":128,"column":14},"end":{"line":128,"column":95}},"64":{"start":{"line":130,"column":14},"end":{"line":130,"column":105}},"65":{"start":{"line":131,"column":14},"end":{"line":131,"column":45}},"66":{"start":{"line":134,"column":12},"end":{"line":134,"column":84}},"67":{"start":{"line":135,"column":12},"end":{"line":139,"column":15}},"68":{"start":{"line":140,"column":12},"end":{"line":140,"column":43}},"69":{"start":{"line":145,"column":35},"end":{"line":145,"column":85}},"70":{"start":{"line":146,"column":10},"end":{"line":146,"column":83}},"71":{"start":{"line":148,"column":10},"end":{"line":186,"column":11}},"72":{"start":{"line":149,"column":12},"end":{"line":164,"column":13}},"73":{"start":{"line":150,"column":14},"end":{"line":150,"column":95}},"74":{"start":{"line":151,"column":37},"end":{"line":151,"column":61}},"75":{"start":{"line":152,"column":14},"end":{"line":152,"column":85}},"76":{"start":{"line":154,"column":14},"end":{"line":160,"column":15}},"77":{"start":{"line":155,"column":16},"end":{"line":155,"column":82}},"78":{"start":{"line":156,"column":16},"end":{"line":156,"column":92}},"79":{"start":{"line":158,"column":16},"end":{"line":158,"column":103}},"80":{"start":{"line":159,"column":16},"end":{"line":159,"column":45}},"81":{"start":{"line":162,"column":14},"end":{"line":162,"column":86}},"82":{"start":{"line":163,"column":14},"end":{"line":163,"column":43}},"83":{"start":{"line":166,"column":12},"end":{"line":181,"column":13}},"84":{"start":{"line":167,"column":14},"end":{"line":167,"column":97}},"85":{"start":{"line":168,"column":39},"end":{"line":168,"column":64}},"86":{"start":{"line":169,"column":14},"end":{"line":169,"column":89}},"87":{"start":{"line":171,"column":14},"end":{"line":177,"column":15}},"88":{"start":{"line":172,"column":16},"end":{"line":172,"column":86}},"89":{"start":{"line":173,"column":16},"end":{"line":173,"column":97}},"90":{"start":{"line":175,"column":16},"end":{"line":175,"column":107}},"91":{"start":{"line":176,"column":16},"end":{"line":176,"column":47}},"92":{"start":{"line":179,"column":14},"end":{"line":179,"column":89}},"93":{"start":{"line":180,"column":14},"end":{"line":180,"column":45}},"94":{"start":{"line":183,"column":12},"end":{"line":183,"column":101}},"95":{"start":{"line":184,"column":12},"end":{"line":184,"column":41}},"96":{"start":{"line":185,"column":12},"end":{"line":185,"column":43}},"97":{"start":{"line":188,"column":10},"end":{"line":188,"column":87}},"98":{"start":{"line":191,"column":10},"end":{"line":211,"column":11}},"99":{"start":{"line":192,"column":12},"end":{"line":192,"column":67}},"100":{"start":{"line":193,"column":37},"end":{"line":193,"column":59}},"101":{"start":{"line":194,"column":12},"end":{"line":194,"column":87}},"102":{"start":{"line":196,"column":12},"end":{"line":202,"column":13}},"103":{"start":{"line":197,"column":14},"end":{"line":197,"column":84}},"104":{"start":{"line":198,"column":14},"end":{"line":198,"column":95}},"105":{"start":{"line":200,"column":14},"end":{"line":200,"column":105}},"106":{"start":{"line":201,"column":14},"end":{"line":201,"column":45}},"107":{"start":{"line":204,"column":12},"end":{"line":204,"column":84}},"108":{"start":{"line":205,"column":12},"end":{"line":209,"column":15}},"109":{"start":{"line":210,"column":12},"end":{"line":210,"column":43}},"110":{"start":{"line":213,"column":10},"end":{"line":233,"column":11}},"111":{"start":{"line":214,"column":12},"end":{"line":214,"column":65}},"112":{"start":{"line":215,"column":35},"end":{"line":215,"column":59}},"113":{"start":{"line":216,"column":12},"end":{"line":216,"column":83}},"114":{"start":{"line":218,"column":12},"end":{"line":224,"column":13}},"115":{"start":{"line":219,"column":14},"end":{"line":219,"column":80}},"116":{"start":{"line":220,"column":14},"end":{"line":220,"column":90}},"117":{"start":{"line":222,"column":14},"end":{"line":222,"column":101}},"118":{"start":{"line":223,"column":14},"end":{"line":223,"column":43}},"119":{"start":{"line":226,"column":12},"end":{"line":226,"column":84}},"120":{"start":{"line":227,"column":12},"end":{"line":231,"column":15}},"121":{"start":{"line":232,"column":12},"end":{"line":232,"column":41}},"122":{"start":{"line":235,"column":10},"end":{"line":255,"column":11}},"123":{"start":{"line":236,"column":12},"end":{"line":236,"column":67}},"124":{"start":{"line":237,"column":37},"end":{"line":237,"column":62}},"125":{"start":{"line":238,"column":12},"end":{"line":238,"column":87}},"126":{"start":{"line":240,"column":12},"end":{"line":246,"column":13}},"127":{"start":{"line":241,"column":14},"end":{"line":241,"column":84}},"128":{"start":{"line":242,"column":14},"end":{"line":242,"column":95}},"129":{"start":{"line":244,"column":14},"end":{"line":244,"column":105}},"130":{"start":{"line":245,"column":14},"end":{"line":245,"column":45}},"131":{"start":{"line":248,"column":12},"end":{"line":248,"column":87}},"132":{"start":{"line":249,"column":12},"end":{"line":253,"column":15}},"133":{"start":{"line":254,"column":12},"end":{"line":254,"column":43}},"134":{"start":{"line":258,"column":10},"end":{"line":258,"column":60}},"135":{"start":{"line":259,"column":10},"end":{"line":259,"column":85}},"136":{"start":{"line":262,"column":8},"end":{"line":262,"column":83}},"137":{"start":{"line":264,"column":8},"end":{"line":264,"column":88}},"138":{"start":{"line":265,"column":8},"end":{"line":265,"column":70}},"139":{"start":{"line":267,"column":8},"end":{"line":273,"column":10}}},"fnMap":{"0":{"name":"(anonymous_0)","decl":{"start":{"line":4,"column":24},"end":{"line":4,"column":25}},"loc":{"start":{"line":4,"column":38},"end":{"line":20,"column":1}},"line":4},"1":{"name":"(anonymous_1)","decl":{"start":{"line":24,"column":2},"end":{"line":24,"column":6}},"loc":{"start":{"line":24,"column":9},"end":{"line":37,"column":3}},"line":24},"2":{"name":"(anonymous_2)","decl":{"start":{"line":38,"column":2},"end":{"line":38,"column":9}},"loc":{"start":{"line":38,"column":12},"end":{"line":58,"column":3}},"line":38},"3":{"name":"(anonymous_3)","decl":{"start":{"line":59,"column":2},"end":{"line":59,"column":15}},"loc":{"start":{"line":59,"column":18},"end":{"line":61,"column":3}},"line":59},"4":{"name":"(anonymous_4)","decl":{"start":{"line":63,"column":4},"end":{"line":63,"column":17}},"loc":{"start":{"line":63,"column":20},"end":{"line":67,"column":5}},"line":63},"5":{"name":"(anonymous_5)","decl":{"start":{"line":68,"column":10},"end":{"line":68,"column":23}},"loc":{"start":{"line":68,"column":26},"end":{"line":93,"column":5}},"line":68},"6":{"name":"(anonymous_6)","decl":{"start":{"line":94,"column":10},"end":{"line":94,"column":28}},"loc":{"start":{"line":94,"column":31},"end":{"line":108,"column":5}},"line":94},"7":{"name":"(anonymous_7)","decl":{"start":{"line":109,"column":4},"end":{"line":109,"column":19}},"loc":{"start":{"line":109,"column":22},"end":{"line":112,"column":5}},"line":109},"8":{"name":"(anonymous_8)","decl":{"start":{"line":113,"column":10},"end":{"line":113,"column":28}},"loc":{"start":{"line":113,"column":31},"end":{"line":275,"column":5}},"line":113}},"branchMap":{"0":{"loc":{"start":{"line":7,"column":2},"end":{"line":9,"column":3}},"type":"if","locations":[{"start":{"line":7,"column":2},"end":{"line":9,"column":3}},{"start":{},"end":{}}],"line":7},"1":{"loc":{"start":{"line":7,"column":6},"end":{"line":7,"column":73}},"type":"binary-expr","locations":[{"start":{"line":7,"column":6},"end":{"line":7,"column":29}},{"start":{"line":7,"column":33},"end":{"line":7,"column":56}},{"start":{"line":7,"column":60},"end":{"line":7,"column":73}}],"line":7},"2":{"loc":{"start":{"line":11,"column":2},"end":{"line":17,"column":3}},"type":"if","locations":[{"start":{"line":11,"column":2},"end":{"line":17,"column":3}},{"start":{},"end":{}}],"line":11},"3":{"loc":{"start":{"line":11,"column":6},"end":{"line":11,"column":69}},"type":"binary-expr","locations":[{"start":{"line":11,"column":6},"end":{"line":11,"column":35}},{"start":{"line":11,"column":39},"end":{"line":11,"column":69}}],"line":11},"4":{"loc":{"start":{"line":43,"column":4},"end":{"line":46,"column":5}},"type":"if","locations":[{"start":{"line":43,"column":4},"end":{"line":46,"column":5}},{"start":{},"end":{}}],"line":43},"5":{"loc":{"start":{"line":51,"column":4},"end":{"line":54,"column":5}},"type":"if","locations":[{"start":{"line":51,"column":4},"end":{"line":54,"column":5}},{"start":{},"end":{}}],"line":51},"6":{"loc":{"start":{"line":74,"column":8},"end":{"line":82,"column":9}},"type":"if","locations":[{"start":{"line":74,"column":8},"end":{"line":82,"column":9}},{"start":{"line":78,"column":15},"end":{"line":82,"column":9}}],"line":74},"7":{"loc":{"start":{"line":75,"column":25},"end":{"line":75,"column":49}},"type":"binary-expr","locations":[{"start":{"line":75,"column":25},"end":{"line":75,"column":43}},{"start":{"line":75,"column":47},"end":{"line":75,"column":49}}],"line":75},"8":{"loc":{"start":{"line":99,"column":8},"end":{"line":104,"column":9}},"type":"if","locations":[{"start":{"line":99,"column":8},"end":{"line":104,"column":9}},{"start":{},"end":{}}],"line":99},"9":{"loc":{"start":{"line":101,"column":10},"end":{"line":103,"column":11}},"type":"if","locations":[{"start":{"line":101,"column":10},"end":{"line":103,"column":11}},{"start":{},"end":{}}],"line":101},"10":{"loc":{"start":{"line":117,"column":8},"end":{"line":260,"column":9}},"type":"if","locations":[{"start":{"line":117,"column":8},"end":{"line":260,"column":9}},{"start":{"line":187,"column":15},"end":{"line":260,"column":9}}],"line":117},"11":{"loc":{"start":{"line":126,"column":12},"end":{"line":132,"column":13}},"type":"if","locations":[{"start":{"line":126,"column":12},"end":{"line":132,"column":13}},{"start":{"line":129,"column":19},"end":{"line":132,"column":13}}],"line":126},"12":{"loc":{"start":{"line":127,"column":43},"end":{"line":127,"column":83}},"type":"binary-expr","locations":[{"start":{"line":127,"column":43},"end":{"line":127,"column":78}},{"start":{"line":127,"column":82},"end":{"line":127,"column":83}}],"line":127},"13":{"loc":{"start":{"line":148,"column":10},"end":{"line":186,"column":11}},"type":"if","locations":[{"start":{"line":148,"column":10},"end":{"line":186,"column":11}},{"start":{"line":182,"column":17},"end":{"line":186,"column":11}}],"line":148},"14":{"loc":{"start":{"line":154,"column":14},"end":{"line":160,"column":15}},"type":"if","locations":[{"start":{"line":154,"column":14},"end":{"line":160,"column":15}},{"start":{"line":157,"column":21},"end":{"line":160,"column":15}}],"line":154},"15":{"loc":{"start":{"line":155,"column":43},"end":{"line":155,"column":81}},"type":"binary-expr","locations":[{"start":{"line":155,"column":43},"end":{"line":155,"column":76}},{"start":{"line":155,"column":80},"end":{"line":155,"column":81}}],"line":155},"16":{"loc":{"start":{"line":171,"column":14},"end":{"line":177,"column":15}},"type":"if","locations":[{"start":{"line":171,"column":14},"end":{"line":177,"column":15}},{"start":{"line":174,"column":21},"end":{"line":177,"column":15}}],"line":171},"17":{"loc":{"start":{"line":172,"column":45},"end":{"line":172,"column":85}},"type":"binary-expr","locations":[{"start":{"line":172,"column":45},"end":{"line":172,"column":80}},{"start":{"line":172,"column":84},"end":{"line":172,"column":85}}],"line":172},"18":{"loc":{"start":{"line":196,"column":12},"end":{"line":202,"column":13}},"type":"if","locations":[{"start":{"line":196,"column":12},"end":{"line":202,"column":13}},{"start":{"line":199,"column":19},"end":{"line":202,"column":13}}],"line":196},"19":{"loc":{"start":{"line":197,"column":43},"end":{"line":197,"column":83}},"type":"binary-expr","locations":[{"start":{"line":197,"column":43},"end":{"line":197,"column":78}},{"start":{"line":197,"column":82},"end":{"line":197,"column":83}}],"line":197},"20":{"loc":{"start":{"line":218,"column":12},"end":{"line":224,"column":13}},"type":"if","locations":[{"start":{"line":218,"column":12},"end":{"line":224,"column":13}},{"start":{"line":221,"column":19},"end":{"line":224,"column":13}}],"line":218},"21":{"loc":{"start":{"line":219,"column":41},"end":{"line":219,"column":79}},"type":"binary-expr","locations":[{"start":{"line":219,"column":41},"end":{"line":219,"column":74}},{"start":{"line":219,"column":78},"end":{"line":219,"column":79}}],"line":219},"22":{"loc":{"start":{"line":240,"column":12},"end":{"line":246,"column":13}},"type":"if","locations":[{"start":{"line":240,"column":12},"end":{"line":246,"column":13}},{"start":{"line":243,"column":19},"end":{"line":246,"column":13}}],"line":240},"23":{"loc":{"start":{"line":241,"column":43},"end":{"line":241,"column":83}},"type":"binary-expr","locations":[{"start":{"line":241,"column":43},"end":{"line":241,"column":78}},{"start":{"line":241,"column":82},"end":{"line":241,"column":83}}],"line":241},"24":{"loc":{"start":{"line":268,"column":20},"end":{"line":268,"column":45}},"type":"cond-expr","locations":[{"start":{"line":268,"column":40},"end":{"line":268,"column":41}},{"start":{"line":268,"column":44},"end":{"line":268,"column":45}}],"line":268}},"s":{"0":0,"1":0,"2":0,"3":0,"4":0,"5":0,"6":0,"7":0,"8":0,"9":0,"10":0,"11":0,"12":0,"13":0,"14":0,"15":0,"16":0,"17":0,"18":0,"19":0,"20":0,"21":0,"22":0,"23":0,"24":0,"25":0,"26":0,"27":0,"28":0,"29":0,"30":0,"31":0,"32":0,"33":0,"34":0,"35":0,"36":0,"37":0,"38":0,"39":0,"40":0,"41":0,"42":0,"43":0,"44":0,"45":0,"46":0,"47":0,"48":0,"49":0,"50":0,"51":0,"52":0,"53":0,"54":0,"55":0,"56":0,"57":0,"58":0,"59":0,"60":0,"61":0,"62":0,"63":0,"64":0,"65":0,"66":0,"67":0,"68":0,"69":0,"70":0,"71":0,"72":0,"73":0,"74":0,"75":0,"76":0,"77":0,"78":0,"79":0,"80":0,"81":0,"82":0,"83":0,"84":0,"85":0,"86":0,"87":0,"88":0,"89":0,"90":0,"91":0,"92":0,"93":0,"94":0,"95":0,"96":0,"97":0,"98":0,"99":0,"100":0,"101":0,"102":0,"103":0,"104":0,"105":0,"106":0,"107":0,"108":0,"109":0,"110":0,"111":0,"112":0,"113":0,"114":0,"115":0,"116":0,"117":0,"118":0,"119":0,"120":0,"121":0,"122":0,"123":0,"124":0,"125":0,"126":0,"127":0,"128":0,"129":0,"130":0,"131":0,"132":0,"133":0,"134":0,"135":0,"136":0,"137":0,"138":0,"139":0},"f":{"0":0,"1":0,"2":0,"3":0,"4":0,"5":0,"6":0,"7":0,"8":0},"b":{"0":[0,0],"1":[0,0,0],"2":[0,0],"3":[0,0],"4":[0,0],"5":[0,0],"6":[0,0],"7":[0,0],"8":[0,0],"9":[0,0],"10":[0,0],"11":[0,0],"12":[0,0],"13":[0,0],"14":[0,0],"15":[0,0],"16":[0,0],"17":[0,0],"18":[0,0],"19":[0,0],"20":[0,0],"21":[0,0],"22":[0,0],"23":[0,0],"24":[0,0]},"meta":{"lastBranch":25,"lastFunction":9,"lastStatement":140,"seen":{"s:4:24:20:1":0,"f:4:24:4:25":0,"s:5:16:5:27":1,"s:6:16:6:27":2,"b:7:2:9:3:undefined:undefined:undefined:undefined":0,"s:7:2:9:3":3,"b:7:6:7:29:7:33:7:56:7:60:7:73":1,"s:8:4:8:17":4,"b:11:2:17:3:undefined:undefined:undefined:undefined":2,"s:11:2:17:3":5,"b:11:6:11:35:11:39:11:69":3,"s:12:18:12:35":6,"s:13:19:13:37":7,"s:14:4:14:42":8,"s:15:27:15:50":9,"s:16:4:16:54":10,"s:19:2:19:15":11,"f:24:2:24:6":1,"s:25:4:36:6":12,"f:38:2:38:9":2,"s:39:4:39:57":13,"s:40:4:40:25":14,"s:41:4:41:71":15,"b:43:4:46:5:undefined:undefined:undefined:undefined":4,"s:43:4:46:5":16,"s:44:6:44:77":17,"s:45:6:45:27":18,"s:48:4:48:63":19,"s:49:4:49:30":20,"b:51:4:54:5:undefined:undefined:undefined:undefined":5,"s:51:4:54:5":21,"s:52:6:52:84":22,"s:53:6:53:32":23,"s:57:4:57:69":24,"f:59:2:59:15":3,"s:60:4:60:72":25,"f:63:4:63:17":4,"s:64:19:64:40":26,"s:65:6:65:49":27,"s:66:6:66:98":28,"f:68:10:68:23":5,"s:69:6:92:7":29,"s:70:8:70:72":30,"s:71:25:71:53":31,"s:72:8:72:74":32,"b:74:8:82:9:78:15:82:9":6,"s:74:8:82:9":33,"s:75:10:75:50":34,"b:75:25:75:43:75:47:75:49":7,"s:76:10:76:58":35,"s:77:10:77:83":36,"s:79:10:79:92":37,"s:80:10:80:28":38,"s:81:10:81:40":39,"s:84:8:84:75":40,"s:85:8:89:11":41,"s:90:8:90:26":42,"s:91:8:91:38":43,"f:94:10:94:28":6,"s:95:6:107:7":44,"s:96:21:96:42":45,"s:97:25:97:40":46,"b:99:8:104:9:undefined:undefined:undefined:undefined":8,"s:99:8:104:9":47,"s:100:27:100:60":48,"b:101:10:103:11:undefined:undefined:undefined:undefined":9,"s:101:10:103:11":49,"s:102:12:102:52":50,"s:106:8:106:61":51,"f:109:4:109:19":7,"s:111:6:111:32":52,"f:113:10:113:28":8,"s:114:6:114:106":53,"s:116:6:274:7":54,"b:117:8:260:9:187:15:260:9":10,"s:117:8:260:9":55,"s:118:10:118:86":56,"s:121:10:141:11":57,"s:122:12:122:67":58,"s:123:37:123:59":59,"s:124:12:124:87":60,"b:126:12:132:13:129:19:132:13":11,"s:126:12:132:13":61,"s:127:14:127:84":62,"b:127:43:127:78:127:82:127:83":12,"s:128:14:128:95":63,"s:130:14:130:105":64,"s:131:14:131:45":65,"s:134:12:134:84":66,"s:135:12:139:15":67,"s:140:12:140:43":68,"s:145:35:145:85":69,"s:146:10:146:83":70,"b:148:10:186:11:182:17:186:11":13,"s:148:10:186:11":71,"s:149:12:164:13":72,"s:150:14:150:95":73,"s:151:37:151:61":74,"s:152:14:152:85":75,"b:154:14:160:15:157:21:160:15":14,"s:154:14:160:15":76,"s:155:16:155:82":77,"b:155:43:155:76:155:80:155:81":15,"s:156:16:156:92":78,"s:158:16:158:103":79,"s:159:16:159:45":80,"s:162:14:162:86":81,"s:163:14:163:43":82,"s:166:12:181:13":83,"s:167:14:167:97":84,"s:168:39:168:64":85,"s:169:14:169:89":86,"b:171:14:177:15:174:21:177:15":16,"s:171:14:177:15":87,"s:172:16:172:86":88,"b:172:45:172:80:172:84:172:85":17,"s:173:16:173:97":89,"s:175:16:175:107":90,"s:176:16:176:47":91,"s:179:14:179:89":92,"s:180:14:180:45":93,"s:183:12:183:101":94,"s:184:12:184:41":95,"s:185:12:185:43":96,"s:188:10:188:87":97,"s:191:10:211:11":98,"s:192:12:192:67":99,"s:193:37:193:59":100,"s:194:12:194:87":101,"b:196:12:202:13:199:19:202:13":18,"s:196:12:202:13":102,"s:197:14:197:84":103,"b:197:43:197:78:197:82:197:83":19,"s:198:14:198:95":104,"s:200:14:200:105":105,"s:201:14:201:45":106,"s:204:12:204:84":107,"s:205:12:209:15":108,"s:210:12:210:43":109,"s:213:10:233:11":110,"s:214:12:214:65":111,"s:215:35:215:59":112,"s:216:12:216:83":113,"b:218:12:224:13:221:19:224:13":20,"s:218:12:224:13":114,"s:219:14:219:80":115,"b:219:41:219:74:219:78:219:79":21,"s:220:14:220:90":116,"s:222:14:222:101":117,"s:223:14:223:43":118,"s:226:12:226:84":119,"s:227:12:231:15":120,"s:232:12:232:41":121,"s:235:10:255:11":122,"s:236:12:236:67":123,"s:237:37:237:62":124,"s:238:12:238:87":125,"b:240:12:246:13:243:19:246:13":22,"s:240:12:246:13":126,"s:241:14:241:84":127,"b:241:43:241:78:241:82:241:83":23,"s:242:14:242:95":128,"s:244:14:244:105":129,"s:245:14:245:45":130,"s:248:12:248:87":131,"s:249:12:253:15":132,"s:254:12:254:43":133,"s:258:10:258:60":134,"s:259:10:259:85":135,"s:262:8:262:83":136,"s:264:8:264:88":137,"s:265:8:265:70":138,"s:267:8:273:10":139,"b:268:40:268:41:268:44:268:45":24}}}
,"C:\\Users\\juan david\\Documents\\Trabajos ADSO\\Programación\\QR-FARM\\frontend\\src\\assets\\js\\dashboard-usuario.js": {"path":"C:\\Users\\juan david\\Documents\\Trabajos ADSO\\Programación\\QR-FARM\\frontend\\src\\assets\\js\\dashboard-usuario.js","statementMap":{"0":{"start":{"line":4,"column":37},"end":{"line":13,"column":1}},"1":{"start":{"line":5,"column":2},"end":{"line":9,"column":3}},"2":{"start":{"line":6,"column":19},"end":{"line":6,"column":37}},"3":{"start":{"line":7,"column":4},"end":{"line":7,"column":35}},"4":{"start":{"line":8,"column":4},"end":{"line":8,"column":34}},"5":{"start":{"line":10,"column":20},"end":{"line":10,"column":30}},"6":{"start":{"line":11,"column":19},"end":{"line":11,"column":54}},"7":{"start":{"line":12,"column":2},"end":{"line":12,"column":34}},"8":{"start":{"line":22,"column":4},"end":{"line":30,"column":6}},"9":{"start":{"line":33,"column":4},"end":{"line":36,"column":5}},"10":{"start":{"line":34,"column":6},"end":{"line":34,"column":34}},"11":{"start":{"line":35,"column":6},"end":{"line":35,"column":13}},"12":{"start":{"line":38,"column":17},"end":{"line":38,"column":38}},"13":{"start":{"line":39,"column":4},"end":{"line":39,"column":62}},"14":{"start":{"line":40,"column":4},"end":{"line":40,"column":48}},"15":{"start":{"line":42,"column":4},"end":{"line":42,"column":30}},"16":{"start":{"line":49,"column":6},"end":{"line":66,"column":7}},"17":{"start":{"line":50,"column":21},"end":{"line":50,"column":42}},"18":{"start":{"line":51,"column":23},"end":{"line":51,"column":31}},"19":{"start":{"line":54,"column":31},"end":{"line":54,"column":55}},"20":{"start":{"line":55,"column":30},"end":{"line":55,"column":99}},"21":{"start":{"line":55,"column":69},"end":{"line":55,"column":92}},"22":{"start":{"line":56,"column":8},"end":{"line":56,"column":56}},"23":{"start":{"line":59,"column":32},"end":{"line":59,"column":60}},"24":{"start":{"line":60,"column":8},"end":{"line":60,"column":76}},"25":{"start":{"line":63,"column":8},"end":{"line":63,"column":87}},"26":{"start":{"line":65,"column":8},"end":{"line":65,"column":61}},"27":{"start":{"line":73,"column":6},"end":{"line":73,"column":27}},"28":{"start":{"line":74,"column":6},"end":{"line":74,"column":34}}},"fnMap":{"0":{"name":"(anonymous_0)","decl":{"start":{"line":4,"column":37},"end":{"line":4,"column":38}},"loc":{"start":{"line":4,"column":43},"end":{"line":13,"column":1}},"line":4},"1":{"name":"(anonymous_1)","decl":{"start":{"line":21,"column":2},"end":{"line":21,"column":6}},"loc":{"start":{"line":21,"column":9},"end":{"line":31,"column":3}},"line":21},"2":{"name":"(anonymous_2)","decl":{"start":{"line":32,"column":2},"end":{"line":32,"column":9}},"loc":{"start":{"line":32,"column":12},"end":{"line":43,"column":3}},"line":32},"3":{"name":"(anonymous_3)","decl":{"start":{"line":48,"column":10},"end":{"line":48,"column":28}},"loc":{"start":{"line":48,"column":31},"end":{"line":67,"column":5}},"line":48},"4":{"name":"(anonymous_4)","decl":{"start":{"line":55,"column":64},"end":{"line":55,"column":65}},"loc":{"start":{"line":55,"column":69},"end":{"line":55,"column":92}},"line":55},"5":{"name":"(anonymous_5)","decl":{"start":{"line":72,"column":4},"end":{"line":72,"column":10}},"loc":{"start":{"line":72,"column":13},"end":{"line":75,"column":5}},"line":72}},"branchMap":{"0":{"loc":{"start":{"line":5,"column":2},"end":{"line":9,"column":3}},"type":"if","locations":[{"start":{"line":5,"column":2},"end":{"line":9,"column":3}},{"start":{},"end":{}}],"line":5},"1":{"loc":{"start":{"line":5,"column":6},"end":{"line":5,"column":83}},"type":"binary-expr","locations":[{"start":{"line":5,"column":6},"end":{"line":5,"column":35}},{"start":{"line":5,"column":39},"end":{"line":5,"column":83}}],"line":5},"2":{"loc":{"start":{"line":33,"column":4},"end":{"line":36,"column":5}},"type":"if","locations":[{"start":{"line":33,"column":4},"end":{"line":36,"column":5}},{"start":{},"end":{}}],"line":33},"3":{"loc":{"start":{"line":33,"column":8},"end":{"line":33,"column":63}},"type":"binary-expr","locations":[{"start":{"line":33,"column":8},"end":{"line":33,"column":38}},{"start":{"line":33,"column":42},"end":{"line":33,"column":63}}],"line":33},"4":{"loc":{"start":{"line":39,"column":20},"end":{"line":39,"column":61}},"type":"binary-expr","locations":[{"start":{"line":39,"column":20},"end":{"line":39,"column":48}},{"start":{"line":39,"column":52},"end":{"line":39,"column":61}}],"line":39},"5":{"loc":{"start":{"line":40,"column":20},"end":{"line":40,"column":47}},"type":"binary-expr","locations":[{"start":{"line":40,"column":20},"end":{"line":40,"column":34}},{"start":{"line":40,"column":38},"end":{"line":40,"column":47}}],"line":40},"6":{"loc":{"start":{"line":55,"column":30},"end":{"line":55,"column":99}},"type":"binary-expr","locations":[{"start":{"line":55,"column":30},"end":{"line":55,"column":93}},{"start":{"line":55,"column":97},"end":{"line":55,"column":99}}],"line":55},"7":{"loc":{"start":{"line":60,"column":36},"end":{"line":60,"column":75}},"type":"binary-expr","locations":[{"start":{"line":60,"column":36},"end":{"line":60,"column":70}},{"start":{"line":60,"column":74},"end":{"line":60,"column":75}}],"line":60}},"s":{"0":0,"1":0,"2":0,"3":0,"4":0,"5":0,"6":0,"7":0,"8":0,"9":0,"10":0,"11":0,"12":0,"13":0,"14":0,"15":0,"16":0,"17":0,"18":0,"19":0,"20":0,"21":0,"22":0,"23":0,"24":0,"25":0,"26":0,"27":0,"28":0},"f":{"0":0,"1":0,"2":0,"3":0,"4":0,"5":0},"b":{"0":[0,0],"1":[0,0],"2":[0,0],"3":[0,0],"4":[0,0],"5":[0,0],"6":[0,0],"7":[0,0]},"meta":{"lastBranch":8,"lastFunction":6,"lastStatement":29,"seen":{"s:4:37:13:1":0,"f:4:37:4:38":0,"b:5:2:9:3:undefined:undefined:undefined:undefined":0,"s:5:2:9:3":1,"b:5:6:5:35:5:39:5:83":1,"s:6:19:6:37":2,"s:7:4:7:35":3,"s:8:4:8:34":4,"s:10:20:10:30":5,"s:11:19:11:54":6,"s:12:2:12:34":7,"f:21:2:21:6":1,"s:22:4:30:6":8,"f:32:2:32:9":2,"b:33:4:36:5:undefined:undefined:undefined:undefined":2,"s:33:4:36:5":9,"b:33:8:33:38:33:42:33:63":3,"s:34:6:34:34":10,"s:35:6:35:13":11,"s:38:17:38:38":12,"s:39:4:39:62":13,"b:39:20:39:48:39:52:39:61":4,"s:40:4:40:48":14,"b:40:20:40:34:40:38:40:47":5,"s:42:4:42:30":15,"f:48:10:48:28":3,"s:49:6:66:7":16,"s:50:21:50:42":17,"s:51:23:51:31":18,"s:54:31:54:55":19,"s:55:30:55:99":20,"b:55:30:55:93:55:97:55:99":6,"f:55:64:55:65":4,"s:55:69:55:92":21,"s:56:8:56:56":22,"s:59:32:59:60":23,"s:60:8:60:76":24,"b:60:36:60:70:60:74:60:75":7,"s:63:8:63:87":25,"s:65:8:65:61":26,"f:72:4:72:10":5,"s:73:6:73:27":27,"s:74:6:74:34":28}}}
,"C:\\Users\\juan david\\Documents\\Trabajos ADSO\\Programación\\QR-FARM\\frontend\\src\\assets\\js\\escanear-qr-admin.js": {"path":"C:\\Users\\juan david\\Documents\\Trabajos ADSO\\Programación\\QR-FARM\\frontend\\src\\assets\\js\\escanear-qr-admin.js","statementMap":{"0":{"start":{"line":3,"column":36},"end":{"line":3,"column":50}},"1":{"start":{"line":9,"column":26},"end":{"line":9,"column":72}},"2":{"start":{"line":26,"column":6},"end":{"line":26,"column":53}},"3":{"start":{"line":30,"column":6},"end":{"line":48,"column":7}},"4":{"start":{"line":31,"column":8},"end":{"line":38,"column":11}},"5":{"start":{"line":36,"column":12},"end":{"line":36,"column":31}},"6":{"start":{"line":40,"column":8},"end":{"line":47,"column":17}},"7":{"start":{"line":41,"column":10},"end":{"line":46,"column":13}},"8":{"start":{"line":52,"column":6},"end":{"line":70,"column":7}},"9":{"start":{"line":53,"column":8},"end":{"line":60,"column":11}},"10":{"start":{"line":58,"column":12},"end":{"line":58,"column":31}},"11":{"start":{"line":62,"column":8},"end":{"line":69,"column":17}},"12":{"start":{"line":63,"column":10},"end":{"line":68,"column":13}}},"fnMap":{"0":{"name":"(anonymous_0)","decl":{"start":{"line":9,"column":15},"end":{"line":9,"column":22}},"loc":{"start":{"line":9,"column":26},"end":{"line":9,"column":72}},"line":9},"1":{"name":"(anonymous_1)","decl":{"start":{"line":25,"column":4},"end":{"line":25,"column":20}},"loc":{"start":{"line":25,"column":23},"end":{"line":27,"column":5}},"line":25},"2":{"name":"(anonymous_2)","decl":{"start":{"line":29,"column":4},"end":{"line":29,"column":18}},"loc":{"start":{"line":29,"column":21},"end":{"line":49,"column":5}},"line":29},"3":{"name":"(anonymous_3)","decl":{"start":{"line":35,"column":19},"end":{"line":35,"column":20}},"loc":{"start":{"line":35,"column":25},"end":{"line":37,"column":11}},"line":35},"4":{"name":"(anonymous_4)","decl":{"start":{"line":40,"column":19},"end":{"line":40,"column":20}},"loc":{"start":{"line":40,"column":25},"end":{"line":47,"column":9}},"line":40},"5":{"name":"(anonymous_5)","decl":{"start":{"line":51,"column":4},"end":{"line":51,"column":17}},"loc":{"start":{"line":51,"column":20},"end":{"line":71,"column":5}},"line":51},"6":{"name":"(anonymous_6)","decl":{"start":{"line":57,"column":19},"end":{"line":57,"column":20}},"loc":{"start":{"line":57,"column":25},"end":{"line":59,"column":11}},"line":57},"7":{"name":"(anonymous_7)","decl":{"start":{"line":62,"column":19},"end":{"line":62,"column":20}},"loc":{"start":{"line":62,"column":25},"end":{"line":69,"column":9}},"line":62}},"branchMap":{"0":{"loc":{"start":{"line":9,"column":26},"end":{"line":9,"column":72}},"type":"binary-expr","locations":[{"start":{"line":9,"column":26},"end":{"line":9,"column":51}},{"start":{"line":9,"column":55},"end":{"line":9,"column":72}}],"line":9},"1":{"loc":{"start":{"line":30,"column":6},"end":{"line":48,"column":7}},"type":"if","locations":[{"start":{"line":30,"column":6},"end":{"line":48,"column":7}},{"start":{},"end":{}}],"line":30},"2":{"loc":{"start":{"line":52,"column":6},"end":{"line":70,"column":7}},"type":"if","locations":[{"start":{"line":52,"column":6},"end":{"line":70,"column":7}},{"start":{},"end":{}}],"line":52}},"s":{"0":0,"1":0,"2":0,"3":0,"4":0,"5":0,"6":0,"7":0,"8":0,"9":0,"10":0,"11":0,"12":0},"f":{"0":0,"1":0,"2":0,"3":0,"4":0,"5":0,"6":0,"7":0},"b":{"0":[0,0],"1":[0,0],"2":[0,0]},"meta":{"lastBranch":3,"lastFunction":8,"lastStatement":13,"seen":{"s:3:36:3:50":0,"f:9:15:9:22":0,"s:9:26:9:72":1,"b:9:26:9:51:9:55:9:72":0,"f:25:4:25:20":1,"s:26:6:26:53":2,"f:29:4:29:18":2,"b:30:6:48:7:undefined:undefined:undefined:undefined":1,"s:30:6:48:7":3,"s:31:8:38:11":4,"f:35:19:35:20":3,"s:36:12:36:31":5,"s:40:8:47:17":6,"f:40:19:40:20":4,"s:41:10:46:13":7,"f:51:4:51:17":5,"b:52:6:70:7:undefined:undefined:undefined:undefined":2,"s:52:6:70:7":8,"s:53:8:60:11":9,"f:57:19:57:20":6,"s:58:12:58:31":10,"s:62:8:69:17":11,"f:62:19:62:20":7,"s:63:10:68:13":12}}}
,"C:\\Users\\juan david\\Documents\\Trabajos ADSO\\Programación\\QR-FARM\\frontend\\src\\assets\\js\\escanear-qr-base.js": {"path":"C:\\Users\\juan david\\Documents\\Trabajos ADSO\\Programación\\QR-FARM\\frontend\\src\\assets\\js\\escanear-qr-base.js","statementMap":{"0":{"start":{"line":3,"column":22},"end":{"line":10,"column":1}},"1":{"start":{"line":4,"column":24},"end":{"line":4,"column":49}},"2":{"start":{"line":13,"column":2},"end":{"line":13,"column":44}},"3":{"start":{"line":16,"column":30},"end":{"line":110,"column":1}},"4":{"start":{"line":18,"column":19},"end":{"line":18,"column":34}},"5":{"start":{"line":19,"column":4},"end":{"line":24,"column":6}},"6":{"start":{"line":28,"column":19},"end":{"line":28,"column":34}},"7":{"start":{"line":29,"column":22},"end":{"line":29,"column":65}},"8":{"start":{"line":31,"column":4},"end":{"line":34,"column":5}},"9":{"start":{"line":32,"column":6},"end":{"line":32,"column":34}},"10":{"start":{"line":33,"column":6},"end":{"line":33,"column":13}},"11":{"start":{"line":36,"column":4},"end":{"line":38,"column":5}},"12":{"start":{"line":37,"column":6},"end":{"line":37,"column":50}},"13":{"start":{"line":43,"column":6},"end":{"line":43,"column":29}},"14":{"start":{"line":44,"column":21},"end":{"line":44,"column":36}},"15":{"start":{"line":45,"column":27},"end":{"line":45,"column":88}},"16":{"start":{"line":47,"column":6},"end":{"line":71,"column":7}},"17":{"start":{"line":48,"column":8},"end":{"line":48,"column":64}},"18":{"start":{"line":48,"column":37},"end":{"line":48,"column":62}},"19":{"start":{"line":50,"column":8},"end":{"line":59,"column":9}},"20":{"start":{"line":51,"column":10},"end":{"line":56,"column":13}},"21":{"start":{"line":58,"column":10},"end":{"line":58,"column":60}},"22":{"start":{"line":61,"column":8},"end":{"line":61,"column":50}},"23":{"start":{"line":62,"column":8},"end":{"line":68,"column":9}},"24":{"start":{"line":63,"column":10},"end":{"line":67,"column":13}},"25":{"start":{"line":70,"column":8},"end":{"line":70,"column":32}},"26":{"start":{"line":75,"column":6},"end":{"line":77,"column":7}},"27":{"start":{"line":76,"column":8},"end":{"line":76,"column":37}},"28":{"start":{"line":81,"column":19},"end":{"line":81,"column":70}},"29":{"start":{"line":82,"column":6},"end":{"line":82,"column":24}},"30":{"start":{"line":82,"column":17},"end":{"line":82,"column":24}},"31":{"start":{"line":84,"column":6},"end":{"line":84,"column":47}},"32":{"start":{"line":86,"column":6},"end":{"line":107,"column":7}},"33":{"start":{"line":87,"column":8},"end":{"line":94,"column":11}},"34":{"start":{"line":92,"column":12},"end":{"line":92,"column":31}},"35":{"start":{"line":96,"column":23},"end":{"line":96,"column":38}},"36":{"start":{"line":97,"column":29},"end":{"line":97,"column":90}},"37":{"start":{"line":99,"column":8},"end":{"line":106,"column":17}},"38":{"start":{"line":100,"column":10},"end":{"line":105,"column":13}}},"fnMap":{"0":{"name":"(anonymous_0)","decl":{"start":{"line":4,"column":13},"end":{"line":4,"column":20}},"loc":{"start":{"line":4,"column":24},"end":{"line":4,"column":49}},"line":4},"1":{"name":"getConfig","decl":{"start":{"line":12,"column":9},"end":{"line":12,"column":18}},"loc":{"start":{"line":12,"column":23},"end":{"line":14,"column":1}},"line":12},"2":{"name":"(anonymous_2)","decl":{"start":{"line":17,"column":2},"end":{"line":17,"column":6}},"loc":{"start":{"line":17,"column":9},"end":{"line":25,"column":3}},"line":17},"3":{"name":"(anonymous_3)","decl":{"start":{"line":27,"column":2},"end":{"line":27,"column":9}},"loc":{"start":{"line":27,"column":12},"end":{"line":39,"column":3}},"line":27},"4":{"name":"(anonymous_4)","decl":{"start":{"line":42,"column":10},"end":{"line":42,"column":24}},"loc":{"start":{"line":42,"column":27},"end":{"line":72,"column":5}},"line":42},"5":{"name":"(anonymous_5)","decl":{"start":{"line":48,"column":26},"end":{"line":48,"column":33}},"loc":{"start":{"line":48,"column":37},"end":{"line":48,"column":62}},"line":48},"6":{"name":"(anonymous_6)","decl":{"start":{"line":74,"column":4},"end":{"line":74,"column":15}},"loc":{"start":{"line":74,"column":18},"end":{"line":78,"column":5}},"line":74},"7":{"name":"(anonymous_7)","decl":{"start":{"line":80,"column":4},"end":{"line":80,"column":20}},"loc":{"start":{"line":80,"column":28},"end":{"line":108,"column":5}},"line":80},"8":{"name":"(anonymous_8)","decl":{"start":{"line":91,"column":19},"end":{"line":91,"column":20}},"loc":{"start":{"line":91,"column":25},"end":{"line":93,"column":11}},"line":91},"9":{"name":"(anonymous_9)","decl":{"start":{"line":99,"column":19},"end":{"line":99,"column":20}},"loc":{"start":{"line":99,"column":25},"end":{"line":106,"column":9}},"line":99}},"branchMap":{"0":{"loc":{"start":{"line":13,"column":9},"end":{"line":13,"column":43}},"type":"binary-expr","locations":[{"start":{"line":13,"column":9},"end":{"line":13,"column":37}},{"start":{"line":13,"column":41},"end":{"line":13,"column":43}}],"line":13},"1":{"loc":{"start":{"line":21,"column":16},"end":{"line":21,"column":71}},"type":"binary-expr","locations":[{"start":{"line":21,"column":16},"end":{"line":21,"column":38}},{"start":{"line":21,"column":42},"end":{"line":21,"column":71}}],"line":21},"2":{"loc":{"start":{"line":22,"column":19},"end":{"line":22,"column":111}},"type":"cond-expr","locations":[{"start":{"line":22,"column":55},"end":{"line":22,"column":78}},{"start":{"line":22,"column":81},"end":{"line":22,"column":111}}],"line":22},"3":{"loc":{"start":{"line":23,"column":20},"end":{"line":23,"column":97}},"type":"cond-expr","locations":[{"start":{"line":23,"column":42},"end":{"line":23,"column":68}},{"start":{"line":23,"column":71},"end":{"line":23,"column":97}}],"line":23},"4":{"loc":{"start":{"line":29,"column":22},"end":{"line":29,"column":65}},"type":"binary-expr","locations":[{"start":{"line":29,"column":22},"end":{"line":29,"column":38}},{"start":{"line":29,"column":42},"end":{"line":29,"column":65}}],"line":29},"5":{"loc":{"start":{"line":31,"column":4},"end":{"line":34,"column":5}},"type":"if","locations":[{"start":{"line":31,"column":4},"end":{"line":34,"column":5}},{"start":{},"end":{}}],"line":31},"6":{"loc":{"start":{"line":36,"column":4},"end":{"line":38,"column":5}},"type":"if","locations":[{"start":{"line":36,"column":4},"end":{"line":38,"column":5}},{"start":{},"end":{}}],"line":36},"7":{"loc":{"start":{"line":45,"column":27},"end":{"line":45,"column":88}},"type":"binary-expr","locations":[{"start":{"line":45,"column":27},"end":{"line":45,"column":52}},{"start":{"line":45,"column":56},"end":{"line":45,"column":88}}],"line":45},"8":{"loc":{"start":{"line":50,"column":8},"end":{"line":59,"column":9}},"type":"if","locations":[{"start":{"line":50,"column":8},"end":{"line":59,"column":9}},{"start":{"line":57,"column":15},"end":{"line":59,"column":9}}],"line":50},"9":{"loc":{"start":{"line":62,"column":8},"end":{"line":68,"column":9}},"type":"if","locations":[{"start":{"line":62,"column":8},"end":{"line":68,"column":9}},{"start":{},"end":{}}],"line":62},"10":{"loc":{"start":{"line":75,"column":6},"end":{"line":77,"column":7}},"type":"if","locations":[{"start":{"line":75,"column":6},"end":{"line":77,"column":7}},{"start":{},"end":{}}],"line":75},"11":{"loc":{"start":{"line":81,"column":19},"end":{"line":81,"column":70}},"type":"cond-expr","locations":[{"start":{"line":81,"column":42},"end":{"line":81,"column":63}},{"start":{"line":81,"column":66},"end":{"line":81,"column":70}}],"line":81},"12":{"loc":{"start":{"line":82,"column":6},"end":{"line":82,"column":24}},"type":"if","locations":[{"start":{"line":82,"column":6},"end":{"line":82,"column":24}},{"start":{},"end":{}}],"line":82},"13":{"loc":{"start":{"line":86,"column":6},"end":{"line":107,"column":7}},"type":"if","locations":[{"start":{"line":86,"column":6},"end":{"line":107,"column":7}},{"start":{},"end":{}}],"line":86},"14":{"loc":{"start":{"line":97,"column":29},"end":{"line":97,"column":90}},"type":"binary-expr","locations":[{"start":{"line":97,"column":29},"end":{"line":97,"column":54}},{"start":{"line":97,"column":58},"end":{"line":97,"column":90}}],"line":97}},"s":{"0":0,"1":0,"2":0,"3":0,"4":0,"5":0,"6":0,"7":0,"8":0,"9":0,"10":0,"11":0,"12":0,"13":0,"14":0,"15":0,"16":0,"17":0,"18":0,"19":0,"20":0,"21":0,"22":0,"23":0,"24":0,"25":0,"26":0,"27":0,"28":0,"29":0,"30":0,"31":0,"32":0,"33":0,"34":0,"35":0,"36":0,"37":0,"38":0},"f":{"0":0,"1":0,"2":0,"3":0,"4":0,"5":0,"6":0,"7":0,"8":0,"9":0},"b":{"0":[0,0],"1":[0,0],"2":[0,0],"3":[0,0],"4":[0,0],"5":[0,0],"6":[0,0],"7":[0,0],"8":[0,0],"9":[0,0],"10":[0,0],"11":[0,0],"12":[0,0],"13":[0,0],"14":[0,0]},"meta":{"lastBranch":15,"lastFunction":10,"lastStatement":39,"seen":{"s:3:22:10:1":0,"f:4:13:4:20":0,"s:4:24:4:49":1,"f:12:9:12:18":1,"s:13:2:13:44":2,"b:13:9:13:37:13:41:13:43":0,"s:16:30:110:1":3,"f:17:2:17:6":2,"s:18:19:18:34":4,"s:19:4:24:6":5,"b:21:16:21:38:21:42:21:71":1,"b:22:55:22:78:22:81:22:111":2,"b:23:42:23:68:23:71:23:97":3,"f:27:2:27:9":3,"s:28:19:28:34":6,"s:29:22:29:65":7,"b:29:22:29:38:29:42:29:65":4,"b:31:4:34:5:undefined:undefined:undefined:undefined":5,"s:31:4:34:5":8,"s:32:6:32:34":9,"s:33:6:33:13":10,"b:36:4:38:5:undefined:undefined:undefined:undefined":6,"s:36:4:38:5":11,"s:37:6:37:50":12,"f:42:10:42:24":4,"s:43:6:43:29":13,"s:44:21:44:36":14,"s:45:27:45:88":15,"b:45:27:45:52:45:56:45:88":7,"s:47:6:71:7":16,"s:48:8:48:64":17,"f:48:26:48:33":5,"s:48:37:48:62":18,"b:50:8:59:9:57:15:59:9":8,"s:50:8:59:9":19,"s:51:10:56:13":20,"s:58:10:58:60":21,"s:61:8:61:50":22,"b:62:8:68:9:undefined:undefined:undefined:undefined":9,"s:62:8:68:9":23,"s:63:10:67:13":24,"s:70:8:70:32":25,"f:74:4:74:15":6,"b:75:6:77:7:undefined:undefined:undefined:undefined":10,"s:75:6:77:7":26,"s:76:8:76:37":27,"f:80:4:80:20":7,"s:81:19:81:70":28,"b:81:42:81:63:81:66:81:70":11,"b:82:6:82:24:undefined:undefined:undefined:undefined":12,"s:82:6:82:24":29,"s:82:17:82:24":30,"s:84:6:84:47":31,"b:86:6:107:7:undefined:undefined:undefined:undefined":13,"s:86:6:107:7":32,"s:87:8:94:11":33,"f:91:19:91:20":8,"s:92:12:92:31":34,"s:96:23:96:38":35,"s:97:29:97:90":36,"b:97:29:97:54:97:58:97:90":14,"s:99:8:106:17":37,"f:99:19:99:20":9,"s:100:10:105:13":38}}}
,"C:\\Users\\juan david\\Documents\\Trabajos ADSO\\Programación\\QR-FARM\\frontend\\src\\assets\\js\\escanear-qr-usuario.js": {"path":"C:\\Users\\juan david\\Documents\\Trabajos ADSO\\Programación\\QR-FARM\\frontend\\src\\assets\\js\\escanear-qr-usuario.js","statementMap":{"0":{"start":{"line":3,"column":36},"end":{"line":3,"column":50}},"1":{"start":{"line":9,"column":26},"end":{"line":9,"column":71}},"2":{"start":{"line":11,"column":19},"end":{"line":11,"column":40}},"3":{"start":{"line":12,"column":6},"end":{"line":12,"column":64}}},"fnMap":{"0":{"name":"(anonymous_0)","decl":{"start":{"line":9,"column":15},"end":{"line":9,"column":22}},"loc":{"start":{"line":9,"column":26},"end":{"line":9,"column":71}},"line":9},"1":{"name":"(anonymous_1)","decl":{"start":{"line":10,"column":4},"end":{"line":10,"column":16}},"loc":{"start":{"line":10,"column":30},"end":{"line":13,"column":5}},"line":10}},"branchMap":{"0":{"loc":{"start":{"line":9,"column":26},"end":{"line":9,"column":71}},"type":"binary-expr","locations":[{"start":{"line":9,"column":26},"end":{"line":9,"column":51}},{"start":{"line":9,"column":55},"end":{"line":9,"column":71}}],"line":9},"1":{"loc":{"start":{"line":12,"column":22},"end":{"line":12,"column":63}},"type":"binary-expr","locations":[{"start":{"line":12,"column":22},"end":{"line":12,"column":50}},{"start":{"line":12,"column":54},"end":{"line":12,"column":63}}],"line":12}},"s":{"0":0,"1":0,"2":0,"3":0},"f":{"0":0,"1":0},"b":{"0":[0,0],"1":[0,0]},"meta":{"lastBranch":2,"lastFunction":2,"lastStatement":4,"seen":{"s:3:36:3:50":0,"f:9:15:9:22":0,"s:9:26:9:71":1,"b:9:26:9:51:9:55:9:71":0,"f:10:4:10:16":1,"s:11:19:11:40":2,"s:12:6:12:64":3,"b:12:22:12:50:12:54:12:63":1}}}
,"C:\\Users\\juan david\\Documents\\Trabajos ADSO\\Programación\\QR-FARM\\frontend\\src\\assets\\js\\gestionar-animales-usuario.js": {"path":"C:\\Users\\juan david\\Documents\\Trabajos ADSO\\Programación\\QR-FARM\\frontend\\src\\assets\\js\\gestionar-animales-usuario.js","statementMap":{"0":{"start":{"line":7,"column":18},"end":{"line":7,"column":26}},"1":{"start":{"line":8,"column":20},"end":{"line":8,"column":28}},"2":{"start":{"line":9,"column":22},"end":{"line":9,"column":30}},"3":{"start":{"line":11,"column":60},"end":{"line":11,"column":72}},"4":{"start":{"line":13,"column":25},"end":{"line":13,"column":45}},"5":{"start":{"line":13,"column":31},"end":{"line":13,"column":45}},"6":{"start":{"line":15,"column":26},"end":{"line":21,"column":4}},"7":{"start":{"line":16,"column":18},"end":{"line":16,"column":27}},"8":{"start":{"line":17,"column":4},"end":{"line":19,"column":6}},"9":{"start":{"line":18,"column":6},"end":{"line":18,"column":35}},"10":{"start":{"line":18,"column":18},"end":{"line":18,"column":35}},"11":{"start":{"line":20,"column":4},"end":{"line":20,"column":28}},"12":{"start":{"line":23,"column":28},"end":{"line":29,"column":4}},"13":{"start":{"line":24,"column":20},"end":{"line":24,"column":29}},"14":{"start":{"line":25,"column":4},"end":{"line":27,"column":6}},"15":{"start":{"line":26,"column":6},"end":{"line":26,"column":41}},"16":{"start":{"line":26,"column":20},"end":{"line":26,"column":41}},"17":{"start":{"line":28,"column":4},"end":{"line":28,"column":30}},"18":{"start":{"line":31,"column":27},"end":{"line":38,"column":4}},"19":{"start":{"line":32,"column":4},"end":{"line":37,"column":6}},"20":{"start":{"line":33,"column":29},"end":{"line":33,"column":117}},"21":{"start":{"line":34,"column":27},"end":{"line":34,"column":75}},"22":{"start":{"line":35,"column":29},"end":{"line":35,"column":83}},"23":{"start":{"line":36,"column":6},"end":{"line":36,"column":61}},"24":{"start":{"line":40,"column":22},"end":{"line":43,"column":3}},"25":{"start":{"line":41,"column":4},"end":{"line":41,"column":25}},"26":{"start":{"line":41,"column":16},"end":{"line":41,"column":25}},"27":{"start":{"line":42,"column":4},"end":{"line":42,"column":57}},"28":{"start":{"line":45,"column":22},"end":{"line":55,"column":3}},"29":{"start":{"line":46,"column":4},"end":{"line":46,"column":38}},"30":{"start":{"line":46,"column":17},"end":{"line":46,"column":38}},"31":{"start":{"line":47,"column":16},"end":{"line":53,"column":5}},"32":{"start":{"line":54,"column":4},"end":{"line":54,"column":40}},"33":{"start":{"line":57,"column":26},"end":{"line":73,"column":3}},"34":{"start":{"line":58,"column":17},"end":{"line":67,"column":5}},"35":{"start":{"line":68,"column":4},"end":{"line":72,"column":6}},"36":{"start":{"line":75,"column":23},"end":{"line":77,"column":3}},"37":{"start":{"line":76,"column":4},"end":{"line":76,"column":101}},"38":{"start":{"line":79,"column":1},"end":{"line":85,"column":4}},"39":{"start":{"line":80,"column":4},"end":{"line":83,"column":5}},"40":{"start":{"line":81,"column":6},"end":{"line":81,"column":37}},"41":{"start":{"line":82,"column":6},"end":{"line":82,"column":12}},"42":{"start":{"line":84,"column":4},"end":{"line":84,"column":18}},"43":{"start":{"line":87,"column":2},"end":{"line":103,"column":3}}},"fnMap":{"0":{"name":"useGestionarAnimalesUsuario","decl":{"start":{"line":6,"column":16},"end":{"line":6,"column":43}},"loc":{"start":{"line":6,"column":46},"end":{"line":104,"column":null}},"line":6},"1":{"name":"(anonymous_1)","decl":{"start":{"line":13,"column":25},"end":{"line":13,"column":26}},"loc":{"start":{"line":13,"column":31},"end":{"line":13,"column":45}},"line":13},"2":{"name":"(anonymous_2)","decl":{"start":{"line":15,"column":36},"end":{"line":15,"column":37}},"loc":{"start":{"line":15,"column":42},"end":{"line":21,"column":3}},"line":15},"3":{"name":"(anonymous_3)","decl":{"start":{"line":17,"column":27},"end":{"line":17,"column":28}},"loc":{"start":{"line":17,"column":32},"end":{"line":19,"column":5}},"line":17},"4":{"name":"(anonymous_4)","decl":{"start":{"line":23,"column":38},"end":{"line":23,"column":39}},"loc":{"start":{"line":23,"column":44},"end":{"line":29,"column":3}},"line":23},"5":{"name":"(anonymous_5)","decl":{"start":{"line":25,"column":27},"end":{"line":25,"column":28}},"loc":{"start":{"line":25,"column":32},"end":{"line":27,"column":5}},"line":25},"6":{"name":"(anonymous_6)","decl":{"start":{"line":31,"column":37},"end":{"line":31,"column":38}},"loc":{"start":{"line":31,"column":43},"end":{"line":38,"column":3}},"line":31},"7":{"name":"(anonymous_7)","decl":{"start":{"line":32,"column":33},"end":{"line":32,"column":34}},"loc":{"start":{"line":32,"column":38},"end":{"line":37,"column":5}},"line":32},"8":{"name":"(anonymous_8)","decl":{"start":{"line":40,"column":22},"end":{"line":40,"column":27}},"loc":{"start":{"line":40,"column":31},"end":{"line":43,"column":3}},"line":40},"9":{"name":"(anonymous_9)","decl":{"start":{"line":45,"column":22},"end":{"line":45,"column":28}},"loc":{"start":{"line":45,"column":32},"end":{"line":55,"column":3}},"line":45},"10":{"name":"(anonymous_10)","decl":{"start":{"line":57,"column":26},"end":{"line":57,"column":32}},"loc":{"start":{"line":57,"column":36},"end":{"line":73,"column":3}},"line":57},"11":{"name":"(anonymous_11)","decl":{"start":{"line":75,"column":23},"end":{"line":75,"column":24}},"loc":{"start":{"line":75,"column":29},"end":{"line":77,"column":3}},"line":75},"12":{"name":"(anonymous_12)","decl":{"start":{"line":79,"column":12},"end":{"line":79,"column":13}},"loc":{"start":{"line":79,"column":18},"end":{"line":85,"column":3}},"line":79}},"branchMap":{"0":{"loc":{"start":{"line":18,"column":6},"end":{"line":18,"column":35}},"type":"if","locations":[{"start":{"line":18,"column":6},"end":{"line":18,"column":35}},{"start":{},"end":{}}],"line":18},"1":{"loc":{"start":{"line":26,"column":6},"end":{"line":26,"column":41}},"type":"if","locations":[{"start":{"line":26,"column":6},"end":{"line":26,"column":41}},{"start":{},"end":{}}],"line":26},"2":{"loc":{"start":{"line":33,"column":29},"end":{"line":33,"column":117}},"type":"binary-expr","locations":[{"start":{"line":33,"column":29},"end":{"line":33,"column":44}},{"start":{"line":33,"column":48},"end":{"line":33,"column":117}}],"line":33},"3":{"loc":{"start":{"line":33,"column":49},"end":{"line":33,"column":63}},"type":"binary-expr","locations":[{"start":{"line":33,"column":49},"end":{"line":33,"column":57}},{"start":{"line":33,"column":61},"end":{"line":33,"column":63}}],"line":33},"4":{"loc":{"start":{"line":34,"column":27},"end":{"line":34,"column":75}},"type":"binary-expr","locations":[{"start":{"line":34,"column":27},"end":{"line":34,"column":44}},{"start":{"line":34,"column":48},"end":{"line":34,"column":75}}],"line":34},"5":{"loc":{"start":{"line":35,"column":29},"end":{"line":35,"column":83}},"type":"binary-expr","locations":[{"start":{"line":35,"column":29},"end":{"line":35,"column":48}},{"start":{"line":35,"column":52},"end":{"line":35,"column":83}}],"line":35},"6":{"loc":{"start":{"line":36,"column":13},"end":{"line":36,"column":61}},"type":"binary-expr","locations":[{"start":{"line":36,"column":13},"end":{"line":36,"column":27}},{"start":{"line":36,"column":31},"end":{"line":36,"column":43}},{"start":{"line":36,"column":47},"end":{"line":36,"column":61}}],"line":36},"7":{"loc":{"start":{"line":41,"column":4},"end":{"line":41,"column":25}},"type":"if","locations":[{"start":{"line":41,"column":4},"end":{"line":41,"column":25}},{"start":{},"end":{}}],"line":41},"8":{"loc":{"start":{"line":46,"column":4},"end":{"line":46,"column":38}},"type":"if","locations":[{"start":{"line":46,"column":4},"end":{"line":46,"column":38}},{"start":{},"end":{}}],"line":46},"9":{"loc":{"start":{"line":54,"column":11},"end":{"line":54,"column":40}},"type":"binary-expr","locations":[{"start":{"line":54,"column":11},"end":{"line":54,"column":22}},{"start":{"line":54,"column":26},"end":{"line":54,"column":40}}],"line":54},"10":{"loc":{"start":{"line":61,"column":38},"end":{"line":61,"column":72}},"type":"binary-expr","locations":[{"start":{"line":61,"column":38},"end":{"line":61,"column":51}},{"start":{"line":61,"column":55},"end":{"line":61,"column":72}}],"line":61},"11":{"loc":{"start":{"line":62,"column":36},"end":{"line":62,"column":68}},"type":"binary-expr","locations":[{"start":{"line":62,"column":36},"end":{"line":62,"column":47}},{"start":{"line":62,"column":51},"end":{"line":62,"column":68}}],"line":62},"12":{"loc":{"start":{"line":63,"column":36},"end":{"line":63,"column":68}},"type":"binary-expr","locations":[{"start":{"line":63,"column":36},"end":{"line":63,"column":47}},{"start":{"line":63,"column":51},"end":{"line":63,"column":68}}],"line":63},"13":{"loc":{"start":{"line":64,"column":36},"end":{"line":64,"column":68}},"type":"binary-expr","locations":[{"start":{"line":64,"column":36},"end":{"line":64,"column":47}},{"start":{"line":64,"column":51},"end":{"line":64,"column":68}}],"line":64},"14":{"loc":{"start":{"line":80,"column":4},"end":{"line":83,"column":5}},"type":"if","locations":[{"start":{"line":80,"column":4},"end":{"line":83,"column":5}},{"start":{},"end":{}}],"line":80},"15":{"loc":{"start":{"line":80,"column":8},"end":{"line":80,"column":63}},"type":"binary-expr","locations":[{"start":{"line":80,"column":8},"end":{"line":80,"column":38}},{"start":{"line":80,"column":42},"end":{"line":80,"column":63}}],"line":80}},"s":{"0":0,"1":0,"2":0,"3":0,"4":0,"5":0,"6":0,"7":0,"8":0,"9":0,"10":0,"11":0,"12":0,"13":0,"14":0,"15":0,"16":0,"17":0,"18":0,"19":0,"20":0,"21":0,"22":0,"23":0,"24":0,"25":0,"26":0,"27":0,"28":0,"29":0,"30":0,"31":0,"32":0,"33":0,"34":0,"35":0,"36":0,"37":0,"38":0,"39":0,"40":0,"41":0,"42":0,"43":0},"f":{"0":0,"1":0,"2":0,"3":0,"4":0,"5":0,"6":0,"7":0,"8":0,"9":0,"10":0,"11":0,"12":0},"b":{"0":[0,0],"1":[0,0],"2":[0,0],"3":[0,0],"4":[0,0],"5":[0,0],"6":[0,0,0],"7":[0,0],"8":[0,0],"9":[0,0],"10":[0,0],"11":[0,0],"12":[0,0],"13":[0,0],"14":[0,0],"15":[0,0]},"meta":{"lastBranch":16,"lastFunction":13,"lastStatement":44,"seen":{"f:6:16:6:43":0,"s:7:18:7:26":0,"s:8:20:8:28":1,"s:9:22:9:30":2,"s:11:60:11:72":3,"s:13:25:13:45":4,"f:13:25:13:26":1,"s:13:31:13:45":5,"s:15:26:21:4":6,"f:15:36:15:37":2,"s:16:18:16:27":7,"s:17:4:19:6":8,"f:17:27:17:28":3,"b:18:6:18:35:undefined:undefined:undefined:undefined":0,"s:18:6:18:35":9,"s:18:18:18:35":10,"s:20:4:20:28":11,"s:23:28:29:4":12,"f:23:38:23:39":4,"s:24:20:24:29":13,"s:25:4:27:6":14,"f:25:27:25:28":5,"b:26:6:26:41:undefined:undefined:undefined:undefined":1,"s:26:6:26:41":15,"s:26:20:26:41":16,"s:28:4:28:30":17,"s:31:27:38:4":18,"f:31:37:31:38":6,"s:32:4:37:6":19,"f:32:33:32:34":7,"s:33:29:33:117":20,"b:33:29:33:44:33:48:33:117":2,"b:33:49:33:57:33:61:33:63":3,"s:34:27:34:75":21,"b:34:27:34:44:34:48:34:75":4,"s:35:29:35:83":22,"b:35:29:35:48:35:52:35:83":5,"s:36:6:36:61":23,"b:36:13:36:27:36:31:36:43:36:47:36:61":6,"s:40:22:43:3":24,"f:40:22:40:27":8,"b:41:4:41:25:undefined:undefined:undefined:undefined":7,"s:41:4:41:25":25,"s:41:16:41:25":26,"s:42:4:42:57":27,"s:45:22:55:3":28,"f:45:22:45:28":9,"b:46:4:46:38:undefined:undefined:undefined:undefined":8,"s:46:4:46:38":29,"s:46:17:46:38":30,"s:47:16:53:5":31,"s:54:4:54:40":32,"b:54:11:54:22:54:26:54:40":9,"s:57:26:73:3":33,"f:57:26:57:32":10,"s:58:17:67:5":34,"b:61:38:61:51:61:55:61:72":10,"b:62:36:62:47:62:51:62:68":11,"b:63:36:63:47:63:51:63:68":12,"b:64:36:64:47:64:51:64:68":13,"s:68:4:72:6":35,"s:75:23:77:3":36,"f:75:23:75:24":11,"s:76:4:76:101":37,"s:79:1:85:4":38,"f:79:12:79:13":12,"b:80:4:83:5:undefined:undefined:undefined:undefined":14,"s:80:4:83:5":39,"b:80:8:80:38:80:42:80:63":15,"s:81:6:81:37":40,"s:82:6:82:12":41,"s:84:4:84:18":42,"s:87:2:103:3":43}}}
,"C:\\Users\\juan david\\Documents\\Trabajos ADSO\\Programación\\QR-FARM\\frontend\\src\\assets\\js\\gestionar-potreros-admin.js": {"path":"C:\\Users\\juan david\\Documents\\Trabajos ADSO\\Programación\\QR-FARM\\frontend\\src\\assets\\js\\gestionar-potreros-admin.js","statementMap":{"0":{"start":{"line":25,"column":3},"end":{"line":25,"column":36}},"1":{"start":{"line":27,"column":4},"end":{"line":44,"column":6}}},"fnMap":{"0":{"name":"(anonymous_0)","decl":{"start":{"line":24,"column":2},"end":{"line":24,"column":7}},"loc":{"start":{"line":24,"column":10},"end":{"line":45,"column":3}},"line":24}},"branchMap":{},"s":{"0":0,"1":0},"f":{"0":0},"b":{},"meta":{"lastBranch":0,"lastFunction":1,"lastStatement":2,"seen":{"f:24:2:24:7":0,"s:25:3:25:36":0,"s:27:4:44:6":1}}}
,"C:\\Users\\juan david\\Documents\\Trabajos ADSO\\Programación\\QR-FARM\\frontend\\src\\assets\\js\\gestionar-potreros-usuario.js": {"path":"C:\\Users\\juan david\\Documents\\Trabajos ADSO\\Programación\\QR-FARM\\frontend\\src\\assets\\js\\gestionar-potreros-usuario.js","statementMap":{"0":{"start":{"line":5,"column":54},"end":{"line":5,"column":68}},"1":{"start":{"line":6,"column":18},"end":{"line":6,"column":26}},"2":{"start":{"line":7,"column":22},"end":{"line":7,"column":30}},"3":{"start":{"line":8,"column":21},"end":{"line":8,"column":29}},"4":{"start":{"line":10,"column":28},"end":{"line":16,"column":4}},"5":{"start":{"line":11,"column":20},"end":{"line":11,"column":29}},"6":{"start":{"line":12,"column":4},"end":{"line":14,"column":6}},"7":{"start":{"line":13,"column":6},"end":{"line":13,"column":41}},"8":{"start":{"line":13,"column":20},"end":{"line":13,"column":41}},"9":{"start":{"line":15,"column":4},"end":{"line":15,"column":30}},"10":{"start":{"line":18,"column":20},"end":{"line":25,"column":4}},"11":{"start":{"line":19,"column":18},"end":{"line":19,"column":27}},"12":{"start":{"line":20,"column":4},"end":{"line":23,"column":6}},"13":{"start":{"line":21,"column":6},"end":{"line":22,"column":52}},"14":{"start":{"line":21,"column":31},"end":{"line":21,"column":61}},"15":{"start":{"line":22,"column":11},"end":{"line":22,"column":52}},"16":{"start":{"line":22,"column":29},"end":{"line":22,"column":52}},"17":{"start":{"line":24,"column":4},"end":{"line":24,"column":28}},"18":{"start":{"line":27,"column":27},"end":{"line":40,"column":4}},"19":{"start":{"line":28,"column":4},"end":{"line":39,"column":6}},"20":{"start":{"line":30,"column":8},"end":{"line":31,"column":83}},"21":{"start":{"line":32,"column":29},"end":{"line":32,"column":83}},"22":{"start":{"line":34,"column":8},"end":{"line":36,"column":49}},"23":{"start":{"line":38,"column":6},"end":{"line":38,"column":64}},"24":{"start":{"line":42,"column":22},"end":{"line":45,"column":3}},"25":{"start":{"line":43,"column":4},"end":{"line":43,"column":25}},"26":{"start":{"line":43,"column":16},"end":{"line":43,"column":25}},"27":{"start":{"line":44,"column":4},"end":{"line":44,"column":79}},"28":{"start":{"line":47,"column":25},"end":{"line":54,"column":3}},"29":{"start":{"line":48,"column":4},"end":{"line":48,"column":38}},"30":{"start":{"line":48,"column":16},"end":{"line":48,"column":38}},"31":{"start":{"line":49,"column":4},"end":{"line":53,"column":5}},"32":{"start":{"line":50,"column":6},"end":{"line":50,"column":49}},"33":{"start":{"line":52,"column":6},"end":{"line":52,"column":18}},"34":{"start":{"line":56,"column":1},"end":{"line":58,"column":4}},"35":{"start":{"line":57,"column":4},"end":{"line":57,"column":20}},"36":{"start":{"line":60,"column":2},"end":{"line":73,"column":3}}},"fnMap":{"0":{"name":"useGestionarPotrerosUsuario","decl":{"start":{"line":4,"column":16},"end":{"line":4,"column":43}},"loc":{"start":{"line":4,"column":46},"end":{"line":74,"column":null}},"line":4},"1":{"name":"(anonymous_1)","decl":{"start":{"line":10,"column":38},"end":{"line":10,"column":39}},"loc":{"start":{"line":10,"column":44},"end":{"line":16,"column":3}},"line":10},"2":{"name":"(anonymous_2)","decl":{"start":{"line":12,"column":27},"end":{"line":12,"column":28}},"loc":{"start":{"line":12,"column":32},"end":{"line":14,"column":5}},"line":12},"3":{"name":"(anonymous_3)","decl":{"start":{"line":18,"column":30},"end":{"line":18,"column":31}},"loc":{"start":{"line":18,"column":36},"end":{"line":25,"column":3}},"line":18},"4":{"name":"(anonymous_4)","decl":{"start":{"line":20,"column":27},"end":{"line":20,"column":28}},"loc":{"start":{"line":20,"column":32},"end":{"line":23,"column":5}},"line":20},"5":{"name":"(anonymous_5)","decl":{"start":{"line":27,"column":37},"end":{"line":27,"column":38}},"loc":{"start":{"line":27,"column":43},"end":{"line":40,"column":3}},"line":27},"6":{"name":"(anonymous_6)","decl":{"start":{"line":28,"column":33},"end":{"line":28,"column":34}},"loc":{"start":{"line":28,"column":38},"end":{"line":39,"column":5}},"line":28},"7":{"name":"(anonymous_7)","decl":{"start":{"line":42,"column":22},"end":{"line":42,"column":23}},"loc":{"start":{"line":42,"column":33},"end":{"line":45,"column":3}},"line":42},"8":{"name":"(anonymous_8)","decl":{"start":{"line":47,"column":25},"end":{"line":47,"column":26}},"loc":{"start":{"line":47,"column":36},"end":{"line":54,"column":3}},"line":47},"9":{"name":"(anonymous_9)","decl":{"start":{"line":56,"column":12},"end":{"line":56,"column":13}},"loc":{"start":{"line":56,"column":18},"end":{"line":58,"column":3}},"line":56}},"branchMap":{"0":{"loc":{"start":{"line":13,"column":6},"end":{"line":13,"column":41}},"type":"if","locations":[{"start":{"line":13,"column":6},"end":{"line":13,"column":41}},{"start":{},"end":{}}],"line":13},"1":{"loc":{"start":{"line":21,"column":6},"end":{"line":22,"column":52}},"type":"if","locations":[{"start":{"line":21,"column":6},"end":{"line":22,"column":52}},{"start":{"line":22,"column":11},"end":{"line":22,"column":52}}],"line":21},"2":{"loc":{"start":{"line":22,"column":11},"end":{"line":22,"column":52}},"type":"if","locations":[{"start":{"line":22,"column":11},"end":{"line":22,"c
[...]
,"C:\\Users\\juan david\\Documents\\Trabajos ADSO\\Programación\\QR-FARM\\frontend\\src\\views\\user\\DashboardContent.vue": {"path":"C:\\Users\\juan david\\Documents\\Trabajos ADSO\\Programación\\QR-FARM\\frontend\\src\\views\\user\\DashboardContent.vue","statementMap":{"0":{"start":{"line":95,"column":18},"end":{"line":95,"column":38}}},"fnMap":{},"branchMap":{},"s":{"0":0},"f":{},"b":{},"meta":{"lastBranch":0,"lastFunction":0,"lastStatement":1,"seen":{"s:95:18:95:38":0}}}
,"C:\\Users\\juan david\\Documents\\Trabajos ADSO\\Programación\\QR-FARM\\frontend\\src\\views\\user\\DashboardUsuario.vue": {"path":"C:\\Users\\juan david\\Documents\\Trabajos ADSO\\Programación\\QR-FARM\\frontend\\src\\views\\user\\DashboardUsuario.vue","statementMap":{"0":{"start":{"line":135,"column":18},"end":{"line":135,"column":31}}},"fnMap":{},"branchMap":{},"s":{"0":0},"f":{},"b":{},"meta":{"lastBranch":0,"lastFunction":0,"lastStatement":1,"seen":{"s:135:18:135:31":0}}}
,"C:\\Users\\juan david\\Documents\\Trabajos ADSO\\Programación\\QR-FARM\\frontend\\src\\views\\user\\EscanearQRUsuario.vue": {"path":"C:\\Users\\juan david\\Documents\\Trabajos ADSO\\Programación\\QR-FARM\\frontend\\src\\views\\user\\EscanearQRUsuario.vue","statementMap":{"0":{"start":{"line":18,"column":6},"end":{"line":18,"column":null}},"1":{"start":{"line":20,"column":29},"end":{"line":23,"column":null}},"2":{"start":{"line":21,"column":2},"end":{"line":21,"column":null}},"3":{"start":{"line":22,"column":2},"end":{"line":22,"column":null}},"4":{"start":{"line":25,"column":27},"end":{"line":27,"column":null}},"5":{"start":{"line":26,"column":2},"end":{"line":26,"column":null}},"6":{"start":{"line":29,"column":22},"end":{"line":31,"column":null}},"7":{"start":{"line":30,"column":2},"end":{"line":30,"column":null}},"8":{"start":{"line":2,"column":11},"end":{"line":2,"column":null}}},"fnMap":{"0":{"name":"(anonymous_0)","decl":{"start":{"line":20,"column":29},"end":{"line":20,"column":30}},"loc":{"start":{"line":20,"column":69},"end":{"line":23,"column":null}},"line":20},"1":{"name":"(anonymous_1)","decl":{"start":{"line":25,"column":27},"end":{"line":25,"column":28}},"loc":{"start":{"line":25,"column":54},"end":{"line":27,"column":null}},"line":25},"2":{"name":"(anonymous_2)","decl":{"start":{"line":29,"column":22},"end":{"line":29,"column":23}},"loc":{"start":{"line":29,"column":48},"end":{"line":31,"column":null}},"line":29}},"branchMap":{},"s":{"0":0,"1":0,"2":0,"3":0,"4":0,"5":0,"6":0,"7":0,"8":0},"f":{"0":0,"1":0,"2":0},"b":{},"meta":{"lastBranch":0,"lastFunction":3,"lastStatement":9,"seen":{"s:18:6:18:Infinity":0,"s:20:29:23:Infinity":1,"f:20:29:20:30":0,"s:21:2:21:Infinity":2,"s:22:2:22:Infinity":3,"s:25:27:27:Infinity":4,"f:25:27:25:28":1,"s:26:2:26:Infinity":5,"s:29:22:31:Infinity":6,"f:29:22:29:23":2,"s:30:2:30:Infinity":7,"s:2:11:2:Infinity":8}}}
,"C:\\Users\\juan david\\Documents\\Trabajos ADSO\\Programación\\QR-FARM\\frontend\\src\\views\\user\\GestionarAnimalesUsuario.vue": {"path":"C:\\Users\\juan david\\Documents\\Trabajos ADSO\\Programación\\QR-FARM\\frontend\\src\\views\\user\\GestionarAnimalesUsuario.vue","statementMap":{"0":{"start":{"line":120,"column":3},"end":{"line":120,"column":33}},"1":{"start":{"line":31,"column":33},"end":{"line":31,"column":null}},"2":{"start":{"line":48,"column":59},"end":{"line":48,"column":null}}},"fnMap":{},"branchMap":{"0":{"loc":{"start":{"line":9,"column":85},"end":{"line":9,"column":null}},"type":"cond-expr","locations":[{"start":{"line":9,"column":92},"end":{"line":9,"column":null}},{"start":{"line":9,"column":92},"end":{"line":9,"column":null}}],"line":9},"1":{"loc":{"start":{"line":24,"column":33},"end":{"line":24,"column":null}},"type":"cond-expr","locations":[{"start":{"line":24,"column":43},"end":{"line":24,"column":null}},{"start":{"line":24,"column":43},"end":{"line":24,"column":null}}],"line":24},"2":{"loc":{"start":{"line":24,"column":33},"end":{"line":24,"column":null}},"type":"cond-expr","locations":[{"start":{"line":24,"column":33},"end":{"line":24,"column":null}},{"start":{"line":24,"column":33},"end":{"line":24,"column":null}}],"line":24},"3":{"loc":{"start":{"line":24,"column":33},"end":{"line":26,"column":88}},"type":"cond-expr","locations":[{"start":{"line":26,"column":83},"end":{"line":26,"column":88}},{"start":{"line":26,"column":83},"end":{"line":26,"column":88}}],"line":24},"4":{"loc":{"start":{"line":24,"column":33},"end":{"line":26,"column":88}},"type":"cond-expr","locations":[{"start":{"line":24,"column":33},"end":{"line":26,"column":88}},{"start":{"line":24,"column":33},"end":{"line":26,"column":88}}],"line":24},"5":{"loc":{"start":{"line":31,"column":33},"end":{"line":31,"column":null}},"type":"cond-expr","locations":[{"start":{"line":31,"column":45},"end":{"line":31,"column":null}},{"start":{"line":31,"column":45},"end":{"line":31,"column":null}}],"line":31},"6":{"loc":{"start":{"line":31,"column":33},"end":{"line":31,"column":null}},"type":"cond-expr","locations":[{"start":{"line":31,"column":33},"end":{"line":31,"column":null}},{"start":{"line":31,"column":33},"end":{"line":31,"column":null}}],"line":31},"7":{"loc":{"start":{"line":31,"column":33},"end":{"line":33,"column":96}},"type":"cond-expr","locations":[{"start":{"line":33,"column":91},"end":{"line":33,"column":96}},{"start":{"line":33,"column":91},"end":{"line":33,"column":96}}],"line":31},"8":{"loc":{"start":{"line":31,"column":33},"end":{"line":33,"column":96}},"type":"cond-expr","locations":[{"start":{"line":31,"column":33},"end":{"line":33,"column":96}},{"start":{"line":31,"column":33},"end":{"line":33,"column":96}}],"line":31},"9":{"loc":{"start":{"line":62,"column":38},"end":{"line":62,"column":null}},"type":"binary-expr","locations":[{"start":{"line":62,"column":38},"end":{"line":62,"column":51}},{"start":{"line":62,"column":51},"end":{"line":62,"column":null}}],"line":62},"10":{"loc":{"start":{"line":66,"column":61},"end":{"line":66,"column":null}},"type":"binary-expr","locations":[{"start":{"line":66,"column":61},"end":{"line":66,"column":72}},{"start":{"line":66,"column":72},"end":{"line":66,"column":null}}],"line":66},"11":{"loc":{"start":{"line":67,"column":61},"end":{"line":67,"column":null}},"type":"binary-expr","locations":[{"start":{"line":67,"column":61},"end":{"line":67,"column":72}},{"start":{"line":67,"column":72},"end":{"line":67,"column":null}}],"line":67},"12":{"loc":{"start":{"line":68,"column":61},"end":{"line":68,"column":null}},"type":"binary-expr","locations":[{"start":{"line":68,"column":61},"end":{"line":68,"column":72}},{"start":{"line":68,"column":72},"end":{"line":68,"column":null}}],"line":68}},"s":{"0":0,"1":0,"2":0},"f":{},"b":{"0":[0,0],"1":[0,0],"2":[0,0],"3":[0,0],"4":[0,0],"5":[0,0],"6":[0,0],"7":[0,0],"8":[0,0],"9":[0,0],"10":[0,0],"11":[0,0],"12":[0,0]},"meta":{"lastBranch":13,"lastFunction":0,"lastStatement":3,"seen":{"s:120:3:120:33":0,"b:9:92:9:Infinity:9:92:9:Infinity":0,"b:24:43:24:Infinity:24:43:24:Infinity":1,"b:24:33:24:Infinity:24:33:24:Infinity":2,"b:26:83:26:88:26:83:26:88":3,"b:24:33:26:88:24:33:26:88":4,"s:31:33:31:Infinity":1,"b:31:45:31:Infinity:31:45:31:Infinity":5,"b:31:33:31:Infinity:31:33:31:Infinity":6,"b:33:91:33:96:33:91:33:96":7,"b:31:33:33:96:31:33:33:96":8,"s:48:59:48:Infinity":2,"b:62:38:62:51:62:51:62:Infinity":9,"b:66:61:66:72:66:72:66:Infinity":10,"b:67:61:67:72:67:72:67:Infinity":11,"b:68:61:68:72:68:72:68:Infinity":12}}}
,"C:\\Users\\juan david\\Documents\\Trabajos ADSO\\Programación\\QR-FARM\\frontend\\src\\views\\user\\GestionarPotrerosUsuario.vue": {"path":"C:\\Users\\juan david\\Documents\\Trabajos ADSO\\Programación\\QR-FARM\\frontend\\src\\views\\user\\GestionarPotrerosUsuario.vue","statementMap":{"0":{"start":{"line":130,"column":3},"end":{"line":130,"column":33}},"1":{"start":{"line":40,"column":33},"end":{"line":40,"column":null}},"2":{"start":{"line":58,"column":13},"end":{"line":58,"column":null}},"3":{"start":{"line":99,"column":74},"end":{"line":99,"column":null}},"4":{"start":{"line":103,"column":34},"end":{"line":103,"column":null}}},"fnMap":{},"branchMap":{"0":{"loc":{"start":{"line":12,"column":85},"end":{"line":12,"column":null}},"type":"cond-expr","locations":[{"start":{"line":12,"column":92},"end":{"line":12,"column":null}},{"start":{"line":12,"column":92},"end":{"line":12,"column":null}}],"line":12},"1":{"loc":{"start":{"line":33,"column":33},"end":{"line":33,"column":null}},"type":"cond-expr","locations":[{"start":{"line":33,"column":45},"end":{"line":33,"column":null}},{"start":{"line":33,"column":45},"end":{"line":33,"column":null}}],"line":33},"2":{"loc":{"start":{"line":33,"column":33},"end":{"line":33,"column":null}},"type":"cond-expr","locations":[{"start":{"line":33,"column":33},"end":{"line":33,"column":null}},{"start":{"line":33,"column":33},"end":{"line":33,"column":null}}],"line":33},"3":{"loc":{"start":{"line":33,"column":33},"end":{"line":35,"column":96}},"type":"cond-expr","locations":[{"start":{"line":35,"column":91},"end":{"line":35,"column":96}},{"start":{"line":35,"column":91},"end":{"line":35,"column":96}}],"line":33},"4":{"loc":{"start":{"line":33,"column":33},"end":{"line":35,"column":96}},"type":"cond-expr","locations":[{"start":{"line":33,"column":33},"end":{"line":35,"column":96}},{"start":{"line":33,"column":33},"end":{"line":35,"column":96}}],"line":33},"5":{"loc":{"start":{"line":40,"column":33},"end":{"line":40,"column":null}},"type":"cond-expr","locations":[{"start":{"line":40,"column":44},"end":{"line":40,"column":null}},{"start":{"line":40,"column":44},"end":{"line":40,"column":null}}],"line":40},"6":{"loc":{"start":{"line":40,"column":33},"end":{"line":40,"column":null}},"type":"cond-expr","locations":[{"start":{"line":40,"column":33},"end":{"line":40,"column":null}},{"start":{"line":40,"column":33},"end":{"line":40,"column":null}}],"line":40},"7":{"loc":{"start":{"line":40,"column":33},"end":{"line":42,"column":85}},"type":"cond-expr","locations":[{"start":{"line":42,"column":80},"end":{"line":42,"column":85}},{"start":{"line":42,"column":80},"end":{"line":42,"column":85}}],"line":40},"8":{"loc":{"start":{"line":40,"column":33},"end":{"line":42,"column":85}},"type":"cond-expr","locations":[{"start":{"line":40,"column":33},"end":{"line":42,"column":85}},{"start":{"line":40,"column":33},"end":{"line":42,"column":85}}],"line":40},"9":{"loc":{"start":{"line":73,"column":55},"end":{"line":73,"column":null}},"type":"binary-expr","locations":[{"start":{"line":73,"column":55},"end":{"line":73,"column":69}},{"start":{"line":73,"column":69},"end":{"line":73,"column":null}}],"line":73},"10":{"loc":{"start":{"line":75,"column":90},"end":{"line":75,"column":null}},"type":"binary-expr","locations":[{"start":{"line":75,"column":90},"end":{"line":75,"column":104}},{"start":{"line":75,"column":104},"end":{"line":75,"column":null}}],"line":75},"11":{"loc":{"start":{"line":81,"column":51},"end":{"line":81,"column":null}},"type":"binary-expr","locations":[{"start":{"line":81,"column":51},"end":{"line":81,"column":68}},{"start":{"line":81,"column":68},"end":{"line":81,"column":null}}],"line":81},"12":{"loc":{"start":{"line":84,"column":51},"end":{"line":84,"column":null}},"type":"binary-expr","locations":[{"start":{"line":84,"column":51},"end":{"line":84,"column":68}},{"start":{"line":84,"column":68},"end":{"line":84,"column":null}}],"line":84},"13":{"loc":{"start":{"line":87,"column":51},"end":{"line":87,"column":null}},"type":"binary-expr","locations":[{"start":{"line":87,"column":51},"end":{"line":87,"column":68}},{"start":{"line":87,"column":68},"end":{"line":87,"column":null}}],"line":87},"14":{"loc":{"start":{"line":90,"column":67},"end":{"line":90,"column":null}},"type":"binary-expr","locations":[{"start":{"line":90,"column":67},"end":{"line":90,"column":92}},{"start":{"line":90,"column":96},"end":{"line":90,"column":114}},{"start":{"line":90,"column":114},"end":{"line":90,"column":null}}],"line":90},"15":{"loc":{"start":{"line":93,"column":73},"end":{"line":93,"column":124}},"type":"binary-expr","locations":[{"start":{"line":93,"column":73},"end":{"line":93,"column":97}},{"start":{"line":93,"column":101},"end":{"line":93,"column":124}}],"line":93},"16":{"loc":{"start":{"line":96,"column":72},"end":{"line":96,"column":121}},"type":"binary-expr","locations":[{"start":{"line":96,"column":72},"end":{"line":96,"column":95}},{"start":{"line":96,"column":99},"end":{"line":96,"column":121}}],"line":96},"17":{"loc":{"start":{"line":103,"column":34},"end":{"line":103,"column":null}},"type":"binary-expr","locations":[{"start":{"line":103,"column":34},"end":{"line":103,"column":60}},{"start":{"line":103,"column":64},"end":{"line":103,"column":83}},{"start":{"line":103,"column":83},"end":{"line":103,"column":null}}],"line":103}},"s":{"0":0,"1":0,"2":0,"3":0,"4":0},"f":{},"b":{"0":[0,0],"1":[0,0],"2":[0,0],"3":[0,0],"4":[0,0],"5":[0,0],"6":[0,0],"7":[0,0],"8":[0,0],"9":[0,0],"10":[0,0],"11":[0,0],"12":[0,0],"13":[0,0],"14":[0,0,0],"15":[0,0],"16":[0,0],"17":[0,0,0]},"meta":{"lastBranch":18,"lastFunction":0,"lastStatement":5,"seen":{"s:130:3:130:33":0,"b:12:92:12:Infinity:12:92:12:Infinity":0,"b:33:45:33:Infinity:33:45:33:Infinity":1,"b:33:33:33:Infinity:33:33:33:Infinity":2,"b:35:91:35:96:35:91:35:96":3,"b:33:33:35:96:33:33:35:96":4,"s:40:33:40:Infinity":1,"b:40:44:40:Infinity:40:44:40:Infinity":5,"b:40:33:40:Infinity:40:33:40:Infinity":6,"b:42:80:42:85:42:80:42:85":7,"b:40:33:42:85:40:33:42:85":8,"s:58:13:58:Infinity":2,"b:73:55:73:69:73:69:73:Infinity":9,"b:75:90:75:104:75:104:75:Infinity":10,"b:81:51:81:68:81:68:81:Infinity":11,"b:84:51:84:68:84:68:84:Infinity":12,"b:87:51:87:68:87:68:87:Infinity":13,"b:90:67:90:92:90:96:90:114:90:114:90:Infinity":14,"b:93:73:93:97:93:101:93:124":15,"b:96:72:96:95:96:99:96:121":16,"s:99:74:99:Infinity":3,"s:103:34:103:Infinity":4,"b:103:34:103:60:103:64:103:83:103:83:103:Infinity":17}}}
,"C:\\Users\\juan david\\Documents\\Trabajos ADSO\\Programación\\QR-FARM\\frontend\\src\\views\\user\\PerfilUsuario.vue": {"path":"C:\\Users\\juan david\\Documents\\Trabajos ADSO\\Programación\\QR-FARM\\frontend\\src\\views\\user\\PerfilUsuario.vue","statementMap":{"0":{"start":{"line":101,"column":18},"end":{"line":101,"column":28}},"1":{"start":{"line":2,"column":7},"end":{"line":2,"column":null}},"2":{"start":{"line":39,"column":116},"end":{"line":39,"column":null}}},"fnMap":{},"branchMap":{"0":{"loc":{"start":{"line":35,"column":81},"end":{"line":35,"column":null}},"type":"cond-expr","locations":[{"start":{"line":35,"column":88},"end":{"line":35,"column":null}},{"start":{"line":35,"column":88},"end":{"line":35,"column":null}}],"line":35},"1":{"loc":{"start":{"line":39,"column":116},"end":{"line":39,"column":null}},"type":"cond-expr","locations":[{"start":{"line":39,"column":123},"end":{"line":39,"column":null}},{"start":{"line":39,"column":123},"end":{"line":39,"column":null}}],"line":39},"2":{"loc":{"start":{"line":44,"column":69},"end":{"line":44,"column":null}},"type":"cond-expr","locations":[{"start":{"line":44,"column":80},"end":{"line":44,"column":null}},{"start":{"line":44,"column":80},"end":{"line":44,"column":null}}],"line":44},"3":{"loc":{"start":{"line":53,"column":43},"end":{"line":53,"column":null}},"type":"binary-expr","locations":[{"start":{"line":53,"column":43},"end":{"line":53,"column":65}},{"start":{"line":53,"column":65},"end":{"line":53,"column":null}}],"line":53},"4":{"loc":{"start":{"line":57,"column":43},"end":{"line":57,"column":null}},"type":"binary-expr","locations":[{"start":{"line":57,"column":43},"end":{"line":57,"column":56}},{"start":{"line":57,"column":56},"end":{"line":57,"column":null}}],"line":57},"5":{"loc":{"start":{"line":61,"column":43},"end":{"line":61,"column":null}},"type":"binary-expr","locations":[{"start":{"line":61,"column":43},"end":{"line":61,"column":59}},{"start":{"line":61,"column":59},"end":{"line":61,"column":null}}],"line":61}},"s":{"0":0,"1":0,"2":0},"f":{},"b":{"0":[0,0],"1":[0,0],"2":[0,0],"3":[0,0],"4":[0,0],"5":[0,0]},"meta":{"lastBranch":6,"lastFunction":0,"lastStatement":3,"seen":{"s:101:18:101:28":0,"s:2:7:2:Infinity":1,"b:35:88:35:Infinity:35:88:35:Infinity":0,"s:39:116:39:Infinity":2,"b:39:123:39:Infinity:39:123:39:Infinity":1,"b:44:80:44:Infinity:44:80:44:Infinity":2,"b:53:43:53:65:53:65:53:Infinity":3,"b:57:43:57:56:57:56:57:Infinity":4,"b:61:43:61:59:61:59:61:Infinity":5}}}
,"C:\\Users\\juan david\\Documents\\Trabajos ADSO\\Programación\\QR-FARM\\frontend\\src\\views\\user\\RegistroVacunacionUsuario.vue": {"path":"C:\\Users\\juan david\\Documents\\Trabajos ADSO\\Programación\\QR-FARM\\frontend\\src\\views\\user\\RegistroVacunacionUsuario.vue","statementMap":{"0":{"start":{"line":104,"column":18},"end":{"line":104,"column":40}}},"fnMap":{},"branchMap":{"0":{"loc":{"start":{"line":29,"column":53},"end":{"line":29,"column":null}},"type":"cond-expr","locations":[{"start":{"line":29,"column":67},"end":{"line":29,"column":null}},{"start":{"line":29,"column":67},"end":{"line":29,"column":null}}],"line":29},"1":{"loc":{"start":{"line":29,"column":53},"end":{"line":29,"column":null}},"type":"cond-expr","locations":[{"start":{"line":29,"column":53},"end":{"line":29,"column":null}},{"start":{"line":29,"column":53},"end":{"line":29,"column":null}}],"line":29},"2":{"loc":{"start":{"line":29,"column":53},"end":{"line":31,"column":93}},"type":"cond-expr","locations":[{"start":{"line":31,"column":88},"end":{"line":31,"column":93}},{"start":{"line":31,"column":88},"end":{"line":31,"column":93}}],"line":29},"3":{"loc":{"start":{"line":29,"column":53},"end":{"line":31,"column":93}},"type":"cond-expr","locations":[{"start":{"line":29,"column":53},"end":{"line":31,"column":93}},{"start":{"line":29,"column":53},"end":{"line":31,"column":93}}],"line":29}},"s":{"0":0},"f":{},"b":{"0":[0,0],"1":[0,0],"2":[0,0],"3":[0,0]},"meta":{"lastBranch":4,"lastFunction":0,"lastStatement":1,"seen":{"s:104:18:104:40":0,"b:29:67:29:Infinity:29:67:29:Infinity":0,"b:29:53:29:Infinity:29:53:29:Infinity":1,"b:31:88:31:93:31:88:31:93":2,"b:29:53:31:93:29:53:31:93":3}}}
,"C:\\Users\\juan david\\Documents\\Trabajos ADSO\\Programación\\QR-FARM\\frontend\\src\\views\\user\\ReportesUsuario.vue": {"path":"C:\\Users\\juan david\\Documents\\Trabajos ADSO\\Programación\\QR-FARM\\frontend\\src\\views\\user\\ReportesUsuario.vue","statementMap":{"0":{"start":{"line":101,"column":18},"end":{"line":101,"column":30}},"1":{"start":{"line":27,"column":59},"end":{"line":27,"column":null}},"2":{"start":{"line":38,"column":23},"end":{"line":38,"column":null}},"3":{"start":{"line":85,"column":73},"end":{"line":85,"column":null}},"4":{"start":{"line":89,"column":63},"end":{"line":89,"column":null}}},"fnMap":{},"branchMap":{"0":{"loc":{"start":{"line":12,"column":71},"end":{"line":12,"column":null}},"type":"cond-expr","locations":[{"start":{"line":12,"column":82},"end":{"line":12,"column":null}},{"start":{"line":12,"column":82},"end":{"line":12,"column":null}}],"line":12}},"s":{"0":0,"1":0,"2":0,"3":0,"4":0},"f":{},"b":{"0":[0,0]},"meta":{"lastBranch":1,"lastFunction":0,"lastStatement":5,"seen":{"s:101:18:101:30":0,"b:12:82:12:Infinity:12:82:12:Infinity":0,"s:27:59:27:Infinity":1,"s:38:23:38:Infinity":2,"s:85:73:85:Infinity":3,"s:89:63:89:Infinity":4}}}
}
