TN:
SF:src\App.vue
FNF:0
FNH:0
DA:2,12
LF:1
LH:1
BRF:0
BRH:0
end_of_record
TN:
SF:src\main.js
FNF:0
FNH:0
DA:9,21
DA:19,21
DA:20,6
DA:22,15
DA:23,15
DA:27,21
DA:28,2
DA:31,21
LF:8
LH:8
BRDA:10,0,0,21
BRDA:10,0,1,21
BRDA:10,0,2,19
BRDA:11,1,0,21
BRDA:11,1,1,21
BRDA:11,1,2,19
BRDA:12,2,0,21
BRDA:12,2,1,21
BRDA:12,2,2,19
BRDA:13,3,0,21
BRDA:13,3,1,18
BRDA:14,4,0,21
BRDA:14,4,1,20
BRDA:15,5,0,21
BRDA:15,5,1,20
BRDA:19,6,0,6
BRDA:19,6,1,15
BRDA:22,7,0,15
BRDA:22,7,1,1
BRDA:27,8,0,2
BRDA:27,8,1,19
BRF:21
BRH:21
end_of_record
TN:
SF:src\socket.js
FNF:0
FNH:0
DA:4,1
LF:1
LH:1
BRDA:4,0,0,1
BRDA:4,0,1,1
BRF:2
BRH:2
end_of_record
TN:
SF:src\assets\js\dashboard-admin.js
FN:4,(anonymous_0)
FN:24,(anonymous_1)
FN:35,(anonymous_2)
FN:47,(anonymous_3)
FN:68,(anonymous_4)
FNF:5
FNH:5
FNDA:21,(anonymous_0)
FNDA:21,(anonymous_1)
FNDA:19,(anonymous_2)
FNDA:27,(anonymous_3)
FNDA:2,(anonymous_4)
DA:4,1
DA:5,21
DA:6,21
DA:7,21
DA:8,0
DA:11,21
DA:12,19
DA:13,19
DA:14,19
DA:15,19
DA:16,19
DA:19,2
DA:25,21
DA:36,19
DA:37,2
DA:38,2
DA:41,17
DA:42,17
DA:44,19
DA:48,27
DA:50,27
DA:51,21
DA:54,27
DA:55,21
DA:58,27
DA:59,21
DA:62,27
DA:64,6
DA:69,2
DA:70,2
LF:30
LH:29
BRDA:7,0,0,0
BRDA:7,0,1,21
BRDA:7,1,0,21
BRDA:7,1,1,21
BRDA:7,1,2,21
BRDA:11,2,0,19
BRDA:11,2,1,2
BRDA:36,3,0,2
BRDA:36,3,1,17
BRDA:36,4,0,19
BRDA:36,4,1,18
BRDA:42,5,0,17
BRDA:42,5,1,15
BRDA:51,6,0,21
BRDA:51,6,1,18
BRDA:55,7,0,21
BRDA:55,7,1,18
BRDA:59,8,0,21
BRDA:59,8,1,18
BRF:19
BRH:18
end_of_record
TN:
SF:src\assets\js\dashboard-content-usuario.js
FN:10,(anonymous_0)
FN:23,(anonymous_1)
FN:31,(anonymous_2)
FN:42,(anonymous_3)
FNF:4
FNH:4
FNDA:29,(anonymous_0)
FNDA:1,(anonymous_1)
FNDA:6,(anonymous_2)
FNDA:6,(anonymous_3)
DA:11,29
DA:24,1
DA:25,1
DA:32,6
DA:33,6
DA:34,4
DA:35,4
DA:43,6
DA:44,6
DA:50,4
DA:51,6
DA:52,6
DA:54,3
DA:56,3
LF:14
LH:14
BRDA:33,0,0,4
BRDA:33,0,1,2
BRDA:34,1,0,4
BRDA:34,1,1,1
BRDA:35,2,0,4
BRDA:35,2,1,2
BRDA:50,3,0,4
BRDA:50,3,1,2
BRDA:51,4,0,6
BRDA:51,4,1,2
BRDA:52,5,0,6
BRDA:52,5,1,2
BRDA:57,6,0,3
BRDA:57,6,1,3
BRDA:58,7,0,3
BRDA:58,7,1,3
BRDA:59,8,0,3
BRDA:59,8,1,3
BRF:18
BRH:18
end_of_record
TN:
SF:src\assets\js\dashboard-content.js
FN:4,(anonymous_0)
FN:24,(anonymous_1)
FN:38,(anonymous_2)
FN:59,(anonymous_3)
FN:63,(anonymous_4)
FN:68,(anonymous_5)
FN:94,(anonymous_6)
FN:108,(anonymous_7)
FN:112,(anonymous_8)
FN:135,(anonymous_9)
FN:158,(anonymous_10)
FN:181,(anonymous_11)
FN:197,(anonymous_12)
FN:207,(anonymous_13)
FNF:14
FNH:14
FNDA:51,(anonymous_0)
FNDA:51,(anonymous_1)
FNDA:49,(anonymous_2)
FNDA:1,(anonymous_3)
FNDA:51,(anonymous_4)
FNDA:9,(anonymous_5)
FNDA:50,(anonymous_6)
FNDA:1,(anonymous_7)
FNDA:61,(anonymous_8)
FNDA:56,(anonymous_9)
FNDA:56,(anonymous_10)
FNDA:6,(anonymous_11)
FNDA:51,(anonymous_12)
FNDA:52,(anonymous_13)
DA:4,2
DA:5,51
DA:6,51
DA:7,51
DA:8,0
DA:11,51
DA:12,49
DA:13,49
DA:14,49
DA:15,49
DA:16,49
DA:19,2
DA:25,51
DA:39,49
DA:40,49
DA:41,49
DA:43,49
DA:44,4
DA:45,4
DA:48,49
DA:49,49
DA:51,49
DA:52,45
DA:53,45
DA:57,49
DA:60,1
DA:64,51
DA:65,51
DA:66,51
DA:69,9
DA:70,9
DA:71,9
DA:72,8
DA:74,8
DA:75,7
DA:76,7
DA:77,7
DA:79,1
DA:80,1
DA:81,1
DA:84,1
DA:85,1
DA:90,1
DA:91,1
DA:95,50
DA:97,50
DA:98,43
DA:99,42
DA:100,42
DA:103,8
DA:105,8
DA:110,1
DA:113,61
DA:114,61
DA:115,61
DA:116,51
DA:118,51
DA:119,49
DA:120,49
DA:122,2
DA:123,2
DA:126,10
DA:127,10
DA:132,10
DA:136,56
DA:137,56
DA:138,56
DA:139,50
DA:141,50
DA:142,48
DA:143,48
DA:145,2
DA:146,2
DA:149,6
DA:150,6
DA:155,6
DA:159,56
DA:160,56
DA:161,56
DA:162,54
DA:164,54
DA:165,52
DA:166,52
DA:168,2
DA:169,2
DA:172,2
DA:173,2
DA:178,2
DA:182,6
DA:183,6
DA:185,6
DA:186,6
DA:188,6
DA:189,1
DA:190,1
DA:192,5
DA:193,5
DA:194,5
DA:198,51
DA:199,51
DA:200,51
DA:201,51
DA:204,51
DA:205,51
DA:208,52
DA:210,52
DA:211,52
DA:212,5
DA:214,47
DA:217,51
DA:219,1
DA:220,1
DA:222,1
LF:113
LH:112
BRDA:7,0,0,0
BRDA:7,0,1,51
BRDA:7,1,0,51
BRDA:7,1,1,51
BRDA:7,1,2,51
BRDA:11,2,0,49
BRDA:11,2,1,2
BRDA:43,3,0,4
BRDA:43,3,1,45
BRDA:51,4,0,45
BRDA:51,4,1,4
BRDA:74,5,0,7
BRDA:74,5,1,1
BRDA:75,6,0,7
BRDA:75,6,1,1
BRDA:98,7,0,42
BRDA:98,7,1,1
BRDA:118,8,0,49
BRDA:118,8,1,2
BRDA:119,9,0,49
BRDA:119,9,1,40
BRDA:141,10,0,48
BRDA:141,10,1,2
BRDA:142,11,0,48
BRDA:142,11,1,37
BRDA:164,12,0,52
BRDA:164,12,1,2
BRDA:165,13,0,52
BRDA:165,13,1,40
BRDA:188,14,0,1
BRDA:188,14,1,5
BRDA:211,15,0,5
BRDA:211,15,1,47
BRF:33
BRH:32
end_of_record
TN:
SF:src\assets\js\dashboard-usuario.js
FN:4,(anonymous_0)
FN:21,(anonymous_1)
FN:32,(anonymous_2)
FN:48,(anonymous_3)
FN:55,(anonymous_4)
FN:72,(anonymous_5)
FNF:6
FNH:6
FNDA:29,(anonymous_0)
FNDA:26,(anonymous_1)
FNDA:24,(anonymous_2)
FNDA:35,(anonymous_3)
FNDA:12,(anonymous_4)
FNDA:2,(anonymous_5)
DA:4,1
DA:5,29
DA:6,29
DA:7,29
DA:8,29
DA:10,0
DA:11,0
DA:12,0
DA:22,26
DA:33,24
DA:34,2
DA:35,2
DA:38,22
DA:39,22
DA:40,24
DA:42,24
DA:49,35
DA:50,35
DA:51,35
DA:54,35
DA:55,29
DA:56,35
DA:59,35
DA:60,29
DA:63,35
DA:65,6
DA:73,2
DA:74,2
LF:28
LH:25
BRDA:5,0,0,29
BRDA:5,0,1,0
BRDA:5,1,0,29
BRDA:5,1,1,29
BRDA:33,2,0,2
BRDA:33,2,1,22
BRDA:33,3,0,24
BRDA:33,3,1,23
BRDA:39,4,0,22
BRDA:39,4,1,18
BRDA:40,5,0,24
BRDA:40,5,1,21
BRDA:55,6,0,29
BRDA:55,6,1,6
BRDA:60,7,0,29
BRDA:60,7,1,26
BRF:16
BRH:15
end_of_record
TN:
SF:src\assets\js\escanear-qr-admin.js
FN:9,(anonymous_0)
FN:25,(anonymous_1)
FN:29,(anonymous_2)
FN:35,(anonymous_3)
FN:40,(anonymous_4)
FN:51,(anonymous_5)
FN:57,(anonymous_6)
FN:62,(anonymous_7)
FNF:8
FNH:8
FNDA:3,(anonymous_0)
FNDA:1,(anonymous_1)
FNDA:2,(anonymous_2)
FNDA:1,(anonymous_3)
FNDA:1,(anonymous_4)
FNDA:2,(anonymous_5)
FNDA:1,(anonymous_6)
FNDA:1,(anonymous_7)
DA:3,1
DA:9,3
DA:26,1
DA:30,2
DA:31,1
DA:36,1
DA:40,1
DA:41,1
DA:52,2
DA:53,1
DA:58,1
DA:62,1
DA:63,1
LF:13
LH:13
BRDA:9,0,0,3
BRDA:9,0,1,2
BRDA:30,1,0,1
BRDA:30,1,1,1
BRDA:52,2,0,1
BRDA:52,2,1,1
BRF:6
BRH:6
end_of_record
TN:
SF:src\assets\js\escanear-qr-base.js
FN:4,(anonymous_0)
FN:12,getConfig
FN:17,(anonymous_2)
FN:27,(anonymous_3)
FN:42,(anonymous_4)
FN:48,(anonymous_5)
FN:76,(anonymous_6)
FN:82,(anonymous_7)
FN:93,(anonymous_8)
FN:101,(anonymous_9)
FNF:10
FNH:9
FNDA:13,(anonymous_0)
FNDA:37,getConfig
FNDA:16,(anonymous_2)
FNDA:14,(anonymous_3)
FNDA:5,(anonymous_4)
FNDA:5,(anonymous_5)
FNDA:2,(anonymous_6)
FNDA:3,(anonymous_7)
FNDA:0,(anonymous_8)
FNDA:2,(anonymous_9)
DA:3,1
DA:4,13
DA:13,37
DA:16,1
DA:18,16
DA:19,16
DA:28,14
DA:29,14
DA:31,14
DA:32,1
DA:33,1
DA:36,13
DA:37,1
DA:43,5
DA:44,5
DA:45,5
DA:47,5
DA:48,5
DA:50,4
DA:51,1
DA:53,3
DA:61,1
DA:62,1
DA:63,0
DA:65,1
DA:72,5
DA:77,2
DA:78,1
DA:83,3
DA:84,3
DA:86,2
DA:88,2
DA:89,2
DA:94,0
DA:98,2
DA:99,2
DA:101,2
DA:102,2
LF:38
LH:36
BRDA:13,0,0,37
BRDA:13,0,1,28
BRDA:21,1,0,16
BRDA:21,1,1,15
BRDA:22,2,0,1
BRDA:22,2,1,15
BRDA:23,3,0,1
BRDA:23,3,1,15
BRDA:29,4,0,14
BRDA:29,4,1,13
BRDA:31,5,0,1
BRDA:31,5,1,13
BRDA:36,6,0,1
BRDA:36,6,1,12
BRDA:45,7,0,5
BRDA:45,7,1,4
BRDA:50,8,0,1
BRDA:50,8,1,3
BRDA:62,9,0,0
BRDA:62,9,1,1
BRDA:77,10,0,1
BRDA:77,10,1,1
BRDA:83,11,0,3
BRDA:83,11,1,0
BRDA:84,12,0,1
BRDA:84,12,1,2
BRDA:88,13,0,2
BRDA:88,13,1,0
BRDA:99,14,0,2
BRDA:99,14,1,1
BRF:30
BRH:27
end_of_record
TN:
SF:src\assets\js\escanear-qr-usuario.js
FN:9,(anonymous_0)
FN:10,(anonymous_1)
FNF:2
FNH:2
FNDA:3,(anonymous_0)
FNDA:2,(anonymous_1)
DA:3,1
DA:9,3
DA:11,2
DA:12,2
LF:4
LH:4
BRDA:9,0,0,3
BRDA:9,0,1,2
BRDA:12,1,0,2
BRDA:12,1,1,1
BRF:4
BRH:4
end_of_record
TN:
SF:src\assets\js\gestionar-animales-usuario.js
FN:6,useGestionarAnimalesUsuario
FN:13,(anonymous_1)
FN:15,(anonymous_2)
FN:23,(anonymous_3)
FN:31,(anonymous_4)
FN:32,(anonymous_5)
FN:40,(anonymous_6)
FN:45,(anonymous_7)
FN:57,(anonymous_8)
FN:75,(anonymous_9)
FN:79,(anonymous_10)
FNF:11
FNH:10
FNDA:33,useGestionarAnimalesUsuario
FNDA:1,(anonymous_1)
FNDA:3,(anonymous_2)
FNDA:3,(anonymous_3)
FNDA:10,(anonymous_4)
FNDA:21,(anonymous_5)
FNDA:11,(anonymous_6)
FNDA:9,(anonymous_7)
FNDA:4,(anonymous_8)
FNDA:1,(anonymous_9)
FNDA:0,(anonymous_10)
DA:7,33
DA:8,33
DA:9,33
DA:11,33
DA:13,33
DA:15,33
DA:16,3
DA:17,3
DA:18,7
DA:20,3
DA:23,33
DA:24,3
DA:25,3
DA:26,6
DA:28,3
DA:31,33
DA:32,10
DA:33,21
DA:34,21
DA:35,21
DA:36,21
DA:40,33
DA:41,11
DA:42,4
DA:45,33
DA:46,9
DA:47,6
DA:54,6
DA:57,33
DA:58,4
DA:68,4
DA:75,33
DA:76,1
DA:79,33
DA:80,0
DA:81,0
DA:82,0
DA:84,0
DA:87,33
LF:39
LH:35
BRDA:18,0,0,5
BRDA:18,0,1,2
BRDA:26,1,0,5
BRDA:26,1,1,1
BRDA:33,2,0,21
BRDA:33,2,1,11
BRDA:33,3,0,11
BRDA:33,3,1,2
BRDA:34,4,0,21
BRDA:34,4,1,5
BRDA:35,5,0,21
BRDA:35,5,1,5
BRDA:36,6,0,21
BRDA:36,6,1,15
BRDA:36,6,2,14
BRDA:41,7,0,7
BRDA:41,7,1,4
BRDA:46,8,0,3
BRDA:46,8,1,6
BRDA:54,9,0,6
BRDA:54,9,1,1
BRDA:61,10,0,4
BRDA:61,10,1,2
BRDA:62,11,0,4
BRDA:62,11,1,3
BRDA:63,12,0,4
BRDA:63,12,1,2
BRDA:64,13,0,4
BRDA:64,13,1,2
BRDA:80,14,0,0
BRDA:80,14,1,0
BRDA:80,15,0,0
BRDA:80,15,1,0
BRF:33
BRH:29
end_of_record
TN:
SF:src\assets\js\gestionar-potreros-admin.js
FN:24,(anonymous_0)
FNF:1
FNH:1
FNDA:4,(anonymous_0)
DA:25,4
DA:27,4
LF:2
LH:2
BRF:0
BRH:0
end_of_record
TN:
SF:src\assets\js\gestionar-potreros-usuario.js
FN:4,useGestionarPotrerosUsuario
FN:10,(anonymous_1)
FN:18,(anonymous_2)
FN:27,(anonymous_3)
FN:28,(anonymous_4)
FN:42,(anonymous_5)
FN:47,(anonymous_6)
FN:56,(anonymous_7)
FNF:8
FNH:7
FNDA:29,useGestionarPotrerosUsuario
FNDA:3,(anonymous_1)
FNDA:4,(anonymous_2)
FNDA:10,(anonymous_3)
FNDA:21,(anonymous_4)
FNDA:10,(anonymous_5)
FNDA:7,(anonymous_6)
FNDA:0,(anonymous_7)
DA:5,29
DA:6,29
DA:7,29
DA:8,29
DA:10,29
DA:11,3
DA:12,3
DA:13,6
DA:15,3
DA:18,29
DA:19,4
DA:20,4
DA:21,8
DA:22,3
DA:24,4
DA:27,29
DA:28,10
DA:30,21
DA:32,21
DA:34,21
DA:38,21
DA:42,29
DA:43,10
DA:44,6
DA:47,29
DA:48,7
DA:49,4
DA:50,4
DA:52,0
DA:56,29
DA:57,0
DA:60,29
LF:32
LH:30
BRDA:13,0,0,5
BRDA:13,0,1,1
BRDA:21,1,0,5
BRDA:21,1,1,3
BRDA:22,2,0,2
BRDA:22,2,1,1
BRDA:30,3,0,21
BRDA:30,3,1,11
BRDA:32,4,0,21
BRDA:32,4,1,5
BRDA:34,5,0,21
BRDA:34,5,1,9
BRDA:34,5,2,5
BRDA:38,6,0,21
BRDA:38,6,1,15
BRDA:38,6,2,14
BRDA:43,7,0,4
BRDA:43,7,1,6
BRDA:48,8,0,3
BRDA:48,8,1,4
BRF:20
BRH:20
end_of_record
TN:
SF:src\assets\js\gestionar-potreros.js
FN:15,(anonymous_0)
FN:27,(anonymous_1)
FN:29,(anonymous_2)
FN:35,(anonymous_3)
FN:81,(anonymous_4)
FN:102,(anonymous_5)
FN:121,(anonymous_6)
FN:140,(anonymous_7)
FN:159,(anonymous_8)
FN:188,(anonymous_9)
FN:200,(anonymous_10)
FN:208,(anonymous_11)
FN:255,(anonymous_12)
FN:276,(anonymous_13)
FN:307,(anonymous_14)
FN:317,(anonymous_15)
FN:327,(anonymous_16)
FN:337,(anonymous_17)
FN:373,(anonymous_18)
FN:385,(anonymous_19)
FN:386,(anonymous_20)
FN:430,(anonymous_21)
FN:433,(anonymous_22)
FN:463,(anonymous_23)
FN:470,(anonymous_24)
FN:478,(anonymous_25)
FN:479,(anonymous_26)
FN:484,(anonymous_27)
FN:489,(anonymous_28)
FN:494,(anonymous_29)
FN:499,(anonymous_30)
FN:504,(anonymous_31)
FN:509,(anonymous_32)
FN:515,(anonymous_33)
FN:519,(anonymous_34)
FNF:35
FNH:25
FNDA:9,(anonymous_0)
FNDA:12,(anonymous_1)
FNDA:8,(anonymous_2)
FNDA:12,(anonymous_3)
FNDA:7,(anonymous_4)
FNDA:15,(anonymous_5)
FNDA:14,(anonymous_6)
FNDA:14,(anonymous_7)
FNDA:35,(anonymous_8)
FNDA:11,(anonymous_9)
FNDA:7,(anonymous_10)
FNDA:16,(anonymous_11)
FNDA:0,(anonymous_12)
FNDA:16,(anonymous_13)
FNDA:32,(anonymous_14)
FNDA:32,(anonymous_15)
FNDA:32,(anonymous_16)
FNDA:0,(anonymous_17)
FNDA:32,(anonymous_18)
FNDA:34,(anonymous_19)
FNDA:33,(anonymous_20)
FNDA:0,(anonymous_21)
FNDA:32,(anonymous_22)
FNDA:4,(anonymous_23)
FNDA:4,(anonymous_24)
FNDA:11,(anonymous_25)
FNDA:0,(anonymous_26)
FNDA:0,(anonymous_27)
FNDA:0,(anonymous_28)
FNDA:0,(anonymous_29)
FNDA:0,(anonymous_30)
FNDA:0,(anonymous_31)
FNDA:0,(anonymous_32)
FNDA:2,(anonymous_33)
FNDA:12,(anonymous_34)
DA:6,1
DA:7,1
DA:8,1
DA:9,1
DA:10,1
DA:11,1
DA:12,1
DA:13,1
DA:15,1
DA:16,9
DA:17,8
DA:18,7
DA:24,7
DA:27,1
DA:28,12
DA:29,9
DA:30,9
DA:31,9
DA:32,1
DA:35,1
DA:36,12
DA:52,12
DA:53,1
DA:56,12
DA:57,1
DA:60,12
DA:61,1
DA:64,12
DA:65,2
DA:68,12
DA:75,1
DA:78,1
DA:81,1
DA:82,7
DA:83,7
DA:84,7
DA:87,7
DA:89,7
DA:94,7
DA:96,0
DA:97,0
DA:98,0
DA:102,1
DA:103,15
DA:104,15
DA:105,11
DA:106,7
DA:107,7
DA:108,6
DA:110,1
DA:113,1
DA:116,7
DA:117,7
DA:121,1
DA:122,14
DA:123,14
DA:124,11
DA:125,7
DA:126,7
DA:127,7
DA:129,0
DA:132,1
DA:135,6
DA:136,6
DA:140,1
DA:141,14
DA:142,14
DA:143,10
DA:144,8
DA:145,8
DA:146,8
DA:148,0
DA:151,1
DA:154,5
DA:155,5
DA:159,1
DA:160,35
DA:161,35
DA:162,35
DA:163,35
DA:165,35
DA:166,35
DA:169,35
DA:170,12
DA:171,12
DA:172,12
DA:175,1
DA:176,1
DA:179,22
DA:180,22
DA:181,22
DA:183,35
DA:188,1
DA:189,11
DA:190,6
DA:192,6
DA:193,6
DA:200,1
DA:201,7
DA:202,6
DA:203,5
DA:204,4
DA:208,1
DA:210,16
DA:211,16
DA:212,23
DA:216,16
DA:217,16
DA:218,30
DA:222,16
DA:223,16
DA:224,25
DA:225,25
DA:228,16
DA:256,0
DA:257,0
DA:258,0
DA:259,0
DA:260,0
DA:261,0
DA:262,0
DA:264,0
DA:277,16
DA:278,10
DA:279,10
DA:285,7
DA:286,4
DA:287,4
DA:288,1
DA:289,1
DA:291,3
DA:292,3
DA:295,3
DA:296,3
DA:299,9
DA:300,9
DA:307,1
DA:308,32
DA:309,32
DA:310,48
DA:311,48
DA:312,48
DA:314,32
DA:317,1
DA:318,32
DA:319,32
DA:320,31
DA:321,31
DA:322,31
DA:324,32
DA:327,1
DA:328,32
DA:329,32
DA:330,31
DA:331,31
DA:332,31
DA:334,32
DA:337,1
DA:338,0
DA:339,0
DA:340,0
DA:341,0
DA:342,0
DA:343,0
DA:344,0
DA:345,0
DA:346,0
DA:348,0
DA:359,0
DA:360,0
DA:362,0
DA:363,0
DA:365,0
DA:366,0
DA:367,0
DA:370,0
DA:373,1
DA:374,32
DA:375,4
DA:377,32
DA:378,4
DA:380,32
DA:381,4
DA:385,1
DA:386,34
DA:387,34
DA:389,32
DA:391,32
DA:392,32
DA:393,32
DA:395,32
DA:431,0
DA:434,32
DA:435,11
DA:436,11
DA:442,9
DA:443,6
DA:444,6
DA:445,5
DA:446,5
DA:448,1
DA:451,2
DA:452,2
DA:455,6
DA:456,6
DA:463,1
DA:464,4
DA:465,2
DA:466,2
DA:470,1
DA:471,4
DA:472,2
DA:473,2
DA:478,1
DA:479,11
DA:480,0
DA:481,0
DA:484,11
DA:485,0
DA:486,0
DA:489,11
DA:490,0
DA:491,0
DA:494,11
DA:495,0
DA:496,0
DA:499,11
DA:500,0
DA:501,0
DA:504,11
DA:505,0
DA:506,0
DA:509,11
DA:510,0
DA:511,0
DA:515,1
DA:516,2
DA:519,1
DA:520,12
DA:521,12
DA:527,9
DA:528,6
DA:529,6
DA:530,4
DA:533,3
DA:536,3
LF:246
LH:200
BRDA:16,0,0,1
BRDA:16,0,1,8
BRDA:17,1,0,1
BRDA:17,1,1,7
BRDA:28,2,0,3
BRDA:28,2,1,9
BRDA:31,3,0,8
BRDA:31,3,1,1
BRDA:48,4,0,12
BRDA:48,4,1,11
BRDA:52,5,0,1
BRDA:52,5,1,11
BRDA:56,6,0,1
BRDA:56,6,1,11
BRDA:60,7,0,1
BRDA:60,7,1,11
BRDA:64,8,0,2
BRDA:64,8,1,10
BRDA:105,9,0,7
BRDA:105,9,1,1
BRDA:107,10,0,6
BRDA:107,10,1,1
BRDA:124,11,0,7
BRDA:124,11,1,1
BRDA:126,12,0,7
BRDA:126,12,1,0
BRDA:143,13,0,8
BRDA:143,13,1,1
BRDA:145,14,0,8
BRDA:145,14,1,0
BRDA:169,15,0,12
BRDA:169,15,1,1
BRDA:169,16,0,35
BRDA:169,16,1,13
BRDA:169,16,2,12
BRDA:180,17,0,22
BRDA:180,17,1,22
BRDA:180,17,2,0
BRDA:189,18,0,5
BRDA:189,18,1,6
BRDA:201,19,0,1
BRDA:201,19,1,6
BRDA:202,20,0,1
BRDA:202,20,1,5
BRDA:203,21,0,1
BRDA:203,21,1,4
BRDA:218,22,0,30
BRDA:218,22,1,17
BRDA:267,23,0,0
BRDA:267,23,1,0
BRDA:268,24,0,0
BRDA:268,24,1,0
BRDA:269,25,0,0
BRDA:269,25,1,0
BRDA:270,26,0,0
BRDA:270,26,1,0
BRDA:272,27,0,0
BRDA:272,27,1,0
BRDA:277,28,0,10
BRDA:277,28,1,6
BRDA:285,29,0,4
BRDA:285,29,1,3
BRDA:287,30,0,1
BRDA:287,30,1,3
BRDA:292,31,0,3
BRDA:292,31,1,0
BRDA:296,32,0,3
BRDA:296,32,1,1
BRDA:310,33,0,48
BRDA:310,33,1,14
BRDA:310,33,2,7
BRDA:310,33,3,0
BRDA:311,34,0,23
BRDA:311,34,1,25
BRDA:320,35,0,31
BRDA:320,35,1,12
BRDA:320,35,2,6
BRDA:321,36,0,17
BRDA:321,36,1,14
BRDA:321,37,0,31
BRDA:321,37,1,26
BRDA:330,38,0,31
BRDA:330,38,1,24
BRDA:331,39,0,16
BRDA:331,39,1,15
BRDA:331,40,0,31
BRDA:331,40,1,27
BRDA:350,41,0,0
BRDA:350,41,1,0
BRDA:351,42,0,0
BRDA:351,42,1,0
BRDA:352,43,0,0
BRDA:352,43,1,0
BRDA:353,44,0,0
BRDA:353,44,1,0
BRDA:354,45,0,0
BRDA:354,45,1,0
BRDA:359,46,0,0
BRDA:359,46,1,0
BRDA:362,47,0,0
BRDA:362,47,1,0
BRDA:366,48,0,0
BRDA:366,48,1,0
BRDA:374,49,0,4
BRDA:374,49,1,28
BRDA:377,50,0,4
BRDA:377,50,1,28
BRDA:380,51,0,4
BRDA:380,51,1,28
BRDA:387,52,0,2
BRDA:387,52,1,32
BRDA:405,53,0,32
BRDA:405,53,1,15
BRDA:406,54,0,34
BRDA:406,54,1,20
BRDA:413,55,0,11
BRDA:413,55,1,21
BRDA:420,56,0,11
BRDA:420,56,1,21
BRDA:421,57,0,34
BRDA:421,57,1,20
BRDA:422,58,0,11
BRDA:422,58,1,21
BRDA:423,59,0,34
BRDA:423,59,1,21
BRDA:434,60,0,11
BRDA:434,60,1,21
BRDA:442,61,0,6
BRDA:442,61,1,2
BRDA:444,62,0,5
BRDA:444,62,1,1
BRDA:448,63,0,1
BRDA:448,63,1,0
BRDA:452,64,0,2
BRDA:452,64,1,1
BRDA:464,65,0,2
BRDA:464,65,1,2
BRDA:471,66,0,2
BRDA:471,66,1,2
BRDA:481,67,0,0
BRDA:481,67,1,0
BRDA:486,68,0,0
BRDA:486,68,1,0
BRDA:491,69,0,0
BRDA:491,69,1,0
BRDA:496,70,0,0
BRDA:496,70,1,0
BRDA:501,71,0,0
BRDA:501,71,1,0
BRDA:506,72,0,0
BRDA:506,72,1,0
BRDA:511,73,0,0
BRDA:511,73,1,0
BRDA:527,74,0,6
BRDA:527,74,1,3
BRDA:529,75,0,4
BRDA:529,75,1,2
BRF:157
BRH:111
end_of_record
TN:
SF:src\assets\js\gestionar-usuarios.js
FN:11,(anonymous_0)
FN:39,(anonymous_1)
FN:71,(anonymous_2)
FN:74,(anonymous_3)
FN:78,(anonymous_4)
FN:84,(anonymous_5)
FN:87,(anonymous_6)
FN:92,(anonymous_7)
FN:99,(anonymous_8)
FN:125,(anonymous_9)
FN:130,(anonymous_10)
FN:135,(anonymous_11)
FN:150,(anonymous_12)
FN:218,(anonymous_13)
FN:244,(anonymous_14)
FN:260,(anonymous_15)
FN:299,(anonymous_16)
FN:304,(anonymous_17)
FN:313,(anonymous_18)
FN:320,(anonymous_19)
FN:354,(anonymous_20)
FNF:21
FNH:20
FNDA:96,(anonymous_0)
FNDA:97,(anonymous_1)
FNDA:62,(anonymous_2)
FNDA:96,(anonymous_3)
FNDA:96,(anonymous_4)
FNDA:1,(anonymous_5)
FNDA:0,(anonymous_6)
FNDA:19,(anonymous_7)
FNDA:49,(anonymous_8)
FNDA:2,(anonymous_9)
FNDA:7,(anonymous_10)
FNDA:10,(anonymous_11)
FNDA:20,(anonymous_12)
FNDA:5,(anonymous_13)
FNDA:8,(anonymous_14)
FNDA:14,(anonymous_15)
FNDA:11,(anonymous_16)
FNDA:11,(anonymous_17)
FNDA:9,(anonymous_18)
FNDA:15,(anonymous_19)
FNDA:11,(anonymous_20)
DA:7,2
DA:19,96
DA:25,96
DA:27,96
DA:40,97
DA:72,62
DA:75,96
DA:79,96
DA:80,96
DA:81,6
DA:85,1
DA:88,0
DA:89,0
DA:93,19
DA:99,19
DA:100,49
DA:101,49
DA:104,19
DA:105,12
DA:108,7
DA:109,7
DA:110,5
DA:111,5
DA:112,3
DA:113,2
DA:114,2
DA:118,7
DA:119,5
DA:122,2
DA:126,2
DA:127,2
DA:131,7
DA:132,7
DA:136,10
DA:151,20
DA:153,18
DA:154,2
DA:155,2
DA:157,16
DA:158,2
DA:159,2
DA:161,14
DA:162,2
DA:163,2
DA:166,12
DA:167,2
DA:168,2
DA:171,10
DA:172,2
DA:173,2
DA:176,8
DA:177,2
DA:178,2
DA:181,6
DA:182,6
DA:183,6
DA:194,20
DA:195,2
DA:196,2
DA:198,2
DA:199,2
DA:203,6
DA:204,5
DA:205,4
DA:206,4
DA:207,4
DA:209,1
DA:212,2
DA:214,6
DA:219,5
DA:220,5
DA:222,5
DA:223,5
DA:233,5
DA:235,5
DA:236,5
DA:240,5
DA:241,5
DA:245,8
DA:246,8
DA:256,8
DA:257,8
DA:261,14
DA:269,14
DA:271,14
DA:272,79
DA:273,79
DA:274,79
DA:275,79
DA:278,79
DA:279,79
DA:280,79
DA:281,79
DA:282,79
DA:283,79
DA:287,79
DA:288,1
DA:291,78
DA:292,79
DA:293,14
DA:297,13
DA:300,11
DA:301,2
DA:305,11
DA:306,10
DA:307,10
DA:308,10
DA:309,9
DA:314,9
DA:315,2
DA:316,2
DA:318,7
DA:321,15
DA:323,13
DA:324,2
DA:325,2
DA:328,11
DA:329,11
DA:330,0
DA:333,11
DA:334,11
DA:336,11
DA:337,2
DA:338,2
DA:341,9
DA:342,2
DA:345,7
DA:346,7
DA:347,6
DA:348,6
DA:350,1
DA:355,11
DA:356,2
DA:357,2
DA:360,9
DA:361,11
DA:372,9
DA:374,6
DA:375,11
DA:378,6
DA:379,4
DA:381,2
LF:142
LH:139
BRDA:80,0,0,6
BRDA:80,0,1,90
BRDA:101,1,0,49
BRDA:101,1,1,12
BRDA:104,2,0,12
BRDA:104,2,1,7
BRDA:109,3,0,5
BRDA:109,3,1,2
BRDA:111,4,0,3
BRDA:111,4,1,2
BRDA:113,5,0,2
BRDA:113,5,1,0
BRDA:118,6,0,5
BRDA:118,6,1,2
BRDA:151,7,0,2
BRDA:151,7,1,18
BRDA:153,8,0,2
BRDA:153,8,1,16
BRDA:157,9,0,2
BRDA:157,9,1,14
BRDA:161,10,0,2
BRDA:161,10,1,12
BRDA:166,11,0,2
BRDA:166,11,1,10
BRDA:171,12,0,2
BRDA:171,12,1,8
BRDA:171,13,0,10
BRDA:171,13,1,10
BRDA:176,14,0,2
BRDA:176,14,1,6
BRDA:185,15,0,6
BRDA:185,15,1,6
BRDA:187,16,0,20
BRDA:187,16,1,6
BRDA:189,17,0,20
BRDA:189,17,1,6
BRDA:194,18,0,2
BRDA:194,18,1,18
BRDA:195,19,0,2
BRDA:195,19,1,0
BRDA:198,20,0,2
BRDA:198,20,1,0
BRDA:204,21,0,4
BRDA:204,21,1,1
BRDA:209,22,0,1
BRDA:209,22,1,0
BRDA:212,23,0,2
BRDA:212,23,1,0
BRDA:224,24,0,5
BRDA:224,24,1,1
BRDA:224,24,2,0
BRDA:225,25,0,5
BRDA:225,25,1,5
BRDA:225,25,2,5
BRDA:226,26,0,5
BRDA:226,26,1,1
BRDA:226,26,2,0
BRDA:227,27,0,5
BRDA:227,27,1,5
BRDA:227,27,2,5
BRDA:228,28,0,5
BRDA:228,28,1,2
BRDA:228,28,2,1
BRDA:229,29,0,5
BRDA:229,29,1,4
BRDA:229,29,2,4
BRDA:274,30,0,79
BRDA:274,30,1,0
BRDA:279,31,0,79
BRDA:279,31,1,0
BRDA:282,32,0,79
BRDA:282,32,1,0
BRDA:287,33,0,1
BRDA:287,33,1,78
BRDA:291,34,0,78
BRDA:291,34,1,0
BRDA:292,35,0,14
BRDA:292,35,1,65
BRDA:300,36,0,2
BRDA:300,36,1,9
BRDA:305,37,0,10
BRDA:305,37,1,1
BRDA:308,38,0,9
BRDA:308,38,1,1
BRDA:308,39,0,10
BRDA:308,39,1,10
BRDA:308,39,2,3
BRDA:314,40,0,2
BRDA:314,40,1,7
BRDA:314,41,0,9
BRDA:314,41,1,5
BRDA:321,42,0,2
BRDA:321,42,1,13
BRDA:323,43,0,2
BRDA:323,43,1,11
BRDA:323,44,0,13
BRDA:323,44,1,4
BRDA:329,45,0,0
BRDA:329,45,1,11
BRDA:336,46,0,2
BRDA:336,46,1,9
BRDA:341,47,0,2
BRDA:341,47,1,7
BRDA:346,48,0,6
BRDA:346,48,1,1
BRDA:355,49,0,2
BRDA:355,49,1,9
BRDA:360,50,0,7
BRDA:360,50,1,2
BRDA:372,51,0,3
BRDA:372,51,1,6
BRDA:374,52,0,4
BRDA:374,52,1,2
BRDA:378,53,0,4
BRDA:378,53,1,2
BRF:115
BRH:103
end_of_record
TN:
SF:src\assets\js\gestionar_animales.js
FN:16,(anonymous_0)
FN:16,(anonymous_1)
FN:18,(anonymous_2)
FN:31,(anonymous_3)
FN:33,(anonymous_4)
FN:39,(anonymous_5)
FN:46,(anonymous_6)
FN:53,(anonymous_7)
FN:76,(anonymous_8)
FN:80,(anonymous_9)
FN:87,(anonymous_10)
FN:94,(anonymous_11)
FN:101,(anonymous_12)
FN:108,(anonymous_13)
FN:115,(anonymous_14)
FN:122,(anonymous_15)
FN:131,(anonymous_16)
FN:139,(anonymous_17)
FN:178,(anonymous_18)
FN:200,(anonymous_19)
FN:217,(anonymous_20)
FN:234,(anonymous_21)
FN:240,(anonymous_22)
FN:246,(anonymous_23)
FN:283,(anonymous_24)
FN:295,(anonymous_25)
FN:307,(anonymous_26)
FN:314,(anonymous_27)
FN:321,(anonymous_28)
FN:322,(anonymous_29)
FN:355,(anonymous_30)
FN:395,asegurarDatosFormulario
FN:410,construirOpcionesEstado
FN:413,(anonymous_33)
FN:419,construirOpcionesSexo
FN:427,construirOpcionesPotrero
FN:430,(anonymous_36)
FN:436,construirOpcionesPropietario
FN:439,(anonymous_38)
FN:446,generarFormularioEdicion
FN:479,validarYConstruirUpdate
FN:495,validarCapacidadPotrero
FN:496,(anonymous_42)
FN:514,construirUpdateData
FN:536,limpiarCampos
FN:538,(anonymous_45)
FN:542,mostrarModalEditarAnimal
FN:549,(anonymous_47)
FN:550,(anonymous_48)
FN:555,actualizarAnimal
FN:578,(anonymous_50)
FN:579,(anonymous_51)
FN:598,(anonymous_52)
FN:603,(anonymous_53)
FN:622,(anonymous_54)
FN:637,(anonymous_55)
FN:644,(anonymous_56)
FN:656,(anonymous_57)
FN:686,(anonymous_58)
FN:713,(anonymous_59)
FN:723,(anonymous_60)
FN:752,(anonymous_61)
FN:794,(anonymous_62)
FN:800,(anonymous_63)
FN:826,(anonymous_64)
FN:871,(anonymous_65)
FN:876,(anonymous_66)
FN:887,(anonymous_67)
FN:894,(anonymous_68)
FN:901,(anonymous_69)
FNF:70
FNH:49
FNDA:1,(anonymous_0)
FNDA:0,(anonymous_1)
FNDA:1,(anonymous_2)
FNDA:7,(anonymous_3)
FNDA:0,(anonymous_4)
FNDA:9,(anonymous_5)
FNDA:7,(anonymous_6)
FNDA:9,(anonymous_7)
FNDA:1,(anonymous_8)
FNDA:0,(anonymous_9)
FNDA:0,(anonymous_10)
FNDA:0,(anonymous_11)
FNDA:0,(anonymous_12)
FNDA:0,(anonymous_13)
FNDA:0,(anonymous_14)
FNDA:0,(anonymous_15)
FNDA:10,(anonymous_16)
FNDA:6,(anonymous_17)
FNDA:23,(anonymous_18)
FNDA:12,(anonymous_19)
FNDA:17,(anonymous_20)
FNDA:2,(anonymous_21)
FNDA:5,(anonymous_22)
FNDA:5,(anonymous_23)
FNDA:4,(anonymous_24)
FNDA:4,(anonymous_25)
FNDA:5,(anonymous_26)
FNDA:6,(anonymous_27)
FNDA:6,(anonymous_28)
FNDA:4,(anonymous_29)
FNDA:0,(anonymous_30)
FNDA:12,asegurarDatosFormulario
FNDA:7,construirOpcionesEstado
FNDA:6,(anonymous_33)
FNDA:7,construirOpcionesSexo
FNDA:7,construirOpcionesPotrero
FNDA:0,(anonymous_36)
FNDA:7,construirOpcionesPropietario
FNDA:6,(anonymous_38)
FNDA:7,generarFormularioEdicion
FNDA:0,validarYConstruirUpdate
FNDA:0,validarCapacidadPotrero
FNDA:0,(anonymous_42)
FNDA:0,construirUpdateData
FNDA:0,limpiarCampos
FNDA:0,(anonymous_45)
FNDA:7,mostrarModalEditarAnimal
FNDA:0,(anonymous_47)
FNDA:7,(anonymous_48)
FNDA:3,actualizarAnimal
FNDA:9,(anonymous_50)
FNDA:7,(anonymous_51)
FNDA:3,(anonymous_52)
FNDA:5,(anonymous_53)
FNDA:4,(anonymous_54)
FNDA:0,(anonymous_55)
FNDA:4,(anonymous_56)
FNDA:1,(anonymous_57)
FNDA:5,(anonymous_58)
FNDA:6,(anonymous_59)
FNDA:3,(anonymous_60)
FNDA:0,(anonymous_61)
FNDA:5,(anonymous_62)
FNDA:3,(anonymous_63)
FNDA:0,(anonymous_64)
FNDA:1,(anonymous_65)
FNDA:2,(anonymous_66)
FNDA:4,(anonymous_67)
FNDA:3,(anonymous_68)
FNDA:2,(anonymous_69)
DA:8,1
DA:9,1
DA:10,1
DA:11,1
DA:12,1
DA:13,1
DA:14,1
DA:16,1
DA:18,1
DA:19,1
DA:20,0
DA:21,0
DA:27,0
DA:28,0
DA:31,1
DA:32,7
DA:33,1
DA:34,1
DA:35,1
DA:36,1
DA:39,1
DA:40,9
DA:41,9
DA:42,8
DA:43,7
DA:46,1
DA:47,7
DA:48,1
DA:49,1
DA:50,1
DA:53,1
DA:54,9
DA:55,9
DA:56,8
DA:57,7
DA:61,1
DA:68,1
DA:71,1
DA:74,1
DA:76,1
DA:77,1
DA:80,1
DA:81,0
DA:82,0
DA:83,0
DA:87,1
DA:88,0
DA:89,0
DA:90,0
DA:94,1
DA:95,0
DA:96,0
DA:97,0
DA:101,1
DA:102,0
DA:103,0
DA:104,0
DA:108,1
DA:109,0
DA:110,0
DA:111,0
DA:115,1
DA:116,0
DA:117,0
DA:118,0
DA:122,1
DA:123,0
DA:124,0
DA:125,0
DA:131,1
DA:132,10
DA:133,6
DA:134,6
DA:139,1
DA:140,6
DA:142,6
DA:145,6
DA:147,6
DA:148,6
DA:151,6
DA:154,6
DA:155,2
DA:158,4
DA:164,4
DA:165,0
DA:168,4
DA:170,0
DA:171,0
DA:173,0
DA:174,0
DA:178,1
DA:179,23
DA:180,23
DA:181,23
DA:182,23
DA:183,23
DA:184,23
DA:186,23
DA:190,13
DA:192,10
DA:193,2
DA:195,8
DA:196,8
DA:200,1
DA:201,12
DA:202,12
DA:207,5
DA:209,7
DA:210,2
DA:212,5
DA:217,1
DA:218,17
DA:219,17
DA:220,17
DA:221,17
DA:222,17
DA:226,17
DA:227,17
DA:229,17
DA:232,5
DA:234,1
DA:235,2
DA:236,2
DA:240,4
DA:241,5
DA:242,5
DA:246,5
DA:266,5
DA:269,0
DA:270,0
DA:273,12
DA:274,2
DA:276,10
DA:278,17
DA:283,1
DA:284,4
DA:285,3
DA:286,3
DA:287,3
DA:288,3
DA:289,3
DA:290,2
DA:292,3
DA:295,1
DA:296,4
DA:297,3
DA:299,3
DA:300,3
DA:307,1
DA:308,5
DA:309,4
DA:310,3
DA:311,2
DA:314,1
DA:315,6
DA:316,4
DA:317,3
DA:321,1
DA:322,6
DA:323,6
DA:326,4
DA:327,4
DA:328,2
DA:330,2
DA:331,2
DA:332,1
DA:334,1
DA:335,1
DA:337,1
DA:357,0
DA:358,0
DA:359,0
DA:364,1
DA:367,3
DA:369,3
DA:370,3
DA:372,3
DA:396,12
DA:398,3
DA:399,3
DA:404,0
DA:405,0
DA:406,0
DA:411,7
DA:414,6
DA:420,7
DA:428,7
DA:431,0
DA:437,7
DA:440,6
DA:441,6
DA:447,7
DA:480,0
DA:481,0
DA:482,0
DA:483,0
DA:486,0
DA:487,0
DA:488,0
DA:491,0
DA:492,0
DA:496,0
DA:497,0
DA:499,0
DA:500,0
DA:501,0
DA:502,0
DA:504,0
DA:505,0
DA:508,0
DA:511,0
DA:515,0
DA:516,0
DA:517,0
DA:518,0
DA:519,0
DA:520,0
DA:521,0
DA:523,0
DA:533,0
DA:537,0
DA:538,0
DA:543,7
DA:549,0
DA:551,7
DA:556,3
DA:557,3
DA:563,2
DA:564,2
DA:566,1
DA:567,1
DA:568,1
DA:570,1
DA:573,2
DA:574,2
DA:578,1
DA:579,9
DA:580,9
DA:582,7
DA:583,7
DA:585,0
DA:588,7
DA:589,7
DA:590,7
DA:591,7
DA:593,7
DA:599,3
DA:603,1
DA:604,5
DA:605,5
DA:607,0
DA:610,5
DA:622,4
DA:637,0
DA:645,4
DA:646,4
DA:657,1
DA:658,1
DA:659,1
DA:660,1
DA:661,1
DA:662,1
DA:663,1
DA:664,1
DA:666,1
DA:667,1
DA:668,1
DA:671,0
DA:673,0
DA:684,1
DA:687,5
DA:689,2
DA:690,2
DA:696,2
DA:698,2
DA:699,1
DA:702,1
DA:703,1
DA:704,1
DA:705,1
DA:707,1
DA:708,1
DA:713,1
DA:715,6
DA:716,6
DA:718,0
DA:719,0
DA:720,0
DA:723,6
DA:724,3
DA:727,6
DA:753,0
DA:754,0
DA:756,0
DA:757,0
DA:758,0
DA:761,0
DA:765,6
DA:766,1
DA:767,1
DA:773,1
DA:775,1
DA:776,0
DA:777,0
DA:778,0
DA:779,0
DA:780,0
DA:782,1
DA:785,1
DA:786,1
DA:787,1
DA:791,5
DA:794,1
DA:796,5
DA:797,5
DA:798,3
DA:800,5
DA:801,3
DA:804,5
DA:827,0
DA:828,0
DA:829,0
DA:830,0
DA:832,0
DA:836,3
DA:837,1
DA:838,1
DA:844,1
DA:846,1
DA:847,0
DA:848,0
DA:849,0
DA:850,0
DA:851,0
DA:853,1
DA:856,1
DA:857,1
DA:858,1
DA:862,2
DA:864,2
DA:865,2
DA:866,2
DA:871,1
DA:872,1
DA:876,1
DA:877,2
DA:878,2
DA:879,2
DA:881,2
DA:882,2
DA:883,2
DA:887,1
DA:888,4
DA:889,2
DA:890,2
DA:894,1
DA:895,3
DA:896,2
DA:897,2
DA:901,1
DA:902,2
LF:361
LH:262
BRDA:19,0,0,1
BRDA:19,0,1,0
BRDA:20,1,0,0
BRDA:20,1,1,0
BRDA:28,2,0,0
BRDA:28,2,1,0
BRDA:31,3,0,7
BRDA:32,4,0,6
BRDA:32,4,1,1
BRDA:35,5,0,0
BRDA:35,5,1,1
BRDA:39,6,0,9
BRDA:40,7,0,0
BRDA:40,7,1,9
BRDA:41,8,0,1
BRDA:41,8,1,8
BRDA:42,9,0,1
BRDA:42,9,1,7
BRDA:46,10,0,7
BRDA:47,11,0,6
BRDA:47,11,1,1
BRDA:49,12,0,0
BRDA:49,12,1,1
BRDA:53,13,0,9
BRDA:54,14,0,0
BRDA:54,14,1,9
BRDA:55,15,0,1
BRDA:55,15,1,8
BRDA:56,16,0,1
BRDA:56,16,1,7
BRDA:82,17,0,0
BRDA:82,17,1,0
BRDA:89,18,0,0
BRDA:89,18,1,0
BRDA:96,19,0,0
BRDA:96,19,1,0
BRDA:103,20,0,0
BRDA:103,20,1,0
BRDA:110,21,0,0
BRDA:110,21,1,0
BRDA:117,22,0,0
BRDA:117,22,1,0
BRDA:124,23,0,0
BRDA:124,23,1,0
BRDA:132,24,0,6
BRDA:132,24,1,4
BRDA:154,25,0,2
BRDA:154,25,1,4
BRDA:164,26,0,0
BRDA:164,26,1,4
BRDA:170,27,0,0
BRDA:170,27,1,0
BRDA:178,28,0,23
BRDA:178,29,0,23
BRDA:182,30,0,10
BRDA:182,30,1,13
BRDA:183,31,0,9
BRDA:183,31,1,14
BRDA:184,32,0,18
BRDA:184,32,1,5
BRDA:190,33,0,12
BRDA:190,33,1,1
BRDA:192,34,0,2
BRDA:192,34,1,8
BRDA:207,35,0,4
BRDA:207,35,1,1
BRDA:209,36,0,2
BRDA:209,36,1,5
BRDA:217,37,0,17
BRDA:227,38,0,17
BRDA:227,38,1,0
BRDA:229,39,0,5
BRDA:229,39,1,0
BRDA:229,40,0,17
BRDA:229,40,1,5
BRDA:232,41,0,1
BRDA:232,41,1,4
BRDA:242,42,0,5
BRDA:242,42,1,4
BRDA:258,43,0,5
BRDA:258,43,1,4
BRDA:260,44,0,5
BRDA:260,44,1,4
BRDA:260,44,2,4
BRDA:263,45,0,1
BRDA:263,45,1,4
BRDA:273,46,0,2
BRDA:273,46,1,10
BRDA:284,47,0,1
BRDA:284,47,1,3
BRDA:289,48,0,2
BRDA:289,48,1,1
BRDA:289,49,0,3
BRDA:289,49,1,3
BRDA:289,49,2,3
BRDA:296,50,0,1
BRDA:296,50,1,3
BRDA:308,51,0,1
BRDA:308,51,1,4
BRDA:309,52,0,1
BRDA:309,52,1,3
BRDA:310,53,0,1
BRDA:310,53,1,2
BRDA:315,54,0,1
BRDA:315,54,1,5
BRDA:316,55,0,1
BRDA:316,55,1,3
BRDA:323,56,0,2
BRDA:323,56,1,4
BRDA:328,57,0,0
BRDA:328,57,1,2
BRDA:331,58,0,1
BRDA:331,58,1,1
BRDA:341,59,0,1
BRDA:341,59,1,0
BRDA:342,60,0,1
BRDA:342,60,1,0
BRDA:343,61,0,1
BRDA:343,61,1,0
BRDA:345,62,0,1
BRDA:345,62,1,0
BRDA:346,63,0,1
BRDA:346,63,1,0
BRDA:347,64,0,1
BRDA:347,64,1,0
BRDA:347,64,2,0
BRDA:350,65,0,1
BRDA:350,65,1,0
BRDA:364,66,0,1
BRDA:364,66,1,0
BRDA:376,67,0,3
BRDA:376,67,1,1
BRDA:377,68,0,3
BRDA:377,68,1,2
BRDA:378,69,0,3
BRDA:378,69,1,1
BRDA:380,70,0,3
BRDA:380,70,1,2
BRDA:381,71,0,3
BRDA:381,71,1,2
BRDA:382,72,0,3
BRDA:382,72,1,1
BRDA:385,73,0,2
BRDA:385,73,1,1
BRDA:395,74,0,12
BRDA:396,75,0,9
BRDA:396,75,1,3
BRDA:396,76,0,12
BRDA:396,76,1,9
BRDA:414,77,0,2
BRDA:414,77,1,4
BRDA:422,78,0,0
BRDA:422,78,1,7
BRDA:423,79,0,2
BRDA:423,79,1,5
BRDA:431,80,0,0
BRDA:431,80,1,0
BRDA:441,81,0,2
BRDA:441,81,1,4
BRDA:454,82,0,7
BRDA:454,82,1,5
BRDA:458,83,0,7
BRDA:458,83,1,5
BRDA:481,84,0,0
BRDA:481,84,1,0
BRDA:487,85,0,0
BRDA:487,85,1,0
BRDA:487,86,0,0
BRDA:487,86,1,0
BRDA:495,87,0,0
BRDA:497,88,0,0
BRDA:497,88,1,0
BRDA:500,89,0,0
BRDA:500,89,1,0
BRDA:501,90,0,0
BRDA:501,90,1,0
BRDA:502,91,0,0
BRDA:502,91,1,0
BRDA:504,92,0,0
BRDA:504,92,1,0
BRDA:504,93,0,0
BRDA:504,93,1,0
BRDA:525,94,0,0
BRDA:525,94,1,0
BRDA:526,95,0,0
BRDA:526,95,1,0
BRDA:527,96,0,0
BRDA:527,96,1,0
BRDA:528,97,0,0
BRDA:528,97,1,0
BRDA:529,98,0,0
BRDA:529,98,1,0
BRDA:530,99,0,0
BRDA:530,99,1,0
BRDA:538,100,0,0
BRDA:538,100,1,0
BRDA:551,101,0,3
BRDA:551,101,1,4
BRDA:564,102,0,1
BRDA:564,102,1,1
BRDA:564,103,0,2
BRDA:564,103,1,1
BRDA:564,104,0,1
BRDA:564,104,1,0
BRDA:570,105,0,0
BRDA:570,105,1,1
BRDA:580,106,0,2
BRDA:580,106,1,7
BRDA:666,107,0,1
BRDA:666,107,1,0
BRDA:666,108,0,1
BRDA:666,108,1,0
BRDA:666,108,2,0
BRDA:666,108,3,0
BRDA:666,108,4,0
BRDA:675,109,0,0
BRDA:675,109,1,0
BRDA:680,110,0,0
BRDA:680,110,1,0
BRDA:681,111,0,0
BRDA:681,111,1,0
BRDA:687,112,0,3
BRDA:687,112,1,2
BRDA:698,113,0,1
BRDA:698,113,1,1
BRDA:698,114,0,2
BRDA:698,114,1,1
BRDA:699,115,0,1
BRDA:699,115,1,0
BRDA:705,116,0,0
BRDA:705,116,1,1
BRDA:713,117,0,6
BRDA:756,118,0,0
BRDA:756,118,1,0
BRDA:761,119,0,0
BRDA:761,119,1,0
BRDA:765,120,0,1
BRDA:765,120,1,5
BRDA:765,121,0,6
BRDA:765,121,1,3
BRDA:775,122,0,0
BRDA:775,122,1,1
BRDA:775,123,0,1
BRDA:775,123,1,0
BRDA:779,124,0,0
BRDA:779,124,1,0
BRDA:782,125,0,1
BRDA:782,125,1,0
BRDA:794,126,0,5
BRDA:798,127,0,3
BRDA:798,127,1,0
BRDA:798,127,2,0
BRDA:801,128,0,3
BRDA:801,128,1,0
BRDA:801,129,0,3
BRDA:801,129,1,0
BRDA:828,130,0,0
BRDA:828,130,1,0
BRDA:836,131,0,1
BRDA:836,131,1,2
BRDA:836,132,0,3
BRDA:836,132,1,1
BRDA:846,133,0,0
BRDA:846,133,1,1
BRDA:846,134,0,1
BRDA:846,134,1,0
BRDA:850,135,0,0
BRDA:850,135,1,0
BRDA:853,136,0,1
BRDA:853,136,1,0
BRDA:888,137,0,2
BRDA:888,137,1,2
BRDA:895,138,0,2
BRDA:895,138,1,1
BRF:274
BRH:165
end_of_record
TN:
SF:src\assets\js\perfil-admin.js
FN:5,(anonymous_0)
FN:29,(anonymous_1)
FN:42,(anonymous_2)
FN:55,(anonymous_3)
FN:62,(anonymous_4)
FN:75,(anonymous_5)
FN:87,(anonymous_6)
FN:101,(anonymous_7)
FN:106,(anonymous_8)
FNF:9
FNH:9
FNDA:38,(anonymous_0)
FNDA:36,(anonymous_1)
FNDA:36,(anonymous_2)
FNDA:4,(anonymous_3)
FNDA:4,(anonymous_4)
FNDA:5,(anonymous_5)
FNDA:3,(anonymous_6)
FNDA:72,(anonymous_7)
FNDA:1,(anonymous_8)
DA:6,38
DA:30,36
DA:31,2
DA:32,2
DA:35,34
DA:36,34
DA:37,34
DA:39,36
DA:43,36
DA:44,25
DA:56,4
DA:57,4
DA:59,4
DA:62,4
DA:64,2
DA:65,2
DA:67,1
DA:68,1
DA:69,1
DA:71,3
DA:76,5
DA:77,2
DA:78,2
DA:79,2
DA:82,3
DA:83,3
DA:85,3
DA:87,3
DA:89,2
DA:90,2
DA:91,2
DA:93,0
DA:94,0
DA:95,0
DA:97,2
DA:102,72
DA:103,48
DA:107,1
DA:108,1
LF:39
LH:36
BRDA:30,0,0,2
BRDA:30,0,1,34
BRDA:30,1,0,36
BRDA:30,1,1,35
BRDA:37,2,0,34
BRDA:37,2,1,10
BRDA:43,3,0,25
BRDA:43,3,1,11
BRDA:45,4,0,25
BRDA:45,4,1,0
BRDA:46,5,0,25
BRDA:46,5,1,1
BRDA:47,6,0,25
BRDA:47,6,1,1
BRDA:48,7,0,25
BRDA:48,7,1,1
BRDA:49,8,0,25
BRDA:49,8,1,1
BRDA:50,9,0,25
BRDA:50,9,1,1
BRDA:76,10,0,2
BRDA:76,10,1,3
BRDA:102,11,0,24
BRDA:102,11,1,48
BRF:24
BRH:23
end_of_record
TN:
SF:src\assets\js\perfil-usuario.js
FN:10,(anonymous_0)
FN:26,(anonymous_1)
FN:39,(anonymous_2)
FN:49,(anonymous_3)
FN:73,(anonymous_4)
FN:104,(anonymous_5)
FN:114,(anonymous_6)
FNF:7
FNH:7
FNDA:44,(anonymous_0)
FNDA:42,(anonymous_1)
FNDA:2,(anonymous_2)
FNDA:52,(anonymous_3)
FNDA:6,(anonymous_4)
FNDA:2,(anonymous_5)
FNDA:164,(anonymous_6)
DA:11,44
DA:27,42
DA:28,2
DA:29,2
DA:32,40
DA:33,40
DA:35,42
DA:40,2
DA:41,1
DA:50,52
DA:51,52
DA:52,50
DA:53,45
DA:54,45
DA:60,45
DA:62,5
DA:65,7
DA:66,7
DA:74,6
DA:75,6
DA:77,6
DA:78,6
DA:84,6
DA:85,5
DA:86,4
DA:87,4
DA:88,4
DA:89,4
DA:91,1
DA:94,2
DA:95,2
DA:97,6
DA:105,2
DA:106,2
DA:115,164
DA:116,59
LF:36
LH:36
BRDA:27,0,0,2
BRDA:27,0,1,40
BRDA:27,1,0,42
BRDA:27,1,1,41
BRDA:33,2,0,40
BRDA:33,2,1,2
BRDA:40,3,0,1
BRDA:40,3,1,1
BRDA:52,4,0,45
BRDA:52,4,1,5
BRDA:55,5,0,45
BRDA:55,5,1,20
BRDA:56,6,0,45
BRDA:56,6,1,20
BRDA:57,7,0,45
BRDA:57,7,1,20
BRDA:58,8,0,45
BRDA:58,8,1,20
BRDA:62,9,0,5
BRDA:62,9,1,3
BRDA:65,10,0,7
BRDA:65,10,1,0
BRDA:85,11,0,4
BRDA:85,11,1,1
BRDA:86,12,0,4
BRDA:86,12,1,1
BRDA:91,13,0,1
BRDA:91,13,1,1
BRDA:94,14,0,2
BRDA:94,14,1,0
BRDA:115,15,0,105
BRDA:115,15,1,59
BRF:32
BRH:30
end_of_record
TN:
SF:src\assets\js\registro-vacunacion-admin.js
FN:5,(anonymous_0)
FN:10,(anonymous_1)
FN:17,(anonymous_2)
FN:31,(anonymous_3)
FN:44,collectAdminEditPayload
FN:80,(anonymous_5)
FNF:6
FNH:6
FNDA:2,(anonymous_0)
FNDA:2,(anonymous_1)
FNDA:2,(anonymous_2)
FNDA:2,(anonymous_3)
FNDA:6,collectAdminEditPayload
FNDA:2,(anonymous_5)
DA:3,1
DA:5,2
DA:10,2
DA:17,2
DA:31,2
DA:45,6
DA:46,6
DA:47,6
DA:48,6
DA:49,6
DA:50,6
DA:52,6
DA:65,6
DA:66,3
DA:67,3
DA:70,6
DA:80,2
LF:17
LH:17
BRDA:10,0,0,1
BRDA:10,0,1,1
BRDA:17,1,0,1
BRDA:17,1,1,1
BRDA:22,2,0,1
BRDA:22,2,1,1
BRDA:26,3,0,1
BRDA:26,3,1,1
BRDA:31,4,0,1
BRDA:31,4,1,1
BRDA:37,5,0,1
BRDA:37,5,1,1
BRDA:38,6,0,1
BRDA:38,6,1,1
BRDA:56,7,0,5
BRDA:56,7,1,1
BRDA:58,8,0,6
BRDA:58,8,1,1
BRDA:65,9,0,3
BRDA:65,9,1,3
BRDA:65,10,0,6
BRDA:65,10,1,5
BRDA:65,10,2,4
BRF:23
BRH:23
end_of_record
TN:
SF:src\assets\js\registro-vacunacion-base.js
FN:9,(anonymous_0)
FN:29,(anonymous_1)
FN:46,(anonymous_2)
FN:57,(anonymous_3)
FN:58,(anonymous_4)
FN:88,(anonymous_5)
FN:92,(anonymous_6)
FN:114,(anonymous_7)
FN:125,(anonymous_8)
FN:131,(anonymous_9)
FN:137,(anonymous_10)
FN:142,(anonymous_11)
FN:153,(anonymous_12)
FN:160,(anonymous_13)
FN:171,(anonymous_14)
FN:187,(anonymous_15)
FN:221,(anonymous_16)
FN:225,(anonymous_17)
FN:226,(anonymous_18)
FN:245,(anonymous_19)
FN:246,(anonymous_20)
FN:260,(anonymous_21)
FN:287,(anonymous_22)
FNF:23
FNH:21
FNDA:1,(anonymous_0)
FNDA:3,(anonymous_1)
FNDA:35,(anonymous_2)
FNDA:6,(anonymous_3)
FNDA:13,(anonymous_4)
FNDA:34,(anonymous_5)
FNDA:41,(anonymous_6)
FNDA:17,(anonymous_7)
FNDA:4,(anonymous_8)
FNDA:6,(anonymous_9)
FNDA:3,(anonymous_10)
FNDA:5,(anonymous_11)
FNDA:5,(anonymous_12)
FNDA:5,(anonymous_13)
FNDA:5,(anonymous_14)
FNDA:0,(anonymous_15)
FNDA:1,(anonymous_16)
FNDA:2,(anonymous_17)
FNDA:1,(anonymous_18)
FNDA:4,(anonymous_19)
FNDA:1,(anonymous_20)
FNDA:0,(anonymous_21)
FNDA:2,(anonymous_22)
DA:4,1
DA:9,1
DA:29,1
DA:30,3
DA:31,3
DA:32,3
DA:34,3
DA:45,1
DA:47,35
DA:58,6
DA:60,13
DA:61,6
DA:62,6
DA:63,6
DA:64,6
DA:68,10
DA:71,9
DA:72,4
DA:73,4
DA:74,4
DA:78,8
DA:79,3
DA:80,3
DA:81,3
DA:84,7
DA:89,34
DA:93,41
DA:94,41
DA:95,41
DA:101,16
DA:102,41
DA:103,41
DA:105,41
DA:107,28
DA:108,28
DA:110,41
DA:115,17
DA:116,17
DA:117,17
DA:118,16
DA:119,16
DA:121,1
DA:126,4
DA:127,2
DA:128,1
DA:132,6
DA:133,4
DA:134,3
DA:138,3
DA:139,1
DA:143,5
DA:145,5
DA:153,5
DA:160,5
DA:171,5
DA:188,0
DA:189,0
DA:190,0
DA:191,0
DA:192,0
DA:194,0
DA:195,0
DA:196,0
DA:199,0
DA:209,5
DA:210,2
DA:211,2
DA:212,1
DA:213,1
DA:215,1
DA:216,1
DA:222,1
DA:226,2
DA:227,2
DA:228,1
DA:246,4
DA:247,4
DA:249,1
DA:250,4
DA:251,4
DA:253,4
DA:261,0
DA:262,0
DA:263,0
DA:265,0
DA:266,0
DA:267,0
DA:269,0
DA:271,0
DA:275,1
DA:276,1
DA:277,1
DA:278,1
DA:279,1
DA:281,0
DA:282,0
DA:288,2
DA:289,2
DA:290,2
DA:301,2
DA:302,1
DA:303,1
DA:304,1
DA:305,1
DA:306,1
DA:307,1
DA:309,0
DA:310,0
DA:311,0
LF:109
LH:87
BRDA:14,0,0,1
BRDA:14,0,1,0
BRDA:15,1,0,0
BRDA:15,1,1,1
BRDA:20,2,0,0
BRDA:20,2,1,1
BRDA:24,3,0,0
BRDA:24,3,1,1
BRDA:38,4,0,3
BRDA:38,4,1,1
BRDA:39,5,0,3
BRDA:39,5,1,1
BRDA:60,6,0,6
BRDA:60,6,1,7
BRDA:64,7,0,3
BRDA:64,7,1,3
BRDA:64,8,0,6
BRDA:64,8,1,5
BRDA:68,9,0,1
BRDA:68,9,1,9
BRDA:68,10,0,10
BRDA:68,10,1,2
BRDA:71,11,0,4
BRDA:71,11,1,5
BRDA:71,12,0,9
BRDA:71,12,1,5
BRDA:74,13,0,1
BRDA:74,13,1,3
BRDA:78,14,0,3
BRDA:78,14,1,5
BRDA:78,15,0,8
BRDA:78,15,1,4
BRDA:81,16,0,1
BRDA:81,16,1,2
BRDA:101,17,0,16
BRDA:101,17,1,2
BRDA:102,18,0,41
BRDA:102,18,1,2
BRDA:103,19,0,41
BRDA:103,19,1,2
BRDA:119,20,0,16
BRDA:119,20,1,4
BRDA:126,21,0,2
BRDA:126,21,1,2
BRDA:127,22,0,1
BRDA:127,22,1,1
BRDA:132,23,0,2
BRDA:132,23,1,4
BRDA:133,24,0,1
BRDA:133,24,1,3
BRDA:134,25,0,3
BRDA:134,25,1,2
BRDA:138,26,0,2
BRDA:138,26,1,1
BRDA:194,27,0,0
BRDA:194,27,1,0
BRDA:194,28,0,0
BRDA:194,28,1,0
BRDA:194,28,2,0
BRDA:194,28,3,0
BRDA:209,29,0,2
BRDA:209,29,1,3
BRDA:227,30,0,1
BRDA:227,30,1,1
BRDA:234,31,0,1
BRDA:234,31,1,0
BRDA:235,32,0,1
BRDA:235,32,1,0
BRDA:247,33,0,3
BRDA:247,33,1,1
BRDA:249,34,0,1
BRDA:249,34,1,1
BRDA:250,35,0,4
BRDA:250,35,1,1
BRDA:251,36,0,4
BRDA:251,36,1,1
BRDA:262,37,0,0
BRDA:262,37,1,0
BRDA:265,38,0,0
BRDA:265,38,1,0
BRDA:266,39,0,0
BRDA:266,39,1,0
BRDA:275,40,0,1
BRDA:275,40,1,0
BRDA:275,41,0,1
BRDA:275,41,1,1
BRDA:301,42,0,1
BRDA:301,42,1,1
BRF:88
BRH:69
end_of_record
TN:
SF:src\assets\js\registro-vacunacion-usuario.js
FNF:0
FNH:0
DA:3,1
LF:1
LH:1
BRF:0
BRH:0
end_of_record
TN:
SF:src\assets\js\reportes-admin.js
FN:7,(anonymous_0)
FN:20,(anonymous_1)
FN:33,(anonymous_2)
FN:36,(anonymous_3)
FN:42,(anonymous_4)
FN:49,(anonymous_5)
FN:65,(anonymous_6)
FN:100,(anonymous_7)
FN:105,(anonymous_8)
FN:111,(anonymous_9)
FN:119,(anonymous_10)
FN:124,(anonymous_11)
FN:126,(anonymous_12)
FN:134,(anonymous_13)
FN:152,(anonymous_14)
FN:159,(anonymous_15)
FN:161,(anonymous_16)
FN:165,(anonymous_17)
FN:179,(anonymous_18)
FN:206,(anonymous_19)
FN:245,(anonymous_20)
FN:278,(anonymous_21)
FN:278,(anonymous_22)
FN:278,(anonymous_23)
FN:279,(anonymous_24)
FN:289,(anonymous_25)
FN:296,(anonymous_26)
FN:301,(anonymous_27)
FNF:28
FNH:22
FNDA:54,(anonymous_0)
FNDA:196,(anonymous_1)
FNDA:44,(anonymous_2)
FNDA:54,(anonymous_3)
FNDA:50,(anonymous_4)
FNDA:196,(anonymous_5)
FNDA:45,(anonymous_6)
FNDA:64,(anonymous_7)
FNDA:209,(anonymous_8)
FNDA:217,(anonymous_9)
FNDA:216,(anonymous_10)
FNDA:43,(anonymous_11)
FNDA:36,(anonymous_12)
FNDA:19,(anonymous_13)
FNDA:0,(anonymous_14)
FNDA:60,(anonymous_15)
FNDA:0,(anonymous_16)
FNDA:0,(anonymous_17)
FNDA:0,(anonymous_18)
FNDA:68,(anonymous_19)
FNDA:0,(anonymous_20)
FNDA:166,(anonymous_21)
FNDA:166,(anonymous_22)
FNDA:166,(anonymous_23)
FNDA:166,(anonymous_24)
FNDA:0,(anonymous_25)
FNDA:49,(anonymous_26)
FNDA:6,(anonymous_27)
DA:8,54
DA:9,54
DA:10,54
DA:11,54
DA:13,54
DA:20,54
DA:21,196
DA:22,49
DA:27,147
DA:28,49
DA:32,98
DA:33,196
DA:36,54
DA:37,54
DA:38,54
DA:39,54
DA:42,54
DA:43,50
DA:45,49
DA:46,50
DA:47,50
DA:49,50
DA:50,196
DA:51,196
DA:52,196
DA:53,196
DA:65,54
DA:66,45
DA:68,44
DA:100,54
DA:101,64
DA:102,61
DA:105,54
DA:106,209
DA:107,207
DA:108,205
DA:111,54
DA:112,217
DA:113,6
DA:115,211
DA:116,211
DA:119,54
DA:120,216
DA:121,212
DA:124,54
DA:125,43
DA:126,36
DA:134,54
DA:135,19
DA:136,4
DA:137,4
DA:140,15
DA:141,15
DA:143,15
DA:144,60
DA:145,60
DA:146,0
DA:147,0
DA:152,15
DA:154,0
DA:155,0
DA:156,0
DA:159,15
DA:160,60
DA:161,60
DA:163,60
DA:165,0
DA:176,15
DA:179,54
DA:180,0
DA:181,0
DA:183,0
DA:184,0
DA:186,0
DA:187,0
DA:188,0
DA:190,0
DA:191,0
DA:193,0
DA:194,0
DA:196,0
DA:197,0
DA:198,0
DA:200,0
DA:203,0
DA:206,54
DA:207,68
DA:209,19
DA:211,19
DA:213,19
DA:214,19
DA:215,19
DA:216,0
DA:217,0
DA:219,19
DA:222,0
DA:223,0
DA:224,0
DA:225,0
DA:226,0
DA:227,0
DA:230,0
DA:246,0
DA:247,0
DA:248,0
DA:249,0
DA:274,0
DA:277,54
DA:278,166
DA:280,166
DA:281,161
DA:282,161
DA:283,14
DA:289,54
DA:290,0
DA:291,0
DA:292,0
DA:296,54
DA:297,49
DA:298,2
DA:301,54
DA:302,6
DA:303,6
DA:304,6
DA:305,6
DA:307,6
DA:308,2
DA:311,0
DA:312,0
DA:316,54
LF:130
LH:89
BRDA:21,0,0,49
BRDA:21,0,1,147
BRDA:23,1,0,49
BRDA:23,1,1,34
BRDA:24,2,0,49
BRDA:24,2,1,34
BRDA:27,3,0,49
BRDA:27,3,1,98
BRDA:29,4,0,49
BRDA:29,4,1,34
BRDA:32,5,0,98
BRDA:32,5,1,68
BRDA:43,6,0,1
BRDA:43,6,1,49
BRDA:45,7,0,49
BRDA:45,7,1,0
BRDA:46,8,0,50
BRDA:46,8,1,33
BRDA:47,9,0,50
BRDA:47,9,1,34
BRDA:50,10,0,196
BRDA:50,10,1,103
BRDA:51,11,0,196
BRDA:51,11,1,103
BRDA:52,12,0,196
BRDA:52,12,1,168
BRDA:57,13,0,196
BRDA:57,13,1,168
BRDA:58,14,0,196
BRDA:58,14,1,168
BRDA:59,15,0,196
BRDA:59,15,1,168
BRDA:60,16,0,196
BRDA:60,16,1,168
BRDA:66,17,0,1
BRDA:66,17,1,44
BRDA:72,18,0,44
BRDA:72,18,1,0
BRDA:73,19,0,45
BRDA:73,19,1,33
BRDA:79,20,0,45
BRDA:79,20,1,33
BRDA:80,21,0,45
BRDA:80,21,1,34
BRDA:86,22,0,45
BRDA:86,22,1,33
BRDA:87,23,0,45
BRDA:87,23,1,33
BRDA:93,24,0,45
BRDA:93,24,1,33
BRDA:94,25,0,45
BRDA:94,25,1,34
BRDA:95,26,0,45
BRDA:95,26,1,34
BRDA:101,27,0,3
BRDA:101,27,1,61
BRDA:106,28,0,2
BRDA:106,28,1,207
BRDA:107,29,0,2
BRDA:107,29,1,205
BRDA:112,30,0,6
BRDA:112,30,1,211
BRDA:112,31,0,217
BRDA:112,31,1,214
BRDA:112,31,2,213
BRDA:116,32,0,208
BRDA:116,32,1,3
BRDA:120,33,0,4
BRDA:120,33,1,212
BRDA:120,34,0,216
BRDA:120,34,1,213
BRDA:125,35,0,34
BRDA:125,35,1,9
BRDA:129,36,0,36
BRDA:129,36,1,0
BRDA:130,37,0,36
BRDA:130,37,1,0
BRDA:135,38,0,4
BRDA:135,38,1,15
BRDA:144,39,0,60
BRDA:144,39,1,60
BRDA:146,40,0,0
BRDA:146,40,1,0
BRDA:154,41,0,0
BRDA:154,41,1,0
BRDA:155,42,0,0
BRDA:155,42,1,0
BRDA:160,43,0,60
BRDA:160,43,1,60
BRDA:165,44,0,0
BRDA:165,44,1,0
BRDA:180,45,0,0
BRDA:180,45,1,0
BRDA:183,46,0,0
BRDA:183,46,1,0
BRDA:186,47,0,0
BRDA:186,47,1,0
BRDA:186,48,0,0
BRDA:186,48,1,0
BRDA:188,49,0,0
BRDA:188,49,1,0
BRDA:190,50,0,0
BRDA:190,50,1,0
BRDA:191,51,0,0
BRDA:191,51,1,0
BRDA:193,52,0,0
BRDA:193,52,1,0
BRDA:196,53,0,0
BRDA:196,53,1,0
BRDA:196,54,0,0
BRDA:196,54,1,0
BRDA:207,55,0,49
BRDA:207,55,1,19
BRDA:213,56,0,19
BRDA:213,56,1,0
BRDA:215,57,0,0
BRDA:215,57,1,19
BRDA:222,58,0,0
BRDA:222,58,1,0
BRDA:246,59,0,0
BRDA:246,59,1,0
BRDA:247,60,0,0
BRDA:247,60,1,0
BRDA:280,61,0,5
BRDA:280,61,1,161
BRDA:282,62,0,14
BRDA:282,62,1,147
BRDA:282,63,0,161
BRDA:282,63,1,52
BRDA:290,64,0,0
BRDA:290,64,1,0
BRDA:297,65,0,47
BRDA:297,65,1,2
BRDA:307,66,0,2
BRDA:307,66,1,4
BRDA:307,67,0,6
BRDA:307,67,1,6
BRDA:308,68,0,2
BRDA:308,68,1,1
BRDA:312,69,0,0
BRDA:312,69,1,0
BRF:141
BRH:97
end_of_record
TN:
SF:src\assets\js\reportes-usuario.js
FN:17,(anonymous_0)
FN:26,(anonymous_1)
FN:31,(anonymous_2)
FN:44,(anonymous_3)
FN:73,(anonymous_4)
FN:83,(anonymous_5)
FN:95,(anonymous_6)
FN:108,(anonymous_7)
FN:136,(anonymous_8)
FN:195,(anonymous_9)
FN:196,(anonymous_10)
FN:200,(anonymous_11)
FN:203,(anonymous_12)
FN:209,(anonymous_13)
FNF:14
FNH:11
FNDA:66,(anonymous_0)
FNDA:16,(anonymous_1)
FNDA:14,(anonymous_2)
FNDA:51,(anonymous_3)
FNDA:40,(anonymous_4)
FNDA:5,(anonymous_5)
FNDA:3,(anonymous_6)
FNDA:0,(anonymous_7)
FNDA:0,(anonymous_8)
FNDA:36,(anonymous_9)
FNDA:36,(anonymous_10)
FNDA:43,(anonymous_11)
FNDA:0,(anonymous_12)
FNDA:36,(anonymous_13)
DA:9,53
DA:10,53
DA:11,53
DA:12,53
DA:17,53
DA:18,66
DA:19,28
DA:20,66
DA:21,66
DA:22,66
DA:26,16
DA:31,14
DA:44,53
DA:45,51
DA:46,12
DA:73,53
DA:74,40
DA:75,37
DA:83,53
DA:84,5
DA:85,2
DA:86,2
DA:88,0
DA:95,53
DA:96,3
DA:97,3
DA:98,3
DA:99,3
DA:100,1
DA:108,53
DA:109,0
DA:110,0
DA:111,0
DA:112,0
DA:114,0
DA:115,0
DA:116,0
DA:117,0
DA:120,0
DA:136,53
DA:137,0
DA:139,0
DA:141,0
DA:142,0
DA:143,0
DA:147,0
DA:148,0
DA:149,0
DA:152,0
DA:155,0
DA:156,0
DA:157,0
DA:158,0
DA:159,0
DA:160,0
DA:162,0
DA:164,0
DA:165,0
DA:170,0
DA:171,0
DA:188,0
DA:189,0
DA:196,36
DA:197,36
DA:200,36
DA:201,43
DA:203,19
DA:204,0
DA:209,36
DA:210,36
DA:211,0
DA:212,0
DA:216,36
LF:73
LH:38
BRDA:18,0,0,38
BRDA:18,0,1,28
BRDA:19,1,0,28
BRDA:19,1,1,6
BRDA:20,2,0,66
BRDA:20,2,1,7
BRDA:21,3,0,66
BRDA:21,3,1,7
BRDA:25,4,0,66
BRDA:25,4,1,6
BRDA:26,5,0,66
BRDA:26,5,1,16
BRDA:30,6,0,66
BRDA:30,6,1,7
BRDA:31,7,0,66
BRDA:31,7,1,16
BRDA:35,8,0,66
BRDA:35,8,1,7
BRDA:36,9,0,66
BRDA:36,9,1,17
BRDA:45,10,0,39
BRDA:45,10,1,12
BRDA:49,11,0,12
BRDA:49,11,1,0
BRDA:50,12,0,51
BRDA:50,12,1,6
BRDA:55,13,0,51
BRDA:55,13,1,1
BRDA:56,14,0,51
BRDA:56,14,1,6
BRDA:61,15,0,51
BRDA:61,15,1,1
BRDA:62,16,0,51
BRDA:62,16,1,6
BRDA:63,17,0,51
BRDA:63,17,1,6
BRDA:74,18,0,3
BRDA:74,18,1,37
BRDA:84,19,0,3
BRDA:84,19,1,2
BRDA:99,20,0,1
BRDA:99,20,1,2
BRDA:109,21,0,0
BRDA:109,21,1,0
BRDA:115,22,0,0
BRDA:115,22,1,0
BRDA:137,23,0,0
BRDA:137,23,1,0
BRDA:141,24,0,0
BRDA:141,24,1,0
BRDA:147,25,0,0
BRDA:147,25,1,0
BRDA:155,26,0,0
BRDA:155,26,1,0
BRDA:201,27,0,19
BRDA:201,27,1,24
BRDA:201,28,0,43
BRDA:201,28,1,41
BRDA:210,29,0,0
BRDA:210,29,1,36
BRF:60
BRH:46
end_of_record
TN:
SF:src\components\Footer.vue
FNF:0
FNH:0
DA:7,1
LF:1
LH:1
BRF:0
BRH:0
end_of_record
TN:
SF:src\components\GanadoDetailCard.vue
FN:279,(anonymous_0)
FN:280,(anonymous_1)
FN:281,(anonymous_2)
FN:282,(anonymous_3)
FN:290,(anonymous_4)
FN:298,(anonymous_5)
FN:310,(anonymous_6)
FN:314,(anonymous_7)
FN:321,(anonymous_8)
FN:325,(anonymous_9)
FN:330,(anonymous_10)
FN:335,(anonymous_11)
FN:340,(anonymous_12)
FN:347,(anonymous_13)
FN:352,(anonymous_14)
FN:361,(anonymous_15)
FN:36,(anonymous_16)
FN:51,(anonymous_17)
FN:223,(anonymous_18)
FN:232,(anonymous_19)
FN:241,(anonymous_20)
FNF:21
FNH:21
FNDA:48,(anonymous_0)
FNDA:48,(anonymous_1)
FNDA:48,(anonymous_2)
FNDA:4,(anonymous_3)
FNDA:48,(anonymous_4)
FNDA:8,(anonymous_5)
FNDA:213,(anonymous_6)
FNDA:192,(anonymous_7)
FNDA:48,(anonymous_8)
FNDA:48,(anonymous_9)
FNDA:48,(anonymous_10)
FNDA:3,(anonymous_11)
FNDA:67,(anonymous_12)
FNDA:48,(anonymous_13)
FNDA:1,(anonymous_14)
FNDA:4,(anonymous_15)
FNDA:1,(anonymous_16)
FNDA:14,(anonymous_17)
FNDA:1,(anonymous_18)
FNDA:1,(anonymous_19)
FNDA:1,(anonymous_20)
DA:2,3
DA:3,3
DA:4,3
DA:5,3
DA:9,3
DA:16,3
DA:28,3
DA:36,1
DA:44,3
DA:45,248
DA:51,14
DA:66,3
DA:67,3
DA:69,3
DA:71,3
DA:73,3
DA:75,3
DA:77,3
DA:79,3
DA:81,3
DA:83,3
DA:85,3
DA:87,3
DA:89,3
DA:93,3
DA:98,3
DA:99,3
DA:101,3
DA:103,3
DA:105,3
DA:107,3
DA:109,3
DA:122,3
DA:124,3
DA:126,3
DA:128,3
DA:130,3
DA:132,3
DA:134,3
DA:136,3
DA:138,3
DA:140,3
DA:142,3
DA:144,3
DA:146,3
DA:148,3
DA:162,3
DA:163,3
DA:167,3
DA:173,3
DA:174,3
DA:176,3
DA:178,3
DA:180,3
DA:182,3
DA:184,3
DA:200,3
DA:201,3
DA:205,3
DA:211,3
DA:214,3
DA:222,3
DA:223,1
DA:227,3
DA:232,1
DA:241,1
DA:257,48
DA:264,48
DA:270,48
DA:277,48
DA:279,48
DA:280,48
DA:281,48
DA:282,48
DA:283,4
DA:290,48
DA:291,48
DA:292,46
DA:293,42
DA:294,42
DA:295,40
DA:298,48
DA:299,8
DA:300,6
DA:304,2
DA:305,2
DA:307,0
DA:310,48
DA:311,213
DA:314,48
DA:315,192
DA:316,184
DA:317,184
DA:318,183
DA:321,48
DA:322,48
DA:325,48
DA:326,48
DA:327,46
DA:330,48
DA:331,48
DA:332,46
DA:335,48
DA:336,3
DA:337,3
DA:340,48
DA:341,67
DA:342,66
DA:343,66
DA:344,65
DA:347,48
DA:348,48
DA:349,48
DA:352,48
DA:353,1
DA:354,1
DA:355,1
DA:356,1
DA:357,1
DA:358,1
DA:361,48
DA:362,4
DA:363,4
DA:364,4
DA:365,4
DA:366,4
LF:126
LH:125
BRDA:279,0,0,48
BRDA:279,0,1,2
BRDA:284,1,0,4
BRDA:284,1,1,1
BRDA:284,1,2,1
BRDA:291,2,0,2
BRDA:291,2,1,46
BRDA:291,3,0,48
BRDA:291,3,1,6
BRDA:292,4,0,4
BRDA:292,4,1,42
BRDA:293,5,0,0
BRDA:293,5,1,42
BRDA:293,6,0,42
BRDA:293,6,1,2
BRDA:294,7,0,2
BRDA:294,7,1,40
BRDA:299,8,0,6
BRDA:299,8,1,2
BRDA:300,9,0,2
BRDA:300,9,1,4
BRDA:304,10,0,2
BRDA:304,10,1,0
BRDA:311,11,0,201
BRDA:311,11,1,12
BRDA:311,12,0,213
BRDA:311,12,1,202
BRDA:315,13,0,8
BRDA:315,13,1,184
BRDA:317,14,0,1
BRDA:317,14,1,183
BRDA:326,15,0,2
BRDA:326,15,1,46
BRDA:327,16,0,1
BRDA:327,16,1,45
BRDA:331,17,0,2
BRDA:331,17,1,46
BRDA:336,18,0,0
BRDA:336,18,1,3
BRDA:341,19,0,1
BRDA:341,19,1,66
BRDA:343,20,0,1
BRDA:343,20,1,65
BRDA:349,21,0,48
BRDA:349,21,1,3
BRDA:353,22,0,0
BRDA:353,22,1,1
BRDA:355,23,0,0
BRDA:355,23,1,1
BRDA:358,24,0,1
BRDA:358,24,1,1
BRDA:362,25,0,0
BRDA:362,25,1,4
BRDA:364,26,0,0
BRDA:364,26,1,4
BRDA:11,27,0,62
BRDA:11,27,1,48
BRDA:12,28,0,60
BRDA:12,28,1,2
BRDA:14,29,0,60
BRDA:14,29,1,46
BRDA:17,30,0,60
BRDA:17,30,1,2
BRDA:18,31,0,61
BRDA:18,31,1,1
BRDA:19,32,0,8
BRDA:19,32,1,54
BRDA:26,33,0,6
BRDA:26,33,1,2
BRDA:29,34,0,6
BRDA:29,34,1,2
BRDA:33,35,0,6
BRDA:33,35,1,2
BRDA:36,36,0,6
BRDA:36,36,1,6
BRDA:39,37,0,2
BRDA:39,37,1,4
BRDA:40,38,0,2
BRDA:40,38,1,4
BRDA:61,39,0,48
BRDA:61,39,1,14
BRDA:102,40,0,48
BRDA:102,40,1,48
BRDA:106,41,0,48
BRDA:106,41,1,48
BRDA:110,42,0,48
BRDA:110,42,1,48
BRDA:116,43,0,4
BRDA:116,43,1,10
BRDA:121,44,0,3
BRDA:121,44,1,1
BRDA:155,45,0,6
BRDA:155,45,1,4
BRDA:160,46,0,4
BRDA:160,46,1,2
BRDA:161,47,0,4
BRDA:161,47,1,1
BRDA:161,47,2,0
BRDA:166,48,0,4
BRDA:166,48,1,4
BRDA:168,49,0,3
BRDA:168,49,1,1
BRDA:169,50,0,3
BRDA:169,50,1,1
BRDA:170,51,0,1
BRDA:170,51,1,0
BRDA:177,52,0,4
BRDA:177,52,1,4
BRDA:181,53,0,4
BRDA:181,53,1,4
BRDA:185,54,0,4
BRDA:185,54,1,4
BRDA:198,55,0,2
BRDA:198,55,1,2
BRDA:199,56,0,2
BRDA:199,56,1,1
BRDA:199,56,2,0
BRDA:204,57,0,2
BRDA:204,57,1,2
BRDA:206,58,0,1
BRDA:206,58,1,1
BRDA:213,59,0,2
BRDA:213,59,1,2
BRDA:216,60,0,2
BRDA:216,60,1,2
BRDA:223,61,0,62
BRDA:223,61,1,48
BRDA:223,62,0,62
BRDA:223,62,1,48
BRDA:229,63,0,60
BRDA:229,63,1,2
BRDA:232,64,0,60
BRDA:232,64,1,46
BRDA:232,65,0,60
BRDA:232,65,1,46
BRDA:238,66,0,60
BRDA:238,66,1,2
BRDA:241,67,0,60
BRDA:241,67,1,46
BRDA:241,68,0,60
BRDA:241,68,1,46
BRF:141
BRH:131
end_of_record
TN:
SF:src\components\Header.vue
FNF:0
FNH:0
DA:7,1
LF:1
LH:1
BRF:0
BRH:0
end_of_record
TN:
SF:src\components\HeaderDashboard.vue
FN:25,(anonymous_0)
FN:31,(anonymous_1)
FN:37,(anonymous_2)
FN:14,(anonymous_3)
FNF:4
FNH:2
FNDA:1,(anonymous_0)
FNDA:1,(anonymous_1)
FNDA:0,(anonymous_2)
FNDA:0,(anonymous_3)
DA:2,1
DA:4,1
DA:8,1
DA:14,0
DA:23,1
DA:26,1
DA:32,1
DA:33,1
DA:34,1
DA:38,0
DA:39,0
LF:11
LH:8
BRDA:33,0,0,1
BRDA:33,0,1,1
BRDA:33,0,2,1
BRDA:34,1,0,0
BRDA:34,1,1,1
BRDA:6,2,0,2
BRDA:6,2,1,1
BRDA:14,3,0,2
BRDA:14,3,1,1
BRDA:14,4,0,0
BRDA:14,4,1,0
BRF:11
BRH:8
end_of_record
TN:
SF:src\components\HelloWorld.vue
FN:15,(anonymous_0)
FNF:1
FNH:1
FNDA:1,(anonymous_0)
DA:8,2
DA:14,1
DA:15,1
LF:3
LH:3
BRDA:15,0,0,3
BRDA:15,0,1,2
BRDA:36,1,0,3
BRDA:36,1,1,2
BRF:4
BRH:4
end_of_record
TN:
SF:src\components\QrScanner.vue
FN:235,(anonymous_0)
FN:238,(anonymous_1)
FN:247,(anonymous_2)
FN:257,(anonymous_3)
FN:259,(anonymous_4)
FN:261,(anonymous_5)
FN:270,(anonymous_6)
FN:275,(anonymous_7)
FN:276,(anonymous_8)
FN:278,(anonymous_9)
FN:285,(anonymous_10)
FN:292,(anonymous_11)
FN:303,(anonymous_12)
FN:309,(anonymous_13)
FN:313,(anonymous_14)
FN:329,(anonymous_15)
FN:346,(anonymous_16)
FN:372,(anonymous_17)
FN:401,(anonymous_18)
FN:409,(anonymous_19)
FN:417,(anonymous_20)
FN:434,(anonymous_21)
FN:445,(anonymous_22)
FN:447,(anonymous_23)
FN:476,(anonymous_24)
FN:494,(anonymous_25)
FN:499,(anonymous_26)
FN:528,(anonymous_27)
FN:541,(anonymous_28)
FN:563,(anonymous_29)
FN:574,(anonymous_30)
FN:580,(anonymous_31)
FN:594,(anonymous_32)
FN:663,(anonymous_33)
FN:670,(anonymous_34)
FN:680,(anonymous_35)
FN:684,(anonymous_36)
FN:694,(anonymous_37)
FN:698,(anonymous_38)
FN:702,(anonymous_39)
FN:710,(anonymous_40)
FN:715,(anonymous_41)
FN:719,(anonymous_42)
FN:723,(anonymous_43)
FN:746,(anonymous_44)
FN:760,(anonymous_45)
FN:765,(anonymous_46)
FN:775,(anonymous_47)
FN:34,(anonymous_48)
FNF:49
FNH:41
FNDA:91,(anonymous_0)
FNDA:728,(anonymous_1)
FNDA:5,(anonymous_2)
FNDA:3,(anonymous_3)
FNDA:1,(anonymous_4)
FNDA:1,(anonymous_5)
FNDA:91,(anonymous_6)
FNDA:91,(anonymous_7)
FNDA:91,(anonymous_8)
FNDA:187,(anonymous_9)
FNDA:187,(anonymous_10)
FNDA:185,(anonymous_11)
FNDA:97,(anonymous_12)
FNDA:4,(anonymous_13)
FNDA:75,(anonymous_14)
FNDA:70,(anonymous_15)
FNDA:0,(anonymous_16)
FNDA:5,(anonymous_17)
FNDA:1,(anonymous_18)
FNDA:1,(anonymous_19)
FNDA:76,(anonymous_20)
FNDA:8,(anonymous_21)
FNDA:1,(anonymous_22)
FNDA:8,(anonymous_23)
FNDA:4,(anonymous_24)
FNDA:3,(anonymous_25)
FNDA:2,(anonymous_26)
FNDA:2,(anonymous_27)
FNDA:2,(anonymous_28)
FNDA:0,(anonymous_29)
FNDA:0,(anonymous_30)
FNDA:0,(anonymous_31)
FNDA:3,(anonymous_32)
FNDA:3,(anonymous_33)
FNDA:0,(anonymous_34)
FNDA:1,(anonymous_35)
FNDA:1,(anonymous_36)
FNDA:0,(anonymous_37)
FNDA:1,(anonymous_38)
FNDA:0,(anonymous_39)
FNDA:1,(anonymous_40)
FNDA:0,(anonymous_41)
FNDA:2,(anonymous_42)
FNDA:2,(anonymous_43)
FNDA:1,(anonymous_44)
FNDA:1,(anonymous_45)
FNDA:91,(anonymous_46)
FNDA:71,(anonymous_47)
FNDA:1,(anonymous_48)
DA:2,3
DA:3,3
DA:4,3
DA:5,3
DA:9,3
DA:11,3
DA:16,3
DA:17,3
DA:23,3
DA:33,1
DA:91,199
DA:92,3
DA:93,3
DA:204,91
DA:211,91
DA:218,91
DA:233,91
DA:235,91
DA:236,91
DA:237,91
DA:238,728
DA:240,91
DA:241,91
DA:242,91
DA:244,91
DA:245,91
DA:247,91
DA:248,5
DA:249,3
DA:250,3
DA:251,5
DA:252,5
DA:253,5
DA:254,5
DA:257,91
DA:259,91
DA:261,91
DA:262,1
DA:263,1
DA:264,1
DA:265,1
DA:266,1
DA:267,1
DA:270,91
DA:271,91
DA:272,73
DA:275,91
DA:276,91
DA:278,91
DA:279,187
DA:280,100
DA:281,99
DA:282,97
DA:285,91
DA:286,187
DA:287,100
DA:288,99
DA:289,97
DA:292,91
DA:293,185
DA:299,185
DA:300,185
DA:303,91
DA:304,97
DA:305,97
DA:306,97
DA:309,91
DA:310,4
DA:313,91
DA:314,75
DA:315,72
DA:316,1
DA:317,1
DA:320,71
DA:329,91
DA:330,70
DA:331,70
DA:334,0
DA:335,0
DA:336,0
DA:339,0
DA:340,0
DA:341,0
DA:342,0
DA:344,0
DA:345,0
DA:346,0
DA:347,0
DA:348,0
DA:350,0
DA:352,70
DA:355,70
DA:357,70
DA:358,0
DA:359,70
DA:360,0
DA:361,70
DA:362,0
DA:363,70
DA:364,70
DA:367,70
DA:368,70
DA:372,91
DA:373,5
DA:374,2
DA:375,2
DA:377,3
DA:378,3
DA:379,3
DA:380,2
DA:381,2
DA:382,0
DA:383,0
DA:385,2
DA:386,2
DA:392,1
DA:393,1
DA:394,1
DA:396,2
DA:397,2
DA:401,91
DA:402,1
DA:403,1
DA:404,0
DA:405,0
DA:406,0
DA:409,91
DA:410,1
DA:411,1
DA:412,0
DA:413,0
DA:414,0
DA:417,91
DA:418,76
DA:419,76
DA:420,11
DA:421,11
DA:422,4
DA:423,2
DA:426,2
DA:428,11
DA:429,11
DA:430,11
DA:434,91
DA:435,8
DA:436,1
DA:437,1
DA:439,7
DA:440,0
DA:442,7
DA:445,91
DA:446,1
DA:447,1
DA:448,8
DA:449,8
DA:450,1
DA:451,0
DA:454,1
DA:455,1
DA:456,1
DA:457,1
DA:458,1
DA:459,1
DA:460,1
DA:463,1
DA:464,1
DA:465,1
DA:466,1
DA:467,1
DA:468,1
DA:469,1
DA:473,1
DA:476,91
DA:477,4
DA:478,4
DA:480,2
DA:481,2
DA:483,2
DA:484,2
DA:486,2
DA:487,2
DA:489,1
DA:494,91
DA:499,91
DA:500,2
DA:501,2
DA:502,2
DA:504,0
DA:505,0
DA:507,0
DA:511,2
DA:512,2
DA:513,2
DA:515,2
DA:524,2
DA:528,91
DA:529,2
DA:530,2
DA:531,0
DA:534,2
DA:535,0
DA:538,2
DA:541,91
DA:542,2
DA:543,2
DA:544,2
DA:545,2
DA:547,2
DA:548,0
DA:557,1
DA:559,1
DA:563,91
DA:566,0
DA:574,91
DA:575,0
DA:576,0
DA:577,0
DA:580,91
DA:581,0
DA:582,0
DA:583,0
DA:584,0
DA:585,0
DA:587,0
DA:588,0
DA:591,0
DA:594,91
DA:595,3
DA:596,1
DA:597,1
DA:598,1
DA:599,1
DA:600,1
DA:603,2
DA:604,3
DA:606,3
DA:607,1
DA:608,0
DA:609,0
DA:610,0
DA:612,1
DA:613,1
DA:614,1
DA:615,1
DA:617,1
DA:620,1
DA:621,1
DA:622,1
DA:624,0
DA:625,0
DA:627,1
DA:628,1
DA:630,1
DA:631,3
DA:632,3
DA:634,3
DA:636,3
DA:637,3
DA:643,0
DA:644,0
DA:646,1
DA:647,1
DA:648,1
DA:649,1
DA:650,1
DA:651,1
DA:652,1
DA:654,0
DA:655,0
DA:656,0
DA:657,0
DA:658,0
DA:663,91
DA:664,3
DA:665,1
DA:667,2
DA:670,91
DA:671,0
DA:672,0
DA:673,0
DA:674,0
DA:675,0
DA:676,0
DA:677,0
DA:680,91
DA:681,1
DA:684,91
DA:685,1
DA:686,1
DA:687,1
DA:688,1
DA:689,1
DA:690,1
DA:694,91
DA:695,0
DA:698,91
DA:699,1
DA:702,91
DA:703,0
DA:704,0
DA:706,0
DA:710,91
DA:711,1
DA:712,0
DA:715,91
DA:716,0
DA:719,91
DA:720,2
DA:723,91
DA:724,2
DA:725,2
DA:726,1
DA:727,1
DA:728,1
DA:729,1
DA:730,1
DA:731,0
DA:732,0
DA:734,1
DA:735,1
DA:736,1
DA:737,0
DA:739,1
DA:740,1
DA:742,1
DA:746,91
DA:747,1
DA:748,1
DA:749,1
DA:750,1
DA:751,1
DA:752,1
DA:753,1
DA:754,0
DA:755,0
DA:757,1
DA:760,91
DA:761,1
DA:762,1
DA:765,91
DA:766,91
DA:767,21
DA:768,21
DA:770,70
DA:775,91
DA:776,71
DA:777,71
DA:778,71
LF:348
LH:274
BRDA:248,0,0,2
BRDA:248,0,1,3
BRDA:248,1,0,5
BRDA:248,1,1,4
BRDA:250,2,0,2
BRDA:250,2,1,1
BRDA:251,3,0,2
BRDA:251,3,1,1
BRDA:253,4,0,5
BRDA:253,4,1,2
BRDA:254,5,0,5
BRDA:254,5,1,2
BRDA:254,5,2,2
BRDA:257,6,0,3
BRDA:257,6,1,3
BRDA:271,7,0,18
BRDA:271,7,1,73
BRDA:279,8,0,87
BRDA:279,8,1,100
BRDA:280,9,0,1
BRDA:280,9,1,99
BRDA:281,10,0,2
BRDA:281,10,1,97
BRDA:286,11,0,87
BRDA:286,11,1,100
BRDA:287,12,0,1
BRDA:287,12,1,99
BRDA:288,13,0,2
BRDA:288,13,1,97
BRDA:314,14,0,3
BRDA:314,14,1,72
BRDA:315,15,0,1
BRDA:315,15,1,71
BRDA:334,16,0,0
BRDA:334,16,1,0
BRDA:340,17,0,0
BRDA:340,17,1,0
BRDA:340,18,0,0
BRDA:340,18,1,0
BRDA:345,19,0,0
BRDA:345,19,1,0
BRDA:346,20,0,0
BRDA:346,20,1,0
BRDA:357,21,0,0
BRDA:357,21,1,70
BRDA:357,22,0,70
BRDA:357,22,1,70
BRDA:359,23,0,0
BRDA:359,23,1,70
BRDA:359,24,0,70
BRDA:359,24,1,70
BRDA:361,25,0,0
BRDA:361,25,1,70
BRDA:361,26,0,70
BRDA:361,26,1,70
BRDA:363,27,0,70
BRDA:363,27,1,0
BRDA:373,28,0,2
BRDA:373,28,1,3
BRDA:381,29,0,0
BRDA:381,29,1,2
BRDA:403,30,0,1
BRDA:403,30,1,0
BRDA:403,31,0,1
BRDA:403,31,1,0
BRDA:411,32,0,1
BRDA:411,32,1,0
BRDA:411,33,0,1
BRDA:411,33,1,0
BRDA:419,34,0,65
BRDA:419,34,1,11
BRDA:421,35,0,4
BRDA:421,35,1,7
BRDA:435,36,0,1
BRDA:435,36,1,7
BRDA:437,37,0,1
BRDA:437,37,1,0
BRDA:439,38,0,0
BRDA:439,38,1,7
BRDA:449,39,0,7
BRDA:449,39,1,1
BRDA:450,40,0,1
BRDA:450,40,1,0
BRDA:454,41,0,1
BRDA:454,41,1,0
BRDA:455,42,0,1
BRDA:455,42,1,0
BRDA:455,43,0,1
BRDA:455,43,1,1
BRDA:463,44,0,1
BRDA:463,44,1,0
BRDA:468,45,0,1
BRDA:468,45,1,0
BRDA:468,46,0,1
BRDA:468,46,1,1
BRDA:478,47,0,2
BRDA:478,47,1,2
BRDA:481,48,0,0
BRDA:481,48,1,2
BRDA:484,49,0,0
BRDA:484,49,1,2
BRDA:487,50,0,1
BRDA:487,50,1,1
BRDA:502,51,0,0
BRDA:502,51,1,2
BRDA:502,52,0,2
BRDA:502,52,1,0
BRDA:505,53,0,0
BRDA:505,53,1,0
BRDA:507,54,0,0
BRDA:507,54,1,0
BRDA:530,55,0,0
BRDA:530,55,1,2
BRDA:534,56,0,0
BRDA:534,56,1,2
BRDA:547,57,0,0
BRDA:547,57,1,2
BRDA:547,58,0,2
BRDA:547,58,1,1
BRDA:575,59,0,0
BRDA:575,59,1,0
BRDA:576,60,0,0
BRDA:576,60,1,0
BRDA:584,61,0,0
BRDA:584,61,1,0
BRDA:584,62,0,0
BRDA:584,62,1,0
BRDA:587,63,0,0
BRDA:587,63,1,0
BRDA:595,64,0,1
BRDA:595,64,1,2
BRDA:603,65,0,1
BRDA:603,65,1,1
BRDA:606,66,0,1
BRDA:606,66,1,2
BRDA:607,67,0,0
BRDA:607,67,1,1
BRDA:620,68,0,1
BRDA:620,68,1,0
BRDA:644,69,0,0
BRDA:644,69,1,0
BRDA:647,70,0,1
BRDA:647,70,1,0
BRDA:664,71,0,1
BRDA:664,71,1,2
BRDA:664,72,0,3
BRDA:664,72,1,2
BRDA:664,72,2,2
BRDA:664,72,3,1
BRDA:688,73,0,1
BRDA:688,73,1,0
BRDA:703,74,0,0
BRDA:703,74,1,0
BRDA:711,75,0,1
BRDA:711,75,1,0
BRDA:725,76,0,1
BRDA:725,76,1,1
BRDA:725,77,0,2
BRDA:725,77,1,2
BRDA:730,78,0,0
BRDA:730,78,1,1
BRDA:753,79,0,0
BRDA:753,79,1,1
BRDA:753,80,0,1
BRDA:753,80,1,1
BRDA:766,81,0,21
BRDA:766,81,1,70
BRDA:8,82,0,191
BRDA:8,82,1,91
BRDA:44,83,0,191
BRDA:44,83,1,91
BRDA:32,84,0,191
BRDA:32,84,1,91
BRDA:41,85,0,190
BRDA:41,85,1,1
BRDA:51,86,0,191
BRDA:51,86,1,184
BRDA:53,87,0,7
BRDA:53,87,1,184
BRDA:61,88,0,1
BRDA:61,88,1,190
BRDA:84,89,0,91
BRDA:84,89,1,100
BRDA:96,90,0,99
BRDA:96,90,1,90
BRDA:100,91,0,182
BRDA:100,91,1,9
BRDA:103,92,0,182
BRDA:103,92,1,91
BRDA:105,93,0,1
BRDA:105,93,1,8
BRDA:108,94,0,1
BRDA:108,94,1,1
BRDA:110,95,0,4
BRDA:110,95,1,4
BRDA:110,96,0,8
BRDA:110,96,1,4
BRDA:116,97,0,4
BRDA:116,97,1,4
BRDA:118,98,0,4
BRDA:118,98,1,0
BRDA:118,99,0,4
BRDA:118,99,1,4
BRDA:120,100,0,2
BRDA:120,100,1,2
BRDA:129,101,0,4
BRDA:129,101,1,2
BRDA:139,102,0,0
BRDA:139,102,1,0
BRF:209
BRH:148
end_of_record
TN:
SF:src\components\RegistroVacunacionBase.vue
FN:78,(anonymous_0)
FN:84,(anonymous_1)
FN:88,(anonymous_2)
FN:100,(anonymous_3)
FN:114,(anonymous_4)
FN:119,(anonymous_5)
FNF:6
FNH:6
FNDA:11,(anonymous_0)
FNDA:11,(anonymous_1)
FNDA:11,(anonymous_2)
FNDA:3,(anonymous_3)
FNDA:5,(anonymous_4)
FNDA:4,(anonymous_5)
DA:2,2
DA:28,2
DA:29,2
DA:30,2
DA:31,2
DA:36,2
DA:37,2
DA:38,2
DA:76,2
DA:79,11
DA:85,11
DA:89,11
DA:90,11
DA:91,11
DA:92,10
DA:94,3
DA:95,3
DA:97,11
DA:101,3
DA:102,3
DA:103,3
DA:104,3
DA:110,0
DA:111,0
DA:115,5
DA:116,2
DA:117,0
DA:120,4
DA:121,2
DA:122,1
LF:30
LH:27
BRDA:92,0,0,10
BRDA:92,0,1,0
BRDA:101,1,0,0
BRDA:101,1,1,3
BRDA:111,2,0,0
BRDA:111,2,1,0
BRDA:115,3,0,3
BRDA:115,3,1,2
BRDA:115,4,0,5
BRDA:115,4,1,3
BRDA:116,5,0,2
BRDA:116,5,1,0
BRDA:116,6,0,2
BRDA:116,6,1,1
BRDA:120,7,0,2
BRDA:120,7,1,2
BRDA:120,8,0,4
BRDA:120,8,1,2
BRDA:121,9,0,1
BRDA:121,9,1,1
BRDA:121,10,0,2
BRDA:121,10,1,1
BRDA:122,11,0,1
BRDA:122,11,1,1
BRDA:12,12,0,11
BRDA:12,12,1,11
BRDA:32,13,0,1
BRDA:32,13,1,1
BRDA:52,14,0,1
BRDA:52,14,1,0
BRDA:54,15,0,1
BRDA:54,15,1,0
BRDA:57,16,0,1
BRDA:57,16,1,0
BRF:34
BRH:26
end_of_record
TN:
SF:src\components\ReportesUsuario.vue
FN:46,(anonymous_0)
FNF:1
FNH:0
FNDA:0,(anonymous_0)
DA:2,11
DA:12,11
DA:19,11
DA:21,11
DA:22,11
DA:23,11
DA:24,11
DA:25,11
DA:26,0
DA:36,11
DA:37,11
DA:43,11
DA:46,0
LF:13
LH:11
BRDA:13,0,0,0
BRDA:13,0,1,0
BRDA:46,1,0,0
BRDA:46,1,1,0
BRDA:46,2,0,0
BRDA:46,2,1,0
BRDA:49,3,0,0
BRDA:49,3,1,0
BRDA:51,4,0,0
BRDA:51,4,1,0
BRF:10
BRH:0
end_of_record
TN:
SF:src\components\TenantSelector.vue
FN:101,(anonymous_0)
FN:115,(anonymous_1)
FN:122,(anonymous_2)
FN:38,(anonymous_3)
FN:70,(anonymous_4)
FNF:5
FNH:1
FNDA:0,(anonymous_0)
FNDA:34,(anonymous_1)
FNDA:0,(anonymous_2)
FNDA:0,(anonymous_3)
FNDA:0,(anonymous_4)
DA:3,3
DA:13,3
DA:38,0
DA:70,0
DA:74,3
DA:89,34
DA:99,34
DA:101,34
DA:102,0
DA:105,0
DA:111,0
DA:115,34
DA:116,34
DA:117,6
DA:122,34
DA:123,0
DA:124,0
LF:17
LH:10
BRDA:101,0,0,0
BRDA:116,1,0,6
BRDA:116,1,1,28
BRDA:123,2,0,0
BRDA:123,2,1,0
BRDA:12,3,0,18
BRDA:12,3,1,6
BRDA:14,4,0,18
BRDA:14,4,1,18
BRDA:16,5,0,18
BRDA:16,5,1,6
BRDA:17,6,0,0
BRDA:17,6,1,18
BRDA:38,7,0,18
BRDA:38,7,1,6
BRDA:40,8,0,18
BRDA:40,8,1,6
BRDA:41,9,0,18
BRDA:41,9,1,6
BRDA:72,10,0,0
BRDA:72,10,1,0
BRF:21
BRH:15
end_of_record
TN:
SF:src\components\potreros\PotreroCard.vue
FN:55,(anonymous_0)
FN:5,(anonymous_1)
FN:33,(anonymous_2)
FN:34,(anonymous_3)
FNF:4
FNH:1
FNDA:1,(anonymous_0)
FNDA:0,(anonymous_1)
FNDA:0,(anonymous_2)
FNDA:0,(anonymous_3)
DA:3,1
DA:4,1
DA:5,0
DA:9,1
DA:10,1
DA:11,1
DA:12,1
DA:14,1
DA:15,1
DA:16,1
DA:18,1
DA:19,1
DA:20,1
DA:22,1
DA:23,1
DA:25,1
DA:26,1
DA:27,1
DA:30,1
DA:32,1
DA:33,0
DA:34,0
DA:41,1
DA:56,1
DA:57,1
DA:58,1
DA:59,1
LF:27
LH:24
BRDA:56,0,0,0
BRDA:56,0,1,1
BRDA:57,1,0,0
BRDA:57,1,1,1
BRDA:58,2,0,0
BRDA:58,2,1,1
BRDA:4,3,0,1
BRDA:4,3,1,1
BRDA:5,4,0,1
BRDA:5,4,1,1
BRDA:6,5,0,1
BRDA:6,5,1,0
BRDA:11,6,0,1
BRDA:11,6,1,1
BRDA:12,7,0,1
BRDA:12,7,1,1
BRDA:12,8,0,1
BRDA:12,8,1,0
BRDA:15,9,0,1
BRDA:15,9,1,1
BRDA:15,10,0,1
BRDA:15,10,1,1
BRDA:16,11,0,1
BRDA:16,11,1,1
BRDA:16,12,0,1
BRDA:16,12,1,1
BRDA:19,13,0,1
BRDA:19,13,1,1
BRDA:19,14,0,1
BRDA:19,14,1,1
BRDA:20,15,0,1
BRDA:20,15,1,1
BRDA:23,16,0,1
BRDA:23,16,1,1
BRDA:23,17,0,1
BRDA:23,17,1,1
BRDA:26,18,0,1
BRDA:26,18,1,1
BRDA:26,19,0,1
BRDA:26,19,1,0
BRDA:27,20,0,1
BRDA:27,20,1,1
BRDA:27,21,0,1
BRDA:27,21,1,1
BRDA:30,22,0,0
BRDA:30,22,1,0
BRDA:33,23,0,1
BRDA:33,23,1,1
BRDA:34,24,0,1
BRDA:34,24,1,1
BRF:50
BRH:42
end_of_record
TN:
SF:src\components\potreros\PotreroModal.vue
FN:103,(anonymous_0)
FN:107,(anonymous_1)
FN:111,(anonymous_2)
FN:115,(anonymous_3)
FN:123,(anonymous_4)
FN:142,(anonymous_5)
FN:152,(anonymous_6)
FN:156,(anonymous_7)
FN:7,(anonymous_8)
FN:10,(anonymous_9)
FN:14,(anonymous_10)
FN:18,(anonymous_11)
FN:28,(anonymous_12)
FN:32,(anonymous_13)
FN:38,(anonymous_14)
FN:47,(anonymous_15)
FN:58,(anonymous_16)
FN:62,(anonymous_17)
FN:68,(anonymous_18)
FN:72,(anonymous_19)
FN:77,(anonymous_20)
FN:82,(anonymous_21)
FN:83,(anonymous_22)
FNF:23
FNH:18
FNDA:1,(anonymous_0)
FNDA:0,(anonymous_1)
FNDA:0,(anonymous_2)
FNDA:0,(anonymous_3)
FNDA:32,(anonymous_4)
FNDA:32,(anonymous_5)
FNDA:3,(anonymous_6)
FNDA:1,(anonymous_7)
FNDA:1,(anonymous_8)
FNDA:1,(anonymous_9)
FNDA:1,(anonymous_10)
FNDA:0,(anonymous_11)
FNDA:1,(anonymous_12)
FNDA:1,(anonymous_13)
FNDA:1,(anonymous_14)
FNDA:1,(anonymous_15)
FNDA:1,(anonymous_16)
FNDA:1,(anonymous_17)
FNDA:0,(anonymous_18)
FNDA:1,(anonymous_19)
FNDA:1,(anonymous_20)
FNDA:1,(anonymous_21)
FNDA:1,(anonymous_22)
DA:3,1
DA:4,1
DA:5,1
DA:6,1
DA:7,1
DA:9,1
DA:10,1
DA:11,1
DA:12,1
DA:14,1
DA:18,0
DA:19,10
DA:25,1
DA:26,1
DA:28,1
DA:30,1
DA:32,1
DA:35,1
DA:36,1
DA:38,1
DA:40,88
DA:45,1
DA:47,1
DA:49,88
DA:55,1
DA:56,1
DA:58,1
DA:60,1
DA:62,1
DA:65,1
DA:66,1
DA:68,0
DA:70,1
DA:72,1
DA:75,1
DA:77,1
DA:81,1
DA:82,1
DA:83,1
DA:94,1
DA:103,1
DA:107,0
DA:111,0
DA:115,0
DA:124,32
DA:143,32
DA:144,6
DA:153,3
DA:157,1
LF:49
LH:44
BRDA:143,0,0,6
BRDA:143,0,1,26
BRDA:143,1,0,32
BRDA:143,1,1,31
BRDA:6,2,0,6
BRDA:6,2,1,39
BRDA:7,3,0,45
BRDA:7,3,1,32
BRDA:10,4,0,45
BRDA:10,4,1,32
BRDA:10,5,0,1
BRDA:10,5,1,1
BRDA:13,6,0,45
BRDA:13,6,1,32
BRDA:14,7,0,45
BRDA:14,7,1,32
BRDA:17,8,0,6
BRDA:17,8,1,6
BRDA:18,9,0,6
BRDA:18,9,1,6
BRDA:19,10,0,10
BRDA:19,10,1,5
BRDA:19,10,2,0
BRDA:20,11,0,10
BRDA:20,11,1,5
BRDA:20,11,2,0
BRDA:27,12,0,45
BRDA:27,12,1,32
BRDA:28,13,0,45
BRDA:28,13,1,32
BRDA:31,14,0,45
BRDA:31,14,1,32
BRDA:32,15,0,45
BRDA:32,15,1,32
BRDA:37,16,0,45
BRDA:37,16,1,32
BRDA:38,17,0,45
BRDA:38,17,1,32
BRDA:39,18,0,45
BRDA:39,18,1,32
BRDA:41,19,0,88
BRDA:41,19,1,44
BRDA:46,20,0,45
BRDA:46,20,1,32
BRDA:47,21,0,45
BRDA:47,21,1,32
BRDA:48,22,0,45
BRDA:48,22,1,32
BRDA:57,23,0,45
BRDA:57,23,1,32
BRDA:58,24,0,45
BRDA:58,24,1,32
BRDA:61,25,0,45
BRDA:61,25,1,32
BRDA:62,26,0,45
BRDA:62,26,1,32
BRDA:67,27,0,45
BRDA:67,27,1,32
BRDA:68,28,0,45
BRDA:68,28,1,32
BRDA:71,29,0,45
BRDA:71,29,1,32
BRDA:72,30,0,45
BRDA:72,30,1,32
BRDA:76,31,0,45
BRDA:76,31,1,32
BRDA:77,32,0,45
BRDA:77,32,1,32
BRDA:82,33,0,45
BRDA:82,33,1,32
BRDA:83,34,0,45
BRDA:83,34,1,32
BRDA:83,35,0,1
BRDA:83,35,1,1
BRDA:85,36,0,6
BRDA:85,36,1,39
BRF:76
BRH:74
end_of_record
TN:
SF:src\composables\useFetchData.js
FN:5,useFetchData
FN:26,(anonymous_1)
FN:38,(anonymous_2)
FN:47,(anonymous_3)
FN:54,(anonymous_4)
FN:55,(anonymous_5)
FN:58,(anonymous_6)
FN:104,(anonymous_7)
FN:109,(anonymous_8)
FN:117,(anonymous_9)
FN:123,(anonymous_10)
FN:132,(anonymous_11)
FNF:12
FNH:11
FNDA:20,useFetchData
FNDA:21,(anonymous_1)
FNDA:12,(anonymous_2)
FNDA:3,(anonymous_3)
FNDA:6,(anonymous_4)
FNDA:6,(anonymous_5)
FNDA:18,(anonymous_6)
FNDA:1,(anonymous_7)
FNDA:2,(anonymous_8)
FNDA:1,(anonymous_9)
FNDA:0,(anonymous_10)
FNDA:2,(anonymous_11)
DA:13,20
DA:16,20
DA:17,20
DA:18,20
DA:19,20
DA:22,20
DA:23,20
DA:26,20
DA:27,21
DA:28,3
DA:29,3
DA:31,21
DA:32,3
DA:33,3
DA:35,21
DA:38,20
DA:39,12
DA:40,3
DA:41,3
DA:42,3
DA:44,9
DA:47,20
DA:48,3
DA:49,3
DA:50,3
DA:51,3
DA:54,20
DA:55,6
DA:58,20
DA:59,18
DA:61,18
DA:62,18
DA:63,18
DA:64,18
DA:65,18
DA:67,18
DA:68,24
DA:69,24
DA:73,24
DA:79,12
DA:80,2
DA:81,2
DA:84,10
DA:85,10
DA:86,10
DA:88,24
DA:89,24
DA:91,12
DA:93,9
DA:94,3
DA:96,6
DA:97,6
DA:104,20
DA:105,1
DA:109,20
DA:110,2
DA:111,2
DA:112,2
DA:113,2
DA:117,20
DA:118,1
DA:119,1
DA:123,20
DA:124,0
DA:125,0
DA:126,0
DA:131,20
DA:132,2
DA:133,2
DA:137,20
LF:70
LH:67
BRDA:5,0,0,20
BRDA:7,1,0,20
BRDA:8,2,0,20
BRDA:9,3,0,20
BRDA:10,4,0,20
BRDA:11,5,0,20
BRDA:12,6,0,20
BRDA:27,7,0,3
BRDA:27,7,1,18
BRDA:31,8,0,3
BRDA:31,8,1,18
BRDA:39,9,0,3
BRDA:39,9,1,9
BRDA:39,10,0,12
BRDA:39,10,1,10
BRDA:39,10,2,9
BRDA:49,11,0,3
BRDA:49,11,1,0
BRDA:51,12,0,3
BRDA:51,12,1,1
BRDA:58,13,0,18
BRDA:79,14,0,2
BRDA:79,14,1,10
BRDA:86,15,0,10
BRDA:86,15,1,1
BRDA:91,16,0,3
BRDA:91,16,1,9
BRDA:93,17,0,3
BRDA:93,17,1,6
BRDA:104,18,0,1
BRDA:117,19,0,1
BRDA:125,20,0,0
BRDA:125,20,1,0
BRDA:131,21,0,2
BRDA:131,21,1,18
BRF:35
BRH:32
end_of_record
TN:
SF:src\composables\useGanado.js
FN:8,useGanado
FN:13,(anonymous_1)
FN:29,(anonymous_2)
FN:42,(anonymous_3)
FN:55,(anonymous_4)
FN:68,(anonymous_5)
FN:70,(anonymous_6)
FN:78,(anonymous_7)
FN:80,(anonymous_8)
FN:83,(anonymous_9)
FN:87,(anonymous_10)
FN:93,(anonymous_11)
FN:99,(anonymous_12)
FN:106,(anonymous_13)
FNF:14
FNH:14
FNDA:45,useGanado
FNDA:14,(anonymous_1)
FNDA:5,(anonymous_2)
FNDA:5,(anonymous_3)
FNDA:5,(anonymous_4)
FNDA:6,(anonymous_5)
FNDA:2,(anonymous_6)
FNDA:1,(anonymous_7)
FNDA:2,(anonymous_8)
FNDA:45,(anonymous_9)
FNDA:4,(anonymous_10)
FNDA:6,(anonymous_11)
FNDA:4,(anonymous_12)
FNDA:1,(anonymous_13)
DA:6,21
DA:9,45
DA:10,45
DA:11,45
DA:13,45
DA:14,14
DA:15,14
DA:16,14
DA:17,14
DA:18,12
DA:19,11
DA:22,2
DA:23,2
DA:25,14
DA:29,45
DA:30,5
DA:31,5
DA:32,3
DA:33,1
DA:34,1
DA:36,2
DA:38,2
DA:42,45
DA:43,5
DA:44,5
DA:45,3
DA:46,1
DA:47,1
DA:49,2
DA:51,2
DA:55,45
DA:56,5
DA:57,5
DA:58,3
DA:59,1
DA:60,1
DA:62,2
DA:64,2
DA:68,45
DA:69,6
DA:70,4
DA:71,4
DA:72,2
DA:74,2
DA:78,45
DA:79,1
DA:80,2
DA:83,45
DA:84,45
DA:85,16
DA:87,16
DA:88,4
DA:89,2
DA:93,16
DA:94,6
DA:95,4
DA:99,16
DA:100,4
DA:101,4
DA:102,1
DA:106,16
DA:107,1
DA:111,45
DA:113,45
LF:64
LH:64
BRDA:18,0,0,11
BRDA:18,0,1,1
BRDA:32,1,0,1
BRDA:32,1,1,2
BRDA:45,2,0,1
BRDA:45,2,1,2
BRDA:58,3,0,1
BRDA:58,3,1,2
BRDA:69,4,0,2
BRDA:69,4,1,4
BRDA:71,5,0,2
BRDA:71,5,1,2
BRDA:79,6,0,0
BRDA:79,6,1,1
BRDA:84,7,0,29
BRDA:84,7,1,16
BRDA:88,8,0,2
BRDA:88,8,1,2
BRDA:94,9,0,4
BRDA:94,9,1,2
BRDA:101,10,0,1
BRDA:101,10,1,3
BRF:22
BRH:21
end_of_record
TN:
SF:src\composables\usePotreros.js
FN:8,usePotreros
FN:13,(anonymous_1)
FN:32,(anonymous_2)
FN:45,(anonymous_3)
FN:58,(anonymous_4)
FN:71,(anonymous_5)
FN:73,(anonymous_6)
FN:81,(anonymous_7)
FN:83,(anonymous_8)
FN:86,(anonymous_9)
FN:90,(anonymous_10)
FN:96,(anonymous_11)
FN:102,(anonymous_12)
FN:109,(anonymous_13)
FNF:14
FNH:14
FNDA:47,usePotreros
FNDA:16,(anonymous_1)
FNDA:5,(anonymous_2)
FNDA:5,(anonymous_3)
FNDA:5,(anonymous_4)
FNDA:6,(anonymous_5)
FNDA:2,(anonymous_6)
FNDA:1,(anonymous_7)
FNDA:2,(anonymous_8)
FNDA:47,(anonymous_9)
FNDA:4,(anonymous_10)
FNDA:6,(anonymous_11)
FNDA:4,(anonymous_12)
FNDA:1,(anonymous_13)
DA:6,21
DA:9,47
DA:10,47
DA:11,47
DA:13,47
DA:14,16
DA:15,16
DA:16,16
DA:17,16
DA:18,14
DA:19,14
DA:20,12
DA:22,2
DA:25,2
DA:26,2
DA:28,16
DA:32,47
DA:33,5
DA:34,5
DA:35,3
DA:36,1
DA:37,1
DA:39,2
DA:41,2
DA:45,47
DA:46,5
DA:47,5
DA:48,3
DA:49,1
DA:50,1
DA:52,2
DA:54,2
DA:58,47
DA:59,5
DA:60,5
DA:61,3
DA:62,1
DA:63,1
DA:65,2
DA:67,2
DA:71,47
DA:72,6
DA:73,4
DA:74,4
DA:75,2
DA:77,2
DA:81,47
DA:82,1
DA:83,2
DA:86,47
DA:87,47
DA:88,16
DA:90,16
DA:91,4
DA:92,2
DA:96,16
DA:97,6
DA:98,4
DA:102,16
DA:103,4
DA:104,4
DA:105,1
DA:109,16
DA:110,1
DA:114,47
DA:116,47
LF:66
LH:66
BRDA:19,0,0,12
BRDA:19,0,1,2
BRDA:19,1,0,14
BRDA:19,1,1,3
BRDA:20,2,0,12
BRDA:20,2,1,1
BRDA:22,3,0,2
BRDA:22,3,1,1
BRDA:25,4,0,2
BRDA:25,4,1,1
BRDA:35,5,0,1
BRDA:35,5,1,2
BRDA:41,6,0,2
BRDA:41,6,1,1
BRDA:48,7,0,1
BRDA:48,7,1,2
BRDA:54,8,0,2
BRDA:54,8,1,1
BRDA:61,9,0,1
BRDA:61,9,1,2
BRDA:67,10,0,2
BRDA:67,10,1,1
BRDA:72,11,0,2
BRDA:72,11,1,4
BRDA:74,12,0,2
BRDA:74,12,1,2
BRDA:82,13,0,0
BRDA:82,13,1,1
BRDA:87,14,0,31
BRDA:87,14,1,16
BRDA:91,15,0,2
BRDA:91,15,1,2
BRDA:97,16,0,4
BRDA:97,16,1,2
BRDA:104,17,0,1
BRDA:104,17,1,3
BRF:36
BRH:35
end_of_record
TN:
SF:src\composables\useReportes.js
FN:4,useReportes
FN:9,(anonymous_1)
FN:22,(anonymous_2)
FN:48,(anonymous_3)
FN:61,(anonymous_4)
FNF:5
FNH:5
FNDA:16,useReportes
FNDA:12,(anonymous_1)
FNDA:12,(anonymous_2)
FNDA:5,(anonymous_3)
FNDA:3,(anonymous_4)
DA:5,16
DA:6,16
DA:7,16
DA:9,16
DA:10,12
DA:11,12
DA:12,12
DA:13,12
DA:15,9
DA:16,9
DA:18,12
DA:22,16
DA:23,12
DA:24,12
DA:25,3
DA:26,3
DA:27,3
DA:30,0
DA:32,9
DA:34,9
DA:35,5
DA:36,0
DA:37,0
DA:38,0
DA:39,0
DA:41,0
DA:44,4
DA:48,16
DA:49,5
DA:51,5
DA:52,2
DA:53,2
DA:54,2
DA:55,2
DA:58,3
DA:61,16
DA:62,3
DA:63,3
DA:64,1
DA:65,1
DA:66,1
DA:67,1
DA:68,1
DA:69,1
DA:70,1
DA:71,1
DA:72,1
DA:73,1
DA:75,2
DA:76,2
DA:80,16
LF:51
LH:45
BRDA:15,0,0,9
BRDA:15,0,1,1
BRDA:25,1,0,3
BRDA:25,1,1,0
BRDA:32,2,0,9
BRDA:32,2,1,4
BRDA:34,3,0,5
BRDA:34,3,1,4
BRDA:37,4,0,0
BRDA:37,4,1,0
BRDA:41,5,0,0
BRDA:41,5,1,0
BRDA:51,6,0,2
BRDA:51,6,1,3
BRDA:76,7,0,2
BRDA:76,7,1,1
BRF:16
BRH:11
end_of_record
TN:
SF:src\composables\useTenantSelection.js
FN:10,(anonymous_0)
FN:25,(anonymous_1)
FN:40,useTenantSelection
FN:41,(anonymous_3)
FN:46,(anonymous_4)
FNF:5
FNH:5
FNDA:1,(anonymous_0)
FNDA:11,(anonymous_1)
FNDA:14,useTenantSelection
FNDA:9,(anonymous_3)
FNDA:2,(anonymous_4)
DA:4,1
DA:7,1
DA:10,1
DA:11,1
DA:12,1
DA:13,1
DA:14,0
DA:15,0
DA:16,0
DA:20,0
DA:25,1
DA:26,11
DA:27,11
DA:28,3
DA:30,8
DA:33,0
DA:38,1
DA:41,14
DA:42,9
DA:43,9
DA:46,14
DA:47,2
DA:48,2
DA:51,14
LF:24
LH:19
BRDA:13,0,0,0
BRDA:13,0,1,1
BRDA:15,1,0,0
BRDA:15,1,1,0
BRDA:27,2,0,3
BRDA:27,2,1,8
BRDA:27,3,0,11
BRDA:27,3,1,9
BRF:8
BRH:5
end_of_record
TN:
SF:src\composables\useTenantSelector.js
FN:9,useTenantSelector
FN:15,(anonymous_1)
FN:33,(anonymous_2)
FN:39,(anonymous_3)
FN:44,(anonymous_4)
FN:46,(anonymous_5)
FN:50,(anonymous_6)
FN:81,(anonymous_7)
FN:86,(anonymous_8)
FNF:9
FNH:5
FNDA:34,useTenantSelector
FNDA:34,(anonymous_1)
FNDA:34,(anonymous_2)
FNDA:34,(anonymous_3)
FNDA:0,(anonymous_4)
FNDA:0,(anonymous_5)
FNDA:0,(anonymous_6)
FNDA:0,(anonymous_7)
FNDA:6,(anonymous_8)
DA:6,3
DA:7,3
DA:10,34
DA:11,34
DA:12,34
DA:15,34
DA:16,34
DA:17,34
DA:18,34
DA:20,34
DA:21,0
DA:22,0
DA:23,0
DA:24,0
DA:28,1
DA:33,34
DA:34,34
DA:35,34
DA:39,34
DA:40,34
DA:44,34
DA:45,0
DA:46,0
DA:50,34
DA:51,0
DA:52,0
DA:54,0
DA:55,0
DA:56,0
DA:57,0
DA:58,0
DA:59,0
DA:62,0
DA:63,0
DA:64,0
DA:65,0
DA:68,0
DA:69,0
DA:70,0
DA:71,0
DA:72,0
DA:74,0
DA:76,0
DA:81,34
DA:82,0
DA:86,34
DA:87,6
DA:88,6
DA:92,34
DA:94,34
LF:50
LH:24
BRDA:20,0,0,0
BRDA:20,0,1,34
BRDA:22,1,0,0
BRDA:22,1,1,0
BRDA:24,2,0,0
BRDA:24,2,1,0
BRDA:45,3,0,0
BRDA:45,3,1,0
BRDA:46,4,0,0
BRDA:46,4,1,0
BRDA:50,5,0,0
BRDA:52,6,0,0
BRDA:52,6,1,0
BRDA:63,7,0,0
BRDA:63,7,1,0
BRDA:69,8,0,0
BRDA:69,8,1,0
BRDA:71,9,0,0
BRDA:71,9,1,0
BRDA:87,10,0,0
BRDA:87,10,1,6
BRF:21
BRH:2
end_of_record
TN:
SF:src\composables\useTenants.js
FN:5,useTenants
FN:10,(anonymous_1)
FN:32,(anonymous_2)
FN:51,(anonymous_3)
FN:71,(anonymous_4)
FNF:5
FNH:5
FNDA:55,useTenants
FNDA:17,(anonymous_1)
FNDA:4,(anonymous_2)
FNDA:3,(anonymous_3)
FNDA:5,(anonymous_4)
DA:6,55
DA:7,55
DA:8,55
DA:10,55
DA:11,17
DA:12,17
DA:13,17
DA:14,17
DA:15,17
DA:16,9
DA:18,9
DA:19,8
DA:20,8
DA:22,1
DA:25,8
DA:26,8
DA:28,17
DA:32,55
DA:33,4
DA:34,4
DA:35,4
DA:36,4
DA:37,2
DA:38,1
DA:39,1
DA:41,1
DA:43,2
DA:44,2
DA:45,2
DA:47,4
DA:51,55
DA:52,3
DA:53,3
DA:54,3
DA:55,3
DA:56,3
DA:58,2
DA:59,2
DA:61,1
DA:63,0
DA:64,0
DA:65,0
DA:67,3
DA:71,55
DA:72,5
DA:73,5
DA:74,5
DA:75,5
DA:76,2
DA:77,1
DA:79,1
DA:81,3
DA:82,3
DA:83,3
DA:85,5
DA:89,55
LF:56
LH:53
BRDA:10,0,0,17
BRDA:18,1,0,8
BRDA:18,1,1,1
BRDA:19,2,0,8
BRDA:19,2,1,1
BRDA:22,3,0,1
BRDA:22,3,1,1
BRDA:25,4,0,8
BRDA:25,4,1,7
BRDA:25,4,2,1
BRDA:37,5,0,1
BRDA:37,5,1,1
BRDA:41,6,0,1
BRDA:41,6,1,0
BRDA:43,7,0,2
BRDA:43,7,1,1
BRDA:43,7,2,0
BRDA:51,8,0,3
BRDA:56,9,0,2
BRDA:56,9,1,1
BRDA:61,10,0,1
BRDA:61,10,1,1
BRDA:63,11,0,0
BRDA:63,11,1,0
BRDA:63,11,2,0
BRDA:76,12,0,1
BRDA:76,12,1,1
BRDA:79,13,0,1
BRDA:79,13,1,1
BRDA:81,14,0,3
BRDA:81,14,1,2
BRDA:81,14,2,0
BRF:32
BRH:26
end_of_record
TN:
SF:src\composables\useUsuarios.js
FN:5,useUsuarios
FN:10,(anonymous_1)
FN:17,(anonymous_2)
FN:33,(anonymous_3)
FN:46,(anonymous_4)
FNF:5
FNH:5
FNDA:26,useUsuarios
FNDA:16,(anonymous_1)
FNDA:20,(anonymous_2)
FNDA:3,(anonymous_3)
FNDA:9,(anonymous_4)
DA:6,26
DA:7,26
DA:8,26
DA:10,26
DA:11,16
DA:12,16
DA:13,16
DA:14,16
DA:15,15
DA:17,14
DA:19,20
DA:20,20
DA:22,14
DA:23,14
DA:26,1
DA:27,1
DA:29,16
DA:33,26
DA:34,3
DA:35,3
DA:36,2
DA:37,1
DA:38,1
DA:40,1
DA:42,1
DA:46,26
DA:47,9
DA:48,9
DA:49,3
DA:50,1
DA:51,1
DA:53,2
DA:55,6
DA:56,6
DA:57,6
DA:61,26
LF:36
LH:36
BRDA:15,0,0,14
BRDA:15,0,1,1
BRDA:17,1,0,14
BRDA:17,1,1,2
BRDA:19,2,0,20
BRDA:19,2,1,11
BRDA:19,2,2,8
BRDA:23,3,0,14
BRDA:23,3,1,3
BRDA:36,4,0,1
BRDA:36,4,1,1
BRDA:49,5,0,1
BRDA:49,5,1,2
BRDA:53,6,0,2
BRDA:53,6,1,1
BRDA:56,7,0,6
BRDA:56,7,1,4
BRDA:56,7,2,2
BRF:18
BRH:18
end_of_record
TN:
SF:src\layouts\AdminLayout.vue
FN:131,(anonymous_0)
FN:137,(anonymous_1)
FN:140,(anonymous_2)
FN:144,(anonymous_3)
FN:151,(anonymous_4)
FN:204,(anonymous_5)
FN:44,(anonymous_6)
FNF:7
FNH:6
FNDA:31,(anonymous_0)
FNDA:31,(anonymous_1)
FNDA:0,(anonymous_2)
FNDA:31,(anonymous_3)
FNDA:31,(anonymous_4)
FNDA:8,(anonymous_5)
FNDA:1,(anonymous_6)
DA:2,1
DA:5,1
DA:6,1
DA:31,1
DA:32,1
DA:34,1
DA:35,1
DA:44,1
DA:53,1
DA:64,1
DA:116,1
DA:126,1
DA:132,31
DA:138,31
DA:141,0
DA:142,0
DA:145,31
DA:146,31
DA:147,27
DA:148,3
DA:152,31
DA:154,31
DA:156,31
DA:157,31
DA:158,31
DA:159,31
DA:160,31
DA:162,31
DA:163,31
DA:164,31
DA:165,31
DA:166,31
DA:167,31
DA:170,31
DA:171,1
DA:172,1
DA:173,1
DA:177,29
DA:178,2
DA:179,2
DA:180,2
DA:181,2
DA:185,27
DA:186,27
DA:188,27
DA:189,26
DA:190,26
DA:192,1
DA:193,1
DA:196,27
DA:198,1
DA:199,1
DA:200,1
DA:205,8
DA:207,8
DA:208,3
DA:209,3
DA:212,8
DA:215,8
DA:216,8
DA:219,8
DA:220,8
DA:221,8
DA:224,8
DA:225,4
DA:227,4
DA:228,4
DA:231,4
DA:232,4
DA:233,4
DA:234,4
DA:236,1
DA:238,1
LF:73
LH:71
BRDA:142,0,0,0
BRDA:142,0,1,0
BRDA:146,1,0,4
BRDA:146,1,1,27
BRDA:147,2,0,24
BRDA:147,2,1,3
BRDA:147,3,0,27
BRDA:147,3,1,4
BRDA:170,4,0,1
BRDA:170,4,1,30
BRDA:177,5,0,2
BRDA:177,5,1,27
BRDA:177,6,0,29
BRDA:177,6,1,6
BRDA:188,7,0,26
BRDA:188,7,1,1
BRDA:189,8,0,26
BRDA:189,8,1,17
BRDA:189,8,2,16
BRDA:189,8,3,15
BRDA:207,9,0,3
BRDA:207,9,1,5
BRDA:25,10,0,58
BRDA:25,10,1,31
BRDA:33,11,0,8
BRDA:33,11,1,50
BRDA:36,12,0,8
BRDA:36,12,1,50
BRDA:44,13,0,58
BRDA:44,13,1,31
BRDA:44,14,0,1
BRDA:44,14,1,1
BRDA:84,15,0,31
BRDA:84,15,1,31
BRDA:84,16,0,4
BRDA:84,16,1,27
BRDA:111,17,0,58
BRDA:111,17,1,31
BRF:38
BRH:36
end_of_record
TN:
SF:src\layouts\UserLayout.vue
FN:69,(anonymous_0)
FN:75,(anonymous_1)
FN:79,(anonymous_2)
FN:83,(anonymous_3)
FN:87,(anonymous_4)
FN:91,(anonymous_5)
FN:96,(anonymous_6)
FN:106,(anonymous_7)
FN:23,(anonymous_8)
FNF:9
FNH:8
FNDA:35,(anonymous_0)
FNDA:34,(anonymous_1)
FNDA:34,(anonymous_2)
FNDA:3,(anonymous_3)
FNDA:0,(anonymous_4)
FNDA:34,(anonymous_5)
FNDA:34,(anonymous_6)
FNDA:3,(anonymous_7)
FNDA:2,(anonymous_8)
DA:2,1
DA:5,1
DA:6,1
DA:17,1
DA:23,2
DA:31,1
DA:58,1
DA:67,1
DA:70,35
DA:76,34
DA:77,34
DA:80,34
DA:81,34
DA:84,3
DA:85,3
DA:88,0
DA:89,0
DA:93,34
DA:97,34
DA:98,2
DA:99,2
DA:102,32
DA:103,32
DA:107,3
DA:108,3
LF:25
LH:23
BRDA:77,0,0,34
BRDA:77,0,1,31
BRDA:77,0,2,31
BRDA:81,1,0,34
BRDA:81,1,1,34
BRDA:85,2,0,3
BRDA:85,2,1,0
BRDA:93,3,0,34
BRDA:93,3,1,3
BRDA:97,4,0,2
BRDA:97,4,1,32
BRDA:97,5,0,34
BRDA:97,5,1,33
BRDA:103,6,0,32
BRDA:103,6,1,3
BRDA:16,7,0,66
BRDA:16,7,1,34
BRDA:18,8,0,66
BRDA:18,8,1,34
BRDA:23,9,0,66
BRDA:23,9,1,34
BRDA:23,10,0,2
BRDA:23,10,1,2
BRF:23
BRH:22
end_of_record
TN:
SF:src\router\auth.js
FN:4,(anonymous_0)
FN:9,(anonymous_1)
FN:14,(anonymous_2)
FN:19,(anonymous_3)
FN:24,(anonymous_4)
FN:31,(anonymous_5)
FN:36,(anonymous_6)
FN:43,(anonymous_7)
FN:52,(anonymous_8)
FNF:9
FNH:9
FNDA:7,(anonymous_0)
FNDA:8,(anonymous_1)
FNDA:4,(anonymous_2)
FNDA:2,(anonymous_3)
FNDA:1,(anonymous_4)
FNDA:2,(anonymous_5)
FNDA:3,(anonymous_6)
FNDA:2,(anonymous_7)
FNDA:3,(anonymous_8)
DA:2,1
DA:5,7
DA:10,8
DA:15,4
DA:20,2
DA:25,1
DA:26,1
DA:27,1
DA:32,2
DA:37,3
DA:38,3
DA:43,1
DA:44,2
DA:45,1
DA:47,1
DA:52,1
DA:53,3
DA:54,2
DA:55,1
DA:57,1
DA:60,1
LF:21
LH:21
BRDA:10,0,0,8
BRDA:10,0,1,1
BRDA:38,1,0,2
BRDA:38,1,1,1
BRDA:44,2,0,1
BRDA:44,2,1,1
BRDA:53,3,0,2
BRDA:53,3,1,1
BRDA:54,4,0,1
BRDA:54,4,1,1
BRF:10
BRH:10
end_of_record
TN:
SF:src\router\index.js
FN:11,(anonymous_0)
FN:16,(anonymous_1)
FN:21,(anonymous_2)
FN:27,(anonymous_3)
FN:33,(anonymous_4)
FN:39,(anonymous_5)
FN:45,(anonymous_6)
FN:51,(anonymous_7)
FN:57,(anonymous_8)
FN:63,(anonymous_9)
FN:69,(anonymous_10)
FN:75,(anonymous_11)
FN:81,(anonymous_12)
FN:87,(anonymous_13)
FN:93,(anonymous_14)
FN:102,(anonymous_15)
FN:112,(anonymous_16)
FN:122,(anonymous_17)
FN:132,(anonymous_18)
FN:138,(anonymous_19)
FN:148,(anonymous_20)
FN:154,(anonymous_21)
FN:170,isRootOrLogin
FN:175,getRoleInfo
FN:183,redirectByRole
FN:189,lacksAuth
FN:193,checkRoleAlias
FN:203,invalidRole
FN:222,handleSuperAdminRedirect
FN:224,(anonymous_29)
FN:230,handleUserRedirect
FN:240,handleAdminRedirect
FN:248,getRoleBasedRedirect
FN:261,handleInvalidRoleRedirect
FN:272,(anonymous_34)
FNF:35
FNH:35
FNDA:1,(anonymous_0)
FNDA:1,(anonymous_1)
FNDA:1,(anonymous_2)
FNDA:1,(anonymous_3)
FNDA:1,(anonymous_4)
FNDA:1,(anonymous_5)
FNDA:1,(anonymous_6)
FNDA:1,(anonymous_7)
FNDA:1,(anonymous_8)
FNDA:1,(anonymous_9)
FNDA:1,(anonymous_10)
FNDA:1,(anonymous_11)
FNDA:1,(anonymous_12)
FNDA:1,(anonymous_13)
FNDA:1,(anonymous_14)
FNDA:1,(anonymous_15)
FNDA:1,(anonymous_16)
FNDA:1,(anonymous_17)
FNDA:1,(anonymous_18)
FNDA:1,(anonymous_19)
FNDA:1,(anonymous_20)
FNDA:1,(anonymous_21)
[...]
FN:77,(anonymous_6)
FN:78,(anonymous_7)
FN:83,(anonymous_8)
FNF:9
FNH:9
FNDA:26,(anonymous_0)
FNDA:1,(anonymous_1)
FNDA:1,(anonymous_2)
FNDA:1,(anonymous_3)
FNDA:1,(anonymous_4)
FNDA:1,(anonymous_5)
FNDA:1,(anonymous_6)
FNDA:1,(anonymous_7)
FNDA:1,(anonymous_8)
DA:3,1
DA:4,1
DA:24,1
DA:27,1
DA:33,1
DA:37,1
DA:43,1
DA:44,1
DA:47,1
DA:48,1
DA:49,1
DA:53,1
DA:54,1
DA:55,1
DA:56,1
DA:58,1
DA:59,1
DA:60,1
DA:62,1
DA:63,1
DA:64,1
DA:66,1
DA:67,1
DA:69,1
DA:70,1
DA:71,1
DA:74,1
DA:76,1
DA:77,1
DA:78,1
DA:83,1
DA:96,1
DA:104,26
DA:111,1
LF:34
LH:34
BRDA:25,0,0,13
BRDA:25,0,1,7
BRDA:27,1,0,13
BRDA:27,1,1,7
BRDA:27,2,0,1
BRDA:27,2,1,1
BRDA:34,3,0,349
BRDA:34,3,1,26
BRDA:35,4,0,349
BRDA:35,4,1,26
BRDA:36,5,0,349
BRDA:36,5,1,26
BRDA:37,6,0,349
BRDA:37,6,1,26
BRDA:44,7,0,231
BRDA:44,7,1,23
BRDA:44,8,0,1
BRDA:44,8,1,1
BRDA:48,9,0,231
BRDA:48,9,1,23
BRDA:49,10,0,231
BRDA:49,10,1,23
BRDA:49,11,0,1
BRDA:49,11,1,1
BRDA:50,12,0,210
BRDA:50,12,1,21
BRDA:55,13,0,231
BRDA:55,13,1,23
BRDA:56,14,0,231
BRDA:56,14,1,23
BRDA:56,15,0,231
BRDA:56,15,1,210
BRDA:59,16,0,231
BRDA:59,16,1,23
BRDA:59,17,0,231
BRDA:59,17,1,210
BRDA:60,18,0,231
BRDA:60,18,1,23
BRDA:60,19,0,231
BRDA:60,19,1,210
BRDA:63,20,0,231
BRDA:63,20,1,23
BRDA:63,21,0,231
BRDA:63,21,1,210
BRDA:64,22,0,231
BRDA:64,22,1,23
BRDA:67,23,0,231
BRDA:67,23,1,23
BRDA:67,24,0,231
BRDA:67,24,1,210
BRDA:70,25,0,231
BRDA:70,25,1,23
BRDA:70,26,0,231
BRDA:70,26,1,210
BRDA:71,27,0,231
BRDA:71,27,1,23
BRDA:71,28,0,231
BRDA:71,28,1,210
BRDA:74,29,0,21
BRDA:74,29,1,11
BRDA:77,30,0,231
BRDA:77,30,1,23
BRDA:78,31,0,231
BRDA:78,31,1,23
BRDA:83,32,0,231
BRDA:83,32,1,23
BRDA:83,33,0,1
BRDA:83,33,1,1
BRF:68
BRH:68
end_of_record
TN:
SF:src\views\admin\GestionarTenants.vue
FN:193,(anonymous_0)
FN:200,(anonymous_1)
FN:212,(anonymous_2)
FN:218,(anonymous_3)
FN:260,(anonymous_4)
FN:271,(anonymous_5)
FN:281,(anonymous_6)
FN:22,(anonymous_7)
FN:89,(anonymous_8)
FN:122,(anonymous_9)
FN:147,(anonymous_10)
FNF:11
FNH:10
FNDA:10,(anonymous_0)
FNDA:5,(anonymous_1)
FNDA:6,(anonymous_2)
FNDA:8,(anonymous_3)
FNDA:4,(anonymous_4)
FNDA:24,(anonymous_5)
FNDA:33,(anonymous_6)
FNDA:4,(anonymous_7)
FNDA:5,(anonymous_8)
FNDA:7,(anonymous_9)
FNDA:0,(anonymous_10)
DA:3,1
DA:4,1
DA:15,1
DA:16,1
DA:17,1
DA:22,4
DA:33,1
DA:34,1
DA:58,1
DA:89,5
DA:106,1
DA:107,1
DA:108,1
DA:109,1
DA:114,1
DA:116,1
DA:122,7
DA:147,0
DA:157,1
DA:179,33
DA:181,33
DA:182,33
DA:183,33
DA:184,33
DA:185,33
DA:186,33
DA:193,33
DA:194,10
DA:195,10
DA:196,10
DA:197,10
DA:200,33
DA:201,5
DA:202,5
DA:208,5
DA:209,5
DA:212,33
DA:213,6
DA:214,6
DA:215,6
DA:218,33
DA:219,8
DA:220,8
DA:222,8
DA:224,8
DA:226,2
DA:227,2
DA:232,6
DA:237,6
DA:238,4
DA:245,4
DA:247,4
DA:248,4
DA:249,4
DA:251,2
DA:254,1
DA:256,7
DA:260,33
DA:263,4
DA:264,4
DA:265,4
DA:266,4
DA:267,4
DA:268,4
DA:271,33
DA:272,24
DA:273,22
DA:274,22
DA:281,33
DA:283,33
LF:70
LH:69
BRDA:224,0,0,2
BRDA:224,0,1,6
BRDA:237,1,0,4
BRDA:237,1,1,2
BRDA:240,2,0,1
BRDA:240,2,1,3
BRDA:241,3,0,1
BRDA:241,3,1,3
BRDA:251,4,0,2
BRDA:251,4,1,0
BRDA:254,5,0,1
BRDA:254,5,1,0
BRDA:272,6,0,2
BRDA:272,6,1,22
BRDA:22,7,0,78
BRDA:22,7,1,33
BRDA:25,8,0,78
BRDA:25,8,1,33
BRDA:42,9,0,1
BRDA:42,9,1,1
BRDA:46,10,0,55
BRDA:46,10,1,21
BRDA:59,11,0,21
BRDA:59,11,1,10
BRDA:80,12,0,20
BRDA:80,12,1,1
BRDA:110,13,0,11
BRDA:110,13,1,67
BRDA:117,14,0,78
BRDA:117,14,1,33
BRDA:122,15,0,78
BRDA:122,15,1,33
BRDA:132,16,0,11
BRDA:132,16,1,5
BRDA:140,17,0,11
BRDA:140,17,1,5
BRDA:146,18,0,11
BRDA:146,18,1,5
BRDA:147,19,0,11
BRDA:147,19,1,5
BRDA:163,20,0,11
BRDA:163,20,1,67
BRF:42
BRH:40
end_of_record
TN:
SF:src\views\admin\GestionarUsuarios.vue
FN:7,(anonymous_0)
FN:44,(anonymous_1)
FN:51,(anonymous_2)
FN:73,(anonymous_3)
FN:76,(anonymous_4)
FN:84,(anonymous_5)
FN:94,(anonymous_6)
FN:105,(anonymous_7)
FN:115,(anonymous_8)
FN:126,(anonymous_9)
FN:136,(anonymous_10)
FN:147,(anonymous_11)
FN:158,(anonymous_12)
FN:167,(anonymous_13)
FN:174,(anonymous_14)
FN:190,(anonymous_15)
FN:191,(anonymous_16)
FN:200,(anonymous_17)
FN:208,(anonymous_18)
FN:211,(anonymous_19)
FN:219,(anonymous_20)
FN:228,(anonymous_21)
FN:239,(anonymous_22)
FN:248,(anonymous_23)
FN:259,(anonymous_24)
FN:268,(anonymous_25)
FN:279,(anonymous_26)
FN:289,(anonymous_27)
FN:298,(anonymous_28)
FN:299,(anonymous_29)
FN:309,(anonymous_30)
FNF:31
FNH:0
FNDA:0,(anonymous_0)
FNDA:0,(anonymous_1)
FNDA:0,(anonymous_2)
FNDA:0,(anonymous_3)
FNDA:0,(anonymous_4)
FNDA:0,(anonymous_5)
FNDA:0,(anonymous_6)
FNDA:0,(anonymous_7)
FNDA:0,(anonymous_8)
FNDA:0,(anonymous_9)
FNDA:0,(anonymous_10)
FNDA:0,(anonymous_11)
FNDA:0,(anonymous_12)
FNDA:0,(anonymous_13)
FNDA:0,(anonymous_14)
FNDA:0,(anonymous_15)
FNDA:0,(anonymous_16)
FNDA:0,(anonymous_17)
FNDA:0,(anonymous_18)
FNDA:0,(anonymous_19)
FNDA:0,(anonymous_20)
FNDA:0,(anonymous_21)
FNDA:0,(anonymous_22)
FNDA:0,(anonymous_23)
FNDA:0,(anonymous_24)
FNDA:0,(anonymous_25)
FNDA:0,(anonymous_26)
FNDA:0,(anonymous_27)
FNDA:0,(anonymous_28)
FNDA:0,(anonymous_29)
FNDA:0,(anonymous_30)
DA:3,1
DA:4,1
DA:5,1
DA:7,0
DA:13,1
DA:14,1
DA:15,1
DA:16,1
DA:44,0
DA:51,0
DA:69,1
DA:70,1
DA:71,1
DA:73,0
DA:75,1
DA:76,0
DA:77,1
DA:78,1
DA:84,0
DA:88,1
DA:94,0
DA:98,1
DA:99,1
DA:105,0
DA:109,1
DA:115,0
DA:119,1
DA:120,1
DA:126,0
DA:130,1
DA:136,0
DA:140,1
DA:141,1
DA:147,0
DA:152,1
DA:158,0
DA:165,1
DA:167,0
DA:172,1
DA:174,0
DA:176,6
DA:189,1
DA:190,0
DA:191,0
DA:200,0
DA:204,1
DA:205,1
DA:206,1
DA:208,0
DA:210,1
DA:211,0
DA:212,1
DA:213,1
DA:219,0
DA:222,1
DA:228,0
DA:232,1
DA:233,1
DA:239,0
DA:242,1
DA:248,0
DA:252,1
DA:253,1
DA:259,0
DA:262,1
DA:268,0
DA:272,1
DA:273,1
DA:279,0
DA:287,1
DA:289,0
DA:297,1
DA:298,0
DA:299,0
DA:309,0
LF:75
LH:44
BRDA:6,0,0,93
BRDA:6,0,1,51
BRDA:7,1,0,93
BRDA:7,1,1,51
BRDA:7,2,0,0
BRDA:7,2,1,0
BRDA:17,3,0,93
BRDA:17,3,1,51
BRDA:34,4,0,0
BRDA:34,4,1,93
BRDA:39,5,0,0
BRDA:39,5,1,93
BRDA:50,6,0,0
BRDA:50,6,1,92
BRDA:52,7,0,0
BRDA:52,7,1,92
BRDA:54,8,0,0
BRDA:54,8,1,92
BRDA:55,9,0,0
BRDA:55,9,1,92
BRDA:72,10,0,93
BRDA:72,10,1,51
BRDA:73,11,0,93
BRDA:73,11,1,51
BRDA:73,12,0,0
BRDA:73,12,1,0
BRDA:76,13,0,93
BRDA:76,13,1,51
BRDA:76,14,0,0
BRDA:76,14,1,0
BRDA:79,15,0,93
BRDA:79,15,1,51
BRDA:84,16,0,93
BRDA:84,16,1,51
BRDA:89,17,0,93
BRDA:89,17,1,51
BRDA:94,18,0,93
BRDA:94,18,1,51
BRDA:100,19,0,93
BRDA:100,19,1,51
BRDA:105,20,0,93
BRDA:105,20,1,51
BRDA:110,21,0,93
BRDA:110,21,1,51
BRDA:115,22,0,93
BRDA:115,22,1,51
BRDA:121,23,0,93
BRDA:121,23,1,51
BRDA:126,24,0,93
BRDA:126,24,1,51
BRDA:131,25,0,93
BRDA:131,25,1,51
BRDA:136,26,0,93
BRDA:136,26,1,51
BRDA:142,27,0,93
BRDA:142,27,1,51
BRDA:147,28,0,93
BRDA:147,28,1,51
BRDA:150,29,0,93
BRDA:150,29,1,51
BRDA:153,30,0,93
BRDA:153,30,1,51
BRDA:158,31,0,93
BRDA:158,31,1,51
BRDA:166,32,0,6
BRDA:166,32,1,3
BRDA:167,33,0,6
BRDA:167,33,1,3
BRDA:173,34,0,6
BRDA:173,34,1,3
BRDA:174,35,0,6
BRDA:174,35,1,3
BRDA:175,36,0,6
BRDA:175,36,1,3
BRDA:184,37,0,6
BRDA:184,37,1,3
BRDA:190,38,0,93
BRDA:190,38,1,51
BRDA:190,39,0,0
BRDA:190,39,1,0
BRDA:191,40,0,93
BRDA:191,40,1,51
BRDA:191,41,0,0
BRDA:191,41,1,0
BRDA:192,42,0,93
BRDA:192,42,1,51
BRDA:200,43,0,16
BRDA:200,43,1,12
BRDA:200,44,0,0
BRDA:200,44,1,0
BRDA:207,45,0,93
BRDA:207,45,1,51
BRDA:208,46,0,93
BRDA:208,46,1,51
BRDA:208,47,0,0
BRDA:208,47,1,0
BRDA:211,48,0,93
BRDA:211,48,1,51
BRDA:211,49,0,0
BRDA:211,49,1,0
BRDA:214,50,0,93
BRDA:214,50,1,51
BRDA:219,51,0,93
BRDA:219,51,1,51
BRDA:223,52,0,93
BRDA:223,52,1,51
BRDA:228,53,0,93
BRDA:228,53,1,51
BRDA:234,54,0,93
BRDA:234,54,1,51
BRDA:239,55,0,93
BRDA:239,55,1,51
BRDA:243,56,0,93
BRDA:243,56,1,51
BRDA:248,57,0,93
BRDA:248,57,1,51
BRDA:254,58,0,93
BRDA:254,58,1,51
BRDA:259,59,0,93
BRDA:259,59,1,51
BRDA:263,60,0,93
BRDA:263,60,1,51
BRDA:268,61,0,93
BRDA:268,61,1,51
BRDA:274,62,0,93
BRDA:274,62,1,51
BRDA:279,63,0,93
BRDA:279,63,1,51
BRDA:282,64,0,93
BRDA:282,64,1,51
BRDA:288,65,0,92
BRDA:288,65,1,50
BRDA:289,66,0,92
BRDA:289,66,1,50
BRDA:298,67,0,93
BRDA:298,67,1,51
BRDA:298,68,0,0
BRDA:298,68,1,0
BRDA:299,69,0,93
BRDA:299,69,1,51
BRDA:299,70,0,0
BRDA:299,70,1,0
BRDA:300,71,0,93
BRDA:300,71,1,51
BRDA:309,72,0,4
BRDA:309,72,1,2
BRDA:309,73,0,0
BRDA:309,73,1,0
BRF:148
BRH:120
end_of_record
TN:
SF:src\views\admin\PerfilAdmin.vue
FN:18,(anonymous_0)
FN:22,(anonymous_1)
FN:26,(anonymous_2)
FN:30,(anonymous_3)
FN:34,(anonymous_4)
FN:38,(anonymous_5)
FN:42,(anonymous_6)
FN:91,(anonymous_7)
FN:94,(anonymous_8)
FN:98,(anonymous_9)
FN:102,(anonymous_10)
FNF:11
FNH:10
FNDA:2,(anonymous_0)
FNDA:1,(anonymous_1)
FNDA:1,(anonymous_2)
FNDA:1,(anonymous_3)
FNDA:1,(anonymous_4)
FNDA:0,(anonymous_5)
FNDA:1,(anonymous_6)
FNDA:3,(anonymous_7)
FNDA:1,(anonymous_8)
FNDA:1,(anonymous_9)
FNDA:1,(anonymous_10)
DA:3,1
DA:4,1
DA:11,1
DA:12,1
DA:13,1
DA:17,1
DA:18,2
DA:19,1
DA:20,1
DA:22,1
DA:24,1
DA:26,1
DA:28,1
DA:30,1
DA:32,1
DA:34,1
DA:36,1
DA:38,0
DA:40,1
DA:42,1
DA:46,1
DA:61,1
DA:62,1
DA:66,1
DA:67,1
DA:69,1
DA:75,1
DA:77,1
DA:86,1
DA:90,1
DA:91,3
DA:92,1
DA:94,1
DA:96,1
DA:98,1
DA:100,1
DA:102,1
LF:37
LH:36
BRDA:18,0,0,70
BRDA:18,0,1,23
BRDA:18,1,0,2
BRDA:18,1,1,2
BRDA:21,2,0,70
BRDA:21,2,1,23
BRDA:22,3,0,70
BRDA:22,3,1,23
BRDA:25,4,0,70
BRDA:25,4,1,23
BRDA:26,5,0,70
BRDA:26,5,1,23
BRDA:29,6,0,70
BRDA:29,6,1,23
BRDA:30,7,0,70
BRDA:30,7,1,23
BRDA:33,8,0,70
BRDA:33,8,1,23
BRDA:34,9,0,70
BRDA:34,9,1,23
BRDA:37,10,0,70
BRDA:37,10,1,23
BRDA:38,11,0,70
BRDA:38,11,1,23
BRDA:41,12,0,70
BRDA:41,12,1,23
BRDA:42,13,0,70
BRDA:42,13,1,23
BRDA:48,14,0,70
BRDA:48,14,1,23
BRDA:53,15,0,3
BRDA:53,15,1,2
BRDA:68,16,0,70
BRDA:68,16,1,23
BRDA:76,17,0,70
BRDA:76,17,1,23
BRDA:91,18,0,70
BRDA:91,18,1,23
BRDA:91,19,0,3
BRDA:91,19,1,3
BRDA:93,20,0,70
BRDA:93,20,1,23
BRDA:94,21,0,70
BRDA:94,21,1,23
BRDA:97,22,0,70
BRDA:97,22,1,23
BRDA:98,23,0,70
BRDA:98,23,1,23
BRDA:101,24,0,70
BRDA:101,24,1,23
BRDA:102,25,0,70
BRDA:102,25,1,23
BRDA:105,26,0,70
BRDA:105,26,1,23
BRF:54
BRH:54
end_of_record
TN:
SF:src\views\admin\RegistroVacunacionAdmin.vue
FN:116,(anonymous_0)
FN:122,(anonymous_1)
FN:13,(anonymous_2)
FN:16,(anonymous_3)
FN:28,(anonymous_4)
FN:32,(anonymous_5)
FN:39,(anonymous_6)
FN:43,(anonymous_7)
FN:77,(anonymous_8)
FN:78,(anonymous_9)
FN:79,(anonymous_10)
FNF:11
FNH:4
FNDA:28,(anonymous_0)
FNDA:3,(anonymous_1)
FNDA:1,(anonymous_2)
FNDA:1,(anonymous_3)
FNDA:0,(anonymous_4)
FNDA:0,(anonymous_5)
FNDA:0,(anonymous_6)
FNDA:0,(anonymous_7)
FNDA:0,(anonymous_8)
FNDA:0,(anonymous_9)
FNDA:0,(anonymous_10)
DA:3,1
DA:4,1
DA:8,1
DA:12,1
DA:13,1
DA:16,1
DA:23,1
DA:24,1
DA:25,1
DA:26,1
DA:28,0
DA:30,1
DA:32,0
DA:34,0
DA:37,1
DA:39,0
DA:41,1
DA:43,0
DA:50,1
DA:51,1
DA:52,1
DA:53,1
DA:77,0
DA:78,0
DA:79,0
DA:109,1
DA:117,28
DA:124,3
DA:125,1
LF:29
LH:21
BRDA:124,0,0,1
BRDA:124,0,1,2
BRDA:13,1,0,30
BRDA:13,1,1,28
BRDA:13,2,0,1
BRDA:13,2,1,1
BRDA:16,3,0,30
BRDA:16,3,1,28
BRDA:16,4,0,1
BRDA:16,4,1,1
BRDA:27,5,0,30
BRDA:27,5,1,28
BRDA:28,6,0,30
BRDA:28,6,1,28
BRDA:31,7,0,30
BRDA:31,7,1,28
BRDA:32,8,0,30
BRDA:32,8,1,28
BRDA:33,9,0,30
BRDA:33,9,1,28
BRDA:38,10,0,30
BRDA:38,10,1,28
BRDA:39,11,0,30
BRDA:39,11,1,28
BRDA:42,12,0,30
BRDA:42,12,1,28
BRDA:43,13,0,30
BRDA:43,13,1,28
BRDA:54,14,0,30
BRDA:54,14,1,28
BRF:30
BRH:30
end_of_record
TN:
SF:src\views\admin\ReportesAdmin.vue
FN:8,(anonymous_0)
FNF:1
FNH:1
FNDA:2,(anonymous_0)
DA:3,1
DA:8,2
DA:26,1
DA:28,1
DA:29,1
DA:30,1
DA:35,1
DA:42,1
DA:43,146
DA:45,1
DA:53,1
DA:54,1
DA:55,1
DA:60,1
DA:69,1
DA:76,1
DA:82,1
DA:83,1
DA:87,1
DA:88,1
DA:89,1
DA:92,1
DA:93,1
DA:103,1
DA:104,1
DA:119,1
LF:26
LH:26
BRDA:8,0,0,95
BRDA:8,0,1,10
BRDA:8,1,0,2
BRDA:8,1,1,2
BRDA:9,2,0,4
BRDA:9,2,1,91
BRDA:10,3,0,95
BRDA:10,3,1,10
BRDA:33,4,0,176
BRDA:33,4,1,10
BRDA:38,5,0,176
BRDA:38,5,1,0
BRDA:45,6,0,176
BRDA:45,6,1,10
BRDA:84,7,0,44
BRDA:84,7,1,10
BRDA:94,8,0,176
BRDA:94,8,1,10
BRF:18
BRH:17
end_of_record
TN:
SF:src\views\public\Contacto.vue
FNF:0
FNH:0
DA:2,1
DA:167,1
LF:2
LH:2
BRF:0
BRH:0
end_of_record
TN:
SF:src\views\public\CrearCuenta.vue
FN:108,(anonymous_0)
FN:126,(anonymous_1)
FN:154,(anonymous_2)
FN:31,(anonymous_3)
FN:34,(anonymous_4)
FN:37,(anonymous_5)
FN:43,(anonymous_6)
FN:46,(anonymous_7)
FN:52,(anonymous_8)
FN:58,(anonymous_9)
FN:61,(anonymous_10)
FN:67,(anonymous_11)
FNF:12
FNH:10
FNDA:9,(anonymous_0)
FNDA:6,(anonymous_1)
FNDA:1,(anonymous_2)
FNDA:6,(anonymous_3)
FNDA:5,(anonymous_4)
FNDA:0,(anonymous_5)
FNDA:5,(anonymous_6)
FNDA:0,(anonymous_7)
FNDA:1,(anonymous_8)
FNDA:5,(anonymous_9)
FNDA:5,(anonymous_10)
FNDA:5,(anonymous_11)
DA:3,1
DA:18,1
DA:19,1
DA:20,1
DA:21,1
DA:23,1
DA:24,1
DA:25,1
DA:31,6
DA:32,1
DA:33,1
DA:34,5
DA:36,1
DA:37,0
DA:41,1
DA:42,1
DA:43,5
DA:45,1
DA:46,0
DA:50,1
DA:51,1
DA:52,1
DA:56,1
DA:57,1
DA:58,5
DA:60,1
DA:61,5
DA:66,1
DA:67,5
DA:73,1
DA:88,1
DA:89,1
DA:106,1
DA:109,9
DA:127,6
DA:128,6
DA:129,6
DA:131,6
DA:133,6
DA:135,1
DA:139,5
DA:150,6
DA:152,3
DA:153,2
DA:154,2
DA:155,1
DA:158,1
DA:161,4
DA:163,4
DA:164,1
DA:165,3
DA:166,3
DA:169,4
DA:171,6
LF:54
LH:52
BRDA:133,0,0,1
BRDA:133,0,1,5
BRDA:133,1,0,6
BRDA:133,1,1,5
BRDA:133,1,2,5
BRDA:133,1,3,5
BRDA:133,1,4,5
BRDA:141,2,0,5
BRDA:141,2,1,5
BRDA:143,3,0,6
BRDA:143,3,1,5
BRDA:145,4,0,6
BRDA:145,4,1,4
BRDA:152,5,0,2
BRDA:152,5,1,1
BRDA:158,6,0,1
BRDA:158,6,1,0
BRDA:163,7,0,1
BRDA:163,7,1,3
BRDA:165,8,0,3
BRDA:165,8,1,0
BRDA:31,9,0,46
BRDA:31,9,1,9
BRDA:31,10,0,6
BRDA:31,10,1,6
BRDA:34,11,0,46
BRDA:34,11,1,9
BRDA:37,12,0,46
BRDA:37,12,1,9
BRDA:43,13,0,46
BRDA:43,13,1,9
BRDA:46,14,0,46
BRDA:46,14,1,9
BRDA:52,15,0,46
BRDA:52,15,1,9
BRDA:58,16,0,46
BRDA:58,16,1,9
BRDA:61,17,0,46
BRDA:61,17,1,9
BRDA:67,18,0,46
BRDA:67,18,1,9
BRDA:76,19,0,5
BRDA:76,19,1,41
BRDA:89,20,0,46
BRDA:89,20,1,9
BRF:45
BRH:43
end_of_record
TN:
SF:src\views\public\Home.vue
FN:11,(anonymous_0)
FN:11,(anonymous_1)
FN:14,(anonymous_2)
FN:14,(anonymous_3)
FNF:4
FNH:4
FNDA:1,(anonymous_0)
FNDA:1,(anonymous_1)
FNDA:1,(anonymous_2)
FNDA:1,(anonymous_3)
DA:4,1
DA:10,1
DA:11,1
DA:14,1
DA:56,1
LF:5
LH:5
BRDA:11,0,0,10
BRDA:11,0,1,10
BRDA:11,1,0,10
BRDA:11,1,1,10
BRDA:14,2,0,10
BRDA:14,2,1,10
BRDA:14,3,0,10
BRDA:14,3,1,10
BRF:8
BRH:8
end_of_record
TN:
SF:src\views\public\Login.vue
FN:96,validateInput
FN:104,handleLoginSuccess
FN:123,(anonymous_2)
FN:134,handleLoginError
FN:144,getErrorMessage
FN:159,handleConnectionError
FN:173,login
FN:57,(anonymous_7)
FN:62,(anonymous_8)
FNF:9
FNH:8
FNDA:7,validateInput
FNDA:3,handleLoginSuccess
FNDA:0,(anonymous_2)
FNDA:1,handleLoginError
FNDA:9,getErrorMessage
FNDA:4,handleConnectionError
FNDA:5,login
FNDA:1,(anonymous_7)
FNDA:1,(anonymous_8)
DA:4,1
DA:21,1
DA:22,1
DA:23,1
DA:24,1
DA:42,1
DA:43,1
DA:44,1
DA:56,1
DA:57,1
DA:61,1
DA:62,1
DA:66,1
DA:90,20
DA:91,20
DA:92,20
DA:93,20
DA:94,20
DA:97,7
DA:98,1
DA:99,1
DA:101,6
DA:105,3
DA:113,3
DA:114,3
DA:115,3
DA:117,1
DA:120,3
DA:121,3
DA:122,3
DA:123,3
DA:124,0
DA:126,0
DA:127,0
DA:129,0
DA:135,1
DA:141,1
DA:145,9
DA:146,4
DA:147,1
DA:148,3
DA:149,1
DA:151,2
DA:153,5
DA:154,1
DA:156,4
DA:160,4
DA:161,4
DA:163,4
DA:170,4
DA:174,5
DA:176,5
DA:177,5
DA:179,5
DA:180,5
DA:185,4
DA:186,3
DA:188,1
DA:191,4
DA:193,5
LF:60
LH:56
BRDA:97,0,0,1
BRDA:97,0,1,6
BRDA:97,1,0,7
BRDA:97,1,1,6
BRDA:126,2,0,0
BRDA:126,2,1,0
BRDA:126,3,0,0
BRDA:126,3,1,0
BRDA:145,4,0,4
BRDA:145,4,1,5
BRDA:146,5,0,1
BRDA:146,5,1,3
BRDA:148,6,0,1
BRDA:148,6,1,2
BRDA:151,7,0,2
BRDA:151,7,1,1
BRDA:153,8,0,1
BRDA:153,8,1,4
BRDA:174,9,0,0
BRDA:174,9,1,5
BRDA:185,10,0,3
BRDA:185,10,1,1
BRDA:57,11,0,40
BRDA:57,11,1,20
BRDA:62,12,0,40
BRDA:62,12,1,20
BRDA:69,13,0,10
BRDA:69,13,1,30
BRF:28
BRH:23
end_of_record
TN:
SF:src\views\user\DashboardContent.vue
FNF:0
FNH:0
LF:0
LH:0
BRF:0
BRH:0
end_of_record
TN:
SF:src\views\user\DashboardUsuario.vue
FNF:0
FNH:0
LF:0
LH:0
BRF:0
BRH:0
end_of_record
TN:
SF:src\views\user\EscanearQRUsuario.vue
FN:20,(anonymous_0)
FN:25,(anonymous_1)
FN:29,(anonymous_2)
FNF:3
FNH:3
FNDA:1,(anonymous_0)
FNDA:5,(anonymous_1)
FNDA:1,(anonymous_2)
DA:2,1
DA:18,4
DA:20,4
DA:21,1
DA:22,1
DA:25,4
DA:26,5
DA:29,4
DA:30,1
LF:9
LH:9
BRF:0
BRH:0
end_of_record
TN:
SF:src\views\user\GestionarAnimalesUsuario.vue
FN:124,(anonymous_0)
FN:9,(anonymous_1)
FN:20,(anonymous_2)
FN:24,(anonymous_3)
FN:31,(anonymous_4)
FN:82,(anonymous_5)
FN:85,(anonymous_6)
FNF:7
FNH:4
FNDA:29,(anonymous_0)
FNDA:1,(anonymous_1)
FNDA:0,(anonymous_2)
FNDA:0,(anonymous_3)
FNDA:0,(anonymous_4)
FNDA:1,(anonymous_5)
FNDA:1,(anonymous_6)
DA:2,20
DA:3,20
DA:4,20
DA:5,20
DA:9,1
DA:15,20
DA:16,20
DA:17,20
DA:18,20
DA:20,0
DA:22,20
DA:24,0
DA:26,52
DA:29,20
DA:31,0
DA:33,56
DA:59,20
DA:60,20
DA:61,20
DA:62,20
DA:65,20
DA:66,20
DA:67,20
DA:68,20
DA:69,20
DA:80,20
DA:81,20
DA:82,1
DA:85,1
DA:122,31
DA:124,31
LF:31
LH:28
BRDA:9,0,0,920
BRDA:9,0,1,31
BRDA:9,1,0,1
BRDA:9,1,1,1
BRDA:10,2,0,15
BRDA:10,2,1,905
BRDA:11,3,0,920
BRDA:11,3,1,31
BRDA:19,4,0,920
BRDA:19,4,1,31
BRDA:20,5,0,920
BRDA:20,5,1,31
BRDA:23,6,0,920
BRDA:23,6,1,31
BRDA:24,7,0,920
BRDA:24,7,1,31
BRDA:25,8,0,920
BRDA:25,8,1,31
BRDA:30,9,0,920
BRDA:30,9,1,31
BRDA:31,10,0,920
BRDA:31,10,1,31
BRDA:32,11,0,920
BRDA:32,11,1,31
BRDA:48,12,0,15
BRDA:48,12,1,8
BRDA:62,13,0,360
BRDA:62,13,1,46
BRDA:66,14,0,360
BRDA:66,14,1,29
BRDA:66,15,0,360
BRDA:66,15,1,28
BRDA:67,16,0,360
BRDA:67,16,1,29
BRDA:67,17,0,360
BRDA:67,17,1,28
BRDA:68,18,0,360
BRDA:68,18,1,29
BRDA:68,19,0,360
BRDA:68,19,1,28
BRDA:69,20,0,360
BRDA:69,20,1,29
BRF:42
BRH:42
end_of_record
TN:
SF:src\views\user\GestionarPotrerosUsuario.vue
FN:12,(anonymous_0)
FN:26,(anonymous_1)
FN:34,(anonymous_2)
FN:41,(anonymous_3)
FNF:4
FNH:1
FNDA:1,(anonymous_0)
FNDA:0,(anonymous_1)
FNDA:0,(anonymous_2)
FNDA:0,(anonymous_3)
DA:2,1
DA:3,1
DA:4,1
DA:5,1
DA:12,1
DA:19,1
DA:20,1
DA:21,1
DA:22,1
DA:26,0
DA:32,1
DA:34,0
DA:36,558
DA:39,1
DA:41,0
DA:43,502
DA:70,1
DA:71,1
DA:72,1
DA:73,1
DA:76,1
DA:79,1
DA:80,1
DA:81,1
DA:84,1
DA:87,1
DA:90,1
DA:93,1
DA:96,1
DA:102,1
DA:103,1
DA:131,36
LF:32
LH:29
BRDA:12,0,0,1269
BRDA:12,0,1,36
BRDA:12,1,0,1
BRDA:12,1,1,1
BRDA:13,2,0,18
BRDA:13,2,1,1251
BRDA:14,3,0,1269
BRDA:14,3,1,36
BRDA:23,4,0,1269
BRDA:23,4,1,36
BRDA:26,5,0,1269
BRDA:26,5,1,36
BRDA:33,6,0,1269
BRDA:33,6,1,36
BRDA:34,7,0,1269
BRDA:34,7,1,36
BRDA:35,8,0,1269
BRDA:35,8,1,36
BRDA:40,9,0,1269
BRDA:40,9,1,36
BRDA:41,10,0,1269
BRDA:41,10,1,36
BRDA:42,11,0,1269
BRDA:42,11,1,36
BRDA:58,12,0,17
BRDA:58,12,1,9
BRDA:74,13,0,592
BRDA:74,13,1,34
BRDA:74,14,0,592
BRDA:74,14,1,169
BRDA:76,15,0,592
BRDA:76,15,1,34
BRDA:82,16,0,592
BRDA:82,16,1,34
BRDA:82,17,0,592
BRDA:82,17,1,150
BRDA:85,18,0,592
BRDA:85,18,1,34
BRDA:85,19,0,592
BRDA:85,19,1,150
BRDA:88,20,0,592
BRDA:88,20,1,34
BRDA:88,21,0,592
BRDA:88,21,1,150
BRDA:91,22,0,592
BRDA:91,22,1,34
BRDA:91,23,0,592
BRDA:91,23,1,188
BRDA:91,23,2,90
BRDA:94,24,0,592
BRDA:94,24,1,34
BRDA:94,25,0,592
BRDA:94,25,1,248
BRDA:97,26,0,592
BRDA:97,26,1,34
BRDA:97,27,0,592
BRDA:97,27,1,248
BRDA:104,28,0,592
BRDA:104,28,1,215
BRDA:104,28,2,183
BRF:60
BRH:60
end_of_record
TN:
SF:src\views\user\PerfilUsuario.vue
FN:18,(anonymous_0)
FN:21,(anonymous_1)
FN:24,(anonymous_2)
FN:27,(anonymous_3)
FN:39,(anonymous_4)
FN:69,(anonymous_5)
FNF:6
FNH:6
FNDA:2,(anonymous_0)
FNDA:1,(anonymous_1)
FNDA:1,(anonymous_2)
FNDA:1,(anonymous_3)
FNDA:1,(anonymous_4)
FNDA:1,(anonymous_5)
DA:2,1
DA:3,1
DA:4,1
DA:11,1
DA:12,1
DA:13,1
DA:18,2
DA:19,1
DA:20,1
DA:21,1
DA:23,1
DA:24,1
DA:26,1
DA:27,1
DA:29,1
DA:34,1
DA:39,1
DA:50,1
DA:51,1
DA:53,1
DA:55,1
DA:57,1
DA:59,1
DA:61,1
DA:63,1
DA:65,1
DA:68,1
DA:69,1
DA:75,1
DA:76,1
DA:80,1
DA:81,1
DA:83,1
DA:85,1
DA:87,1
LF:35
LH:35
BRDA:18,0,0,23
BRDA:18,0,1,15
BRDA:18,1,0,2
BRDA:18,1,1,2
BRDA:21,2,0,23
BRDA:21,2,1,15
BRDA:24,3,0,23
BRDA:24,3,1,15
BRDA:27,4,0,23
BRDA:27,4,1,15
BRDA:36,5,0,23
BRDA:36,5,1,15
BRDA:39,6,0,23
BRDA:39,6,1,15
BRDA:39,7,0,1
BRDA:39,7,1,1
BRDA:44,8,0,4
BRDA:44,8,1,1
BRDA:52,9,0,57
BRDA:52,9,1,22
BRDA:53,10,0,57
BRDA:53,10,1,47
BRDA:56,11,0,57
BRDA:56,11,1,22
BRDA:57,12,0,57
BRDA:57,12,1,47
BRDA:60,13,0,57
BRDA:60,13,1,22
BRDA:61,14,0,57
BRDA:61,14,1,47
BRDA:64,15,0,57
BRDA:64,15,1,22
BRDA:69,16,0,57
BRDA:69,16,1,22
BRDA:82,17,0,80
BRDA:82,17,1,22
BRDA:86,18,0,80
BRDA:86,18,1,22
BRF:38
BRH:38
end_of_record
TN:
SF:src\views\user\RegistroVacunacionUsuario.vue
FNF:0
FNH:0
DA:2,1
DA:3,1
DA:4,1
DA:17,1
LF:4
LH:4
BRF:0
BRH:0
end_of_record
TN:
SF:src\views\user\ReportesUsuario.vue
FNF:0
FNH:0
DA:2,1
DA:3,1
DA:4,1
DA:22,1
LF:4
LH:4
BRF:0
BRH:0
end_of_record
