TN:
SF:src\App.vue
FNF:0
FNH:0
DA:2,12
LF:1
LH:1
BRF:0
BRH:0
end_of_record
TN:
SF:src\main.js
FNF:0
FNH:0
DA:9,21
DA:19,21
DA:20,6
DA:22,15
DA:23,15
DA:27,21
DA:28,2
DA:31,21
LF:8
LH:8
BRDA:10,0,0,21
BRDA:10,0,1,21
BRDA:10,0,2,19
BRDA:11,1,0,21
BRDA:11,1,1,21
BRDA:11,1,2,19
BRDA:12,2,0,21
BRDA:12,2,1,21
BRDA:12,2,2,19
BRDA:13,3,0,21
BRDA:13,3,1,18
BRDA:14,4,0,21
BRDA:14,4,1,20
BRDA:15,5,0,21
BRDA:15,5,1,20
BRDA:19,6,0,6
BRDA:19,6,1,15
BRDA:22,7,0,15
BRDA:22,7,1,1
BRDA:27,8,0,2
BRDA:27,8,1,19
BRF:21
BRH:21
end_of_record
TN:
SF:src\socket.js
FNF:0
FNH:0
DA:4,1
LF:1
LH:1
BRDA:4,0,0,1
BRDA:4,0,1,1
BRF:2
BRH:2
end_of_record
TN:
SF:src\assets\js\dashboard-admin.js
FN:4,(anonymous_0)
FN:24,(anonymous_1)
FN:35,(anonymous_2)
FN:47,(anonymous_3)
FN:68,(anonymous_4)
FNF:5
FNH:5
FNDA:21,(anonymous_0)
FNDA:21,(anonymous_1)
FNDA:19,(anonymous_2)
FNDA:27,(anonymous_3)
FNDA:2,(anonymous_4)
DA:4,1
DA:5,21
DA:6,21
DA:7,21
DA:8,0
DA:11,21
DA:12,19
DA:13,19
DA:14,19
DA:15,19
DA:16,19
DA:19,2
DA:25,21
DA:36,19
DA:37,2
DA:38,2
DA:41,17
DA:42,17
DA:44,19
DA:48,27
DA:50,27
DA:51,21
DA:54,27
DA:55,21
DA:58,27
DA:59,21
DA:62,27
DA:64,6
DA:69,2
DA:70,2
LF:30
LH:29
BRDA:7,0,0,0
BRDA:7,0,1,21
BRDA:7,1,0,21
BRDA:7,1,1,21
BRDA:7,1,2,21
BRDA:11,2,0,19
BRDA:11,2,1,2
BRDA:36,3,0,2
BRDA:36,3,1,17
BRDA:36,4,0,19
BRDA:36,4,1,18
BRDA:42,5,0,17
BRDA:42,5,1,15
BRDA:51,6,0,21
BRDA:51,6,1,18
BRDA:55,7,0,21
BRDA:55,7,1,18
BRDA:59,8,0,21
BRDA:59,8,1,18
BRF:19
BRH:18
end_of_record
TN:
SF:src\assets\js\dashboard-content-usuario.js
FN:10,(anonymous_0)
FN:23,(anonymous_1)
FN:31,(anonymous_2)
FN:42,(anonymous_3)
FNF:4
FNH:3
FNDA:9,(anonymous_0)
FNDA:0,(anonymous_1)
FNDA:1,(anonymous_2)
FNDA:2,(anonymous_3)
DA:11,9
DA:24,0
DA:25,0
DA:32,1
DA:33,1
DA:34,1
DA:35,1
DA:43,2
DA:44,2
DA:50,1
DA:51,2
DA:52,2
DA:54,1
DA:56,1
LF:14
LH:12
BRDA:33,0,0,1
BRDA:33,0,1,0
BRDA:34,1,0,1
BRDA:34,1,1,0
BRDA:35,2,0,1
BRDA:35,2,1,0
BRDA:50,3,0,1
BRDA:50,3,1,0
BRDA:51,4,0,2
BRDA:51,4,1,0
BRDA:52,5,0,2
BRDA:52,5,1,0
BRDA:57,6,0,1
BRDA:57,6,1,1
BRDA:58,7,0,1
BRDA:58,7,1,1
BRDA:59,8,0,1
BRDA:59,8,1,1
BRF:18
BRH:12
end_of_record
TN:
SF:src\assets\js\dashboard-content.js
FN:4,(anonymous_0)
FN:24,(anonymous_1)
FN:38,(anonymous_2)
FN:59,(anonymous_3)
FN:63,(anonymous_4)
FN:68,(anonymous_5)
FN:94,(anonymous_6)
FN:109,(anonymous_7)
FN:113,(anonymous_8)
FN:136,(anonymous_9)
FN:159,(anonymous_10)
FN:182,(anonymous_11)
FN:198,(anonymous_12)
FN:208,(anonymous_13)
FNF:14
FNH:14
FNDA:44,(anonymous_0)
FNDA:47,(anonymous_1)
FNDA:45,(anonymous_2)
FNDA:1,(anonymous_3)
FNDA:47,(anonymous_4)
FNDA:9,(anonymous_5)
FNDA:45,(anonymous_6)
FNDA:1,(anonymous_7)
FNDA:54,(anonymous_8)
FNDA:49,(anonymous_9)
FNDA:49,(anonymous_10)
FNDA:6,(anonymous_11)
FNDA:44,(anonymous_12)
FNDA:48,(anonymous_13)
DA:4,2
DA:5,44
DA:6,44
DA:7,44
DA:8,0
DA:11,44
DA:12,42
DA:13,42
DA:14,42
DA:15,42
DA:16,42
DA:19,2
DA:25,47
DA:39,45
DA:40,45
DA:41,45
DA:43,45
DA:44,4
DA:45,4
DA:48,45
DA:49,45
DA:51,45
DA:52,41
DA:53,41
DA:57,45
DA:60,1
DA:64,47
DA:65,47
DA:66,47
DA:69,9
DA:70,9
DA:71,9
DA:72,8
DA:74,8
DA:75,7
DA:76,7
DA:77,7
DA:79,1
DA:80,1
DA:81,1
DA:84,1
DA:85,1
DA:90,1
DA:91,1
DA:95,45
DA:96,45
DA:97,45
DA:99,45
DA:100,40
DA:101,17
DA:102,15
DA:106,25
DA:111,1
DA:114,54
DA:115,54
DA:116,54
DA:117,44
DA:119,44
DA:120,42
DA:121,42
DA:123,2
DA:124,2
DA:127,10
DA:128,10
DA:133,10
DA:137,49
DA:138,49
DA:139,49
DA:140,43
DA:142,43
DA:143,41
DA:144,41
DA:146,2
DA:147,2
DA:150,6
DA:151,6
DA:156,6
DA:160,49
DA:161,49
DA:162,49
DA:163,47
DA:165,47
DA:166,45
DA:167,45
DA:169,2
DA:170,2
DA:173,2
DA:174,2
DA:179,2
DA:183,6
DA:184,6
DA:186,6
DA:187,6
DA:189,6
DA:190,1
DA:191,1
DA:193,5
DA:194,5
DA:195,5
DA:199,44
DA:200,44
DA:201,44
DA:202,44
DA:205,44
DA:206,44
DA:209,48
DA:211,48
DA:212,48
DA:213,5
DA:215,43
DA:218,47
DA:220,1
DA:221,1
DA:223,1
LF:114
LH:113
BRDA:7,0,0,0
BRDA:7,0,1,44
BRDA:7,1,0,44
BRDA:7,1,1,44
BRDA:7,1,2,44
BRDA:11,2,0,42
BRDA:11,2,1,2
BRDA:43,3,0,4
BRDA:43,3,1,41
BRDA:51,4,0,41
BRDA:51,4,1,4
BRDA:74,5,0,7
BRDA:74,5,1,1
BRDA:75,6,0,7
BRDA:75,6,1,1
BRDA:99,7,0,40
BRDA:99,7,1,5
BRDA:101,8,0,15
BRDA:101,8,1,2
BRDA:119,9,0,42
BRDA:119,9,1,2
BRDA:120,10,0,42
BRDA:120,10,1,33
BRDA:142,11,0,41
BRDA:142,11,1,2
BRDA:143,12,0,41
BRDA:143,12,1,30
BRDA:165,13,0,45
BRDA:165,13,1,2
BRDA:166,14,0,45
BRDA:166,14,1,33
BRDA:189,15,0,1
BRDA:189,15,1,5
BRDA:212,16,0,5
BRDA:212,16,1,43
BRF:35
BRH:34
end_of_record
TN:
SF:src\assets\js\dashboard-usuario.js
FN:4,(anonymous_0)
FN:21,(anonymous_1)
FN:32,(anonymous_2)
FN:48,(anonymous_3)
FN:55,(anonymous_4)
FN:72,(anonymous_5)
FNF:6
FNH:6
FNDA:19,(anonymous_0)
FNDA:20,(anonymous_1)
FNDA:18,(anonymous_2)
FNDA:25,(anonymous_3)
FNDA:8,(anonymous_4)
FNDA:2,(anonymous_5)
DA:4,1
DA:5,19
DA:6,19
DA:7,19
DA:8,19
DA:10,0
DA:11,0
DA:12,0
DA:22,20
DA:33,18
DA:34,2
DA:35,2
DA:38,16
DA:39,16
DA:40,18
DA:42,18
DA:49,25
DA:50,25
DA:51,25
DA:54,25
DA:55,19
DA:56,25
DA:59,25
DA:60,19
DA:63,25
DA:65,6
DA:73,2
DA:74,2
LF:28
LH:25
BRDA:5,0,0,19
BRDA:5,0,1,0
BRDA:5,1,0,19
BRDA:5,1,1,19
BRDA:33,2,0,2
BRDA:33,2,1,16
BRDA:33,3,0,18
BRDA:33,3,1,17
BRDA:39,4,0,16
BRDA:39,4,1,14
BRDA:40,5,0,18
BRDA:40,5,1,16
BRDA:55,6,0,19
BRDA:55,6,1,4
BRDA:60,7,0,19
BRDA:60,7,1,16
BRF:16
BRH:15
end_of_record
TN:
SF:src\assets\js\escanear-qr-admin.js
FN:9,(anonymous_0)
FN:25,(anonymous_1)
FN:29,(anonymous_2)
FN:35,(anonymous_3)
FN:40,(anonymous_4)
FN:51,(anonymous_5)
FN:57,(anonymous_6)
FN:62,(anonymous_7)
FNF:8
FNH:6
FNDA:3,(anonymous_0)
FNDA:1,(anonymous_1)
FNDA:2,(anonymous_2)
FNDA:0,(anonymous_3)
FNDA:1,(anonymous_4)
FNDA:2,(anonymous_5)
FNDA:0,(anonymous_6)
FNDA:1,(anonymous_7)
DA:3,1
DA:9,3
DA:26,1
DA:30,2
DA:31,1
DA:36,0
DA:40,1
DA:41,1
DA:52,2
DA:53,1
DA:58,0
DA:62,1
DA:63,1
LF:13
LH:11
BRDA:9,0,0,3
BRDA:9,0,1,2
BRDA:30,1,0,1
BRDA:30,1,1,1
BRDA:52,2,0,1
BRDA:52,2,1,1
BRF:6
BRH:6
end_of_record
TN:
SF:src\assets\js\escanear-qr-base.js
FN:4,(anonymous_0)
FN:12,getConfig
FN:17,(anonymous_2)
FN:27,(anonymous_3)
FN:42,(anonymous_4)
FN:48,(anonymous_5)
FN:76,(anonymous_6)
FN:82,(anonymous_7)
FN:93,(anonymous_8)
FN:101,(anonymous_9)
FNF:10
FNH:9
FNDA:13,(anonymous_0)
FNDA:37,getConfig
FNDA:16,(anonymous_2)
FNDA:14,(anonymous_3)
FNDA:5,(anonymous_4)
FNDA:5,(anonymous_5)
FNDA:2,(anonymous_6)
FNDA:3,(anonymous_7)
FNDA:0,(anonymous_8)
FNDA:2,(anonymous_9)
DA:3,1
DA:4,13
DA:13,37
DA:16,1
DA:18,16
DA:19,16
DA:28,14
DA:29,14
DA:31,14
DA:32,1
DA:33,1
DA:36,13
DA:37,1
DA:43,5
DA:44,5
DA:45,5
DA:47,5
DA:48,5
DA:50,4
DA:51,1
DA:53,3
DA:61,1
DA:62,1
DA:63,0
DA:65,1
DA:72,5
DA:77,2
DA:78,1
DA:83,3
DA:84,3
DA:86,2
DA:88,2
DA:89,2
DA:94,0
DA:98,2
DA:99,2
DA:101,2
DA:102,2
LF:38
LH:36
BRDA:13,0,0,37
BRDA:13,0,1,28
BRDA:21,1,0,16
BRDA:21,1,1,15
BRDA:22,2,0,1
BRDA:22,2,1,15
BRDA:23,3,0,1
BRDA:23,3,1,15
BRDA:29,4,0,14
BRDA:29,4,1,13
BRDA:31,5,0,1
BRDA:31,5,1,13
BRDA:36,6,0,1
BRDA:36,6,1,12
BRDA:45,7,0,5
BRDA:45,7,1,4
BRDA:50,8,0,1
BRDA:50,8,1,3
BRDA:62,9,0,0
BRDA:62,9,1,1
BRDA:77,10,0,1
BRDA:77,10,1,1
BRDA:83,11,0,3
BRDA:83,11,1,0
BRDA:84,12,0,1
BRDA:84,12,1,2
BRDA:88,13,0,2
BRDA:88,13,1,0
BRDA:99,14,0,2
BRDA:99,14,1,1
BRF:30
BRH:27
end_of_record
TN:
SF:src\assets\js\escanear-qr-usuario.js
FN:9,(anonymous_0)
FN:10,(anonymous_1)
FNF:2
FNH:2
FNDA:3,(anonymous_0)
FNDA:2,(anonymous_1)
DA:3,1
DA:9,3
DA:11,2
DA:12,2
LF:4
LH:4
BRDA:9,0,0,3
BRDA:9,0,1,2
BRDA:12,1,0,2
BRDA:12,1,1,1
BRF:4
BRH:4
end_of_record
TN:
SF:src\assets\js\gestionar-animales-usuario.js
FN:6,useGestionarAnimalesUsuario
FN:13,(anonymous_1)
FN:15,(anonymous_2)
FN:23,(anonymous_3)
FN:31,(anonymous_4)
FN:32,(anonymous_5)
FN:40,(anonymous_6)
FN:45,(anonymous_7)
FN:57,(anonymous_8)
FN:75,(anonymous_9)
FN:79,(anonymous_10)
FNF:11
FNH:10
FNDA:21,useGestionarAnimalesUsuario
FNDA:1,(anonymous_1)
FNDA:2,(anonymous_2)
FNDA:2,(anonymous_3)
FNDA:5,(anonymous_4)
FNDA:11,(anonymous_5)
FNDA:7,(anonymous_6)
FNDA:8,(anonymous_7)
FNDA:2,(anonymous_8)
FNDA:1,(anonymous_9)
FNDA:0,(anonymous_10)
DA:7,21
DA:8,21
DA:9,21
DA:11,21
DA:13,21
DA:15,21
DA:16,2
DA:17,2
DA:18,4
DA:20,2
DA:23,21
DA:24,2
DA:25,2
DA:26,3
DA:28,2
DA:31,21
DA:32,5
DA:33,11
DA:34,11
DA:35,11
DA:36,11
DA:40,21
DA:41,7
DA:42,3
DA:45,21
DA:46,8
DA:47,6
DA:54,6
DA:57,21
DA:58,2
DA:68,2
DA:75,21
DA:76,1
DA:79,21
DA:80,0
DA:81,0
DA:82,0
DA:84,0
DA:87,21
LF:39
LH:35
BRDA:18,0,0,3
BRDA:18,0,1,1
BRDA:26,1,0,3
BRDA:26,1,1,0
BRDA:33,2,0,11
BRDA:33,2,1,5
BRDA:33,3,0,5
BRDA:33,3,1,0
BRDA:34,4,0,11
BRDA:34,4,1,5
BRDA:35,5,0,11
BRDA:35,5,1,5
BRDA:36,6,0,11
BRDA:36,6,1,9
BRDA:36,6,2,8
BRDA:41,7,0,4
BRDA:41,7,1,3
BRDA:46,8,0,2
BRDA:46,8,1,6
BRDA:54,9,0,6
BRDA:54,9,1,1
BRDA:61,10,0,2
BRDA:61,10,1,1
BRDA:62,11,0,2
BRDA:62,11,1,1
BRDA:63,12,0,2
BRDA:63,12,1,1
BRDA:64,13,0,2
BRDA:64,13,1,1
BRDA:80,14,0,0
BRDA:80,14,1,0
BRDA:80,15,0,0
BRDA:80,15,1,0
BRF:33
BRH:27
end_of_record
TN:
SF:src\assets\js\gestionar-potreros-admin.js
FN:24,(anonymous_0)
FNF:1
FNH:1
FNDA:2,(anonymous_0)
DA:25,2
DA:27,2
LF:2
LH:2
BRF:0
BRH:0
end_of_record
TN:
SF:src\assets\js\gestionar-potreros-usuario.js
FN:4,useGestionarPotrerosUsuario
FN:10,(anonymous_1)
FN:18,(anonymous_2)
FN:27,(anonymous_3)
FN:28,(anonymous_4)
FN:42,(anonymous_5)
FN:47,(anonymous_6)
FN:56,(anonymous_7)
FNF:8
FNH:7
FNDA:19,useGestionarPotrerosUsuario
FNDA:2,(anonymous_1)
FNDA:3,(anonymous_2)
FNDA:6,(anonymous_3)
FNDA:13,(anonymous_4)
FNDA:7,(anonymous_5)
FNDA:5,(anonymous_6)
FNDA:0,(anonymous_7)
DA:5,19
DA:6,19
DA:7,19
DA:8,19
DA:10,19
DA:11,2
DA:12,2
DA:13,3
DA:15,2
DA:18,19
DA:19,3
DA:20,3
DA:21,5
DA:22,1
DA:24,3
DA:27,19
DA:28,6
DA:30,13
DA:32,13
DA:34,13
DA:38,13
DA:42,19
DA:43,7
DA:44,4
DA:47,19
DA:48,5
DA:49,2
DA:50,2
DA:52,0
DA:56,19
DA:57,0
DA:60,19
LF:32
LH:30
BRDA:13,0,0,3
BRDA:13,0,1,0
BRDA:21,1,0,4
BRDA:21,1,1,1
BRDA:22,2,0,1
BRDA:22,2,1,0
BRDA:30,3,0,13
BRDA:30,3,1,5
BRDA:32,4,0,13
BRDA:32,4,1,5
BRDA:34,5,0,13
BRDA:34,5,1,7
BRDA:34,5,2,4
BRDA:38,6,0,13
BRDA:38,6,1,10
BRDA:38,6,2,9
BRDA:43,7,0,3
BRDA:43,7,1,4
BRDA:48,8,0,3
BRDA:48,8,1,2
BRF:20
BRH:18
end_of_record
TN:
SF:src\assets\js\gestionar-potreros.js
FN:15,(anonymous_0)
FN:27,(anonymous_1)
FN:29,(anonymous_2)
FN:35,(anonymous_3)
FN:78,(anonymous_4)
FN:99,(anonymous_5)
FN:118,(anonymous_6)
FN:137,(anonymous_7)
FN:156,(anonymous_8)
FN:189,(anonymous_9)
FN:201,(anonymous_10)
FN:209,(anonymous_11)
FN:256,(anonymous_12)
FN:277,(anonymous_13)
FN:308,(anonymous_14)
FN:318,(anonymous_15)
FN:328,(anonymous_16)
FN:338,(anonymous_17)
FN:374,(anonymous_18)
FN:386,(anonymous_19)
FN:387,(anonymous_20)
FN:431,(anonymous_21)
FN:434,(anonymous_22)
FN:464,(anonymous_23)
FN:471,(anonymous_24)
FN:479,(anonymous_25)
FN:480,(anonymous_26)
FN:485,(anonymous_27)
FN:490,(anonymous_28)
FN:495,(anonymous_29)
FN:500,(anonymous_30)
FN:505,(anonymous_31)
FN:510,(anonymous_32)
FN:516,(anonymous_33)
FN:520,(anonymous_34)
FNF:35
FNH:21
FNDA:0,(anonymous_0)
FNDA:7,(anonymous_1)
FNDA:7,(anonymous_2)
FNDA:9,(anonymous_3)
FNDA:0,(anonymous_4)
FNDA:6,(anonymous_5)
FNDA:1,(anonymous_6)
FNDA:1,(anonymous_7)
FNDA:0,(anonymous_8)
FNDA:11,(anonymous_9)
FNDA:5,(anonymous_10)
FNDA:5,(anonymous_11)
FNDA:0,(anonymous_12)
FNDA:0,(anonymous_13)
FNDA:6,(anonymous_14)
FNDA:32,(anonymous_15)
FNDA:12,(anonymous_16)
FNDA:12,(anonymous_17)
FNDA:0,(anonymous_18)
FNDA:1,(anonymous_19)
FNDA:1,(anonymous_20)
FNDA:0,(anonymous_21)
FNDA:18,(anonymous_22)
FNDA:5,(anonymous_23)
FNDA:3,(anonymous_24)
FNDA:2,(anonymous_25)
FNDA:2,(anonymous_26)
FNDA:1,(anonymous_27)
FNDA:0,(anonymous_28)
FNDA:0,(anonymous_29)
FNDA:0,(anonymous_30)
FNDA:0,(anonymous_31)
FNDA:0,(anonymous_32)
FNDA:0,(anonymous_33)
FNDA:0,(anonymous_34)
DA:6,0
DA:7,0
DA:8,0
DA:9,1
DA:10,0
DA:11,0
DA:12,0
DA:13,0
DA:15,0
DA:16,0
DA:17,0
DA:18,0
DA:24,8
DA:27,1
DA:28,7
DA:29,7
DA:30,7
DA:31,0
DA:32,10
DA:35,1
DA:36,9
DA:52,0
DA:53,0
DA:56,10
DA:57,10
DA:60,10
DA:61,1
DA:64,10
DA:65,1
DA:68,1
DA:72,1
DA:75,10
DA:78,10
DA:79,0
DA:80,0
DA:81,0
DA:84,0
DA:86,0
DA:91,6
DA:93,6
DA:94,6
DA:95,6
DA:99,6
DA:100,6
DA:101,0
DA:102,0
DA:103,0
DA:104,0
DA:105,0
DA:107,0
DA:110,8
DA:113,5
DA:114,4
DA:118,1
DA:119,1
DA:120,1
DA:121,5
DA:122,5
DA:123,5
DA:124,1
DA:126,10
DA:129,9
DA:132,5
DA:133,5
DA:137,0
DA:138,1
DA:139,1
DA:140,4
DA:141,4
DA:142,10
DA:143,0
DA:145,10
DA:148,7
DA:151,6
DA:152,6
DA:156,0
DA:157,1
DA:158,1
DA:159,3
DA:160,3
DA:162,0
DA:163,23
DA:166,23
DA:167,23
DA:170,1
DA:171,12
DA:172,12
DA:173,12
DA:176,11
DA:177,11
DA:180,11
DA:181,1
DA:182,1
DA:184,1
DA:189,11
DA:190,11
DA:191,11
DA:193,23
DA:194,0
DA:201,5
DA:202,5
DA:203,5
DA:204,5
DA:205,5
DA:209,5
DA:211,4
DA:212,1
DA:213,1
DA:217,0
DA:218,20
DA:219,20
DA:223,0
DA:224,27
DA:225,17
DA:226,0
DA:229,0
DA:257,0
DA:258,11
DA:259,0
DA:260,0
DA:261,0
DA:262,0
DA:263,0
DA:265,0
DA:278,0
DA:279,0
DA:280,0
DA:286,7
DA:287,7
DA:288,7
DA:289,7
DA:290,5
DA:292,3
DA:293,1
DA:296,1
DA:297,2
DA:300,2
DA:301,2
DA:308,6
DA:309,6
DA:310,6
DA:311,6
DA:312,0
DA:313,17
DA:315,12
DA:318,32
DA:319,32
DA:320,32
DA:321,0
DA:322,0
DA:323,17
DA:325,0
DA:328,16
DA:329,12
DA:330,16
DA:331,17
DA:332,17
DA:333,16
DA:335,16
DA:338,12
DA:339,14
DA:340,16
DA:341,17
DA:342,0
DA:343,0
DA:344,0
DA:345,0
DA:346,0
DA:347,0
DA:349,0
DA:360,0
DA:361,0
DA:363,0
DA:364,0
DA:366,0
DA:367,0
DA:368,0
DA:371,0
DA:374,0
DA:375,0
DA:376,0
DA:378,0
DA:379,0
DA:381,0
DA:382,17
DA:386,1
DA:387,17
DA:388,1
DA:390,17
DA:392,1
DA:393,0
DA:394,18
DA:396,17
DA:432,0
DA:435,0
DA:436,0
DA:437,0
DA:443,0
DA:444,0
DA:445,0
DA:446,0
DA:447,6
DA:449,4
DA:452,3
DA:453,3
DA:456,1
DA:457,2
DA:464,8
DA:465,5
DA:466,5
DA:467,5
DA:471,1
DA:472,3
DA:473,2
DA:474,2
DA:479,3
DA:480,2
DA:481,2
DA:482,1
DA:485,1
DA:486,4
DA:487,0
DA:490,0
DA:491,0
DA:492,0
DA:495,0
DA:496,0
DA:497,4
DA:500,0
DA:501,0
DA:502,0
DA:505,0
DA:506,0
DA:507,0
DA:510,0
DA:511,0
DA:512,0
DA:516,0
DA:517,0
DA:520,4
DA:521,0
DA:522,0
DA:528,5
DA:529,5
DA:530,5
DA:531,5
DA:534,5
DA:537,2
LF:248
LH:151
BRDA:16,0,0,0
BRDA:16,0,1,0
BRDA:17,1,0,0
BRDA:17,1,1,0
BRDA:28,2,0,7
BRDA:28,2,1,0
BRDA:31,3,0,0
BRDA:31,3,1,0
BRDA:48,4,0,0
BRDA:48,4,1,0
BRDA:52,5,0,0
BRDA:52,5,1,0
BRDA:56,6,0,10
BRDA:56,6,1,0
BRDA:60,7,0,1
BRDA:60,7,1,9
BRDA:64,8,0,1
BRDA:64,8,1,9
BRDA:102,9,0,0
BRDA:102,9,1,0
BRDA:104,10,0,0
BRDA:104,10,1,0
BRDA:121,11,0,5
BRDA:121,11,1,9
BRDA:123,12,0,1
BRDA:123,12,1,10
BRDA:140,13,0,4
BRDA:140,13,1,7
BRDA:142,14,0,0
BRDA:142,14,1,10
BRDA:162,15,0,23
BRDA:162,15,1,-23
BRDA:170,16,0,12
BRDA:170,16,1,11
BRDA:170,17,0,1
BRDA:170,17,1,1
BRDA:170,17,2,12
BRDA:190,18,0,11
BRDA:190,18,1,0
BRDA:202,19,0,5
BRDA:202,19,1,0
BRDA:203,20,0,5
BRDA:203,20,1,0
BRDA:204,21,0,5
BRDA:204,21,1,0
BRDA:219,22,0,0
BRDA:219,22,1,0
BRDA:268,23,0,0
BRDA:268,23,1,0
BRDA:269,24,0,0
BRDA:269,24,1,0
BRDA:270,25,0,0
BRDA:270,25,1,0
BRDA:271,26,0,0
BRDA:271,26,1,0
BRDA:273,27,0,0
BRDA:273,27,1,0
BRDA:278,28,0,0
BRDA:278,28,1,0
BRDA:286,29,0,7
BRDA:286,29,1,1
BRDA:288,30,0,7
BRDA:288,30,1,3
BRDA:293,31,0,1
BRDA:293,31,1,1
BRDA:297,32,0,2
BRDA:297,32,1,2
BRDA:311,33,0,11
BRDA:311,33,1,0
BRDA:311,33,2,0
BRDA:311,33,3,0
BRDA:312,34,0,17
BRDA:312,34,1,17
BRDA:321,35,0,0
BRDA:321,35,1,0
BRDA:321,35,2,0
BRDA:322,36,0,17
BRDA:322,36,1,17
BRDA:322,37,0,0
BRDA:322,37,1,0
BRDA:331,38,0,0
BRDA:331,38,1,0
BRDA:332,39,0,16
BRDA:332,39,1,16
BRDA:332,40,0,17
BRDA:332,40,1,17
BRDA:351,41,0,0
BRDA:351,41,1,0
BRDA:352,42,0,0
BRDA:352,42,1,0
BRDA:353,43,0,0
BRDA:353,43,1,0
BRDA:354,44,0,0
BRDA:354,44,1,0
BRDA:355,45,0,0
BRDA:355,45,1,0
BRDA:360,46,0,0
BRDA:360,46,1,0
BRDA:363,47,0,0
BRDA:363,47,1,0
BRDA:367,48,0,0
BRDA:367,48,1,0
BRDA:375,49,0,0
BRDA:375,49,1,0
BRDA:378,50,0,0
BRDA:378,50,1,0
BRDA:381,51,0,17
BRDA:381,51,1,-17
BRDA:388,52,0,1
BRDA:388,52,1,0
BRDA:406,53,0,17
BRDA:406,53,1,17
BRDA:407,54,0,17
BRDA:407,54,1,17
BRDA:414,55,0,0
BRDA:414,55,1,0
BRDA:421,56,0,0
BRDA:421,56,1,0
BRDA:422,57,0,0
BRDA:422,57,1,11
BRDA:423,58,0,5
BRDA:423,58,1,0
BRDA:424,59,0,0
BRDA:424,59,1,11
BRDA:435,60,0,0
BRDA:435,60,1,0
BRDA:443,61,0,0
BRDA:443,61,1,3
BRDA:445,62,0,0
BRDA:445,62,1,4
BRDA:449,63,0,4
BRDA:449,63,1,3
BRDA:453,64,0,3
BRDA:453,64,1,3
BRDA:465,65,0,5
BRDA:465,65,1,0
BRDA:472,66,0,2
BRDA:472,66,1,1
BRDA:482,67,0,1
BRDA:482,67,1,0
BRDA:487,68,0,0
BRDA:487,68,1,0
BRDA:492,69,0,0
BRDA:492,69,1,0
BRDA:497,70,0,0
BRDA:497,70,1,4
BRDA:502,71,0,0
BRDA:502,71,1,0
BRDA:507,72,0,0
BRDA:507,72,1,0
BRDA:512,73,0,0
BRDA:512,73,1,0
BRDA:528,74,0,5
BRDA:528,74,1,5
BRDA:530,75,0,5
BRDA:530,75,1,0
BRF:156
BRH:63
end_of_record
TN:
SF:src\assets\js\gestionar-usuarios.js
FN:11,(anonymous_0)
FN:39,(anonymous_1)
FN:71,(anonymous_2)
FN:74,(anonymous_3)
FN:78,(anonymous_4)
FN:84,(anonymous_5)
FN:87,(anonymous_6)
FN:92,(anonymous_7)
FN:99,(anonymous_8)
FN:125,(anonymous_9)
FN:130,(anonymous_10)
FN:135,(anonymous_11)
FN:150,(anonymous_12)
FN:218,(anonymous_13)
FN:244,(anonymous_14)
FN:260,(anonymous_15)
FN:299,(anonymous_16)
FN:304,(anonymous_17)
FN:313,(anonymous_18)
FN:320,(anonymous_19)
FN:354,(anonymous_20)
FNF:21
FNH:19
FNDA:45,(anonymous_0)
FNDA:46,(anonymous_1)
FNDA:11,(anonymous_2)
FNDA:45,(anonymous_3)
FNDA:45,(anonymous_4)
FNDA:0,(anonymous_5)
FNDA:0,(anonymous_6)
FNDA:9,(anonymous_7)
FNDA:22,(anonymous_8)
FNDA:1,(anonymous_9)
FNDA:3,(anonymous_10)
FNDA:5,(anonymous_11)
FNDA:10,(anonymous_12)
FNDA:1,(anonymous_13)
FNDA:4,(anonymous_14)
FNDA:5,(anonymous_15)
FNDA:5,(anonymous_16)
FNDA:5,(anonymous_17)
FNDA:4,(anonymous_18)
FNDA:7,(anonymous_19)
FNDA:5,(anonymous_20)
DA:7,1
DA:19,45
DA:25,45
DA:27,45
DA:40,46
DA:72,11
DA:75,45
DA:79,45
DA:80,45
DA:81,3
DA:85,0
DA:88,0
DA:89,0
DA:93,9
DA:99,9
DA:100,22
DA:101,22
DA:104,9
DA:105,6
DA:108,3
DA:109,3
DA:110,2
DA:111,2
DA:112,1
DA:113,1
DA:114,1
DA:118,3
DA:119,2
DA:122,1
DA:126,1
DA:127,1
DA:131,3
DA:132,3
DA:136,5
DA:151,10
DA:153,9
DA:154,1
DA:155,1
DA:157,8
DA:158,1
DA:159,1
DA:161,7
DA:162,1
DA:163,1
DA:166,6
DA:167,1
DA:168,1
DA:171,5
DA:172,1
DA:173,1
DA:176,4
DA:177,1
DA:178,1
DA:181,3
DA:182,3
DA:183,3
DA:194,10
DA:195,1
DA:196,1
DA:198,1
DA:199,1
DA:203,3
DA:204,3
DA:205,2
DA:206,2
DA:207,2
DA:209,1
DA:212,1
DA:214,3
DA:219,1
DA:220,1
DA:222,1
DA:223,1
DA:233,1
DA:235,1
DA:236,1
DA:240,1
DA:241,1
DA:245,4
DA:246,4
DA:256,4
DA:257,4
DA:261,5
DA:269,5
DA:271,5
DA:272,30
DA:273,30
DA:274,30
DA:275,30
DA:278,30
DA:279,30
DA:280,30
DA:281,30
DA:282,30
DA:283,30
DA:287,30
DA:288,0
DA:291,30
DA:292,30
DA:293,4
DA:297,5
DA:300,5
DA:301,1
DA:305,5
DA:306,4
DA:307,4
DA:308,4
DA:309,4
DA:314,4
DA:315,1
DA:316,1
DA:318,3
DA:321,7
DA:323,6
DA:324,1
DA:325,1
DA:328,5
DA:329,5
DA:330,0
DA:333,5
DA:334,5
DA:336,5
DA:337,1
DA:338,1
DA:341,4
DA:342,1
DA:345,3
DA:346,3
DA:347,3
DA:348,3
DA:350,0
DA:355,5
DA:356,1
DA:357,1
DA:360,4
DA:361,5
DA:372,4
DA:374,3
DA:375,5
DA:378,3
DA:379,2
DA:381,1
LF:142
LH:136
BRDA:80,0,0,3
BRDA:80,0,1,42
BRDA:101,1,0,22
BRDA:101,1,1,6
BRDA:104,2,0,6
BRDA:104,2,1,3
BRDA:109,3,0,2
BRDA:109,3,1,1
BRDA:111,4,0,1
BRDA:111,4,1,1
BRDA:113,5,0,1
BRDA:113,5,1,0
BRDA:118,6,0,2
BRDA:118,6,1,1
BRDA:151,7,0,1
BRDA:151,7,1,9
BRDA:153,8,0,1
BRDA:153,8,1,8
BRDA:157,9,0,1
BRDA:157,9,1,7
BRDA:161,10,0,1
BRDA:161,10,1,6
BRDA:166,11,0,1
BRDA:166,11,1,5
BRDA:171,12,0,1
BRDA:171,12,1,4
BRDA:171,13,0,5
BRDA:171,13,1,5
BRDA:176,14,0,1
BRDA:176,14,1,3
BRDA:185,15,0,3
BRDA:185,15,1,3
BRDA:187,16,0,10
BRDA:187,16,1,3
BRDA:189,17,0,10
BRDA:189,17,1,3
BRDA:194,18,0,1
BRDA:194,18,1,9
BRDA:195,19,0,1
BRDA:195,19,1,0
BRDA:198,20,0,1
BRDA:198,20,1,0
BRDA:204,21,0,2
BRDA:204,21,1,1
BRDA:209,22,0,1
BRDA:209,22,1,0
BRDA:212,23,0,1
BRDA:212,23,1,0
BRDA:224,24,0,1
BRDA:224,24,1,0
BRDA:224,24,2,0
BRDA:225,25,0,1
BRDA:225,25,1,1
BRDA:225,25,2,1
BRDA:226,26,0,1
BRDA:226,26,1,0
BRDA:226,26,2,0
BRDA:227,27,0,1
BRDA:227,27,1,1
BRDA:227,27,2,1
BRDA:228,28,0,1
BRDA:228,28,1,0
BRDA:228,28,2,0
BRDA:229,29,0,1
BRDA:229,29,1,1
BRDA:229,29,2,1
BRDA:274,30,0,30
BRDA:274,30,1,0
BRDA:279,31,0,30
BRDA:279,31,1,0
BRDA:282,32,0,30
BRDA:282,32,1,0
BRDA:287,33,0,0
BRDA:287,33,1,30
BRDA:291,34,0,30
BRDA:291,34,1,0
BRDA:292,35,0,4
BRDA:292,35,1,26
BRDA:300,36,0,1
BRDA:300,36,1,4
BRDA:305,37,0,4
BRDA:305,37,1,1
BRDA:308,38,0,4
BRDA:308,38,1,0
BRDA:308,39,0,4
BRDA:308,39,1,4
BRDA:308,39,2,1
BRDA:314,40,0,1
BRDA:314,40,1,3
BRDA:314,41,0,4
BRDA:314,41,1,1
BRDA:321,42,0,1
BRDA:321,42,1,6
BRDA:323,43,0,1
BRDA:323,43,1,5
BRDA:323,44,0,6
BRDA:323,44,1,2
BRDA:329,45,0,0
BRDA:329,45,1,5
BRDA:336,46,0,1
BRDA:336,46,1,4
BRDA:341,47,0,1
BRDA:341,47,1,3
BRDA:346,48,0,3
BRDA:346,48,1,0
BRDA:355,49,0,1
BRDA:355,49,1,4
BRDA:360,50,0,3
BRDA:360,50,1,1
BRDA:372,51,0,1
BRDA:372,51,1,3
BRDA:374,52,0,2
BRDA:374,52,1,1
BRDA:378,53,0,2
BRDA:378,53,1,1
BRF:115
BRH:96
end_of_record
TN:
SF:src\assets\js\gestionar_animales.js
FN:15,(anonymous_0)
FN:15,(anonymous_1)
FN:17,(anonymous_2)
FN:30,(anonymous_3)
FN:32,(anonymous_4)
FN:38,(anonymous_5)
FN:45,(anonymous_6)
FN:52,(anonymous_7)
FN:74,(anonymous_8)
FN:78,(anonymous_9)
FN:85,(anonymous_10)
FN:92,(anonymous_11)
FN:99,(anonymous_12)
FN:106,(anonymous_13)
FN:113,(anonymous_14)
FN:120,(anonymous_15)
FN:129,(anonymous_16)
FN:137,(anonymous_17)
FN:176,(anonymous_18)
FN:198,(anonymous_19)
FN:215,(anonymous_20)
FN:232,(anonymous_21)
FN:238,(anonymous_22)
FN:244,(anonymous_23)
FN:281,(anonymous_24)
FN:293,(anonymous_25)
FN:305,(anonymous_26)
FN:312,(anonymous_27)
FN:319,(anonymous_28)
FN:320,(anonymous_29)
FN:353,(anonymous_30)
FN:393,asegurarDatosFormulario
FN:408,construirOpcionesEstado
FN:411,(anonymous_33)
FN:417,construirOpcionesSexo
FN:425,construirOpcionesPotrero
FN:428,(anonymous_36)
FN:434,construirOpcionesPropietario
FN:437,(anonymous_38)
FN:444,generarFormularioEdicion
FN:477,validarYConstruirUpdate
FN:493,validarCapacidadPotrero
FN:494,(anonymous_42)
FN:512,construirUpdateData
FN:534,limpiarCampos
FN:536,(anonymous_45)
FN:540,mostrarModalEditarAnimal
FN:547,(anonymous_47)
FN:548,(anonymous_48)
FN:553,actualizarAnimal
FN:576,(anonymous_50)
FN:577,(anonymous_51)
FN:596,(anonymous_52)
FN:601,(anonymous_53)
FN:620,(anonymous_54)
FN:635,(anonymous_55)
FN:642,(anonymous_56)
FN:654,(anonymous_57)
FN:684,(anonymous_58)
FN:711,(anonymous_59)
FN:721,(anonymous_60)
FN:750,(anonymous_61)
FN:792,(anonymous_62)
FN:798,(anonymous_63)
FN:824,(anonymous_64)
FN:869,(anonymous_65)
FN:874,(anonymous_66)
FN:885,(anonymous_67)
FN:892,(anonymous_68)
FN:899,(anonymous_69)
FNF:70
FNH:34
FNDA:1,(anonymous_0)
FNDA:0,(anonymous_1)
FNDA:1,(anonymous_2)
FNDA:3,(anonymous_3)
FNDA:0,(anonymous_4)
FNDA:5,(anonymous_5)
FNDA:3,(anonymous_6)
FNDA:5,(anonymous_7)
FNDA:0,(anonymous_8)
FNDA:0,(anonymous_9)
FNDA:0,(anonymous_10)
FNDA:0,(anonymous_11)
FNDA:0,(anonymous_12)
FNDA:0,(anonymous_13)
FNDA:0,(anonymous_14)
FNDA:0,(anonymous_15)
FNDA:2,(anonymous_16)
FNDA:1,(anonymous_17)
FNDA:4,(anonymous_18)
FNDA:0,(anonymous_19)
FNDA:0,(anonymous_20)
FNDA:2,(anonymous_21)
FNDA:3,(anonymous_22)
FNDA:3,(anonymous_23)
FNDA:3,(anonymous_24)
FNDA:3,(anonymous_25)
FNDA:4,(anonymous_26)
FNDA:3,(anonymous_27)
FNDA:0,(anonymous_28)
FNDA:2,(anonymous_29)
FNDA:1,(anonymous_30)
FNDA:2,asegurarDatosFormulario
FNDA:1,construirOpcionesEstado
FNDA:1,(anonymous_33)
FNDA:1,construirOpcionesSexo
FNDA:1,construirOpcionesPotrero
FNDA:0,(anonymous_36)
FNDA:0,construirOpcionesPropietario
FNDA:1,(anonymous_38)
FNDA:0,generarFormularioEdicion
FNDA:0,validarYConstruirUpdate
FNDA:0,validarCapacidadPotrero
FNDA:0,(anonymous_42)
FNDA:0,construirUpdateData
FNDA:0,limpiarCampos
FNDA:0,(anonymous_45)
FNDA:1,mostrarModalEditarAnimal
FNDA:0,(anonymous_47)
FNDA:0,(anonymous_48)
FNDA:0,actualizarAnimal
FNDA:2,(anonymous_50)
FNDA:1,(anonymous_51)
FNDA:0,(anonymous_52)
FNDA:0,(anonymous_53)
FNDA:1,(anonymous_54)
FNDA:0,(anonymous_55)
FNDA:1,(anonymous_56)
FNDA:0,(anonymous_57)
FNDA:1,(anonymous_58)
FNDA:0,(anonymous_59)
FNDA:0,(anonymous_60)
FNDA:0,(anonymous_61)
FNDA:0,(anonymous_62)
FNDA:0,(anonymous_63)
FNDA:0,(anonymous_64)
FNDA:0,(anonymous_65)
FNDA:1,(anonymous_66)
FNDA:3,(anonymous_67)
FNDA:2,(anonymous_68)
FNDA:2,(anonymous_69)
DA:7,1
DA:8,0
DA:9,0
DA:10,1
DA:11,0
DA:12,0
DA:13,1
DA:15,1
DA:17,1
DA:18,1
DA:19,1
DA:20,0
DA:26,0
DA:27,0
DA:30,0
DA:31,3
DA:32,1
DA:33,1
DA:34,1
DA:35,1
DA:38,0
DA:39,5
DA:40,5
DA:41,4
DA:42,3
DA:45,0
DA:46,3
DA:47,1
DA:48,1
DA:49,1
DA:52,0
DA:53,5
DA:54,5
DA:55,4
DA:56,3
DA:60,0
DA:66,0
DA:69,0
DA:72,0
DA:74,1
DA:75,0
DA:78,0
DA:79,0
DA:80,0
DA:81,0
DA:85,0
DA:86,0
DA:87,0
DA:88,0
DA:92,0
DA:93,0
DA:94,0
DA:95,0
DA:99,0
DA:100,0
DA:101,0
DA:102,0
DA:106,0
DA:107,0
DA:108,0
DA:109,0
DA:113,0
DA:114,0
DA:115,0
DA:116,0
DA:120,0
DA:121,0
DA:122,0
DA:123,0
DA:129,0
DA:130,2
DA:131,0
DA:132,0
DA:137,0
DA:138,1
DA:140,1
DA:143,1
DA:145,1
DA:146,1
DA:149,1
DA:152,1
DA:153,0
DA:156,1
DA:162,1
DA:163,0
DA:166,1
DA:168,0
DA:169,0
DA:171,0
DA:172,0
DA:176,0
DA:177,4
DA:178,4
DA:179,4
DA:180,4
DA:181,4
DA:182,4
DA:184,4
DA:188,3
DA:190,1
DA:191,1
DA:193,0
DA:194,0
DA:198,0
DA:199,0
DA:200,0
DA:205,2
DA:207,1
DA:208,1
DA:210,0
DA:215,0
DA:216,0
DA:217,0
DA:218,0
DA:219,0
DA:220,0
DA:224,4
DA:225,4
DA:227,4
DA:230,4
DA:232,1
DA:233,2
DA:234,2
DA:238,3
DA:239,3
DA:240,3
DA:244,4
DA:264,4
DA:267,0
DA:268,0
DA:271,0
DA:272,0
DA:274,0
DA:276,4
DA:281,0
DA:282,3
DA:283,2
DA:284,2
DA:285,2
DA:286,2
DA:287,2
DA:288,2
DA:290,2
DA:293,0
DA:294,3
DA:295,2
DA:297,2
DA:298,2
DA:305,0
DA:306,4
DA:307,3
DA:308,2
DA:309,1
DA:312,0
DA:313,3
DA:314,2
DA:315,1
DA:319,0
DA:320,2
DA:321,1
DA:324,2
DA:325,2
DA:326,1
DA:328,0
DA:329,0
DA:330,0
DA:332,0
DA:333,0
DA:335,0
DA:355,1
DA:356,1
DA:357,0
DA:362,0
DA:365,0
DA:367,0
DA:368,0
DA:370,0
DA:394,2
DA:396,0
DA:397,0
DA:402,0
DA:403,0
DA:404,0
DA:409,1
DA:412,1
DA:418,1
DA:426,1
DA:429,0
DA:435,1
DA:438,1
DA:439,1
DA:445,0
DA:478,0
DA:479,0
DA:480,0
DA:481,0
DA:484,0
DA:485,0
DA:486,0
DA:489,0
DA:490,0
DA:494,0
DA:495,0
DA:497,0
DA:498,0
DA:499,0
DA:500,0
DA:502,0
DA:503,0
DA:506,0
DA:509,0
DA:513,0
DA:514,0
DA:515,0
DA:516,0
DA:517,0
DA:518,0
DA:519,0
DA:521,0
DA:531,0
DA:535,0
DA:536,0
DA:541,1
DA:547,0
DA:549,0
DA:554,0
DA:555,0
DA:561,0
DA:562,0
DA:564,0
DA:565,0
DA:566,0
DA:568,0
DA:571,0
DA:572,0
DA:576,0
DA:577,2
DA:578,2
DA:580,1
DA:581,1
DA:583,0
DA:586,1
DA:587,1
DA:588,1
DA:589,1
DA:591,1
DA:597,0
DA:601,0
DA:602,0
DA:603,0
DA:605,0
DA:608,0
DA:620,1
DA:635,0
DA:643,1
DA:644,1
DA:655,0
DA:656,0
DA:657,0
DA:658,0
DA:659,0
DA:660,0
DA:661,0
DA:662,0
DA:664,0
DA:665,0
DA:666,0
DA:669,0
DA:671,0
DA:682,0
DA:685,1
DA:687,0
DA:688,0
DA:694,0
DA:696,0
DA:697,0
DA:700,0
DA:701,0
DA:702,0
DA:703,0
DA:705,0
DA:706,0
DA:711,0
DA:713,0
DA:714,0
DA:716,0
DA:717,0
DA:718,0
DA:721,0
DA:722,0
DA:725,0
DA:751,0
DA:752,0
DA:754,0
DA:755,0
DA:756,0
DA:759,0
DA:763,0
DA:764,0
DA:765,0
DA:771,0
DA:773,0
DA:774,0
DA:775,0
DA:776,0
DA:777,0
DA:778,0
DA:780,0
DA:783,0
DA:784,0
DA:785,0
DA:789,0
DA:792,1
DA:794,0
DA:795,0
DA:796,0
DA:798,0
DA:799,0
DA:802,0
DA:825,0
DA:826,0
DA:827,0
DA:828,0
DA:830,0
DA:834,0
DA:835,0
DA:836,0
DA:842,0
DA:844,0
DA:845,0
DA:846,0
DA:847,0
DA:848,0
DA:849,0
DA:851,0
DA:854,0
DA:855,0
DA:856,0
DA:860,0
DA:862,0
DA:863,0
DA:864,0
DA:869,1
DA:870,0
DA:874,1
DA:875,1
DA:876,1
DA:877,1
DA:879,1
DA:880,1
DA:881,1
DA:885,1
DA:886,3
DA:887,2
DA:888,2
DA:892,1
DA:893,2
DA:894,2
DA:895,2
DA:899,1
DA:900,2
LF:361
LH:129
BRDA:18,0,0,1
BRDA:18,0,1,0
BRDA:19,1,0,1
BRDA:19,1,1,-1
BRDA:27,2,0,0
BRDA:27,2,1,0
BRDA:30,3,0,3
BRDA:31,4,0,2
BRDA:31,4,1,1
BRDA:34,5,0,0
BRDA:34,5,1,1
BRDA:38,6,0,5
BRDA:39,7,0,0
BRDA:39,7,1,5
BRDA:40,8,0,1
BRDA:40,8,1,4
BRDA:41,9,0,1
BRDA:41,9,1,3
BRDA:45,10,0,3
BRDA:46,11,0,2
BRDA:46,11,1,1
BRDA:48,12,0,0
BRDA:48,12,1,1
BRDA:52,13,0,5
BRDA:53,14,0,0
BRDA:53,14,1,5
BRDA:54,15,0,1
BRDA:54,15,1,4
BRDA:55,16,0,1
BRDA:55,16,1,3
BRDA:80,17,0,0
BRDA:80,17,1,0
BRDA:87,18,0,0
BRDA:87,18,1,0
BRDA:94,19,0,0
BRDA:94,19,1,0
BRDA:101,20,0,0
BRDA:101,20,1,0
BRDA:108,21,0,0
BRDA:108,21,1,0
BRDA:115,22,0,0
BRDA:115,22,1,0
BRDA:122,23,0,0
BRDA:122,23,1,0
BRDA:130,24,0,0
BRDA:130,24,1,2
BRDA:152,25,0,0
BRDA:152,25,1,1
BRDA:162,26,0,0
BRDA:162,26,1,1
BRDA:168,27,0,0
BRDA:168,27,1,0
BRDA:176,28,0,4
BRDA:176,29,0,4
BRDA:180,30,0,2
BRDA:180,30,1,2
BRDA:181,31,0,0
BRDA:181,31,1,4
BRDA:182,32,0,2
BRDA:182,32,1,2
BRDA:188,33,0,3
BRDA:188,33,1,0
BRDA:190,34,0,1
BRDA:190,34,1,0
BRDA:205,35,0,2
BRDA:205,35,1,0
BRDA:207,36,0,1
BRDA:207,36,1,0
BRDA:215,37,0,0
BRDA:225,38,0,4
BRDA:225,38,1,1
BRDA:227,39,0,4
BRDA:227,39,1,0
BRDA:227,40,0,4
BRDA:227,40,1,4
BRDA:230,41,0,1
BRDA:230,41,1,3
BRDA:240,42,0,3
BRDA:240,42,1,3
BRDA:256,43,0,3
BRDA:256,43,1,3
BRDA:258,44,0,3
BRDA:258,44,1,2
BRDA:258,44,2,2
BRDA:261,45,0,1
BRDA:261,45,1,2
BRDA:271,46,0,0
BRDA:271,46,1,0
BRDA:282,47,0,1
BRDA:282,47,1,2
BRDA:287,48,0,2
BRDA:287,48,1,0
BRDA:287,49,0,2
BRDA:287,49,1,0
BRDA:287,49,2,0
BRDA:294,50,0,1
BRDA:294,50,1,2
BRDA:306,51,0,1
BRDA:306,51,1,3
BRDA:307,52,0,1
BRDA:307,52,1,2
BRDA:308,53,0,1
BRDA:308,53,1,1
BRDA:313,54,0,1
BRDA:313,54,1,2
BRDA:314,55,0,1
BRDA:314,55,1,1
BRDA:321,56,0,1
BRDA:321,56,1,-1
BRDA:326,57,0,0
BRDA:326,57,1,1
BRDA:329,58,0,0
BRDA:329,58,1,0
BRDA:339,59,0,0
BRDA:339,59,1,0
BRDA:340,60,0,0
BRDA:340,60,1,0
BRDA:341,61,0,0
BRDA:341,61,1,0
BRDA:343,62,0,0
BRDA:343,62,1,0
BRDA:344,63,0,0
BRDA:344,63,1,0
BRDA:345,64,0,0
BRDA:345,64,1,0
BRDA:345,64,2,0
BRDA:348,65,0,0
BRDA:348,65,1,0
BRDA:362,66,0,0
BRDA:362,66,1,0
BRDA:374,67,0,0
BRDA:374,67,1,0
BRDA:375,68,0,0
BRDA:375,68,1,0
BRDA:376,69,0,0
BRDA:376,69,1,0
BRDA:378,70,0,0
BRDA:378,70,1,0
BRDA:379,71,0,0
BRDA:379,71,1,0
BRDA:380,72,0,0
BRDA:380,72,1,0
BRDA:383,73,0,0
BRDA:383,73,1,0
BRDA:393,74,0,2
BRDA:394,75,0,2
BRDA:394,75,1,0
BRDA:394,76,0,2
BRDA:394,76,1,2
BRDA:412,77,0,1
BRDA:412,77,1,0
BRDA:420,78,0,0
BRDA:420,78,1,1
BRDA:421,79,0,1
BRDA:421,79,1,0
BRDA:429,80,0,0
BRDA:429,80,1,0
BRDA:439,81,0,1
BRDA:439,81,1,0
BRDA:452,82,0,0
BRDA:452,82,1,0
BRDA:456,83,0,0
BRDA:456,83,1,0
BRDA:479,84,0,0
BRDA:479,84,1,0
BRDA:485,85,0,0
BRDA:485,85,1,0
BRDA:485,86,0,0
BRDA:485,86,1,0
BRDA:493,87,0,0
BRDA:495,88,0,0
BRDA:495,88,1,0
BRDA:498,89,0,0
BRDA:498,89,1,0
BRDA:499,90,0,0
BRDA:499,90,1,0
BRDA:500,91,0,0
BRDA:500,91,1,0
BRDA:502,92,0,0
BRDA:502,92,1,0
BRDA:502,93,0,0
BRDA:502,93,1,0
BRDA:523,94,0,0
BRDA:523,94,1,0
BRDA:524,95,0,0
BRDA:524,95,1,0
BRDA:525,96,0,0
BRDA:525,96,1,0
BRDA:526,97,0,0
BRDA:526,97,1,0
BRDA:527,98,0,0
BRDA:527,98,1,0
BRDA:528,99,0,0
BRDA:528,99,1,0
BRDA:536,100,0,0
BRDA:536,100,1,0
BRDA:549,101,0,0
BRDA:549,101,1,0
BRDA:562,102,0,0
BRDA:562,102,1,0
BRDA:562,103,0,0
BRDA:562,103,1,0
BRDA:562,104,0,0
BRDA:562,104,1,0
BRDA:568,105,0,0
BRDA:568,105,1,0
BRDA:578,106,0,1
BRDA:578,106,1,1
BRDA:664,107,0,0
BRDA:664,107,1,0
BRDA:664,108,0,0
BRDA:664,108,1,0
BRDA:664,108,2,0
BRDA:664,108,3,0
BRDA:664,108,4,0
BRDA:673,109,0,0
BRDA:673,109,1,0
BRDA:678,110,0,0
BRDA:678,110,1,0
BRDA:679,111,0,0
BRDA:679,111,1,0
BRDA:685,112,0,1
BRDA:685,112,1,0
BRDA:696,113,0,0
BRDA:696,113,1,0
BRDA:696,114,0,0
BRDA:696,114,1,0
BRDA:697,115,0,0
BRDA:697,115,1,0
BRDA:703,116,0,0
BRDA:703,116,1,0
BRDA:711,117,0,0
BRDA:754,118,0,0
BRDA:754,118,1,0
BRDA:759,119,0,0
BRDA:759,119,1,0
BRDA:763,120,0,0
BRDA:763,120,1,0
BRDA:763,121,0,0
BRDA:763,121,1,0
BRDA:773,122,0,0
BRDA:773,122,1,0
BRDA:773,123,0,0
BRDA:773,123,1,0
BRDA:777,124,0,0
BRDA:777,124,1,0
BRDA:780,125,0,0
BRDA:780,125,1,0
BRDA:792,126,0,0
BRDA:796,127,0,0
BRDA:796,127,1,0
BRDA:796,127,2,0
BRDA:799,128,0,0
BRDA:799,128,1,0
BRDA:799,129,0,0
BRDA:799,129,1,0
BRDA:826,130,0,0
BRDA:826,130,1,0
BRDA:834,131,0,0
BRDA:834,131,1,0
BRDA:834,132,0,0
BRDA:834,132,1,0
BRDA:844,133,0,0
BRDA:844,133,1,0
BRDA:844,134,0,0
BRDA:844,134,1,0
BRDA:848,135,0,0
BRDA:848,135,1,0
BRDA:851,136,0,0
BRDA:851,136,1,0
BRDA:886,137,0,2
BRDA:886,137,1,1
BRDA:893,138,0,2
BRDA:893,138,1,0
BRF:274
BRH:84
end_of_record
TN:
SF:src\assets\js\perfil-admin.js
FN:5,(anonymous_0)
FN:29,(anonymous_1)
FN:42,(anonymous_2)
FN:55,(anonymous_3)
FN:62,(anonymous_4)
FN:75,(anonymous_5)
FN:87,(anonymous_6)
FN:101,(anonymous_7)
FN:106,(anonymous_8)
FNF:9
FNH:9
FNDA:15,(anonymous_0)
FNDA:13,(anonymous_1)
FNDA:13,(anonymous_2)
FNDA:2,(anonymous_3)
FNDA:2,(anonymous_4)
FNDA:2,(anonymous_5)
FNDA:1,(anonymous_6)
FNDA:2,(anonymous_7)
FNDA:1,(anonymous_8)
DA:6,15
DA:30,13
DA:31,2
DA:32,2
DA:35,11
DA:36,11
DA:37,11
DA:39,13
DA:43,13
DA:44,2
DA:56,2
DA:57,2
DA:59,2
DA:62,2
DA:64,1
DA:65,1
DA:67,1
DA:68,1
DA:69,1
DA:71,2
DA:76,2
DA:77,1
DA:78,1
DA:79,1
DA:82,1
DA:83,1
DA:85,1
DA:87,1
DA:89,1
DA:90,1
DA:91,1
DA:93,0
DA:94,0
DA:95,0
DA:97,1
DA:102,2
DA:103,1
DA:107,1
DA:108,1
LF:39
LH:36
BRDA:30,0,0,2
BRDA:30,0,1,11
BRDA:30,1,0,13
BRDA:30,1,1,12
BRDA:37,2,0,11
BRDA:37,2,1,10
BRDA:43,3,0,2
BRDA:43,3,1,11
BRDA:45,4,0,2
BRDA:45,4,1,0
BRDA:46,5,0,2
BRDA:46,5,1,1
BRDA:47,6,0,2
BRDA:47,6,1,1
BRDA:48,7,0,2
BRDA:48,7,1,1
BRDA:49,8,0,2
BRDA:49,8,1,1
BRDA:50,9,0,2
BRDA:50,9,1,1
BRDA:76,10,0,1
BRDA:76,10,1,1
BRDA:102,11,0,1
BRDA:102,11,1,1
BRF:24
BRH:23
end_of_record
TN:
SF:src\assets\js\perfil-usuario.js
FN:10,(anonymous_0)
FN:26,(anonymous_1)
FN:39,(anonymous_2)
FN:49,(anonymous_3)
FN:73,(anonymous_4)
FN:104,(anonymous_5)
FN:114,(anonymous_6)
FNF:7
FNH:7
FNDA:14,(anonymous_0)
FNDA:12,(anonymous_1)
FNDA:2,(anonymous_2)
FNDA:16,(anonymous_3)
FNDA:2,(anonymous_4)
FNDA:1,(anonymous_5)
FNDA:2,(anonymous_6)
DA:11,14
DA:27,12
DA:28,2
DA:29,2
DA:32,10
DA:33,10
DA:35,12
DA:40,2
DA:41,1
DA:50,16
DA:51,16
DA:52,14
DA:53,12
DA:54,12
DA:60,12
DA:62,2
DA:65,4
DA:66,4
DA:74,2
DA:75,2
DA:77,2
DA:78,2
DA:84,2
DA:85,1
DA:86,1
DA:87,1
DA:88,1
DA:89,1
DA:91,0
DA:94,1
DA:95,1
DA:97,2
DA:105,1
DA:106,1
DA:115,2
DA:116,1
LF:36
LH:35
BRDA:27,0,0,2
BRDA:27,0,1,10
BRDA:27,1,0,12
BRDA:27,1,1,11
BRDA:33,2,0,10
BRDA:33,2,1,0
BRDA:40,3,0,1
BRDA:40,3,1,1
BRDA:52,4,0,12
BRDA:52,4,1,2
BRDA:55,5,0,12
BRDA:55,5,1,10
BRDA:56,6,0,12
BRDA:56,6,1,10
BRDA:57,7,0,12
BRDA:57,7,1,10
BRDA:58,8,0,12
BRDA:58,8,1,10
BRDA:62,9,0,2
BRDA:62,9,1,0
BRDA:65,10,0,4
BRDA:65,10,1,0
BRDA:85,11,0,1
BRDA:85,11,1,0
BRDA:86,12,0,1
BRDA:86,12,1,0
BRDA:91,13,0,0
BRDA:91,13,1,0
BRDA:94,14,0,1
BRDA:94,14,1,0
BRDA:115,15,0,1
BRDA:115,15,1,1
BRF:32
BRH:24
end_of_record
TN:
SF:src\assets\js\registro-vacunacion-admin.js
FN:5,(anonymous_0)
FN:10,(anonymous_1)
FN:17,(anonymous_2)
FN:31,(anonymous_3)
FN:44,collectAdminEditPayload
FN:80,(anonymous_5)
FNF:6
FNH:6
FNDA:2,(anonymous_0)
FNDA:2,(anonymous_1)
FNDA:2,(anonymous_2)
FNDA:2,(anonymous_3)
FNDA:6,collectAdminEditPayload
FNDA:2,(anonymous_5)
DA:3,2
DA:5,2
DA:10,2
DA:17,2
DA:31,2
DA:45,6
DA:46,6
DA:47,6
DA:48,6
DA:49,6
DA:50,6
DA:52,6
DA:65,6
DA:66,3
DA:67,3
DA:70,6
DA:80,2
LF:17
LH:17
BRDA:10,0,0,1
BRDA:10,0,1,1
BRDA:17,1,0,1
BRDA:17,1,1,1
BRDA:22,2,0,1
BRDA:22,2,1,1
BRDA:26,3,0,1
BRDA:26,3,1,1
BRDA:31,4,0,1
BRDA:31,4,1,1
BRDA:37,5,0,1
BRDA:37,5,1,1
BRDA:38,6,0,1
BRDA:38,6,1,1
BRDA:56,7,0,5
BRDA:56,7,1,1
BRDA:58,8,0,6
BRDA:58,8,1,1
BRDA:65,9,0,3
BRDA:65,9,1,3
BRDA:65,10,0,6
BRDA:65,10,1,5
BRDA:65,10,2,4
BRF:23
BRH:23
end_of_record
TN:
SF:src\assets\js\registro-vacunacion-base.js
FN:9,(anonymous_0)
FN:29,(anonymous_1)
FN:46,(anonymous_2)
FN:57,(anonymous_3)
FN:58,(anonymous_4)
FN:88,(anonymous_5)
FN:92,(anonymous_6)
FN:114,(anonymous_7)
FN:124,(anonymous_8)
FN:130,(anonymous_9)
FN:136,(anonymous_10)
FN:141,(anonymous_11)
FN:152,(anonymous_12)
FN:159,(anonymous_13)
FN:170,(anonymous_14)
FN:186,(anonymous_15)
FN:220,(anonymous_16)
FN:224,(anonymous_17)
FN:225,(anonymous_18)
FN:244,(anonymous_19)
FN:245,(anonymous_20)
FN:259,(anonymous_21)
FN:286,(anonymous_22)
FNF:23
FNH:21
FNDA:2,(anonymous_0)
FNDA:1,(anonymous_1)
FNDA:26,(anonymous_2)
FNDA:7,(anonymous_3)
FNDA:7,(anonymous_4)
FNDA:25,(anonymous_5)
FNDA:30,(anonymous_6)
FNDA:4,(anonymous_7)
FNDA:4,(anonymous_8)
FNDA:5,(anonymous_9)
FNDA:2,(anonymous_10)
FNDA:3,(anonymous_11)
FNDA:3,(anonymous_12)
FNDA:3,(anonymous_13)
FNDA:3,(anonymous_14)
FNDA:0,(anonymous_15)
FNDA:1,(anonymous_16)
FNDA:2,(anonymous_17)
FNDA:1,(anonymous_18)
FNDA:3,(anonymous_19)
FNDA:3,(anonymous_20)
FNDA:0,(anonymous_21)
FNDA:2,(anonymous_22)
DA:4,2
DA:9,2
DA:29,2
DA:30,1
DA:31,1
DA:32,1
DA:34,1
DA:45,2
DA:47,26
DA:58,7
DA:60,7
DA:61,2
DA:62,2
DA:63,2
DA:64,2
DA:68,6
DA:71,5
DA:72,3
DA:73,3
DA:74,3
DA:78,4
DA:79,2
DA:80,2
DA:81,2
DA:84,3
DA:89,25
DA:93,30
DA:94,30
DA:95,30
DA:101,5
DA:102,30
DA:103,30
DA:105,30
DA:107,28
DA:108,28
DA:110,30
DA:115,4
DA:116,4
DA:117,3
DA:118,3
DA:120,1
DA:125,4
DA:126,2
DA:127,1
DA:131,5
DA:132,3
DA:133,2
DA:137,2
DA:138,1
DA:142,3
DA:144,3
DA:152,3
DA:159,3
DA:170,3
DA:187,0
DA:188,0
DA:189,0
DA:190,0
DA:191,0
DA:193,0
DA:194,0
DA:195,0
DA:198,0
DA:208,3
DA:209,2
DA:210,2
DA:211,1
DA:212,1
DA:214,1
DA:215,1
DA:221,1
DA:225,2
DA:226,2
DA:227,1
DA:245,3
DA:246,3
DA:248,2
DA:249,3
DA:250,3
DA:252,3
DA:260,0
DA:261,0
DA:262,0
DA:264,0
DA:265,0
DA:266,0
DA:268,0
DA:270,0
DA:274,2
DA:275,2
DA:276,2
DA:277,1
DA:278,1
DA:280,1
DA:281,1
DA:287,2
DA:288,2
DA:289,2
DA:300,2
DA:301,1
DA:302,1
DA:303,1
DA:304,1
DA:305,1
DA:306,1
DA:308,0
DA:309,0
DA:310,0
LF:108
LH:88
BRDA:14,0,0,2
BRDA:14,0,1,0
BRDA:15,1,0,0
BRDA:15,1,1,2
BRDA:20,2,0,2
BRDA:20,2,1,0
BRDA:24,3,0,2
BRDA:24,3,1,0
BRDA:38,4,0,1
BRDA:38,4,1,0
BRDA:39,5,0,1
BRDA:39,5,1,0
BRDA:60,6,0,2
BRDA:60,6,1,5
BRDA:64,7,0,1
BRDA:64,7,1,1
BRDA:64,8,0,2
BRDA:64,8,1,2
BRDA:68,9,0,1
BRDA:68,9,1,5
BRDA:68,10,0,6
BRDA:68,10,1,2
BRDA:71,11,0,3
BRDA:71,11,1,2
BRDA:71,12,0,5
BRDA:71,12,1,3
BRDA:74,13,0,1
BRDA:74,13,1,2
BRDA:78,14,0,2
BRDA:78,14,1,2
BRDA:78,15,0,4
BRDA:78,15,1,2
BRDA:81,16,0,1
BRDA:81,16,1,1
BRDA:101,17,0,5
BRDA:101,17,1,0
BRDA:102,18,0,30
BRDA:102,18,1,0
BRDA:103,19,0,30
BRDA:103,19,1,0
BRDA:118,20,0,3
BRDA:118,20,1,0
BRDA:125,21,0,2
BRDA:125,21,1,2
BRDA:126,22,0,1
BRDA:126,22,1,1
BRDA:131,23,0,2
BRDA:131,23,1,3
BRDA:132,24,0,1
BRDA:132,24,1,2
BRDA:133,25,0,2
BRDA:133,25,1,1
BRDA:137,26,0,1
BRDA:137,26,1,1
BRDA:193,27,0,0
BRDA:193,27,1,0
BRDA:193,28,0,0
BRDA:193,28,1,0
BRDA:193,28,2,0
BRDA:193,28,3,0
BRDA:208,29,0,2
BRDA:208,29,1,1
BRDA:226,30,0,1
BRDA:226,30,1,1
BRDA:233,31,0,1
BRDA:233,31,1,0
BRDA:234,32,0,1
BRDA:234,32,1,0
BRDA:246,33,0,1
BRDA:246,33,1,2
BRDA:248,34,0,2
BRDA:248,34,1,2
BRDA:249,35,0,3
BRDA:249,35,1,2
BRDA:250,36,0,3
BRDA:250,36,1,2
BRDA:261,37,0,0
BRDA:261,37,1,0
BRDA:264,38,0,0
BRDA:264,38,1,0
BRDA:265,39,0,0
BRDA:265,39,1,0
BRDA:274,40,0,2
BRDA:274,40,1,0
BRDA:274,41,0,2
BRDA:274,41,1,2
BRDA:300,42,0,1
BRDA:300,42,1,1
BRF:88
BRH:63
end_of_record
TN:
SF:src\assets\js\registro-vacunacion-usuario.js
FNF:0
FNH:0
DA:3,1
LF:1
LH:1
BRF:0
BRH:0
end_of_record
TN:
SF:src\assets\js\reportes-admin.js
FN:7,(anonymous_0)
FN:20,(anonymous_1)
FN:33,(anonymous_2)
FN:36,(anonymous_3)
FN:42,(anonymous_4)
FN:49,(anonymous_5)
FN:65,(anonymous_6)
FN:100,(anonymous_7)
FN:105,(anonymous_8)
FN:111,(anonymous_9)
FN:119,(anonymous_10)
FN:124,(anonymous_11)
FN:126,(anonymous_12)
FN:134,(anonymous_13)
FN:152,(anonymous_14)
FN:159,(anonymous_15)
FN:161,(anonymous_16)
FN:165,(anonymous_17)
FN:179,(anonymous_18)
FN:206,(anonymous_19)
FN:245,(anonymous_20)
FN:278,(anonymous_21)
FN:278,(anonymous_22)
FN:278,(anonymous_23)
FN:279,(anonymous_24)
FN:289,(anonymous_25)
FN:296,(anonymous_26)
FN:301,(anonymous_27)
FNF:28
FNH:26
FNDA:40,(anonymous_0)
FNDA:20,(anonymous_1)
FNDA:20,(anonymous_2)
FNDA:40,(anonymous_3)
FNDA:6,(anonymous_4)
FNDA:20,(anonymous_5)
FNDA:3,(anonymous_6)
FNDA:24,(anonymous_7)
FNDA:5,(anonymous_8)
FNDA:8,(anonymous_9)
FNDA:7,(anonymous_10)
FNDA:3,(anonymous_11)
FNDA:8,(anonymous_12)
FNDA:4,(anonymous_13)
FNDA:2,(anonymous_14)
FNDA:16,(anonymous_15)
FNDA:12,(anonymous_16)
FNDA:16,(anonymous_17)
FNDA:0,(anonymous_18)
FNDA:42,(anonymous_19)
FNDA:0,(anonymous_20)
FNDA:42,(anonymous_21)
FNDA:42,(anonymous_22)
FNDA:42,(anonymous_23)
FNDA:42,(anonymous_24)
FNDA:1,(anonymous_25)
FNDA:5,(anonymous_26)
FNDA:2,(anonymous_27)
DA:8,40
DA:9,40
DA:10,40
DA:11,40
DA:13,40
DA:20,40
DA:21,20
DA:22,5
DA:27,15
DA:28,5
DA:32,10
DA:33,20
DA:36,40
DA:37,40
DA:38,40
DA:39,40
DA:42,40
DA:43,6
DA:45,5
DA:46,6
DA:47,6
DA:49,6
DA:50,20
DA:51,20
DA:52,20
DA:53,20
DA:65,40
DA:66,3
DA:68,2
DA:100,40
DA:101,24
DA:102,21
DA:105,40
DA:106,5
DA:107,3
DA:108,1
DA:111,40
DA:112,8
DA:113,4
DA:115,4
DA:116,4
DA:119,40
DA:120,7
DA:121,5
DA:124,40
DA:125,3
DA:126,8
DA:134,40
DA:135,4
DA:136,0
DA:137,0
DA:140,4
DA:141,4
DA:143,4
DA:144,16
DA:145,16
DA:146,12
DA:147,12
DA:152,4
DA:154,2
DA:155,2
DA:156,0
DA:159,4
DA:160,16
DA:161,16
DA:163,16
DA:165,16
DA:176,4
DA:179,40
DA:180,0
DA:181,0
DA:183,0
DA:184,0
DA:186,0
DA:187,0
DA:188,0
DA:190,0
DA:191,0
DA:193,0
DA:194,0
DA:196,0
DA:197,0
DA:198,0
DA:200,0
DA:203,0
DA:206,40
DA:207,42
DA:209,4
DA:211,4
DA:213,4
DA:214,2
DA:215,2
DA:216,0
DA:217,0
DA:219,2
DA:222,2
DA:223,1
DA:224,1
DA:225,1
DA:226,1
DA:227,1
DA:230,1
DA:246,0
DA:247,0
DA:248,0
DA:249,0
DA:274,1
DA:277,40
DA:278,42
DA:280,42
DA:281,42
DA:282,42
DA:283,2
DA:289,40
DA:290,1
DA:291,0
DA:292,0
DA:296,40
DA:297,5
DA:298,2
DA:301,40
DA:302,2
DA:303,2
DA:304,2
DA:306,2
DA:307,1
DA:311,40
LF:127
LH:100
BRDA:21,0,0,5
BRDA:21,0,1,15
BRDA:23,1,0,5
BRDA:23,1,1,0
BRDA:24,2,0,5
BRDA:24,2,1,0
BRDA:27,3,0,5
BRDA:27,3,1,10
BRDA:29,4,0,5
BRDA:29,4,1,0
BRDA:32,5,0,10
BRDA:32,5,1,0
BRDA:43,6,0,1
BRDA:43,6,1,5
BRDA:45,7,0,5
BRDA:45,7,1,0
BRDA:46,8,0,6
BRDA:46,8,1,0
BRDA:47,9,0,6
BRDA:47,9,1,0
BRDA:50,10,0,20
BRDA:50,10,1,0
BRDA:51,11,0,20
BRDA:51,11,1,0
BRDA:52,12,0,20
BRDA:52,12,1,0
BRDA:57,13,0,20
BRDA:57,13,1,0
BRDA:58,14,0,20
BRDA:58,14,1,0
BRDA:59,15,0,20
BRDA:59,15,1,0
BRDA:60,16,0,20
BRDA:60,16,1,0
BRDA:66,17,0,1
BRDA:66,17,1,2
BRDA:72,18,0,2
BRDA:72,18,1,0
BRDA:73,19,0,3
BRDA:73,19,1,0
BRDA:79,20,0,3
BRDA:79,20,1,0
BRDA:80,21,0,3
BRDA:80,21,1,0
BRDA:86,22,0,3
BRDA:86,22,1,0
BRDA:87,23,0,3
BRDA:87,23,1,0
BRDA:93,24,0,3
BRDA:93,24,1,0
BRDA:94,25,0,3
BRDA:94,25,1,0
BRDA:95,26,0,3
BRDA:95,26,1,0
BRDA:101,27,0,3
BRDA:101,27,1,21
BRDA:106,28,0,2
BRDA:106,28,1,3
BRDA:107,29,0,2
BRDA:107,29,1,1
BRDA:112,30,0,4
BRDA:112,30,1,4
BRDA:112,31,0,8
BRDA:112,31,1,7
BRDA:112,31,2,6
BRDA:116,32,0,2
BRDA:116,32,1,2
BRDA:120,33,0,2
BRDA:120,33,1,5
BRDA:120,34,0,7
BRDA:120,34,1,6
BRDA:125,35,0,1
BRDA:125,35,1,2
BRDA:129,36,0,8
BRDA:129,36,1,0
BRDA:130,37,0,8
BRDA:130,37,1,0
BRDA:135,38,0,0
BRDA:135,38,1,4
BRDA:144,39,0,16
BRDA:144,39,1,0
BRDA:146,40,0,12
BRDA:146,40,1,0
BRDA:154,41,0,0
BRDA:154,41,1,2
BRDA:155,42,0,2
BRDA:155,42,1,0
BRDA:160,43,0,16
BRDA:160,43,1,0
BRDA:165,44,0,16
BRDA:165,44,1,4
BRDA:180,45,0,0
BRDA:180,45,1,0
BRDA:183,46,0,0
BRDA:183,46,1,0
BRDA:186,47,0,0
BRDA:186,47,1,0
BRDA:186,48,0,0
BRDA:186,48,1,0
BRDA:188,49,0,0
BRDA:188,49,1,0
BRDA:190,50,0,0
BRDA:190,50,1,0
BRDA:191,51,0,0
BRDA:191,51,1,0
BRDA:193,52,0,0
BRDA:193,52,1,0
BRDA:196,53,0,0
BRDA:196,53,1,0
BRDA:196,54,0,0
BRDA:196,54,1,0
BRDA:207,55,0,38
BRDA:207,55,1,4
BRDA:213,56,0,2
BRDA:213,56,1,2
BRDA:215,57,0,0
BRDA:215,57,1,2
BRDA:222,58,0,1
BRDA:222,58,1,1
BRDA:246,59,0,0
BRDA:246,59,1,0
BRDA:247,60,0,0
BRDA:247,60,1,0
BRDA:280,61,0,0
BRDA:280,61,1,42
BRDA:282,62,0,2
BRDA:282,62,1,40
BRDA:282,63,0,42
BRDA:282,63,1,38
BRDA:290,64,0,0
BRDA:290,64,1,1
BRDA:297,65,0,3
BRDA:297,65,1,2
BRDA:306,66,0,1
BRDA:306,66,1,1
BRDA:307,67,0,1
BRDA:307,67,1,0
BRF:137
BRH:78
end_of_record
TN:
SF:src\assets\js\reportes-usuario.js
FN:17,(anonymous_0)
FN:26,(anonymous_1)
FN:31,(anonymous_2)
FN:44,(anonymous_3)
FN:73,(anonymous_4)
FN:83,(anonymous_5)
FN:95,(anonymous_6)
FN:108,(anonymous_7)
FN:136,(anonymous_8)
FN:168,(anonymous_9)
FN:169,(anonymous_10)
FN:173,(anonymous_11)
FN:179,(anonymous_12)
FNF:13
FNH:13
FNDA:40,(anonymous_0)
FNDA:16,(anonymous_1)
FNDA:14,(anonymous_2)
FNDA:36,(anonymous_3)
FNDA:46,(anonymous_4)
FNDA:5,(anonymous_5)
FNDA:3,(anonymous_6)
FNDA:3,(anonymous_7)
FNDA:7,(anonymous_8)
FNDA:25,(anonymous_9)
FNDA:25,(anonymous_10)
FNDA:27,(anonymous_11)
FNDA:25,(anonymous_12)
DA:9,35
DA:10,35
DA:11,35
DA:12,35
DA:17,35
DA:18,40
DA:19,14
DA:20,40
DA:21,40
DA:22,40
DA:26,16
DA:31,14
DA:44,35
DA:45,36
DA:46,9
DA:73,35
DA:74,46
DA:75,43
DA:83,35
DA:84,5
DA:85,2
DA:86,2
DA:88,0
DA:95,35
DA:96,3
DA:97,3
DA:98,3
DA:99,3
DA:100,1
DA:108,35
DA:109,3
DA:110,3
DA:111,3
DA:112,3
DA:114,3
DA:115,9
DA:116,9
DA:117,9
DA:120,3
DA:136,35
DA:137,7
DA:139,7
DA:141,7
DA:143,3
DA:144,3
DA:145,1
DA:146,1
DA:147,1
DA:148,1
DA:151,2
DA:169,25
DA:170,25
DA:173,25
DA:174,27
DA:175,7
DA:179,25
DA:180,25
DA:181,0
DA:182,0
DA:186,25
LF:60
LH:57
BRDA:18,0,0,26
BRDA:18,0,1,14
BRDA:19,1,0,14
BRDA:19,1,1,3
BRDA:20,2,0,40
BRDA:20,2,1,4
BRDA:21,3,0,40
BRDA:21,3,1,4
BRDA:25,4,0,40
BRDA:25,4,1,3
BRDA:26,5,0,40
BRDA:26,5,1,6
BRDA:30,6,0,40
BRDA:30,6,1,4
BRDA:31,7,0,40
BRDA:31,7,1,6
BRDA:35,8,0,40
BRDA:35,8,1,4
BRDA:36,9,0,40
BRDA:36,9,1,6
BRDA:45,10,0,27
BRDA:45,10,1,9
BRDA:49,11,0,9
BRDA:49,11,1,0
BRDA:50,12,0,36
BRDA:50,12,1,3
BRDA:55,13,0,36
BRDA:55,13,1,1
BRDA:56,14,0,36
BRDA:56,14,1,3
BRDA:61,15,0,36
BRDA:61,15,1,1
BRDA:62,16,0,36
BRDA:62,16,1,3
BRDA:63,17,0,36
BRDA:63,17,1,3
BRDA:74,18,0,3
BRDA:74,18,1,43
BRDA:84,19,0,3
BRDA:84,19,1,2
BRDA:99,20,0,1
BRDA:99,20,1,2
BRDA:109,21,0,0
BRDA:109,21,1,3
BRDA:115,22,0,9
BRDA:115,22,1,0
BRDA:137,23,0,0
BRDA:137,23,1,7
BRDA:141,24,0,4
BRDA:141,24,1,3
BRDA:144,25,0,1
BRDA:144,25,1,2
BRDA:174,26,0,7
BRDA:174,26,1,20
BRDA:174,27,0,27
BRDA:174,27,1,25
BRDA:180,28,0,0
BRDA:180,28,1,25
BRF:58
BRH:53
end_of_record
TN:
SF:src\components\Footer.vue
FNF:0
FNH:0
DA:7,1
LF:1
LH:1
BRF:0
BRH:0
end_of_record
TN:
SF:src\components\GanadoDetailCard.vue
FN:279,(anonymous_0)
FN:280,(anonymous_1)
FN:281,(anonymous_2)
FN:282,(anonymous_3)
FN:290,(anonymous_4)
FN:298,(anonymous_5)
FN:310,(anonymous_6)
FN:314,(anonymous_7)
FN:321,(anonymous_8)
FN:325,(anonymous_9)
FN:330,(anonymous_10)
FN:335,(anonymous_11)
FN:340,(anonymous_12)
FN:347,(anonymous_13)
FN:352,(anonymous_14)
FN:361,(anonymous_15)
FN:36,(anonymous_16)
FN:51,(anonymous_17)
FN:223,(anonymous_18)
FN:232,(anonymous_19)
FN:241,(anonymous_20)
FNF:21
FNH:11
FNDA:1,(anonymous_0)
FNDA:1,(anonymous_1)
FNDA:1,(anonymous_2)
FNDA:0,(anonymous_3)
FNDA:1,(anonymous_4)
FNDA:0,(anonymous_5)
FNDA:4,(anonymous_6)
FNDA:4,(anonymous_7)
FNDA:1,(anonymous_8)
FNDA:1,(anonymous_9)
FNDA:1,(anonymous_10)
FNDA:0,(anonymous_11)
FNDA:1,(anonymous_12)
FNDA:1,(anonymous_13)
FNDA:0,(anonymous_14)
FNDA:0,(anonymous_15)
FNDA:0,(anonymous_16)
FNDA:0,(anonymous_17)
FNDA:0,(anonymous_18)
FNDA:0,(anonymous_19)
FNDA:0,(anonymous_20)
DA:2,4
DA:3,4
DA:4,4
DA:5,4
DA:9,4
DA:16,4
DA:28,4
DA:36,0
DA:44,4
DA:45,4
DA:51,0
DA:66,4
DA:67,4
DA:69,4
DA:71,4
DA:73,4
DA:75,4
DA:77,4
DA:79,4
DA:81,4
DA:83,4
DA:85,4
DA:87,4
DA:89,4
DA:93,4
DA:98,4
DA:99,4
DA:101,4
DA:103,4
DA:105,4
DA:107,4
DA:109,4
DA:122,4
DA:124,4
DA:126,4
DA:128,4
DA:130,4
DA:132,4
DA:134,4
DA:136,4
DA:138,4
DA:140,4
DA:142,4
DA:144,4
DA:146,4
DA:148,4
DA:162,4
DA:163,4
DA:167,4
DA:173,4
DA:174,4
DA:176,4
DA:178,4
DA:180,4
DA:182,4
DA:184,4
DA:200,4
DA:201,4
DA:205,4
DA:211,4
DA:214,4
DA:222,4
DA:223,0
DA:227,4
DA:232,0
DA:241,0
DA:257,1
DA:264,1
DA:270,1
DA:277,1
DA:279,1
DA:280,1
DA:281,1
DA:282,1
DA:283,0
DA:290,1
DA:291,1
DA:292,1
DA:293,1
DA:294,1
DA:295,1
DA:298,1
DA:299,0
DA:300,0
DA:304,0
DA:305,0
DA:307,0
DA:310,1
DA:311,4
DA:314,1
DA:315,4
DA:316,4
DA:317,4
DA:318,4
DA:321,1
DA:322,1
DA:325,1
DA:326,1
DA:327,1
DA:330,1
DA:331,1
DA:332,1
DA:335,1
DA:336,0
DA:337,0
DA:340,1
DA:341,1
DA:342,1
DA:343,1
DA:344,1
DA:347,1
DA:348,1
DA:349,1
DA:352,1
DA:353,0
DA:354,0
DA:355,0
DA:356,0
DA:357,0
DA:358,0
DA:361,1
DA:362,0
DA:363,0
DA:364,0
DA:365,0
DA:366,0
LF:126
LH:102
BRDA:279,0,0,1
BRDA:279,0,1,0
BRDA:284,1,0,0
BRDA:284,1,1,0
BRDA:284,1,2,0
BRDA:291,2,0,0
BRDA:291,2,1,1
BRDA:291,3,0,1
BRDA:291,3,1,0
BRDA:292,4,0,0
BRDA:292,4,1,1
BRDA:293,5,0,0
BRDA:293,5,1,1
BRDA:293,6,0,1
BRDA:293,6,1,0
BRDA:294,7,0,0
BRDA:294,7,1,1
BRDA:299,8,0,0
BRDA:299,8,1,0
BRDA:300,9,0,0
BRDA:300,9,1,0
BRDA:304,10,0,0
BRDA:304,10,1,0
BRDA:311,11,0,4
BRDA:311,11,1,0
BRDA:311,12,0,4
BRDA:311,12,1,4
BRDA:315,13,0,0
BRDA:315,13,1,4
BRDA:317,14,0,0
BRDA:317,14,1,4
BRDA:326,15,0,0
BRDA:326,15,1,1
BRDA:327,16,0,0
BRDA:327,16,1,1
BRDA:331,17,0,0
BRDA:331,17,1,1
BRDA:336,18,0,0
BRDA:336,18,1,0
BRDA:341,19,0,0
BRDA:341,19,1,1
BRDA:343,20,0,0
BRDA:343,20,1,1
BRDA:349,21,0,1
BRDA:349,21,1,0
BRDA:353,22,0,0
BRDA:353,22,1,0
BRDA:355,23,0,0
BRDA:355,23,1,0
BRDA:358,24,0,0
BRDA:358,24,1,0
BRDA:362,25,0,0
BRDA:362,25,1,0
BRDA:364,26,0,0
BRDA:364,26,1,0
BRDA:11,27,0,1
BRDA:11,27,1,1
BRDA:12,28,0,1
BRDA:12,28,1,0
BRDA:14,29,0,1
BRDA:14,29,1,1
BRDA:17,30,0,1
BRDA:17,30,1,0
BRDA:18,31,0,1
BRDA:18,31,1,0
BRDA:19,32,0,0
BRDA:19,32,1,1
BRDA:26,33,0,0
BRDA:26,33,1,0
BRDA:29,34,0,0
BRDA:29,34,1,0
BRDA:33,35,0,0
BRDA:33,35,1,0
BRDA:36,36,0,0
BRDA:36,36,1,0
BRDA:39,37,0,0
BRDA:39,37,1,0
BRDA:40,38,0,0
BRDA:40,38,1,0
BRDA:61,39,0,1
BRDA:61,39,1,0
BRDA:102,40,0,1
BRDA:102,40,1,1
BRDA:106,41,0,1
BRDA:106,41,1,1
BRDA:110,42,0,1
BRDA:110,42,1,1
BRDA:116,43,0,0
BRDA:116,43,1,0
BRDA:121,44,0,0
BRDA:121,44,1,0
BRDA:155,45,0,0
BRDA:155,45,1,0
BRDA:160,46,0,0
BRDA:160,46,1,0
BRDA:161,47,0,0
BRDA:161,47,1,0
BRDA:161,47,2,0
BRDA:166,48,0,0
BRDA:166,48,1,0
BRDA:168,49,0,0
BRDA:168,49,1,0
BRDA:169,50,0,0
BRDA:169,50,1,0
BRDA:170,51,0,0
BRDA:170,51,1,0
BRDA:177,52,0,0
BRDA:177,52,1,0
BRDA:181,53,0,0
BRDA:181,53,1,0
BRDA:185,54,0,0
BRDA:185,54,1,0
BRDA:198,55,0,0
BRDA:198,55,1,0
BRDA:199,56,0,0
BRDA:199,56,1,0
BRDA:199,56,2,0
BRDA:204,57,0,0
BRDA:204,57,1,0
BRDA:206,58,0,0
BRDA:206,58,1,0
BRDA:213,59,0,0
BRDA:213,59,1,0
BRDA:216,60,0,0
BRDA:216,60,1,0
BRDA:223,61,0,1
BRDA:223,61,1,1
BRDA:223,62,0,1
BRDA:223,62,1,1
BRDA:229,63,0,1
BRDA:229,63,1,0
BRDA:232,64,0,1
BRDA:232,64,1,1
BRDA:232,65,0,1
BRDA:232,65,1,1
BRDA:238,66,0,1
BRDA:238,66,1,0
BRDA:241,67,0,1
BRDA:241,67,1,1
BRDA:241,68,0,1
BRDA:241,68,1,1
BRF:141
BRH:47
end_of_record
TN:
SF:src\components\Header.vue
FNF:0
FNH:0
DA:7,1
LF:1
LH:1
BRF:0
BRH:0
end_of_record
TN:
SF:src\components\HeaderDashboard.vue
FN:25,(anonymous_0)
FN:31,(anonymous_1)
FN:37,(anonymous_2)
FN:14,(anonymous_3)
FNF:4
FNH:2
FNDA:1,(anonymous_0)
FNDA:1,(anonymous_1)
FNDA:0,(anonymous_2)
FNDA:0,(anonymous_3)
DA:2,1
DA:4,1
DA:8,1
DA:14,0
DA:23,1
DA:26,1
DA:32,1
DA:33,1
DA:34,1
DA:38,0
DA:39,0
LF:11
LH:8
BRDA:33,0,0,1
BRDA:33,0,1,1
BRDA:33,0,2,1
BRDA:34,1,0,0
BRDA:34,1,1,1
BRDA:6,2,0,2
BRDA:6,2,1,1
BRDA:14,3,0,2
BRDA:14,3,1,1
BRDA:14,4,0,0
BRDA:14,4,1,0
BRF:11
BRH:8
end_of_record
TN:
SF:src\components\HelloWorld.vue
FN:15,(anonymous_0)
FNF:1
FNH:1
FNDA:1,(anonymous_0)
DA:8,2
DA:14,1
DA:15,1
LF:3
LH:3
BRDA:15,0,0,3
BRDA:15,0,1,2
BRDA:36,1,0,3
BRDA:36,1,1,2
BRF:4
BRH:4
end_of_record
TN:
SF:src\components\QrScanner.vue
FN:233,(anonymous_0)
FN:236,(anonymous_1)
FN:245,(anonymous_2)
FN:255,(anonymous_3)
FN:257,(anonymous_4)
FN:259,(anonymous_5)
FN:268,(anonymous_6)
FN:273,(anonymous_7)
FN:274,(anonymous_8)
FN:276,(anonymous_9)
FN:283,(anonymous_10)
FN:290,(anonymous_11)
FN:301,(anonymous_12)
FN:307,(anonymous_13)
FN:311,(anonymous_14)
FN:327,(anonymous_15)
FN:337,(anonymous_16)
FN:347,(anonymous_17)
FN:376,(anonymous_18)
FN:384,(anonymous_19)
FN:392,(anonymous_20)
FN:409,(anonymous_21)
FN:420,(anonymous_22)
FN:422,(anonymous_23)
FN:451,(anonymous_24)
FN:469,(anonymous_25)
FN:474,(anonymous_26)
FN:503,(anonymous_27)
FN:516,(anonymous_28)
FN:538,(anonymous_29)
FN:549,(anonymous_30)
FN:555,(anonymous_31)
FN:569,(anonymous_32)
FN:638,(anonymous_33)
FN:645,(anonymous_34)
FN:655,(anonymous_35)
FN:659,(anonymous_36)
FN:669,(anonymous_37)
FN:673,(anonymous_38)
FN:677,(anonymous_39)
FN:685,(anonymous_40)
FN:690,(anonymous_41)
FN:694,(anonymous_42)
FN:698,(anonymous_43)
FN:721,(anonymous_44)
FN:735,(anonymous_45)
FN:740,(anonymous_46)
FN:750,(anonymous_47)
FN:34,(anonymous_48)
FNF:49
FNH:10
FNDA:9,(anonymous_0)
FNDA:72,(anonymous_1)
FNDA:0,(anonymous_2)
FNDA:0,(anonymous_3)
FNDA:0,(anonymous_4)
FNDA:0,(anonymous_5)
FNDA:9,(anonymous_6)
FNDA:9,(anonymous_7)
FNDA:9,(anonymous_8)
FNDA:18,(anonymous_9)
FNDA:18,(anonymous_10)
FNDA:9,(anonymous_11)
FNDA:9,(anonymous_12)
FNDA:0,(anonymous_13)
FNDA:0,(anonymous_14)
FNDA:0,(anonymous_15)
FNDA:0,(anonymous_16)
FNDA:0,(anonymous_17)
FNDA:0,(anonymous_18)
FNDA:0,(anonymous_19)
FNDA:0,(anonymous_20)
FNDA:0,(anonymous_21)
FNDA:0,(anonymous_22)
FNDA:0,(anonymous_23)
FNDA:0,(anonymous_24)
FNDA:0,(anonymous_25)
FNDA:0,(anonymous_26)
FNDA:0,(anonymous_27)
FNDA:0,(anonymous_28)
FNDA:0,(anonymous_29)
FNDA:0,(anonymous_30)
FNDA:0,(anonymous_31)
FNDA:0,(anonymous_32)
FNDA:0,(anonymous_33)
FNDA:0,(anonymous_34)
FNDA:0,(anonymous_35)
FNDA:0,(anonymous_36)
FNDA:0,(anonymous_37)
FNDA:0,(anonymous_38)
FNDA:0,(anonymous_39)
FNDA:0,(anonymous_40)
FNDA:0,(anonymous_41)
FNDA:0,(anonymous_42)
FNDA:0,(anonymous_43)
FNDA:0,(anonymous_44)
FNDA:0,(anonymous_45)
FNDA:9,(anonymous_46)
FNDA:0,(anonymous_47)
FNDA:0,(anonymous_48)
DA:2,3
DA:3,3
DA:4,3
DA:5,3
DA:9,3
DA:11,3
DA:16,3
DA:17,3
DA:23,3
DA:33,0
DA:91,9
DA:92,3
DA:93,3
DA:204,9
DA:209,9
DA:216,9
DA:231,9
DA:233,9
DA:234,9
DA:235,9
DA:236,72
DA:238,9
DA:239,9
DA:240,9
DA:242,9
DA:243,9
DA:245,9
DA:246,0
DA:247,0
DA:248,0
DA:249,0
DA:250,0
DA:251,0
DA:252,0
DA:255,9
DA:257,9
DA:259,9
DA:260,0
DA:261,0
DA:262,0
DA:263,0
DA:264,0
DA:265,0
DA:268,9
DA:269,9
DA:270,9
DA:273,9
DA:274,9
DA:276,9
DA:277,18
DA:278,9
DA:279,9
DA:280,9
DA:283,9
DA:284,18
DA:285,9
DA:286,9
DA:287,9
DA:290,9
DA:291,9
DA:297,9
DA:298,9
DA:301,9
DA:302,9
DA:303,9
DA:304,9
DA:307,9
DA:308,0
DA:311,9
DA:312,0
DA:313,0
DA:314,0
DA:315,0
DA:318,0
DA:327,9
DA:328,0
DA:329,0
DA:330,0
DA:331,0
DA:332,0
DA:333,0
DA:335,0
DA:336,0
DA:337,0
DA:338,0
DA:339,0
DA:342,0
DA:343,0
DA:347,9
DA:348,0
DA:349,0
DA:350,0
DA:352,0
DA:353,0
DA:354,0
DA:355,0
DA:356,0
DA:357,0
DA:358,0
DA:360,0
DA:361,0
DA:367,0
DA:368,0
DA:369,0
DA:371,0
DA:372,0
DA:376,9
DA:377,0
DA:378,0
DA:379,0
DA:380,0
DA:381,0
DA:384,9
DA:385,0
DA:386,0
DA:387,0
DA:388,0
DA:389,0
DA:392,9
DA:393,0
DA:394,0
DA:395,0
DA:396,0
DA:397,0
DA:398,0
DA:401,0
DA:403,0
DA:404,0
DA:405,0
DA:409,9
DA:410,0
DA:411,0
DA:412,0
DA:414,0
DA:415,0
DA:417,0
DA:420,9
DA:421,0
DA:422,0
DA:423,0
DA:424,0
DA:425,0
DA:426,0
DA:429,0
DA:430,0
DA:431,0
DA:432,0
DA:433,0
DA:434,0
DA:435,0
DA:438,0
DA:439,0
DA:440,0
DA:441,0
DA:442,0
DA:443,0
DA:444,0
DA:448,0
DA:451,9
DA:452,0
DA:453,0
DA:455,0
DA:456,0
DA:458,0
DA:459,0
DA:461,0
DA:462,0
DA:464,0
DA:469,9
DA:474,9
DA:475,0
DA:476,0
DA:477,0
DA:479,0
DA:480,0
DA:482,0
DA:486,0
DA:487,0
DA:488,0
DA:490,0
DA:499,0
DA:503,9
DA:504,0
DA:505,0
DA:506,0
DA:509,0
DA:510,0
DA:513,0
DA:516,9
DA:517,0
DA:518,0
DA:519,0
DA:520,0
DA:522,0
DA:523,0
DA:532,0
DA:534,0
DA:538,9
DA:541,0
DA:549,9
DA:550,0
DA:551,0
DA:552,0
DA:555,9
DA:556,0
DA:557,0
DA:558,0
DA:559,0
DA:560,0
DA:562,0
DA:563,0
DA:566,0
DA:569,9
DA:570,0
DA:571,0
DA:572,0
DA:573,0
DA:574,0
DA:575,0
DA:578,0
DA:579,0
DA:581,0
DA:582,0
DA:583,0
DA:584,0
DA:585,0
DA:587,0
DA:588,0
DA:589,0
DA:590,0
DA:592,0
DA:595,0
DA:596,0
DA:597,0
DA:599,0
DA:600,0
DA:602,0
DA:603,0
DA:605,0
DA:606,0
DA:607,0
DA:609,0
DA:611,0
DA:612,0
DA:618,0
DA:619,0
DA:621,0
DA:622,0
DA:623,0
DA:624,0
DA:625,0
DA:626,0
DA:627,0
DA:629,0
DA:630,0
DA:631,0
DA:632,0
DA:633,0
DA:638,9
DA:639,0
DA:640,0
DA:642,0
DA:645,9
DA:646,0
DA:647,0
DA:648,0
DA:649,0
DA:650,0
DA:651,0
DA:652,0
DA:655,9
DA:656,0
DA:659,9
DA:660,0
DA:661,0
DA:662,0
DA:663,0
DA:664,0
DA:665,0
DA:669,9
DA:670,0
DA:673,9
DA:674,0
DA:677,9
DA:678,0
DA:679,0
DA:681,0
DA:685,9
DA:686,0
DA:687,0
DA:690,9
DA:691,0
DA:694,9
DA:695,0
DA:698,9
DA:699,0
DA:700,0
DA:701,0
DA:702,0
DA:703,0
DA:704,0
DA:705,0
DA:706,0
DA:707,0
DA:709,0
DA:710,0
DA:711,0
DA:712,0
DA:714,0
DA:715,0
DA:717,0
DA:721,9
DA:722,0
DA:723,0
DA:724,0
DA:725,0
DA:726,0
DA:727,0
DA:728,0
DA:729,0
DA:730,0
DA:732,0
DA:735,9
DA:736,0
DA:737,0
DA:740,9
DA:741,9
DA:742,9
DA:743,9
DA:745,0
DA:750,9
DA:751,0
DA:752,0
DA:753,0
LF:334
LH:88
BRDA:246,0,0,0
BRDA:246,0,1,0
BRDA:246,1,0,0
BRDA:246,1,1,0
BRDA:248,2,0,0
BRDA:248,2,1,0
BRDA:249,3,0,0
BRDA:249,3,1,0
BRDA:251,4,0,0
BRDA:251,4,1,0
BRDA:252,5,0,0
BRDA:252,5,1,0
BRDA:252,5,2,0
BRDA:255,6,0,0
BRDA:255,6,1,0
BRDA:269,7,0,0
BRDA:269,7,1,9
BRDA:277,8,0,9
BRDA:277,8,1,9
BRDA:278,9,0,0
BRDA:278,9,1,9
BRDA:279,10,0,0
BRDA:279,10,1,9
BRDA:284,11,0,9
BRDA:284,11,1,9
BRDA:285,12,0,0
BRDA:285,12,1,9
BRDA:286,13,0,0
BRDA:286,13,1,9
BRDA:312,14,0,0
BRDA:312,14,1,0
BRDA:313,15,0,0
BRDA:313,15,1,0
BRDA:331,16,0,0
BRDA:331,16,1,0
BRDA:331,17,0,0
BRDA:331,17,1,0
BRDA:336,18,0,0
BRDA:336,18,1,0
BRDA:337,19,0,0
BRDA:337,19,1,0
BRDA:348,20,0,0
BRDA:348,20,1,0
BRDA:356,21,0,0
BRDA:356,21,1,0
BRDA:378,22,0,0
BRDA:378,22,1,0
BRDA:378,23,0,0
BRDA:378,23,1,0
BRDA:386,24,0,0
BRDA:386,24,1,0
BRDA:386,25,0,0
BRDA:386,25,1,0
BRDA:394,26,0,0
BRDA:394,26,1,0
BRDA:396,27,0,0
BRDA:396,27,1,0
BRDA:410,28,0,0
BRDA:410,28,1,0
BRDA:412,29,0,0
BRDA:412,29,1,0
BRDA:414,30,0,0
BRDA:414,30,1,0
BRDA:424,31,0,0
BRDA:424,31,1,0
BRDA:425,32,0,0
BRDA:425,32,1,0
BRDA:429,33,0,0
BRDA:429,33,1,0
BRDA:430,34,0,0
BRDA:430,34,1,0
BRDA:430,35,0,0
BRDA:430,35,1,0
BRDA:438,36,0,0
BRDA:438,36,1,0
BRDA:443,37,0,0
BRDA:443,37,1,0
BRDA:443,38,0,0
BRDA:443,38,1,0
BRDA:453,39,0,0
BRDA:453,39,1,0
BRDA:456,40,0,0
BRDA:456,40,1,0
BRDA:459,41,0,0
BRDA:459,41,1,0
BRDA:462,42,0,0
BRDA:462,42,1,0
BRDA:477,43,0,0
BRDA:477,43,1,0
BRDA:477,44,0,0
BRDA:477,44,1,0
BRDA:480,45,0,0
BRDA:480,45,1,0
BRDA:482,46,0,0
BRDA:482,46,1,0
BRDA:505,47,0,0
BRDA:505,47,1,0
BRDA:509,48,0,0
BRDA:509,48,1,0
BRDA:522,49,0,0
BRDA:522,49,1,0
BRDA:522,50,0,0
BRDA:522,50,1,0
BRDA:550,51,0,0
BRDA:550,51,1,0
BRDA:551,52,0,0
BRDA:551,52,1,0
BRDA:559,53,0,0
BRDA:559,53,1,0
BRDA:559,54,0,0
BRDA:559,54,1,0
BRDA:562,55,0,0
BRDA:562,55,1,0
BRDA:570,56,0,0
BRDA:570,56,1,0
BRDA:578,57,0,0
BRDA:578,57,1,0
BRDA:581,58,0,0
BRDA:581,58,1,0
BRDA:582,59,0,0
BRDA:582,59,1,0
BRDA:595,60,0,0
BRDA:595,60,1,0
BRDA:619,61,0,0
BRDA:619,61,1,0
BRDA:622,62,0,0
BRDA:622,62,1,0
BRDA:639,63,0,0
BRDA:639,63,1,0
BRDA:639,64,0,0
BRDA:639,64,1,0
BRDA:639,64,2,0
BRDA:639,64,3,0
BRDA:663,65,0,0
BRDA:663,65,1,0
BRDA:678,66,0,0
BRDA:678,66,1,0
BRDA:686,67,0,0
BRDA:686,67,1,0
BRDA:700,68,0,0
BRDA:700,68,1,0
BRDA:700,69,0,0
BRDA:700,69,1,0
BRDA:705,70,0,0
BRDA:705,70,1,0
BRDA:728,71,0,0
BRDA:728,71,1,0
BRDA:728,72,0,0
BRDA:728,72,1,0
BRDA:741,73,0,9
BRDA:741,73,1,0
BRDA:8,74,0,18
BRDA:8,74,1,9
BRDA:44,75,0,18
BRDA:44,75,1,9
BRDA:32,76,0,18
BRDA:32,76,1,9
BRDA:41,77,0,18
BRDA:41,77,1,0
BRDA:51,78,0,18
BRDA:51,78,1,18
BRDA:53,79,0,0
BRDA:53,79,1,18
BRDA:61,80,0,0
BRDA:61,80,1,18
BRDA:84,81,0,9
BRDA:84,81,1,9
BRDA:96,82,0,9
BRDA:96,82,1,9
BRDA:100,83,0,18
BRDA:100,83,1,0
BRDA:103,84,0,18
BRDA:103,84,1,9
BRDA:105,85,0,0
BRDA:105,85,1,0
BRDA:108,86,0,0
BRDA:108,86,1,0
BRDA:110,87,0,0
BRDA:110,87,1,0
BRDA:110,88,0,0
BRDA:110,88,1,0
BRDA:116,89,0,0
BRDA:116,89,1,0
BRDA:118,90,0,0
BRDA:118,90,1,0
BRDA:118,91,0,0
BRDA:118,91,1,0
BRDA:120,92,0,0
BRDA:120,92,1,0
BRDA:129,93,0,0
BRDA:129,93,1,0
BRDA:139,94,0,0
BRDA:139,94,1,0
BRF:193
BRH:28
end_of_record
TN:
SF:src\components\RegistroVacunacionBase.vue
FNF:0
FNH:0
DA:2,1
DA:9,1
LF:2
LH:2
BRF:0
BRH:0
end_of_record
TN:
SF:src\components\ReportesUsuario.vue
FN:46,(anonymous_0)
FNF:1
FNH:0
FNDA:0,(anonymous_0)
DA:2,1
DA:12,1
DA:19,1
DA:21,1
DA:22,1
DA:23,1
DA:24,1
DA:25,1
DA:26,0
DA:36,1
DA:37,1
DA:43,1
DA:46,0
DA:61,1
LF:14
LH:12
BRDA:13,0,0,0
BRDA:13,0,1,0
BRDA:46,1,0,0
BRDA:46,1,1,0
BRDA:46,2,0,0
BRDA:46,2,1,0
BRDA:49,3,0,0
BRDA:49,3,1,0
BRDA:51,4,0,0
BRDA:51,4,1,0
BRF:10
BRH:0
end_of_record
TN:
SF:src\components\TenantSelector.vue
FN:43,(anonymous_0)
FN:47,(anonymous_1)
FN:49,(anonymous_2)
FN:53,(anonymous_3)
FN:61,(anonymous_4)
FN:11,(anonymous_5)
FNF:6
FNH:2
FNDA:4,(anonymous_0)
FNDA:0,(anonymous_1)
FNDA:0,(anonymous_2)
FNDA:0,(anonymous_3)
FNDA:4,(anonymous_4)
FNDA:0,(anonymous_5)
DA:3,3
DA:4,3
DA:11,0
DA:15,0
DA:40,4
DA:41,4
DA:43,4
DA:44,4
DA:47,4
DA:48,0
DA:49,0
DA:50,0
DA:53,4
DA:54,0
DA:56,0
DA:61,4
DA:62,4
DA:63,3
LF:18
LH:11
BRDA:48,0,0,0
BRDA:48,0,1,0
BRDA:50,1,0,0
BRDA:50,1,1,0
BRDA:62,2,0,3
BRDA:62,2,1,1
BRDA:11,3,0,5
BRDA:11,3,1,3
BRDA:14,4,0,5
BRDA:14,4,1,3
BRDA:23,5,0,0
BRDA:23,5,1,0
BRF:12
BRH:6
end_of_record
TN:
SF:src\components\potreros\PotreroCard.vue
FN:55,(anonymous_0)
FN:5,(anonymous_1)
FN:33,(anonymous_2)
FN:34,(anonymous_3)
FNF:4
FNH:1
FNDA:1,(anonymous_0)
FNDA:0,(anonymous_1)
FNDA:0,(anonymous_2)
FNDA:0,(anonymous_3)
DA:3,1
DA:4,1
DA:5,0
DA:9,1
DA:10,1
DA:11,1
DA:12,1
DA:14,1
DA:15,1
DA:16,1
DA:18,1
DA:19,1
DA:20,1
DA:22,1
DA:23,1
DA:25,1
DA:26,1
DA:27,1
DA:30,1
DA:32,1
DA:33,0
DA:34,0
DA:41,1
DA:56,1
DA:57,1
DA:58,1
DA:59,1
LF:27
LH:24
BRDA:56,0,0,0
BRDA:56,0,1,1
BRDA:57,1,0,0
BRDA:57,1,1,1
BRDA:58,2,0,0
BRDA:58,2,1,1
BRDA:4,3,0,1
BRDA:4,3,1,1
BRDA:5,4,0,1
BRDA:5,4,1,1
BRDA:6,5,0,1
BRDA:6,5,1,0
BRDA:11,6,0,1
BRDA:11,6,1,1
BRDA:12,7,0,1
BRDA:12,7,1,1
BRDA:12,8,0,1
BRDA:12,8,1,0
BRDA:15,9,0,1
BRDA:15,9,1,1
BRDA:15,10,0,1
BRDA:15,10,1,1
BRDA:16,11,0,1
BRDA:16,11,1,1
BRDA:16,12,0,1
BRDA:16,12,1,1
BRDA:19,13,0,1
BRDA:19,13,1,1
BRDA:19,14,0,1
BRDA:19,14,1,1
BRDA:20,15,0,1
BRDA:20,15,1,1
BRDA:23,16,0,1
BRDA:23,16,1,1
BRDA:23,17,0,1
BRDA:23,17,1,1
BRDA:26,18,0,1
BRDA:26,18,1,1
BRDA:26,19,0,1
BRDA:26,19,1,0
BRDA:27,20,0,1
BRDA:27,20,1,1
BRDA:27,21,0,1
BRDA:27,21,1,1
BRDA:30,22,0,0
BRDA:30,22,1,0
BRDA:33,23,0,1
BRDA:33,23,1,1
BRDA:34,24,0,1
BRDA:34,24,1,1
BRF:50
BRH:42
end_of_record
TN:
SF:src\components\potreros\PotreroModal.vue
FN:103,(anonymous_0)
FN:107,(anonymous_1)
FN:111,(anonymous_2)
FN:115,(anonymous_3)
FN:123,(anonymous_4)
FN:142,(anonymous_5)
FN:152,(anonymous_6)
FN:156,(anonymous_7)
FN:7,(anonymous_8)
FN:10,(anonymous_9)
FN:14,(anonymous_10)
FN:18,(anonymous_11)
FN:28,(anonymous_12)
FN:32,(anonymous_13)
FN:38,(anonymous_14)
FN:47,(anonymous_15)
FN:58,(anonymous_16)
FN:62,(anonymous_17)
FN:68,(anonymous_18)
FN:72,(anonymous_19)
FN:77,(anonymous_20)
FN:82,(anonymous_21)
FN:83,(anonymous_22)
FNF:23
FNH:18
FNDA:1,(anonymous_0)
FNDA:0,(anonymous_1)
FNDA:0,(anonymous_2)
FNDA:0,(anonymous_3)
FNDA:32,(anonymous_4)
FNDA:32,(anonymous_5)
FNDA:3,(anonymous_6)
FNDA:1,(anonymous_7)
FNDA:1,(anonymous_8)
FNDA:1,(anonymous_9)
FNDA:1,(anonymous_10)
FNDA:0,(anonymous_11)
FNDA:1,(anonymous_12)
FNDA:1,(anonymous_13)
FNDA:1,(anonymous_14)
FNDA:1,(anonymous_15)
FNDA:1,(anonymous_16)
FNDA:1,(anonymous_17)
FNDA:0,(anonymous_18)
FNDA:1,(anonymous_19)
FNDA:1,(anonymous_20)
FNDA:1,(anonymous_21)
FNDA:1,(anonymous_22)
DA:3,1
DA:4,1
DA:5,1
DA:6,1
DA:7,1
DA:9,1
DA:10,1
DA:11,1
DA:12,1
DA:14,1
DA:18,0
DA:19,10
DA:25,1
DA:26,1
DA:28,1
DA:30,1
DA:32,1
DA:35,1
DA:36,1
DA:38,1
DA:40,88
DA:45,1
DA:47,1
DA:49,88
DA:55,1
DA:56,1
DA:58,1
DA:60,1
DA:62,1
DA:65,1
DA:66,1
DA:68,0
DA:70,1
DA:72,1
DA:75,1
DA:77,1
DA:81,1
DA:82,1
DA:83,1
DA:94,1
DA:103,1
DA:107,0
DA:111,0
DA:115,0
DA:124,32
DA:143,32
DA:144,6
DA:153,3
DA:157,1
LF:49
LH:44
BRDA:143,0,0,6
BRDA:143,0,1,26
BRDA:143,1,0,32
BRDA:143,1,1,31
BRDA:6,2,0,6
BRDA:6,2,1,39
BRDA:7,3,0,45
BRDA:7,3,1,32
BRDA:10,4,0,45
BRDA:10,4,1,32
BRDA:10,5,0,1
BRDA:10,5,1,1
BRDA:13,6,0,45
BRDA:13,6,1,32
BRDA:14,7,0,45
BRDA:14,7,1,32
BRDA:17,8,0,6
BRDA:17,8,1,6
BRDA:18,9,0,6
BRDA:18,9,1,6
BRDA:19,10,0,10
BRDA:19,10,1,5
BRDA:19,10,2,0
BRDA:20,11,0,10
BRDA:20,11,1,5
BRDA:20,11,2,0
BRDA:27,12,0,45
BRDA:27,12,1,32
BRDA:28,13,0,45
BRDA:28,13,1,32
BRDA:31,14,0,45
BRDA:31,14,1,32
BRDA:32,15,0,45
BRDA:32,15,1,32
BRDA:37,16,0,45
BRDA:37,16,1,32
BRDA:38,17,0,45
BRDA:38,17,1,32
BRDA:39,18,0,45
BRDA:39,18,1,32
BRDA:41,19,0,88
BRDA:41,19,1,44
BRDA:46,20,0,45
BRDA:46,20,1,32
BRDA:47,21,0,45
BRDA:47,21,1,32
BRDA:48,22,0,45
BRDA:48,22,1,32
BRDA:57,23,0,45
BRDA:57,23,1,32
BRDA:58,24,0,45
BRDA:58,24,1,32
BRDA:61,25,0,45
BRDA:61,25,1,32
BRDA:62,26,0,45
BRDA:62,26,1,32
BRDA:67,27,0,45
BRDA:67,27,1,32
BRDA:68,28,0,45
BRDA:68,28,1,32
BRDA:71,29,0,45
BRDA:71,29,1,32
BRDA:72,30,0,45
BRDA:72,30,1,32
BRDA:76,31,0,45
BRDA:76,31,1,32
BRDA:77,32,0,45
BRDA:77,32,1,32
BRDA:82,33,0,45
BRDA:82,33,1,32
BRDA:83,34,0,45
BRDA:83,34,1,32
BRDA:83,35,0,1
BRDA:83,35,1,1
BRDA:85,36,0,6
BRDA:85,36,1,39
BRF:76
BRH:74
end_of_record
TN:
SF:src\composables\useFetchData.js
FN:5,useFetchData
FN:26,(anonymous_1)
FN:38,(anonymous_2)
FN:47,(anonymous_3)
FN:54,(anonymous_4)
FN:55,(anonymous_5)
FN:58,(anonymous_6)
FN:104,(anonymous_7)
FN:109,(anonymous_8)
FN:117,(anonymous_9)
FN:123,(anonymous_10)
FN:132,(anonymous_11)
FNF:12
FNH:11
FNDA:13,useFetchData
FNDA:12,(anonymous_1)
FNDA:8,(anonymous_2)
FNDA:2,(anonymous_3)
FNDA:6,(anonymous_4)
FNDA:6,(anonymous_5)
FNDA:10,(anonymous_6)
FNDA:1,(anonymous_7)
FNDA:2,(anonymous_8)
FNDA:1,(anonymous_9)
FNDA:0,(anonymous_10)
FNDA:2,(anonymous_11)
DA:13,13
DA:16,13
DA:17,13
DA:18,13
DA:19,13
DA:22,13
DA:23,13
DA:26,13
DA:27,12
DA:28,1
DA:29,1
DA:31,12
DA:32,1
DA:33,1
DA:35,12
DA:38,13
DA:39,8
DA:40,0
DA:41,0
DA:42,0
DA:44,8
DA:47,13
DA:48,2
DA:49,2
DA:50,2
DA:51,2
DA:54,13
DA:55,6
DA:58,13
DA:59,10
DA:61,10
DA:62,10
DA:63,10
DA:64,10
DA:65,10
DA:67,10
DA:68,16
DA:69,16
DA:73,16
DA:79,8
DA:80,1
DA:81,1
DA:84,7
DA:85,7
DA:86,7
DA:88,16
DA:89,16
DA:91,8
DA:93,8
DA:94,2
DA:96,6
DA:97,6
DA:104,13
DA:105,1
DA:109,13
DA:110,2
DA:111,2
DA:112,2
DA:113,2
DA:117,13
DA:118,1
DA:119,1
DA:123,13
DA:124,0
DA:125,0
DA:126,0
DA:131,13
DA:132,2
DA:133,2
DA:137,13
LF:70
LH:64
BRDA:5,0,0,13
BRDA:7,1,0,13
BRDA:8,2,0,13
BRDA:9,3,0,13
BRDA:10,4,0,13
BRDA:11,5,0,13
BRDA:12,6,0,13
BRDA:27,7,0,1
BRDA:27,7,1,11
BRDA:31,8,0,1
BRDA:31,8,1,11
BRDA:39,9,0,0
BRDA:39,9,1,8
BRDA:39,10,0,8
BRDA:39,10,1,8
BRDA:39,10,2,8
BRDA:49,11,0,2
BRDA:49,11,1,0
BRDA:51,12,0,2
BRDA:51,12,1,1
BRDA:58,13,0,10
BRDA:79,14,0,1
BRDA:79,14,1,7
BRDA:86,15,0,7
BRDA:86,15,1,1
BRDA:91,16,0,0
BRDA:91,16,1,8
BRDA:93,17,0,2
BRDA:93,17,1,6
BRDA:104,18,0,1
BRDA:117,19,0,1
BRDA:125,20,0,0
BRDA:125,20,1,0
BRDA:131,21,0,2
BRDA:131,21,1,11
BRF:35
BRH:30
end_of_record
TN:
SF:src\composables\useGanado.js
FN:8,useGanado
FN:13,(anonymous_1)
FN:29,(anonymous_2)
FN:42,(anonymous_3)
FN:55,(anonymous_4)
FN:68,(anonymous_5)
FN:70,(anonymous_6)
FN:78,(anonymous_7)
FN:80,(anonymous_8)
FN:83,(anonymous_9)
FN:87,(anonymous_10)
FN:93,(anonymous_11)
FN:99,(anonymous_12)
FN:106,(anonymous_13)
FNF:14
FNH:6
FNDA:41,useGanado
FNDA:14,(anonymous_1)
FNDA:5,(anonymous_2)
FNDA:5,(anonymous_3)
FNDA:5,(anonymous_4)
FNDA:0,(anonymous_5)
FNDA:0,(anonymous_6)
FNDA:0,(anonymous_7)
FNDA:0,(anonymous_8)
FNDA:41,(anonymous_9)
FNDA:0,(anonymous_10)
FNDA:0,(anonymous_11)
FNDA:0,(anonymous_12)
FNDA:0,(anonymous_13)
DA:6,1
DA:9,41
DA:10,41
DA:11,41
DA:13,41
DA:14,14
DA:15,14
DA:16,14
DA:17,14
DA:18,12
DA:19,11
DA:22,2
DA:23,2
DA:25,14
DA:29,41
DA:30,5
DA:31,5
DA:32,3
DA:33,1
DA:34,1
DA:36,2
DA:38,2
DA:42,41
DA:43,5
DA:44,5
DA:45,3
DA:46,1
DA:47,1
DA:49,2
DA:51,2
DA:55,41
DA:56,5
DA:57,5
DA:58,3
DA:59,1
DA:60,1
DA:62,2
DA:64,2
DA:68,41
DA:69,0
DA:70,0
DA:71,0
DA:72,0
DA:74,0
DA:78,41
DA:79,0
DA:80,0
DA:83,41
DA:84,41
DA:85,1
DA:87,1
DA:88,0
DA:89,0
DA:93,1
DA:94,0
DA:95,0
DA:99,1
DA:100,0
DA:101,0
DA:102,0
DA:106,1
DA:107,0
DA:111,41
DA:113,41
LF:64
LH:49
BRDA:18,0,0,11
BRDA:18,0,1,1
BRDA:32,1,0,1
BRDA:32,1,1,2
BRDA:45,2,0,1
BRDA:45,2,1,2
BRDA:58,3,0,1
BRDA:58,3,1,2
BRDA:69,4,0,0
BRDA:69,4,1,0
BRDA:71,5,0,0
BRDA:71,5,1,0
BRDA:79,6,0,0
BRDA:79,6,1,0
BRDA:84,7,0,40
BRDA:84,7,1,1
BRDA:88,8,0,0
BRDA:88,8,1,0
BRDA:94,9,0,0
BRDA:94,9,1,0
BRDA:101,10,0,0
BRDA:101,10,1,0
BRF:22
BRH:10
end_of_record
TN:
SF:src\composables\usePotreros.js
FN:8,usePotreros
FN:13,(anonymous_1)
FN:32,(anonymous_2)
FN:45,(anonymous_3)
FN:58,(anonymous_4)
FN:71,(anonymous_5)
FN:73,(anonymous_6)
FN:81,(anonymous_7)
FN:83,(anonymous_8)
FN:86,(anonymous_9)
FN:90,(anonymous_10)
FN:96,(anonymous_11)
FN:102,(anonymous_12)
FN:109,(anonymous_13)
FNF:14
FNH:6
FNDA:43,usePotreros
FNDA:16,(anonymous_1)
FNDA:5,(anonymous_2)
FNDA:5,(anonymous_3)
FNDA:5,(anonymous_4)
FNDA:0,(anonymous_5)
FNDA:0,(anonymous_6)
FNDA:0,(anonymous_7)
FNDA:0,(anonymous_8)
FNDA:43,(anonymous_9)
FNDA:0,(anonymous_10)
FNDA:0,(anonymous_11)
FNDA:0,(anonymous_12)
FNDA:0,(anonymous_13)
DA:6,1
DA:9,43
DA:10,43
DA:11,43
DA:13,43
DA:14,16
DA:15,16
DA:16,16
DA:17,16
DA:18,14
DA:19,14
DA:20,12
DA:22,2
DA:25,2
DA:26,2
DA:28,16
DA:32,43
DA:33,5
DA:34,5
DA:35,3
DA:36,1
DA:37,1
DA:39,2
DA:41,2
DA:45,43
DA:46,5
DA:47,5
DA:48,3
DA:49,1
DA:50,1
DA:52,2
DA:54,2
DA:58,43
DA:59,5
DA:60,5
DA:61,3
DA:62,1
DA:63,1
DA:65,2
DA:67,2
DA:71,43
DA:72,0
DA:73,0
DA:74,0
DA:75,0
DA:77,0
DA:81,43
DA:82,0
DA:83,0
DA:86,43
DA:87,43
DA:88,1
DA:90,1
DA:91,0
DA:92,0
DA:96,1
DA:97,0
DA:98,0
DA:102,1
DA:103,0
DA:104,0
DA:105,0
DA:109,1
DA:110,0
DA:114,43
DA:116,43
LF:66
LH:51
BRDA:19,0,0,12
BRDA:19,0,1,2
BRDA:19,1,0,14
BRDA:19,1,1,3
BRDA:20,2,0,12
BRDA:20,2,1,1
BRDA:22,3,0,2
BRDA:22,3,1,1
BRDA:35,4,0,1
BRDA:35,4,1,2
BRDA:48,5,0,1
BRDA:48,5,1,2
BRDA:61,6,0,1
BRDA:61,6,1,2
BRDA:72,7,0,0
BRDA:72,7,1,0
BRDA:74,8,0,0
BRDA:74,8,1,0
BRDA:82,9,0,0
BRDA:82,9,1,0
BRDA:87,10,0,42
BRDA:87,10,1,1
BRDA:91,11,0,0
BRDA:91,11,1,0
BRDA:97,12,0,0
BRDA:97,12,1,0
BRDA:104,13,0,0
BRDA:104,13,1,0
BRF:28
BRH:16
end_of_record
TN:
SF:src\composables\useReportes.js
FN:4,useReportes
FN:9,(anonymous_1)
FN:22,(anonymous_2)
FN:48,(anonymous_3)
FN:61,(anonymous_4)
FNF:5
FNH:5
FNDA:7,useReportes
FNDA:4,(anonymous_1)
FNDA:4,(anonymous_2)
FNDA:2,(anonymous_3)
FNDA:2,(anonymous_4)
DA:5,7
DA:6,7
DA:7,7
DA:9,7
DA:10,4
DA:11,4
DA:12,4
DA:13,4
DA:15,3
DA:16,3
DA:18,4
DA:22,7
DA:23,4
DA:24,4
DA:25,1
DA:26,1
DA:27,1
DA:30,0
DA:32,3
DA:34,3
DA:35,2
DA:36,0
DA:37,0
DA:38,0
DA:39,0
DA:41,0
DA:44,1
DA:48,7
DA:49,2
DA:51,2
DA:52,1
DA:53,1
DA:54,1
DA:55,1
DA:58,1
DA:61,7
DA:62,2
DA:63,2
DA:64,1
DA:65,1
DA:66,1
DA:67,1
DA:68,1
DA:69,1
DA:70,1
DA:71,1
DA:72,1
DA:73,1
DA:75,1
DA:76,1
DA:80,7
LF:51
LH:45
BRDA:15,0,0,3
BRDA:15,0,1,0
BRDA:25,1,0,1
BRDA:25,1,1,0
BRDA:32,2,0,3
BRDA:32,2,1,1
BRDA:34,3,0,2
BRDA:34,3,1,1
BRDA:37,4,0,0
BRDA:37,4,1,0
BRDA:41,5,0,0
BRDA:41,5,1,0
BRDA:51,6,0,1
BRDA:51,6,1,1
BRDA:76,7,0,1
BRDA:76,7,1,0
BRF:16
BRH:9
end_of_record
TN:
SF:src\composables\useTenantSelection.js
FN:10,(anonymous_0)
FN:25,(anonymous_1)
FN:40,useTenantSelection
FN:41,(anonymous_3)
FN:46,(anonymous_4)
FNF:5
FNH:5
FNDA:4,(anonymous_0)
FNDA:3,(anonymous_1)
FNDA:10,useTenantSelection
FNDA:2,(anonymous_3)
FNDA:1,(anonymous_4)
DA:4,4
DA:7,4
DA:10,4
DA:11,4
DA:12,4
DA:13,4
DA:14,0
DA:15,0
DA:16,0
DA:20,0
DA:25,4
DA:26,3
DA:27,3
DA:28,1
DA:30,2
DA:33,0
DA:38,4
DA:41,10
DA:42,2
DA:43,2
DA:46,10
DA:47,1
DA:48,1
DA:51,10
LF:24
LH:19
BRDA:13,0,0,0
BRDA:13,0,1,4
BRDA:15,1,0,0
BRDA:15,1,1,0
BRDA:27,2,0,1
BRDA:27,2,1,2
BRDA:27,3,0,3
BRDA:27,3,1,2
BRF:8
BRH:5
end_of_record
TN:
SF:src\composables\useTenants.js
FN:5,useTenants
FN:10,(anonymous_1)
FN:32,(anonymous_2)
FN:51,(anonymous_3)
FN:71,(anonymous_4)
FNF:5
FNH:5
FNDA:11,useTenants
FNDA:7,(anonymous_1)
FNDA:1,(anonymous_2)
FNDA:1,(anonymous_3)
FNDA:2,(anonymous_4)
DA:6,11
DA:7,11
DA:8,11
DA:10,11
DA:11,7
DA:12,7
DA:13,7
DA:14,7
DA:15,7
DA:16,5
DA:18,5
DA:19,5
DA:20,5
DA:22,0
DA:25,2
DA:26,2
DA:28,7
DA:32,11
DA:33,1
DA:34,1
DA:35,1
DA:36,1
DA:37,1
DA:38,1
DA:39,1
DA:41,0
DA:43,0
DA:44,0
DA:45,0
DA:47,1
DA:51,11
DA:52,1
DA:53,1
DA:54,1
DA:55,1
DA:56,1
DA:58,1
DA:59,1
DA:61,0
DA:63,0
DA:64,0
DA:65,0
DA:67,1
DA:71,11
DA:72,2
DA:73,2
DA:74,2
DA:75,2
DA:76,1
DA:77,1
DA:79,0
DA:81,1
DA:82,1
DA:83,1
DA:85,2
DA:89,11
LF:56
LH:46
BRDA:10,0,0,7
BRDA:18,1,0,5
BRDA:18,1,1,0
BRDA:19,2,0,5
BRDA:19,2,1,0
BRDA:22,3,0,0
BRDA:22,3,1,0
BRDA:25,4,0,2
BRDA:25,4,1,2
BRDA:25,4,2,0
BRDA:37,5,0,1
BRDA:37,5,1,0
BRDA:41,6,0,0
BRDA:41,6,1,0
BRDA:43,7,0,0
BRDA:43,7,1,0
BRDA:43,7,2,0
BRDA:51,8,0,1
BRDA:56,9,0,1
BRDA:56,9,1,0
BRDA:61,10,0,0
BRDA:61,10,1,0
BRDA:63,11,0,0
BRDA:63,11,1,0
BRDA:63,11,2,0
BRDA:76,12,0,1
BRDA:76,12,1,0
BRDA:79,13,0,0
BRDA:79,13,1,0
BRDA:81,14,0,1
BRDA:81,14,1,1
BRDA:81,14,2,0
BRF:32
BRH:11
end_of_record
TN:
SF:src\composables\useUsuarios.js
FN:5,useUsuarios
FN:10,(anonymous_1)
FN:17,(anonymous_2)
FN:33,(anonymous_3)
FN:46,(anonymous_4)
FNF:5
FNH:5
FNDA:16,useUsuarios
FNDA:10,(anonymous_1)
FNDA:11,(anonymous_2)
FNDA:3,(anonymous_3)
FNDA:5,(anonymous_4)
DA:6,16
DA:7,16
DA:8,16
DA:10,16
DA:11,10
DA:12,10
DA:13,10
DA:14,10
DA:15,9
DA:17,9
DA:19,11
DA:20,11
DA:22,9
DA:23,9
DA:26,1
DA:27,1
DA:29,10
DA:33,16
DA:34,3
DA:35,3
DA:36,2
DA:37,1
DA:38,1
DA:40,1
DA:42,1
DA:46,16
DA:47,5
DA:48,5
DA:49,2
DA:50,1
DA:51,1
DA:53,1
DA:55,3
DA:56,3
DA:57,3
DA:61,16
LF:36
LH:36
BRDA:15,0,0,9
BRDA:15,0,1,0
BRDA:17,1,0,9
BRDA:17,1,1,1
BRDA:19,2,0,11
BRDA:19,2,1,6
BRDA:19,2,2,5
BRDA:23,3,0,9
BRDA:23,3,1,2
BRDA:36,4,0,1
BRDA:36,4,1,1
BRDA:49,5,0,1
BRDA:49,5,1,1
BRDA:53,6,0,1
BRDA:53,6,1,0
BRDA:56,7,0,3
BRDA:56,7,1,2
BRDA:56,7,2,1
BRF:18
BRH:16
end_of_record
TN:
SF:src\layouts\AdminLayout.vue
FN:117,(anonymous_0)
FN:123,(anonymous_1)
FN:126,(anonymous_2)
FN:133,(anonymous_3)
FN:186,(anonymous_4)
FN:41,(anonymous_5)
FNF:6
FNH:6
FNDA:31,(anonymous_0)
FNDA:31,(anonymous_1)
FNDA:31,(anonymous_2)
FNDA:31,(anonymous_3)
FNDA:8,(anonymous_4)
FNDA:1,(anonymous_5)
DA:2,1
DA:5,1
DA:6,1
DA:28,1
DA:29,1
DA:31,1
DA:32,1
DA:41,1
DA:50,1
DA:61,1
DA:106,1
DA:115,1
DA:118,31
DA:124,31
DA:127,31
DA:128,31
DA:129,27
DA:130,3
DA:134,31
DA:136,31
DA:138,31
DA:139,31
DA:140,31
DA:141,31
DA:142,31
DA:144,31
DA:145,31
DA:146,31
DA:147,31
DA:148,31
DA:149,31
DA:152,31
DA:153,1
DA:154,1
DA:155,1
DA:159,29
DA:160,2
DA:161,2
DA:162,2
DA:163,2
DA:167,27
DA:168,27
DA:170,27
DA:171,26
DA:172,26
DA:174,1
DA:175,1
DA:178,27
DA:180,1
DA:181,1
DA:182,1
DA:187,8
DA:189,8
DA:190,3
DA:191,3
DA:194,8
DA:197,8
DA:198,8
DA:201,8
DA:202,8
DA:203,8
DA:206,8
DA:207,4
DA:209,4
DA:210,4
DA:213,4
DA:214,4
DA:215,4
DA:216,4
DA:218,1
DA:220,1
LF:71
LH:71
BRDA:128,0,0,4
BRDA:128,0,1,27
BRDA:129,1,0,24
BRDA:129,1,1,3
BRDA:129,2,0,27
BRDA:129,2,1,4
BRDA:152,3,0,1
BRDA:152,3,1,30
BRDA:159,4,0,2
BRDA:159,4,1,27
BRDA:159,5,0,29
BRDA:159,5,1,6
BRDA:170,6,0,26
BRDA:170,6,1,1
BRDA:171,7,0,26
BRDA:171,7,1,17
BRDA:171,7,2,16
BRDA:171,7,3,15
BRDA:189,8,0,3
BRDA:189,8,1,5
BRDA:25,9,0,58
BRDA:25,9,1,31
BRDA:30,10,0,8
BRDA:30,10,1,50
BRDA:33,11,0,8
BRDA:33,11,1,50
BRDA:41,12,0,58
BRDA:41,12,1,31
BRDA:41,13,0,1
BRDA:41,13,1,1
BRDA:101,14,0,58
BRDA:101,14,1,31
BRF:32
BRH:32
end_of_record
TN:
SF:src\layouts\UserLayout.vue
FN:69,(anonymous_0)
FN:74,(anonymous_1)
FN:84,(anonymous_2)
FNF:3
FNH:0
FNDA:0,(anonymous_0)
FNDA:0,(anonymous_1)
FNDA:0,(anonymous_2)
DA:67,0
DA:70,0
DA:75,0
DA:76,0
DA:77,0
DA:80,0
DA:81,0
DA:85,0
DA:86,0
LF:9
LH:0
BRDA:75,0,0,0
BRDA:75,0,1,0
BRDA:75,1,0,0
BRDA:75,1,1,0
BRDA:81,2,0,0
BRDA:81,2,1,0
BRF:6
BRH:0
end_of_record
TN:
SF:src\router\auth.js
FN:4,(anonymous_0)
FN:9,(anonymous_1)
FN:14,(anonymous_2)
FN:19,(anonymous_3)
FN:24,(anonymous_4)
FN:31,(anonymous_5)
FN:36,(anonymous_6)
FN:43,(anonymous_7)
FN:52,(anonymous_8)
FNF:9
FNH:9
FNDA:7,(anonymous_0)
FNDA:8,(anonymous_1)
FNDA:4,(anonymous_2)
FNDA:2,(anonymous_3)
FNDA:1,(anonymous_4)
FNDA:2,(anonymous_5)
FNDA:3,(anonymous_6)
FNDA:2,(anonymous_7)
FNDA:3,(anonymous_8)
DA:2,1
DA:5,7
DA:10,8
DA:15,4
DA:20,2
DA:25,1
DA:26,1
DA:27,1
DA:32,2
DA:37,3
DA:38,3
DA:43,1
DA:44,2
DA:45,1
DA:47,1
DA:52,1
DA:53,3
DA:54,2
DA:55,1
DA:57,1
DA:60,1
LF:21
LH:21
BRDA:10,0,0,8
BRDA:10,0,1,1
BRDA:38,1,0,2
BRDA:38,1,1,1
BRDA:44,2,0,1
BRDA:44,2,1,1
BRDA:53,3,0,2
BRDA:53,3,1,1
BRDA:54,4,0,1
BRDA:54,4,1,1
BRF:10
BRH:10
end_of_record
TN:
SF:src\router\index.js
FN:11,(anonymous_0)
FN:16,(anonymous_1)
FN:21,(anonymous_2)
FN:26,(anonymous_3)
FN:32,(anonymous_4)
FN:38,(anonymous_5)
FN:43,(anonymous_6)
FN:48,(anonymous_7)
FN:54,(anonymous_8)
FN:59,(anonymous_9)
FN:64,(anonymous_10)
FN:69,(anonymous_11)
FN:74,(anonymous_12)
FN:79,(anonymous_13)
FN:84,(anonymous_14)
FN:89,(anonymous_15)
FN:97,(anonymous_16)
FN:107,(anonymous_17)
FN:116,(anonymous_18)
FN:125,(anonymous_19)
FN:130,(anonymous_20)
FN:135,(anonymous_21)
FN:144,(anonymous_22)
FN:149,(anonymous_23)
FN:164,isRootOrLogin
FN:169,(anonymous_25)
FN:177,redirectByRole
FN:184,lacksAuth
FN:188,invalidRole
FNF:29
FNH:0
FNDA:0,(anonymous_0)
FNDA:0,(anonymous_1)
FNDA:0,(anonymous_2)
FNDA:0,(anonymous_3)
FNDA:0,(anonymous_4)
FNDA:0,(anonymous_5)
FNDA:0,(anonymous_6)
FNDA:0,(anonymous_7)
FNDA:0,(anonymous_8)
FNDA:0,(anonymous_9)
FNDA:0,(anonymous_10)
FNDA:0,(anonymous_11)
FNDA:0,(anonymous_12)
FNDA:0,(anonymous_13)
FNDA:0,(anonymous_14)
FNDA:0,(anonymous_15)
FNDA:0,(anonymous_16)
FNDA:0,(anonymous_17)
FNDA:0,(anonymous_18)
FNDA:0,(anonymous_19)
FNDA:0,(anonymous_20)
FNDA:0,(anonymous_21)
FNDA:0,(anonymous_22)
FNDA:0,(anonymous_23)
FNDA:0,isRootOrLogin
FNDA:0,(anonymous_25)
FNDA:0,redirectByRole
FNDA:0,lacksAuth
FNDA:0,invalidRole
DA:3,1
DA:11,0
DA:16,0
DA:21,0
DA:26,0
DA:32,0
DA:38,0
DA:43,0
DA:48,0
DA:54,0
DA:59,0
DA:64,0
DA:69,0
DA:74,0
DA:79,0
DA:84,0
DA:89,0
DA:97,0
DA:107,0
DA:116,0
DA:125,0
DA:130,0
DA:135,0
DA:144,0
DA:149,0
DA:159,1
DA:165,0
DA:169,1
DA:170,0
DA:171,0
DA:173,0
DA:174,0
DA:175,0
DA:179,0
DA:180,0
DA:181,0
DA:185,0
DA:190,0
DA:193,0
DA:195,0
DA:199,0
DA:202,0
DA:205,0
DA:208,0
DA:210,0
DA:213,0
DA:214,0
DA:215,0
DA:218,0
DA:219,0
DA:223,0
DA:224,0
DA:225,0
DA:227,0
DA:231,0
DA:232,0
DA:236,0
LF:57
LH:3
BRDA:165,0,0,0
BRDA:165,0,1,0
BRDA:173,1,0,0
BRDA:173,1,1,0
BRDA:173,1,2,0
BRDA:175,2,0,0
BRDA:175,2,1,0
BRDA:179,3,0,0
BRDA:179,3,1,0
BRDA:179,4,0,0
BRDA:179,4,1,0
BRDA:180,5,0,0
BRDA:180,5,1,0
BRDA:185,6,0,0
BRDA:185,6,1,0
BRDA:190,7,0,0
BRDA:190,7,1,0
BRDA:193,8,0,0
BRDA:193,8,1,0
BRDA:195,9,0,0
BRDA:195,9,1,0
BRDA:199,10,0,0
BRDA:199,10,1,0
BRDA:199,11,0,0
BRDA:199,11,1,0
BRDA:202,12,0,0
BRDA:202,12,1,0
BRDA:202,13,0,0
BRDA:202,13,1,0
BRDA:205,14,0,0
BRDA:205,14,1,0
BRDA:205,15,0,0
BRDA:205,15,1,0
BRDA:208,16,0,0
BRDA:208,16,1,0
BRDA:214,17,0,0
BRDA:214,17,1,0
BRDA:218,18,0,0
BRDA:218,18,1,0
BRDA:223,19,0,0
BRDA:223,19,1,0
BRDA:224,20,0,0
BRDA:224,20,1,0
BRDA:231,21,0,0
BRDA:231,21,1,0
BRDA:231,22,0,0
BRDA:231,22,1,0
BRF:47
BRH:0
end_of_record
TN:
SF:src\services\api.js
FN:8,(anonymous_0)
FN:50,(anonymous_1)
FN:56,(anonymous_2)
FN:64,(anonymous_3)
FN:92,(anonymous_4)
FN:93,(anonymous_5)
FN:94,(anonymous_6)
FN:95,(anonymous_7)
FN:99,(anonymous_8)
FN:100,(anonymous_9)
FN:101,(anonymous_10)
FN:102,(anonymous_11)
FN:103,(anonymous_12)
FN:107,(anonymous_13)
FN:108,(anonymous_14)
FN:109,(anonymous_15)
FN:110,(anonymous_16)
FN:111,(anonymous_17)
FN:115,(anonymous_18)
FN:116,(anonymous_19)
FN:117,(anonymous_20)
FN:118,(anonymous_21)
FN:119,(anonymous_22)
FN:123,(anonymous_23)
FN:124,(anonymous_24)
FN:125,(anonymous_25)
FN:126,(anonymous_26)
FN:127,(anonymous_27)
FN:131,(anonymous_28)
FN:132,(anonymous_29)
FN:136,(anonymous_30)
FN:142,(anonymous_31)
FN:143,(anonymous_32)
FN:144,(anonymous_33)
FNF:34
FNH:34
FNDA:63,(anonymous_0)
FNDA:1,(anonymous_1)
FNDA:1,(anonymous_2)
FNDA:57,(anonymous_3)
FNDA:1,(anonymous_4)
FNDA:1,(anonymous_5)
FNDA:1,(anonymous_6)
FNDA:1,(anonymous_7)
FNDA:5,(anonymous_8)
FNDA:1,(anonymous_9)
FNDA:1,(anonymous_10)
FNDA:1,(anonymous_11)
FNDA:1,(anonymous_12)
FNDA:5,(anonymous_13)
FNDA:1,(anonymous_14)
FNDA:1,(anonymous_15)
FNDA:1,(anonymous_16)
FNDA:1,(anonymous_17)
FNDA:1,(anonymous_18)
FNDA:1,(anonymous_19)
FNDA:1,(anonymous_20)
FNDA:1,(anonymous_21)
FNDA:1,(anonymous_22)
FNDA:5,(anonymous_23)
FNDA:1,(anonymous_24)
FNDA:1,(anonymous_25)
FNDA:1,(anonymous_26)
FNDA:1,(anonymous_27)
FNDA:1,(anonymous_28)
FNDA:1,(anonymous_29)
FNDA:7,(anonymous_30)
FNDA:1,(anonymous_31)
FNDA:1,(anonymous_32)
FNDA:1,(anonymous_33)
DA:3,8
DA:8,8
DA:10,63
DA:11,1
DA:15,63
DA:16,63
DA:17,3
DA:18,3
DA:20,60
DA:24,63
DA:25,63
DA:26,63
DA:27,10
DA:28,10
DA:30,8
DA:31,8
DA:32,5
DA:33,5
DA:34,5
DA:39,0
DA:42,63
DA:49,63
DA:51,1
DA:52,1
DA:55,8
DA:57,1
DA:62,1
DA:65,57
DA:75,57
DA:76,50
DA:77,50
DA:78,7
DA:79,1
DA:80,6
DA:81,1
DA:82,5
DA:83,3
DA:86,57
DA:91,8
DA:92,1
DA:93,1
DA:94,1
DA:95,1
DA:98,8
DA:99,5
DA:100,1
DA:101,1
DA:102,1
DA:103,1
DA:106,8
DA:107,5
DA:108,1
DA:109,1
DA:110,1
DA:111,1
DA:114,8
DA:115,1
DA:116,1
DA:117,1
DA:118,1
DA:119,1
DA:122,8
DA:123,5
DA:124,1
DA:125,1
DA:126,1
DA:127,1
DA:130,8
DA:131,1
DA:132,1
DA:135,8
DA:138,7
DA:139,7
DA:140,7
DA:142,1
DA:143,1
DA:144,1
LF:77
LH:76
BRDA:4,0,0,8
BRDA:4,0,1,8
BRDA:10,1,0,1
BRDA:10,1,1,62
BRDA:16,2,0,3
BRDA:16,2,1,60
BRDA:26,3,0,10
BRDA:26,3,1,53
BRDA:28,4,0,8
BRDA:28,4,1,2
BRDA:30,5,0,8
BRDA:30,5,1,2
BRDA:31,6,0,5
BRDA:31,6,1,3
BRDA:31,7,0,8
BRDA:31,7,1,7
BRDA:31,7,2,6
BRDA:32,8,0,5
BRDA:32,8,1,1
BRDA:75,9,0,50
BRDA:75,9,1,7
BRDA:78,10,0,1
BRDA:78,10,1,6
BRDA:80,11,0,1
BRDA:80,11,1,5
BRDA:82,12,0,3
BRDA:82,12,1,2
BRDA:136,13,0,7
BRDA:138,14,0,4
BRDA:138,14,1,3
BRDA:138,15,0,7
BRDA:138,15,1,4
BRF:32
BRH:32
end_of_record
TN:
SF:src\services\authService.js
FN:9,(anonymous_0)
FN:24,(anonymous_1)
FN:32,(anonymous_2)
FN:53,(anonymous_3)
FN:64,(anonymous_4)
FN:72,(anonymous_5)
FN:78,(anonymous_6)
FN:85,(anonymous_7)
FN:92,(anonymous_8)
FN:131,(anonymous_9)
FN:152,(anonymous_10)
FN:172,(anonymous_11)
FNF:12
FNH:12
FNDA:19,(anonymous_0)
FNDA:22,(anonymous_1)
FNDA:8,(anonymous_2)
FNDA:49,(anonymous_3)
FNDA:11,(anonymous_4)
FNDA:3,(anonymous_5)
FNDA:8,(anonymous_6)
FNDA:6,(anonymous_7)
FNDA:5,(anonymous_8)
FNDA:1,(anonymous_9)
FNDA:12,(anonymous_10)
FNDA:7,(anonymous_11)
DA:4,4
DA:5,4
DA:6,4
DA:10,19
DA:11,19
DA:13,16
DA:14,16
DA:15,16
DA:16,16
DA:18,2
DA:19,2
DA:25,22
DA:26,18
DA:28,22
DA:33,8
DA:34,7
DA:35,7
DA:36,3
DA:37,3
[...]
FN:26,(anonymous_1)
FN:30,(anonymous_2)
FNF:3
FNH:3
FNDA:1,(anonymous_0)
FNDA:5,(anonymous_1)
FNDA:1,(anonymous_2)
DA:2,1
DA:18,4
DA:19,4
DA:21,4
DA:22,1
DA:23,1
DA:26,4
DA:27,5
DA:30,4
DA:31,1
DA:32,1
DA:33,1
DA:36,0
DA:37,0
DA:38,0
DA:41,0
DA:42,0
DA:43,0
DA:46,0
LF:19
LH:12
BRDA:31,0,0,1
BRDA:31,0,1,0
BRDA:31,1,0,1
BRDA:31,1,1,1
BRDA:36,2,0,0
BRDA:36,2,1,0
BRDA:36,3,0,0
BRDA:36,3,1,0
BRDA:41,4,0,0
BRDA:41,4,1,0
BRDA:41,5,0,0
BRDA:41,5,1,0
BRF:12
BRH:3
end_of_record
TN:
SF:src\views\admin\GestionarAnimalesAdmin.vue
FN:151,(anonymous_0)
FN:163,(anonymous_1)
FN:168,(anonymous_2)
FN:172,(anonymous_3)
FN:180,(anonymous_4)
FN:185,(anonymous_5)
FN:199,(anonymous_6)
FN:201,(anonymous_7)
FN:213,(anonymous_8)
FN:217,(anonymous_9)
FN:222,(anonymous_10)
FN:227,(anonymous_11)
FN:234,(anonymous_12)
FN:241,(anonymous_13)
FN:245,(anonymous_14)
FN:12,(anonymous_15)
FN:12,(anonymous_16)
FN:17,(anonymous_17)
FN:70,(anonymous_18)
FN:73,(anonymous_19)
FN:76,(anonymous_20)
FN:79,(anonymous_21)
FNF:22
FNH:4
FNDA:2,(anonymous_0)
FNDA:2,(anonymous_1)
FNDA:0,(anonymous_2)
FNDA:0,(anonymous_3)
FNDA:2,(anonymous_4)
FNDA:2,(anonymous_5)
FNDA:0,(anonymous_6)
FNDA:0,(anonymous_7)
FNDA:0,(anonymous_8)
FNDA:0,(anonymous_9)
FNDA:0,(anonymous_10)
FNDA:0,(anonymous_11)
FNDA:0,(anonymous_12)
FNDA:0,(anonymous_13)
FNDA:0,(anonymous_14)
FNDA:0,(anonymous_15)
FNDA:0,(anonymous_16)
FNDA:0,(anonymous_17)
FNDA:0,(anonymous_18)
FNDA:0,(anonymous_19)
FNDA:0,(anonymous_20)
FNDA:0,(anonymous_21)
DA:3,1
DA:4,1
DA:8,1
DA:10,1
DA:11,1
DA:12,0
DA:17,0
DA:32,1
DA:33,1
DA:34,1
DA:35,1
DA:70,0
DA:73,0
DA:76,0
DA:79,0
DA:103,1
DA:104,1
DA:105,1
DA:109,1
DA:146,1
DA:152,2
DA:164,2
DA:166,2
DA:170,0
DA:174,0
DA:175,0
DA:176,0
DA:177,0
DA:181,2
DA:186,2
DA:187,2
DA:189,2
DA:190,2
DA:193,2
DA:195,2
DA:197,0
DA:199,0
DA:201,0
DA:202,0
DA:203,0
DA:208,2
DA:214,0
DA:219,0
DA:224,0
DA:228,0
DA:229,0
DA:230,0
DA:235,0
DA:236,0
DA:237,0
DA:243,0
DA:247,0
LF:52
LH:25
BRDA:189,0,0,2
BRDA:189,0,1,0
BRDA:189,1,0,2
BRDA:189,1,1,0
BRDA:202,2,0,0
BRDA:202,2,1,0
BRDA:229,3,0,0
BRDA:229,3,1,0
BRDA:229,4,0,0
BRDA:229,4,1,0
BRDA:236,5,0,0
BRDA:236,5,1,0
BRDA:236,6,0,0
BRDA:236,6,1,0
BRDA:9,7,0,4
BRDA:9,7,1,2
BRDA:12,8,0,4
BRDA:12,8,1,2
BRDA:12,9,0,4
BRDA:12,9,1,2
BRDA:12,10,0,0
BRDA:12,10,1,0
BRDA:13,11,0,4
BRDA:13,11,1,2
BRDA:17,12,0,4
BRDA:17,12,1,2
BRDA:17,13,0,0
BRDA:17,13,1,0
BRDA:36,14,0,2
BRDA:36,14,1,2
BRDA:59,15,0,0
BRDA:59,15,1,0
BRDA:59,16,0,0
BRDA:59,16,1,0
BRDA:59,17,0,0
BRDA:59,17,1,0
BRDA:64,18,0,0
BRDA:64,18,1,0
BRDA:84,19,0,2
BRDA:84,19,1,2
BRF:40
BRH:16
end_of_record
TN:
SF:src\views\admin\GestionarPotrerosAdmin.vue
FN:103,(anonymous_0)
FN:109,(anonymous_1)
FN:27,(anonymous_2)
FN:37,(anonymous_3)
FN:44,(anonymous_4)
FN:49,(anonymous_5)
FN:77,(anonymous_6)
FN:78,(anonymous_7)
FN:83,(anonymous_8)
FNF:9
FNH:1
FNDA:2,(anonymous_0)
FNDA:0,(anonymous_1)
FNDA:0,(anonymous_2)
FNDA:0,(anonymous_3)
FNDA:0,(anonymous_4)
FNDA:0,(anonymous_5)
FNDA:0,(anonymous_6)
FNDA:0,(anonymous_7)
FNDA:0,(anonymous_8)
DA:3,1
DA:4,1
DA:24,1
DA:27,0
DA:33,1
DA:37,0
DA:43,1
DA:44,0
DA:47,1
DA:48,1
DA:49,0
DA:53,1
DA:54,1
DA:55,1
DA:56,1
DA:58,1
DA:59,1
DA:60,1
DA:62,1
DA:63,1
DA:64,1
DA:66,1
DA:67,1
DA:69,1
DA:70,1
DA:71,1
DA:74,1
DA:76,1
DA:77,0
DA:78,0
DA:83,0
DA:96,1
DA:104,2
DA:111,0
LF:34
LH:26
BRDA:25,0,0,0
BRDA:25,0,1,0
BRDA:27,1,0,0
BRDA:27,1,1,0
BRDA:27,2,0,0
BRDA:27,2,1,0
BRDA:34,3,0,0
BRDA:34,3,1,0
BRDA:35,4,0,0
BRDA:35,4,1,0
BRDA:36,5,0,0
BRDA:36,5,1,0
BRDA:37,6,0,0
BRDA:37,6,1,0
BRDA:44,7,0,0
BRDA:44,7,1,0
BRDA:44,8,0,0
BRDA:44,8,1,0
BRDA:48,9,0,0
BRDA:48,9,1,0
BRDA:49,10,0,0
BRDA:49,10,1,0
BRDA:49,11,0,0
BRDA:49,11,1,0
BRDA:50,12,0,0
BRDA:50,12,1,0
BRDA:55,13,0,0
BRDA:55,13,1,0
BRDA:56,14,0,0
BRDA:56,14,1,0
BRDA:56,15,0,0
BRDA:56,15,1,0
BRDA:59,16,0,0
BRDA:59,16,1,0
BRDA:59,17,0,0
BRDA:59,17,1,0
BRDA:60,18,0,0
BRDA:60,18,1,0
BRDA:60,19,0,0
BRDA:60,19,1,0
BRDA:63,20,0,0
BRDA:63,20,1,0
BRDA:63,21,0,0
BRDA:63,21,1,0
BRDA:64,22,0,0
BRDA:64,22,1,0
BRDA:67,23,0,0
BRDA:67,23,1,0
BRDA:67,24,0,0
BRDA:67,24,1,0
BRDA:70,25,0,0
BRDA:70,25,1,0
BRDA:70,26,0,0
BRDA:70,26,1,0
BRDA:71,27,0,0
BRDA:71,27,1,0
BRDA:71,28,0,0
BRDA:71,28,1,0
BRDA:74,29,0,0
BRDA:74,29,1,0
BRDA:77,30,0,0
BRDA:77,30,1,0
BRDA:78,31,0,0
BRDA:78,31,1,0
BRDA:83,32,0,0
BRDA:83,32,1,0
BRDA:83,33,0,0
BRDA:83,33,1,0
BRF:68
BRH:0
end_of_record
TN:
SF:src\views\admin\GestionarTenants.vue
FN:207,(anonymous_0)
FN:214,(anonymous_1)
FN:226,(anonymous_2)
FN:232,(anonymous_3)
FN:275,(anonymous_4)
FN:286,(anonymous_5)
FN:296,(anonymous_6)
FN:22,(anonymous_7)
FN:89,(anonymous_8)
FN:122,(anonymous_9)
FN:134,(anonymous_10)
FN:161,(anonymous_11)
FNF:12
FNH:2
FNDA:1,(anonymous_0)
FNDA:0,(anonymous_1)
FNDA:0,(anonymous_2)
FNDA:0,(anonymous_3)
FNDA:0,(anonymous_4)
FNDA:0,(anonymous_5)
FNDA:12,(anonymous_6)
FNDA:0,(anonymous_7)
FNDA:0,(anonymous_8)
FNDA:0,(anonymous_9)
FNDA:0,(anonymous_10)
FNDA:0,(anonymous_11)
DA:3,1
DA:4,1
DA:15,1
DA:16,1
DA:17,1
DA:22,0
DA:33,1
DA:34,1
DA:58,1
DA:89,0
DA:106,1
DA:107,1
DA:108,1
DA:109,1
DA:114,1
DA:116,1
DA:122,0
DA:134,0
DA:161,0
DA:171,1
DA:193,12
DA:195,12
DA:196,12
DA:197,12
DA:198,12
DA:199,12
DA:200,12
DA:207,12
DA:208,1
DA:209,1
DA:210,1
DA:211,1
DA:214,12
DA:215,0
DA:216,0
DA:222,0
DA:223,0
DA:226,12
DA:227,0
DA:228,0
DA:229,0
DA:232,12
DA:233,0
DA:234,0
DA:236,0
DA:238,0
DA:240,0
DA:241,0
DA:246,0
DA:252,0
DA:253,0
DA:260,0
DA:262,0
DA:263,0
DA:264,0
DA:266,0
DA:269,0
DA:271,0
DA:275,12
DA:278,0
DA:279,0
DA:280,0
DA:281,0
DA:282,0
DA:283,0
DA:286,12
DA:287,0
DA:288,0
DA:289,0
DA:296,12
DA:298,12
LF:71
LH:34
BRDA:238,0,0,0
BRDA:238,0,1,0
BRDA:252,1,0,0
BRDA:252,1,1,0
BRDA:255,2,0,0
BRDA:255,2,1,0
BRDA:256,3,0,0
BRDA:256,3,1,0
BRDA:266,4,0,0
BRDA:266,4,1,0
BRDA:269,5,0,0
BRDA:269,5,1,0
BRDA:287,6,0,0
BRDA:287,6,1,0
BRDA:22,7,0,13
BRDA:22,7,1,12
BRDA:25,8,0,13
BRDA:25,8,1,12
BRDA:42,9,0,0
BRDA:42,9,1,0
BRDA:46,10,0,0
BRDA:46,10,1,0
BRDA:59,11,0,0
BRDA:59,11,1,0
BRDA:80,12,0,0
BRDA:80,12,1,0
BRDA:110,13,0,0
BRDA:110,13,1,13
BRDA:117,14,0,13
BRDA:117,14,1,12
BRDA:122,15,0,13
BRDA:122,15,1,12
BRDA:129,16,0,13
BRDA:129,16,1,12
BRDA:134,17,0,13
BRDA:134,17,1,12
BRDA:140,18,0,13
BRDA:140,18,1,12
BRDA:146,19,0,0
BRDA:146,19,1,0
BRDA:154,20,0,0
BRDA:154,20,1,0
BRDA:160,21,0,0
BRDA:160,21,1,0
BRDA:161,22,0,0
BRDA:161,22,1,0
BRDA:177,23,0,0
BRDA:177,23,1,13
BRF:48
BRH:16
end_of_record
TN:
SF:src\views\admin\GestionarUsuarios.vue
FN:7,(anonymous_0)
FN:44,(anonymous_1)
FN:51,(anonymous_2)
FN:73,(anonymous_3)
FN:76,(anonymous_4)
FN:84,(anonymous_5)
FN:94,(anonymous_6)
FN:105,(anonymous_7)
FN:115,(anonymous_8)
FN:126,(anonymous_9)
FN:136,(anonymous_10)
FN:147,(anonymous_11)
FN:158,(anonymous_12)
FN:167,(anonymous_13)
FN:174,(anonymous_14)
FN:190,(anonymous_15)
FN:191,(anonymous_16)
FN:200,(anonymous_17)
FN:208,(anonymous_18)
FN:211,(anonymous_19)
FN:219,(anonymous_20)
FN:228,(anonymous_21)
FN:239,(anonymous_22)
FN:248,(anonymous_23)
FN:259,(anonymous_24)
FN:268,(anonymous_25)
FN:279,(anonymous_26)
FN:289,(anonymous_27)
FN:298,(anonymous_28)
FN:299,(anonymous_29)
FN:309,(anonymous_30)
FNF:31
FNH:0
FNDA:0,(anonymous_0)
FNDA:0,(anonymous_1)
FNDA:0,(anonymous_2)
FNDA:0,(anonymous_3)
FNDA:0,(anonymous_4)
FNDA:0,(anonymous_5)
FNDA:0,(anonymous_6)
FNDA:0,(anonymous_7)
FNDA:0,(anonymous_8)
FNDA:0,(anonymous_9)
FNDA:0,(anonymous_10)
FNDA:0,(anonymous_11)
FNDA:0,(anonymous_12)
FNDA:0,(anonymous_13)
FNDA:0,(anonymous_14)
FNDA:0,(anonymous_15)
FNDA:0,(anonymous_16)
FNDA:0,(anonymous_17)
FNDA:0,(anonymous_18)
FNDA:0,(anonymous_19)
FNDA:0,(anonymous_20)
FNDA:0,(anonymous_21)
FNDA:0,(anonymous_22)
FNDA:0,(anonymous_23)
FNDA:0,(anonymous_24)
FNDA:0,(anonymous_25)
FNDA:0,(anonymous_26)
FNDA:0,(anonymous_27)
FNDA:0,(anonymous_28)
FNDA:0,(anonymous_29)
FNDA:0,(anonymous_30)
DA:3,1
DA:4,1
DA:5,1
DA:7,0
DA:13,1
DA:14,1
DA:15,1
DA:16,1
DA:44,0
DA:51,0
DA:69,1
DA:70,1
DA:71,1
DA:73,0
DA:75,1
DA:76,0
DA:77,1
DA:78,1
DA:84,0
DA:88,1
DA:94,0
DA:98,1
DA:99,1
DA:105,0
DA:109,1
DA:115,0
DA:119,1
DA:120,1
DA:126,0
DA:130,1
DA:136,0
DA:140,1
DA:141,1
DA:147,0
DA:152,1
DA:158,0
DA:165,1
DA:167,0
DA:172,1
DA:174,0
DA:176,0
DA:189,1
DA:190,0
DA:191,0
DA:200,0
DA:204,1
DA:205,1
DA:206,1
DA:208,0
DA:210,1
DA:211,0
DA:212,1
DA:213,1
DA:219,0
DA:222,1
DA:228,0
DA:232,1
DA:233,1
DA:239,0
DA:242,1
DA:248,0
DA:252,1
DA:253,1
DA:259,0
DA:262,1
DA:268,0
DA:272,1
DA:273,1
DA:279,0
DA:287,1
DA:289,0
DA:297,1
DA:298,0
DA:299,0
DA:309,0
LF:75
LH:43
BRDA:6,0,0,7
BRDA:6,0,1,7
BRDA:7,1,0,7
BRDA:7,1,1,7
BRDA:7,2,0,0
BRDA:7,2,1,0
BRDA:17,3,0,7
BRDA:17,3,1,7
BRDA:34,4,0,0
BRDA:34,4,1,0
BRDA:39,5,0,0
BRDA:39,5,1,0
BRDA:50,6,0,0
BRDA:50,6,1,0
BRDA:52,7,0,0
BRDA:52,7,1,0
BRDA:54,8,0,0
BRDA:54,8,1,0
BRDA:55,9,0,0
BRDA:55,9,1,0
BRDA:72,10,0,7
BRDA:72,10,1,7
BRDA:73,11,0,7
BRDA:73,11,1,7
BRDA:73,12,0,0
BRDA:73,12,1,0
BRDA:76,13,0,7
BRDA:76,13,1,7
BRDA:76,14,0,0
BRDA:76,14,1,0
BRDA:79,15,0,7
BRDA:79,15,1,7
BRDA:84,16,0,7
BRDA:84,16,1,7
BRDA:89,17,0,7
BRDA:89,17,1,7
BRDA:94,18,0,7
BRDA:94,18,1,7
BRDA:100,19,0,7
BRDA:100,19,1,7
BRDA:105,20,0,7
BRDA:105,20,1,7
BRDA:110,21,0,7
BRDA:110,21,1,7
BRDA:115,22,0,7
BRDA:115,22,1,7
BRDA:121,23,0,7
BRDA:121,23,1,7
BRDA:126,24,0,7
BRDA:126,24,1,7
BRDA:131,25,0,7
BRDA:131,25,1,7
BRDA:136,26,0,7
BRDA:136,26,1,7
BRDA:142,27,0,7
BRDA:142,27,1,7
BRDA:147,28,0,7
BRDA:147,28,1,7
BRDA:150,29,0,7
BRDA:150,29,1,7
BRDA:153,30,0,7
BRDA:153,30,1,7
BRDA:158,31,0,7
BRDA:158,31,1,7
BRDA:166,32,0,0
BRDA:166,32,1,0
BRDA:167,33,0,0
BRDA:167,33,1,0
BRDA:173,34,0,0
BRDA:173,34,1,0
BRDA:174,35,0,0
BRDA:174,35,1,0
BRDA:175,36,0,0
BRDA:175,36,1,0
BRDA:184,37,0,0
BRDA:184,37,1,0
BRDA:190,38,0,7
BRDA:190,38,1,7
BRDA:190,39,0,0
BRDA:190,39,1,0
BRDA:191,40,0,7
BRDA:191,40,1,7
BRDA:191,41,0,0
BRDA:191,41,1,0
BRDA:192,42,0,7
BRDA:192,42,1,7
BRDA:200,43,0,0
BRDA:200,43,1,0
BRDA:200,44,0,0
BRDA:200,44,1,0
BRDA:207,45,0,7
BRDA:207,45,1,7
BRDA:208,46,0,7
BRDA:208,46,1,7
BRDA:208,47,0,0
BRDA:208,47,1,0
BRDA:211,48,0,7
BRDA:211,48,1,7
BRDA:211,49,0,0
BRDA:211,49,1,0
BRDA:214,50,0,7
BRDA:214,50,1,7
BRDA:219,51,0,7
BRDA:219,51,1,7
BRDA:223,52,0,7
BRDA:223,52,1,7
BRDA:228,53,0,7
BRDA:228,53,1,7
BRDA:234,54,0,7
BRDA:234,54,1,7
BRDA:239,55,0,7
BRDA:239,55,1,7
BRDA:243,56,0,7
BRDA:243,56,1,7
BRDA:248,57,0,7
BRDA:248,57,1,7
BRDA:254,58,0,7
BRDA:254,58,1,7
BRDA:259,59,0,7
BRDA:259,59,1,7
BRDA:263,60,0,7
BRDA:263,60,1,7
BRDA:268,61,0,7
BRDA:268,61,1,7
BRDA:274,62,0,7
BRDA:274,62,1,7
BRDA:279,63,0,7
BRDA:279,63,1,7
BRDA:282,64,0,7
BRDA:282,64,1,7
BRDA:288,65,0,7
BRDA:288,65,1,7
BRDA:289,66,0,7
BRDA:289,66,1,7
BRDA:298,67,0,7
BRDA:298,67,1,7
BRDA:298,68,0,0
BRDA:298,68,1,0
BRDA:299,69,0,7
BRDA:299,69,1,7
BRDA:299,70,0,0
BRDA:299,70,1,0
BRDA:300,71,0,7
BRDA:300,71,1,7
BRDA:309,72,0,0
BRDA:309,72,1,0
BRDA:309,73,0,0
BRDA:309,73,1,0
BRF:148
BRH:98
end_of_record
TN:
SF:src\views\admin\PerfilAdmin.vue
FNF:0
FNH:0
LF:0
LH:0
BRDA:47,0,0,0
BRDA:47,0,1,0
BRDA:53,1,0,0
BRDA:53,1,1,0
BRDA:104,2,0,0
BRDA:104,2,1,0
BRF:6
BRH:0
end_of_record
TN:
SF:src\views\admin\RegistroVacunacionAdmin.vue
FN:116,(anonymous_0)
FN:122,(anonymous_1)
FN:13,(anonymous_2)
FN:16,(anonymous_3)
FN:28,(anonymous_4)
FN:32,(anonymous_5)
FN:39,(anonymous_6)
FN:43,(anonymous_7)
FN:77,(anonymous_8)
FN:78,(anonymous_9)
FN:79,(anonymous_10)
FNF:11
FNH:1
FNDA:4,(anonymous_0)
FNDA:0,(anonymous_1)
FNDA:0,(anonymous_2)
FNDA:0,(anonymous_3)
FNDA:0,(anonymous_4)
FNDA:0,(anonymous_5)
FNDA:0,(anonymous_6)
FNDA:0,(anonymous_7)
FNDA:0,(anonymous_8)
FNDA:0,(anonymous_9)
FNDA:0,(anonymous_10)
DA:3,1
DA:4,1
DA:8,1
DA:12,1
DA:13,0
DA:16,0
DA:23,1
DA:24,1
DA:25,1
DA:26,1
DA:28,0
DA:30,1
DA:32,0
DA:34,0
DA:37,1
DA:39,0
DA:41,1
DA:43,0
DA:50,1
DA:51,1
DA:52,1
DA:53,1
DA:77,0
DA:78,0
DA:79,0
DA:109,1
DA:117,4
DA:124,0
DA:125,0
LF:29
LH:17
BRDA:124,0,0,0
BRDA:124,0,1,0
BRDA:13,1,0,12
BRDA:13,1,1,4
BRDA:13,2,0,0
BRDA:13,2,1,0
BRDA:16,3,0,12
BRDA:16,3,1,4
BRDA:16,4,0,0
BRDA:16,4,1,0
BRDA:27,5,0,12
BRDA:27,5,1,4
BRDA:28,6,0,12
BRDA:28,6,1,4
BRDA:31,7,0,12
BRDA:31,7,1,4
BRDA:32,8,0,12
BRDA:32,8,1,4
BRDA:33,9,0,12
BRDA:33,9,1,4
BRDA:38,10,0,12
BRDA:38,10,1,4
BRDA:39,11,0,12
BRDA:39,11,1,4
BRDA:42,12,0,12
BRDA:42,12,1,4
BRDA:43,13,0,12
BRDA:43,13,1,4
BRDA:54,14,0,12
BRDA:54,14,1,4
BRF:30
BRH:24
end_of_record
TN:
SF:src\views\admin\ReportesAdmin.vue
FN:8,(anonymous_0)
FNF:1
FNH:0
FNDA:0,(anonymous_0)
DA:3,1
DA:8,0
DA:26,1
DA:28,1
DA:29,1
DA:30,1
DA:35,1
DA:42,1
DA:43,0
DA:45,1
DA:53,1
DA:54,1
DA:55,1
DA:60,1
DA:69,1
DA:76,1
DA:82,1
DA:83,1
DA:87,1
DA:88,1
DA:89,1
DA:92,1
DA:93,1
DA:103,1
DA:104,1
DA:119,1
LF:26
LH:24
BRDA:8,0,0,1
BRDA:8,0,1,1
BRDA:8,1,0,0
BRDA:8,1,1,0
BRDA:9,2,0,0
BRDA:9,2,1,1
BRDA:10,3,0,1
BRDA:10,3,1,1
BRDA:33,4,0,0
BRDA:33,4,1,0
BRDA:38,5,0,0
BRDA:38,5,1,0
BRDA:45,6,0,0
BRDA:45,6,1,0
BRDA:84,7,0,0
BRDA:84,7,1,0
BRDA:94,8,0,0
BRDA:94,8,1,0
BRF:18
BRH:5
end_of_record
TN:
SF:src\views\public\Contacto.vue
FNF:0
FNH:0
DA:2,1
DA:167,1
LF:2
LH:2
BRF:0
BRH:0
end_of_record
TN:
SF:src\views\public\CrearCuenta.vue
FN:108,(anonymous_0)
FN:126,(anonymous_1)
FN:154,(anonymous_2)
FN:31,(anonymous_3)
FN:34,(anonymous_4)
FN:37,(anonymous_5)
FN:43,(anonymous_6)
FN:46,(anonymous_7)
FN:52,(anonymous_8)
FN:58,(anonymous_9)
FN:61,(anonymous_10)
FN:67,(anonymous_11)
FNF:12
FNH:10
FNDA:9,(anonymous_0)
FNDA:6,(anonymous_1)
FNDA:1,(anonymous_2)
FNDA:6,(anonymous_3)
FNDA:5,(anonymous_4)
FNDA:0,(anonymous_5)
FNDA:5,(anonymous_6)
FNDA:0,(anonymous_7)
FNDA:1,(anonymous_8)
FNDA:5,(anonymous_9)
FNDA:5,(anonymous_10)
FNDA:5,(anonymous_11)
DA:3,1
DA:18,1
DA:19,1
DA:20,1
DA:21,1
DA:23,1
DA:24,1
DA:25,1
DA:31,6
DA:32,1
DA:33,1
DA:34,5
DA:36,1
DA:37,0
DA:41,1
DA:42,1
DA:43,5
DA:45,1
DA:46,0
DA:50,1
DA:51,1
DA:52,1
DA:56,1
DA:57,1
DA:58,5
DA:60,1
DA:61,5
DA:66,1
DA:67,5
DA:73,1
DA:88,1
DA:89,1
DA:106,1
DA:109,9
DA:127,6
DA:128,6
DA:129,6
DA:131,6
DA:133,6
DA:135,1
DA:139,5
DA:150,6
DA:152,3
DA:153,2
DA:154,2
DA:155,1
DA:158,1
DA:161,4
DA:163,4
DA:164,1
DA:165,3
DA:166,3
DA:169,4
DA:171,6
LF:54
LH:52
BRDA:133,0,0,1
BRDA:133,0,1,5
BRDA:133,1,0,6
BRDA:133,1,1,5
BRDA:133,1,2,5
BRDA:133,1,3,5
BRDA:133,1,4,5
BRDA:141,2,0,5
BRDA:141,2,1,5
BRDA:143,3,0,6
BRDA:143,3,1,5
BRDA:145,4,0,6
BRDA:145,4,1,4
BRDA:152,5,0,2
BRDA:152,5,1,1
BRDA:158,6,0,1
BRDA:158,6,1,0
BRDA:163,7,0,1
BRDA:163,7,1,3
BRDA:165,8,0,3
BRDA:165,8,1,0
BRDA:31,9,0,46
BRDA:31,9,1,9
BRDA:31,10,0,6
BRDA:31,10,1,6
BRDA:34,11,0,46
BRDA:34,11,1,9
BRDA:37,12,0,46
BRDA:37,12,1,9
BRDA:43,13,0,46
BRDA:43,13,1,9
BRDA:46,14,0,46
BRDA:46,14,1,9
BRDA:52,15,0,46
BRDA:52,15,1,9
BRDA:58,16,0,46
BRDA:58,16,1,9
BRDA:61,17,0,46
BRDA:61,17,1,9
BRDA:67,18,0,46
BRDA:67,18,1,9
BRDA:76,19,0,5
BRDA:76,19,1,41
BRDA:89,20,0,46
BRDA:89,20,1,9
BRF:45
BRH:43
end_of_record
TN:
SF:src\views\public\Home.vue
FN:11,(anonymous_0)
FN:11,(anonymous_1)
FN:14,(anonymous_2)
FN:14,(anonymous_3)
FNF:4
FNH:4
FNDA:1,(anonymous_0)
FNDA:1,(anonymous_1)
FNDA:1,(anonymous_2)
FNDA:1,(anonymous_3)
DA:4,1
DA:10,1
DA:11,1
DA:14,1
DA:56,1
LF:5
LH:5
BRDA:11,0,0,10
BRDA:11,0,1,10
BRDA:11,1,0,10
BRDA:11,1,1,10
BRDA:14,2,0,10
BRDA:14,2,1,10
BRDA:14,3,0,10
BRDA:14,3,1,10
BRF:8
BRH:8
end_of_record
TN:
SF:src\views\public\Login.vue
FN:105,validateInput
FN:113,handleLoginSuccess
FN:132,(anonymous_2)
FN:143,handleLoginError
FN:153,getErrorMessage
FN:168,handleConnectionError
FN:182,login
FN:57,(anonymous_7)
FN:62,(anonymous_8)
FNF:9
FNH:8
FNDA:7,validateInput
FNDA:3,handleLoginSuccess
FNDA:0,(anonymous_2)
FNDA:1,handleLoginError
FNDA:9,getErrorMessage
FNDA:4,handleConnectionError
FNDA:5,login
FNDA:1,(anonymous_7)
FNDA:1,(anonymous_8)
DA:4,1
DA:21,1
DA:22,1
DA:23,1
DA:24,1
DA:42,1
DA:43,1
DA:44,1
DA:56,1
DA:57,1
DA:61,1
DA:62,1
DA:66,1
DA:73,1
DA:74,1
DA:99,20
DA:100,20
DA:101,20
DA:102,20
DA:103,20
DA:106,7
DA:107,1
DA:108,1
DA:110,6
DA:114,3
DA:122,3
DA:123,3
DA:124,3
DA:126,1
DA:129,3
DA:130,3
DA:131,3
DA:132,3
DA:133,0
DA:135,0
DA:136,0
DA:138,0
DA:144,1
DA:150,1
DA:154,9
DA:155,4
DA:156,1
DA:157,3
DA:158,1
DA:160,2
DA:162,5
DA:163,1
DA:165,4
DA:169,4
DA:170,4
DA:172,4
DA:179,4
DA:183,5
DA:185,5
DA:186,5
DA:188,5
DA:189,5
DA:194,4
DA:195,3
DA:197,1
DA:200,4
DA:202,5
LF:62
LH:58
BRDA:106,0,0,1
BRDA:106,0,1,6
BRDA:106,1,0,7
BRDA:106,1,1,6
BRDA:135,2,0,0
BRDA:135,2,1,0
BRDA:135,3,0,0
BRDA:135,3,1,0
BRDA:154,4,0,4
BRDA:154,4,1,5
BRDA:155,5,0,1
BRDA:155,5,1,3
BRDA:157,6,0,1
BRDA:157,6,1,2
BRDA:160,7,0,2
BRDA:160,7,1,1
BRDA:162,8,0,1
BRDA:162,8,1,4
BRDA:183,9,0,0
BRDA:183,9,1,5
BRDA:194,10,0,3
BRDA:194,10,1,1
BRDA:57,11,0,40
BRDA:57,11,1,20
BRDA:62,12,0,40
BRDA:62,12,1,20
BRDA:69,13,0,10
BRDA:69,13,1,30
BRDA:74,14,0,40
BRDA:74,14,1,20
BRF:30
BRH:25
end_of_record
TN:
SF:src\views\user\DashboardContent.vue
FNF:0
FNH:0
LF:0
LH:0
BRF:0
BRH:0
end_of_record
TN:
SF:src\views\user\DashboardUsuario.vue
FNF:0
FNH:0
LF:0
LH:0
BRF:0
BRH:0
end_of_record
TN:
SF:src\views\user\EscanearQRUsuario.vue
FN:19,(anonymous_0)
FN:24,(anonymous_1)
FN:28,(anonymous_2)
FNF:3
FNH:3
FNDA:1,(anonymous_0)
FNDA:5,(anonymous_1)
FNDA:1,(anonymous_2)
DA:2,1
DA:17,4
DA:19,4
DA:20,1
DA:21,1
DA:24,4
DA:25,5
DA:28,4
DA:29,1
LF:9
LH:9
BRF:0
BRH:0
end_of_record
TN:
SF:src\views\user\GestionarAnimalesUsuario.vue
FN:9,(anonymous_0)
FN:20,(anonymous_1)
FN:24,(anonymous_2)
FN:31,(anonymous_3)
FN:82,(anonymous_4)
FN:85,(anonymous_5)
FNF:6
FNH:0
FNDA:0,(anonymous_0)
FNDA:0,(anonymous_1)
FNDA:0,(anonymous_2)
FNDA:0,(anonymous_3)
FNDA:0,(anonymous_4)
FNDA:0,(anonymous_5)
DA:2,1
DA:3,1
DA:4,1
DA:5,1
DA:9,0
DA:15,1
DA:16,1
DA:17,1
DA:18,1
DA:20,0
DA:22,1
DA:24,0
DA:26,3
DA:29,1
DA:31,0
DA:33,3
DA:59,1
DA:60,1
DA:61,1
DA:62,1
DA:65,1
DA:66,1
DA:67,1
DA:68,1
DA:69,1
DA:80,1
DA:81,1
DA:82,0
DA:85,0
DA:120,3
LF:30
LH:24
BRDA:9,0,0,3
BRDA:9,0,1,3
BRDA:9,1,0,0
BRDA:9,1,1,0
BRDA:10,2,0,3
BRDA:10,2,1,0
BRDA:11,3,0,3
BRDA:11,3,1,3
BRDA:19,4,0,3
BRDA:19,4,1,3
BRDA:20,5,0,3
BRDA:20,5,1,3
BRDA:23,6,0,3
BRDA:23,6,1,3
BRDA:24,7,0,3
BRDA:24,7,1,3
BRDA:25,8,0,3
BRDA:25,8,1,3
BRDA:30,9,0,3
BRDA:30,9,1,3
BRDA:31,10,0,3
BRDA:31,10,1,3
BRDA:32,11,0,3
BRDA:32,11,1,3
BRDA:48,12,0,0
BRDA:48,12,1,0
BRDA:62,13,0,0
BRDA:62,13,1,0
BRDA:66,14,0,0
BRDA:66,14,1,0
BRDA:66,15,0,0
BRDA:66,15,1,0
BRDA:67,16,0,0
BRDA:67,16,1,0
BRDA:67,17,0,0
BRDA:67,17,1,0
BRDA:68,18,0,0
BRDA:68,18,1,0
BRDA:68,19,0,0
BRDA:68,19,1,0
BRDA:69,20,0,0
BRDA:69,20,1,0
BRF:42
BRH:21
end_of_record
TN:
SF:src\views\user\GestionarPotrerosUsuario.vue
FN:12,(anonymous_0)
FN:26,(anonymous_1)
FN:34,(anonymous_2)
FN:41,(anonymous_3)
FNF:4
FNH:0
FNDA:0,(anonymous_0)
FNDA:0,(anonymous_1)
FNDA:0,(anonymous_2)
FNDA:0,(anonymous_3)
DA:2,1
DA:3,1
DA:4,1
DA:5,1
DA:12,0
DA:19,1
DA:20,1
DA:21,1
DA:22,1
DA:26,0
DA:32,1
DA:34,0
DA:36,3
DA:39,1
DA:41,0
DA:43,3
DA:70,1
DA:71,1
DA:72,1
DA:73,1
DA:76,1
DA:79,1
DA:80,1
DA:81,1
DA:84,1
DA:87,1
DA:90,1
DA:93,1
DA:96,1
DA:102,1
DA:103,1
DA:131,3
LF:32
LH:28
BRDA:12,0,0,3
BRDA:12,0,1,3
BRDA:12,1,0,0
BRDA:12,1,1,0
BRDA:13,2,0,3
BRDA:13,2,1,0
BRDA:14,3,0,3
BRDA:14,3,1,3
BRDA:23,4,0,3
BRDA:23,4,1,3
BRDA:26,5,0,3
BRDA:26,5,1,3
BRDA:33,6,0,3
BRDA:33,6,1,3
BRDA:34,7,0,3
BRDA:34,7,1,3
BRDA:35,8,0,3
BRDA:35,8,1,3
BRDA:40,9,0,3
BRDA:40,9,1,3
BRDA:41,10,0,3
BRDA:41,10,1,3
BRDA:42,11,0,3
BRDA:42,11,1,3
BRDA:58,12,0,0
BRDA:58,12,1,0
BRDA:74,13,0,0
BRDA:74,13,1,0
BRDA:74,14,0,0
BRDA:74,14,1,0
BRDA:76,15,0,0
BRDA:76,15,1,0
BRDA:82,16,0,0
BRDA:82,16,1,0
BRDA:82,17,0,0
BRDA:82,17,1,0
BRDA:85,18,0,0
BRDA:85,18,1,0
BRDA:85,19,0,0
BRDA:85,19,1,0
BRDA:88,20,0,0
BRDA:88,20,1,0
BRDA:88,21,0,0
BRDA:88,21,1,0
BRDA:91,22,0,0
BRDA:91,22,1,0
BRDA:91,23,0,0
BRDA:91,23,1,0
BRDA:91,23,2,0
BRDA:94,24,0,0
BRDA:94,24,1,0
BRDA:94,25,0,0
BRDA:94,25,1,0
BRDA:97,26,0,0
BRDA:97,26,1,0
BRDA:97,27,0,0
BRDA:97,27,1,0
BRDA:104,28,0,0
BRDA:104,28,1,0
BRDA:104,28,2,0
BRF:60
BRH:21
end_of_record
TN:
SF:src\views\user\PerfilUsuario.vue
FNF:0
FNH:0
DA:2,0
DA:39,0
LF:2
LH:0
BRDA:35,0,0,0
BRDA:35,0,1,0
BRDA:39,1,0,0
BRDA:39,1,1,0
BRDA:44,2,0,0
BRDA:44,2,1,0
BRDA:53,3,0,0
BRDA:53,3,1,0
BRDA:57,4,0,0
BRDA:57,4,1,0
BRDA:61,5,0,0
BRDA:61,5,1,0
BRF:12
BRH:0
end_of_record
TN:
SF:src\views\user\RegistroVacunacionUsuario.vue
FNF:0
FNH:0
DA:2,1
DA:3,1
DA:4,1
DA:17,1
LF:4
LH:4
BRF:0
BRH:0
end_of_record
TN:
SF:src\views\user\ReportesUsuario.vue
FNF:0
FNH:0
DA:2,1
DA:3,1
DA:4,1
DA:22,1
LF:4
LH:4
BRF:0
BRH:0
end_of_record
