{"meta": {"format": 3, "version": "7.12.0", "timestamp": "2025-11-30T19:14:46.847659", "branch_coverage": false, "show_contexts": false}, "files": {"src\\cli\\__init__.py": {"executed_lines": [0], "summary": {"covered_lines": 0, "num_statements": 0, "percent_covered": 100.0, "percent_covered_display": "100", "missing_lines": 0, "excluded_lines": 0, "percent_statements_covered": 100.0, "percent_statements_covered_display": "100"}, "missing_lines": [], "excluded_lines": [], "functions": {"": {"executed_lines": [], "summary": {"covered_lines": 0, "num_statements": 0, "percent_covered": 100.0, "percent_covered_display": "100", "missing_lines": 0, "excluded_lines": 0, "percent_statements_covered": 100.0, "percent_statements_covered_display": "100"}, "missing_lines": [], "excluded_lines": []}}, "classes": {"": {"executed_lines": [], "summary": {"covered_lines": 0, "num_statements": 0, "percent_covered": 100.0, "percent_covered_display": "100", "missing_lines": 0, "excluded_lines": 0, "percent_statements_covered": 100.0, "percent_statements_covered_display": "100"}, "missing_lines": [], "excluded_lines": []}}}, "src\\cli\\secure_seed.py": {"executed_lines": [1, 4, 5, 6, 7, 8, 9, 10, 11, 12, 14, 15, 16, 18, 20, 21, 22, 23, 24, 25, 27, 28, 29, 30, 31, 32, 33, 36, 37, 40, 41, 42, 43, 47, 48, 49, 50, 53, 54, 55, 56, 57, 61, 62, 66, 67, 70, 71, 72, 73, 74, 75, 78, 79, 80, 81, 82, 83, 84, 85, 86, 87, 88, 89, 90, 91, 93, 97, 110, 116, 211, 212, 213, 216, 217, 218, 219, 220, 224, 225, 226, 227, 230, 234, 253, 267, 281, 295, 328, 371, 407, 437, 462, 497, 498, 499, 516, 517, 518, 539, 540, 541, 542, 544, 545, 547, 548, 549, 550, 551, 552, 553, 554, 555, 556, 557, 561, 565, 568, 569, 571, 574, 575, 576, 589], "summary": {"covered_lines": 124, "num_statements": 229, "percent_covered": 54.148471615720524, "percent_covered_display": "54", "missing_lines": 105, "excluded_lines": 0, "percent_statements_covered": 54.148471615720524, "percent_statements_covered_display": "54"}, "missing_lines": [92, 94, 98, 99, 100, 101, 103, 104, 107, 111, 112, 113, 117, 118, 119, 120, 138, 141, 144, 147, 150, 158, 167, 175, 184, 192, 193, 194, 195, 200, 202, 207, 208, 231, 235, 236, 254, 255, 268, 269, 282, 283, 296, 297, 329, 330, 372, 373, 408, 409, 438, 439, 463, 468, 469, 470, 474, 475, 477, 478, 479, 480, 481, 482, 483, 484, 485, 486, 487, 488, 489, 490, 491, 493, 494, 501, 502, 503, 504, 506, 507, 509, 510, 512, 513, 520, 521, 522, 526, 527, 529, 530, 532, 533, 535, 536, 559, 562, 563, 566, 578, 579, 580, 584, 586], "excluded_lines": [], "functions": {"_ensure_seed_directory": {"executed_lines": [37], "summary": {"covered_lines": 1, "num_statements": 1, "percent_covered": 100.0, "percent_covered_display": "100", "missing_lines": 0, "excluded_lines": 0, "percent_statements_covered": 100.0, "percent_statements_covered_display": "100"}, "missing_lines": [], "excluded_lines": []}, "_load_team_key": {"executed_lines": [41, 42, 43, 47, 48, 49, 50], "summary": {"covered_lines": 7, "num_statements": 7, "percent_covered": 100.0, "percent_covered_display": "100", "missing_lines": 0, "excluded_lines": 0, "percent_statements_covered": 100.0, "percent_statements_covered_display": "100"}, "missing_lines": [], "excluded_lines": []}, "_build_fernet": {"executed_lines": [54, 55, 56, 57, 61, 62, 66, 67], "summary": {"covered_lines": 8, "num_statements": 8, "percent_covered": 100.0, "percent_covered_display": "100", "missing_lines": 0, "excluded_lines": 0, "percent_statements_covered": 100.0, "percent_statements_covered_display": "100"}, "missing_lines": [], "excluded_lines": []}, "_json_default": {"executed_lines": [71, 72, 73, 74, 75], "summary": {"covered_lines": 5, "num_statements": 5, "percent_covered": 100.0, "percent_covered_display": "100", "missing_lines": 0, "excluded_lines": 0, "percent_statements_covered": 100.0, "percent_statements_covered_display": "100"}, "missing_lines": [], "excluded_lines": []}, "_parse_datetime": {"executed_lines": [79, 80, 81, 82, 83, 84, 85, 86, 87, 88, 89, 90, 91, 93], "summary": {"covered_lines": 14, "num_statements": 16, "percent_covered": 87.5, "percent_covered_display": "88", "missing_lines": 2, "excluded_lines": 0, "percent_statements_covered": 87.5, "percent_statements_covered_display": "88"}, "missing_lines": [92, 94], "excluded_lines": []}, "_get_connection_checked": {"executed_lines": [], "summary": {"covered_lines": 0, "num_statements": 7, "percent_covered": 0.0, "percent_covered_display": "0", "missing_lines": 7, "excluded_lines": 0, "percent_statements_covered": 0.0, "percent_statements_covered_display": "0"}, "missing_lines": [98, 99, 100, 101, 103, 104, 107], "excluded_lines": []}, "_fetch_table": {"executed_lines": [], "summary": {"covered_lines": 0, "num_statements": 3, "percent_covered": 0.0, "percent_covered_display": "0", "missing_lines": 3, "excluded_lines": 0, "percent_statements_covered": 0.0, "percent_statements_covered_display": "0"}, "missing_lines": [111, 112, 113], "excluded_lines": []}, "_collect_dataset": {"executed_lines": [], "summary": {"covered_lines": 0, "num_statements": 21, "percent_covered": 0.0, "percent_covered_display": "0", "missing_lines": 21, "excluded_lines": 0, "percent_statements_covered": 0.0, "percent_statements_covered_display": "0"}, "missing_lines": [117, 118, 119, 120, 138, 141, 144, 147, 150, 158, 167, 175, 184, 192, 193, 194, 195, 200, 202, 207, 208], "excluded_lines": []}, "_encrypt_payload": {"executed_lines": [212, 213], "summary": {"covered_lines": 2, "num_statements": 2, "percent_covered": 100.0, "percent_covered_display": "100", "missing_lines": 0, "excluded_lines": 0, "percent_statements_covered": 100.0, "percent_statements_covered_display": "100"}, "missing_lines": [], "excluded_lines": []}, "_decrypt_payload": {"executed_lines": [217, 218, 219, 220, 224, 225, 226, 227], "summary": {"covered_lines": 8, "num_statements": 8, "percent_covered": 100.0, "percent_covered_display": "100", "missing_lines": 0, "excluded_lines": 0, "percent_statements_covered": 100.0, "percent_statements_covered_display": "100"}, "missing_lines": [], "excluded_lines": []}, "_execute_many": {"executed_lines": [], "summary": {"covered_lines": 0, "num_statements": 1, "percent_covered": 0.0, "percent_covered_display": "0", "missing_lines": 1, "excluded_lines": 0, "percent_statements_covered": 0.0, "percent_statements_covered_display": "0"}, "missing_lines": [231], "excluded_lines": []}, "_import_roles": {"executed_lines": [], "summary": {"covered_lines": 0, "num_statements": 2, "percent_covered": 0.0, "percent_covered_display": "0", "missing_lines": 2, "excluded_lines": 0, "percent_statements_covered": 0.0, "percent_statements_covered_display": "0"}, "missing_lines": [235, 236], "excluded_lines": []}, "_import_tipo_pasto": {"executed_lines": [], "summary": {"covered_lines": 0, "num_statements": 2, "percent_covered": 0.0, "percent_covered_display": "0", "missing_lines": 2, "excluded_lines": 0, "percent_statements_covered": 0.0, "percent_statements_covered_display": "0"}, "missing_lines": [254, 255], "excluded_lines": []}, "_import_tipo_vacuna": {"executed_lines": [], "summary": {"covered_lines": 0, "num_statements": 2, "percent_covered": 0.0, "percent_covered_display": "0", "missing_lines": 2, "excluded_lines": 0, "percent_statements_covered": 0.0, "percent_statements_covered_display": "0"}, "missing_lines": [268, 269], "excluded_lines": []}, "_import_estado_ganado": {"executed_lines": [], "summary": {"covered_lines": 0, "num_statements": 2, "percent_covered": 0.0, "percent_covered_display": "0", "missing_lines": 2, "excluded_lines": 0, "percent_statements_covered": 0.0, "percent_statements_covered_display": "0"}, "missing_lines": [282, 283], "excluded_lines": []}, "_import_personas": {"executed_lines": [], "summary": {"covered_lines": 0, "num_statements": 2, "percent_covered": 0.0, "percent_covered_display": "0", "missing_lines": 2, "excluded_lines": 0, "percent_statements_covered": 0.0, "percent_statements_covered_display": "0"}, "missing_lines": [296, 297], "excluded_lines": []}, "_import_potreros": {"executed_lines": [], "summary": {"covered_lines": 0, "num_statements": 2, "percent_covered": 0.0, "percent_covered_display": "0", "missing_lines": 2, "excluded_lines": 0, "percent_statements_covered": 0.0, "percent_statements_covered_display": "0"}, "missing_lines": [329, 330], "excluded_lines": []}, "_import_ganado": {"executed_lines": [], "summary": {"covered_lines": 0, "num_statements": 2, "percent_covered": 0.0, "percent_covered_display": "0", "missing_lines": 2, "excluded_lines": 0, "percent_statements_covered": 0.0, "percent_statements_covered_display": "0"}, "missing_lines": [372, 373], "excluded_lines": []}, "_import_vacunacion": {"executed_lines": [], "summary": {"covered_lines": 0, "num_statements": 2, "percent_covered": 0.0, "percent_covered_display": "0", "missing_lines": 2, "excluded_lines": 0, "percent_statements_covered": 0.0, "percent_statements_covered_display": "0"}, "missing_lines": [408, 409], "excluded_lines": []}, "_import_usuarios": {"executed_lines": [], "summary": {"covered_lines": 0, "num_statements": 2, "percent_covered": 0.0, "percent_covered_display": "0", "missing_lines": 2, "excluded_lines": 0, "percent_statements_covered": 0.0, "percent_statements_covered_display": "0"}, "missing_lines": [438, 439], "excluded_lines": []}, "_import_dataset": {"executed_lines": [], "summary": {"covered_lines": 0, "num_statements": 23, "percent_covered": 0.0, "percent_covered_display": "0", "missing_lines": 23, "excluded_lines": 0, "percent_statements_covered": 0.0, "percent_statements_covered_display": "0"}, "missing_lines": [463, 468, 469, 470, 474, 475, 477, 478, 479, 480, 481, 482, 483, 484, 485, 486, 487, 488, 489, 490, 491, 493, 494], "excluded_lines": []}, "secure_export": {"executed_lines": [], "summary": {"covered_lines": 0, "num_statements": 10, "percent_covered": 0.0, "percent_covered_display": "0", "missing_lines": 10, "excluded_lines": 0, "percent_statements_covered": 0.0, "percent_statements_covered_display": "0"}, "missing_lines": [501, 502, 503, 504, 506, 507, 509, 510, 512, 513], "excluded_lines": []}, "secure_import": {"executed_lines": [], "summary": {"covered_lines": 0, "num_statements": 11, "percent_covered": 0.0, "percent_covered_display": "0", "missing_lines": 11, "excluded_lines": 0, "percent_statements_covered": 0.0, "percent_statements_covered_display": "0"}, "missing_lines": [520, 521, 522, 526, 527, 529, 530, 532, 533, 535, 536], "excluded_lines": []}, "_update_env_example": {"executed_lines": [540, 541, 542, 544, 545, 547, 548, 549, 550, 551, 552, 553, 554, 555, 556, 557, 561, 565, 568, 569, 571], "summary": {"covered_lines": 21, "num_statements": 25, "percent_covered": 84.0, "percent_covered_display": "84", "missing_lines": 4, "excluded_lines": 0, "percent_statements_covered": 84.0, "percent_statements_covered_display": "84"}, "missing_lines": [559, 562, 563, 566], "excluded_lines": []}, "team_generate_key": {"executed_lines": [], "summary": {"covered_lines": 0, "num_statements": 5, "percent_covered": 0.0, "percent_covered_display": "0", "missing_lines": 5, "excluded_lines": 0, "percent_statements_covered": 0.0, "percent_statements_covered_display": "0"}, "missing_lines": [578, 579, 580, 584, 586], "excluded_lines": []}, "": {"executed_lines": [1, 4, 5, 6, 7, 8, 9, 10, 11, 12, 14, 15, 16, 18, 20, 21, 22, 23, 24, 25, 27, 28, 29, 30, 31, 32, 33, 36, 40, 53, 70, 78, 97, 110, 116, 211, 216, 230, 234, 253, 267, 281, 295, 328, 371, 407, 437, 462, 497, 498, 499, 516, 517, 518, 539, 574, 575, 576, 589], "summary": {"covered_lines": 58, "num_statements": 58, "percent_covered": 100.0, "percent_covered_display": "100", "missing_lines": 0, "excluded_lines": 0, "percent_statements_covered": 100.0, "percent_statements_covered_display": "100"}, "missing_lines": [], "excluded_lines": []}}, "classes": {"": {"executed_lines": [1, 4, 5, 6, 7, 8, 9, 10, 11, 12, 14, 15, 16, 18, 20, 21, 22, 23, 24, 25, 27, 28, 29, 30, 31, 32, 33, 36, 37, 40, 41, 42, 43, 47, 48, 49, 50, 53, 54, 55, 56, 57, 61, 62, 66, 67, 70, 71, 72, 73, 74, 75, 78, 79, 80, 81, 82, 83, 84, 85, 86, 87, 88, 89, 90, 91, 93, 97, 110, 116, 211, 212, 213, 216, 217, 218, 219, 220, 224, 225, 226, 227, 230, 234, 253, 267, 281, 295, 328, 371, 407, 437, 462, 497, 498, 499, 516, 517, 518, 539, 540, 541, 542, 544, 545, 547, 548, 549, 550, 551, 552, 553, 554, 555, 556, 557, 561, 565, 568, 569, 571, 574, 575, 576, 589], "summary": {"covered_lines": 124, "num_statements": 229, "percent_covered": 54.148471615720524, "percent_covered_display": "54", "missing_lines": 105, "excluded_lines": 0, "percent_statements_covered": 54.148471615720524, "percent_statements_covered_display": "54"}, "missing_lines": [92, 94, 98, 99, 100, 101, 103, 104, 107, 111, 112, 113, 117, 118, 119, 120, 138, 141, 144, 147, 150, 158, 167, 175, 184, 192, 193, 194, 195, 200, 202, 207, 208, 231, 235, 236, 254, 255, 268, 269, 282, 283, 296, 297, 329, 330, 372, 373, 408, 409, 438, 439, 463, 468, 469, 470, 474, 475, 477, 478, 479, 480, 481, 482, 483, 484, 485, 486, 487, 488, 489, 490, 491, 493, 494, 501, 502, 503, 504, 506, 507, 509, 510, 512, 513, 520, 521, 522, 526, 527, 529, 530, 532, 533, 535, 536, 559, 562, 563, 566, 578, 579, 580, 584, 586], "excluded_lines": []}}}, "src\\config.py": {"executed_lines": [1, 2, 5, 7, 8, 9, 10, 13, 14, 17, 20, 21, 22, 23, 26, 29], "summary": {"covered_lines": 14, "num_statements": 14, "percent_covered": 100.0, "percent_covered_display": "100", "missing_lines": 0, "excluded_lines": 0, "percent_statements_covered": 100.0, "percent_statements_covered_display": "100"}, "missing_lines": [], "excluded_lines": [], "functions": {"_require_env": {"executed_lines": [7, 8, 9, 10], "summary": {"covered_lines": 4, "num_statements": 4, "percent_covered": 100.0, "percent_covered_display": "100", "missing_lines": 0, "excluded_lines": 0, "percent_statements_covered": 100.0, "percent_statements_covered_display": "100"}, "missing_lines": [], "excluded_lines": []}, "": {"executed_lines": [1, 2, 5, 13, 14, 17, 20, 21, 22, 23, 26, 29], "summary": {"covered_lines": 10, "num_statements": 10, "percent_covered": 100.0, "percent_covered_display": "100", "missing_lines": 0, "excluded_lines": 0, "percent_statements_covered": 100.0, "percent_statements_covered_display": "100"}, "missing_lines": [], "excluded_lines": []}}, "classes": {"Config": {"executed_lines": [], "summary": {"covered_lines": 0, "num_statements": 0, "percent_covered": 100.0, "percent_covered_display": "100", "missing_lines": 0, "excluded_lines": 0, "percent_statements_covered": 100.0, "percent_statements_covered_display": "100"}, "missing_lines": [], "excluded_lines": []}, "": {"executed_lines": [1, 2, 5, 7, 8, 9, 10, 13, 14, 17, 20, 21, 22, 23, 26, 29], "summary": {"covered_lines": 14, "num_statements": 14, "percent_covered": 100.0, "percent_covered_display": "100", "missing_lines": 0, "excluded_lines": 0, "percent_statements_covered": 100.0, "percent_statements_covered_display": "100"}, "missing_lines": [], "excluded_lines": []}}}, "src\\controllers\\__init__.py": {"executed_lines": [0], "summary": {"covered_lines": 0, "num_statements": 0, "percent_covered": 100.0, "percent_covered_display": "100", "missing_lines": 0, "excluded_lines": 0, "percent_statements_covered": 100.0, "percent_statements_covered_display": "100"}, "missing_lines": [], "excluded_lines": [], "functions": {"": {"executed_lines": [], "summary": {"covered_lines": 0, "num_statements": 0, "percent_covered": 100.0, "percent_covered_display": "100", "missing_lines": 0, "excluded_lines": 0, "percent_statements_covered": 100.0, "percent_statements_covered_display": "100"}, "missing_lines": [], "excluded_lines": []}}, "classes": {"": {"executed_lines": [], "summary": {"covered_lines": 0, "num_statements": 0, "percent_covered": 100.0, "percent_covered_display": "100", "missing_lines": 0, "excluded_lines": 0, "percent_statements_covered": 100.0, "percent_statements_covered_display": "100"}, "missing_lines": [], "excluded_lines": []}}}, "src\\controllers\\animal_controller.py": {"executed_lines": [2, 3, 4, 5, 6, 7, 8, 10, 11, 12, 13, 17, 19, 20, 21, 22, 23, 24, 25, 26, 29, 30, 32, 33, 35, 36, 37, 38, 44, 50, 55, 56, 66, 67, 68, 69, 70, 72, 74, 75, 76, 77, 78, 82, 84, 85, 90, 106, 107, 108, 109, 110, 112, 114, 115, 116, 117, 118, 122, 123, 139, 140, 148, 149, 150, 151, 152, 153, 164, 165, 166, 167, 168, 170, 171, 174, 175, 176, 177, 178, 183, 184, 185, 191, 192, 194, 197, 198, 199, 200, 207, 224, 225, 226, 227, 228, 286, 287, 288, 289, 290, 340, 341, 342, 343, 344, 346, 347, 349, 350, 354, 355, 359, 360, 378, 379, 380, 381, 382, 383, 384, 385, 396, 397, 398, 399, 400, 402, 404, 405, 406, 407, 408, 412, 414, 415, 416, 421], "summary": {"covered_lines": 138, "num_statements": 231, "percent_covered": 59.74025974025974, "percent_covered_display": "60", "missing_lines": 93, "excluded_lines": 0, "percent_statements_covered": 59.74025974025974, "percent_statements_covered_display": "60"}, "missing_lines": [14, 41, 42, 60, 61, 79, 80, 95, 96, 100, 101, 119, 120, 129, 130, 131, 132, 133, 158, 159, 179, 180, 193, 204, 205, 213, 218, 219, 230, 231, 232, 233, 235, 236, 243, 244, 245, 246, 247, 248, 249, 251, 253, 254, 255, 256, 257, 259, 264, 265, 271, 276, 277, 278, 279, 280, 292, 293, 294, 297, 298, 299, 300, 301, 302, 303, 305, 307, 308, 309, 310, 311, 313, 318, 319, 325, 330, 331, 332, 333, 334, 365, 369, 370, 371, 372, 373, 390, 391, 409, 410, 426, 427], "excluded_lines": [], "functions": {"GanadoController.crear_ganado": {"executed_lines": [25, 26, 29, 30, 32, 33, 35, 36, 37, 38, 44, 50, 55, 56], "summary": {"covered_lines": 14, "num_statements": 18, "percent_covered": 77.77777777777777, "percent_covered_display": "78", "missing_lines": 4, "excluded_lines": 0, "percent_statements_covered": 77.77777777777777, "percent_statements_covered_display": "78"}, "missing_lines": [41, 42, 60, 61], "excluded_lines": []}, "GanadoController.obtener_ganado": {"executed_lines": [72, 74, 75, 76, 77, 78, 82, 84, 85, 90], "summary": {"covered_lines": 10, "num_statements": 16, "percent_covered": 62.5, "percent_covered_display": "62", "missing_lines": 6, "excluded_lines": 0, "percent_statements_covered": 62.5, "percent_statements_covered_display": "62"}, "missing_lines": [79, 80, 95, 96, 100, 101], "excluded_lines": []}, "GanadoController.obtener_todos_ganados": {"executed_lines": [112, 114, 115, 116, 117, 118, 122, 123], "summary": {"covered_lines": 8, "num_statements": 15, "percent_covered": 53.333333333333336, "percent_covered_display": "53", "missing_lines": 7, "excluded_lines": 0, "percent_statements_covered": 53.333333333333336, "percent_statements_covered_display": "53"}, "missing_lines": [119, 120, 129, 130, 131, 132, 133], "excluded_lines": []}, "GanadoController.obtener_estados_ganado": {"executed_lines": [148, 149, 150, 151, 152, 153], "summary": {"covered_lines": 6, "num_statements": 8, "percent_covered": 75.0, "percent_covered_display": "75", "missing_lines": 2, "excluded_lines": 0, "percent_statements_covered": 75.0, "percent_statements_covered_display": "75"}, "missing_lines": [158, 159], "excluded_lines": []}, "GanadoController.actualizar_ganado": {"executed_lines": [170, 171, 174, 175, 176, 177, 178, 183, 184, 185, 191, 192, 194, 197, 198, 199, 200, 207], "summary": {"covered_lines": 18, "num_statements": 26, "percent_covered": 69.23076923076923, "percent_covered_display": "69", "missing_lines": 8, "excluded_lines": 0, "percent_statements_covered": 69.23076923076923, "percent_statements_covered_display": "69"}, "missing_lines": [179, 180, 193, 204, 205, 213, 218, 219], "excluded_lines": []}, "GanadoController.dar_baja_ganado": {"executed_lines": [], "summary": {"covered_lines": 0, "num_statements": 28, "percent_covered": 0.0, "percent_covered_display": "0", "missing_lines": 28, "excluded_lines": 0, "percent_statements_covered": 0.0, "percent_statements_covered_display": "0"}, "missing_lines": [230, 231, 232, 233, 235, 236, 243, 244, 245, 246, 247, 248, 249, 251, 253, 254, 255, 256, 257, 259, 264, 265, 271, 276, 277, 278, 279, 280], "excluded_lines": []}, "GanadoController.reactivar_ganado": {"executed_lines": [], "summary": {"covered_lines": 0, "num_statements": 25, "percent_covered": 0.0, "percent_covered_display": "0", "missing_lines": 25, "excluded_lines": 0, "percent_statements_covered": 0.0, "percent_statements_covered_display": "0"}, "missing_lines": [292, 293, 294, 297, 298, 299, 300, 301, 302, 303, 305, 307, 308, 309, 310, 311, 313, 318, 319, 325, 330, 331, 332, 333, 334], "excluded_lines": []}, "GanadoController.eliminar_ganado": {"executed_lines": [346, 347, 349, 350, 354, 355, 359, 360], "summary": {"covered_lines": 8, "num_statements": 14, "percent_covered": 57.142857142857146, "percent_covered_display": "57", "missing_lines": 6, "excluded_lines": 0, "percent_statements_covered": 57.142857142857146, "percent_statements_covered_display": "57"}, "missing_lines": [365, 369, 370, 371, 372, 373], "excluded_lines": []}, "GanadoController.obtener_ganados_por_potrero": {"executed_lines": [383, 384, 385], "summary": {"covered_lines": 3, "num_statements": 5, "percent_covered": 60.0, "percent_covered_display": "60", "missing_lines": 2, "excluded_lines": 0, "percent_statements_covered": 60.0, "percent_statements_covered_display": "60"}, "missing_lines": [390, 391], "excluded_lines": []}, "GanadoController.buscar_por_codigo_qr": {"executed_lines": [402, 404, 405, 406, 407, 408, 412, 414, 415, 416, 421], "summary": {"covered_lines": 11, "num_statements": 15, "percent_covered": 73.33333333333333, "percent_covered_display": "73", "missing_lines": 4, "excluded_lines": 0, "percent_statements_covered": 73.33333333333333, "percent_statements_covered_display": "73"}, "missing_lines": [409, 410, 426, 427], "excluded_lines": []}, "": {"executed_lines": [2, 3, 4, 5, 6, 7, 8, 10, 11, 12, 13, 17, 19, 20, 21, 22, 23, 24, 66, 67, 68, 69, 70, 106, 107, 108, 109, 110, 139, 140, 164, 165, 166, 167, 168, 224, 225, 226, 227, 228, 286, 287, 288, 289, 290, 340, 341, 342, 343, 344, 378, 379, 380, 381, 382, 396, 397, 398, 399, 400], "summary": {"covered_lines": 60, "num_statements": 61, "percent_covered": 98.36065573770492, "percent_covered_display": "98", "missing_lines": 1, "excluded_lines": 0, "percent_statements_covered": 98.36065573770492, "percent_statements_covered_display": "98"}, "missing_lines": [14], "excluded_lines": []}}, "classes": {"GanadoController": {"executed_lines": [25, 26, 29, 30, 32, 33, 35, 36, 37, 38, 44, 50, 55, 56, 72, 74, 75, 76, 77, 78, 82, 84, 85, 90, 112, 114, 115, 116, 117, 118, 122, 123, 148, 149, 150, 151, 152, 153, 170, 171, 174, 175, 176, 177, 178, 183, 184, 185, 191, 192, 194, 197, 198, 199, 200, 207, 346, 347, 349, 350, 354, 355, 359, 360, 383, 384, 385, 402, 404, 405, 406, 407, 408, 412, 414, 415, 416, 421], "summary": {"covered_lines": 78, "num_statements": 170, "percent_covered": 45.88235294117647, "percent_covered_display": "46", "missing_lines": 92, "excluded_lines": 0, "percent_statements_covered": 45.88235294117647, "percent_statements_covered_display": "46"}, "missing_lines": [41, 42, 60, 61, 79, 80, 95, 96, 100, 101, 119, 120, 129, 130, 131, 132, 133, 158, 159, 179, 180, 193, 204, 205, 213, 218, 219, 230, 231, 232, 233, 235, 236, 243, 244, 245, 246, 247, 248, 249, 251, 253, 254, 255, 256, 257, 259, 264, 265, 271, 276, 277, 278, 279, 280, 292, 293, 294, 297, 298, 299, 300, 301, 302, 303, 305, 307, 308, 309, 310, 311, 313, 318, 319, 325, 330, 331, 332, 333, 334, 365, 369, 370, 371, 372, 373, 390, 391, 409, 410, 426, 427], "excluded_lines": []}, "": {"executed_lines": [2, 3, 4, 5, 6, 7, 8, 10, 11, 12, 13, 17, 19, 20, 21, 22, 23, 24, 66, 67, 68, 69, 70, 106, 107, 108, 109, 110, 139, 140, 164, 165, 166, 167, 168, 224, 225, 226, 227, 228, 286, 287, 288, 289, 290, 340, 341, 342, 343, 344, 378, 379, 380, 381, 382, 396, 397, 398, 399, 400], "summary": {"covered_lines": 60, "num_statements": 61, "percent_covered": 98.36065573770492, "percent_covered_display": "98", "missing_lines": 1, "excluded_lines": 0, "percent_statements_covered": 98.36065573770492, "percent_statements_covered_display": "98"}, "missing_lines": [14], "excluded_lines": []}}}, "src\\controllers\\potrero_controller.py": {"executed_lines": [1, 2, 3, 4, 5, 6, 7, 8, 10, 11, 14, 15, 16, 17, 18, 20, 21, 22, 23, 24, 26, 28, 29, 30, 31, 32, 36, 37, 38, 39, 40, 41, 42, 48, 49, 50, 51, 52, 54, 56, 57, 58, 64, 65, 66, 67, 72, 73, 85, 86, 87, 88, 89, 91, 92, 93, 94, 100, 104, 105, 107, 108, 112, 113, 114, 119, 126, 133, 134, 135, 136, 137, 143, 144, 145, 146, 147, 149, 150, 151, 159, 160, 161, 167, 169, 170, 175, 176, 177, 182, 183, 201, 202, 203, 204, 205, 207, 209, 210, 211, 217, 219, 220, 224, 225, 226, 230, 231, 249, 250, 251, 252, 253, 255, 257, 258, 259, 265, 266, 286, 287, 288, 289, 290, 292, 293, 294, 301, 302, 304, 328, 329, 331, 332, 333, 347, 348, 366, 367, 369, 370, 371], "summary": {"covered_lines": 140, "num_statements": 204, "percent_covered": 68.62745098039215, "percent_covered_display": "69", "missing_lines": 64, "excluded_lines": 0, "percent_statements_covered": 68.62745098039215, "percent_statements_covered_display": "69"}, "missing_lines": [33, 34, 59, 60, 61, 62, 78, 79, 109, 120, 121, 127, 128, 152, 162, 163, 164, 165, 171, 188, 189, 194, 195, 212, 213, 214, 215, 221, 236, 237, 242, 243, 260, 261, 262, 263, 267, 268, 273, 274, 279, 280, 295, 309, 310, 315, 316, 321, 322, 334, 335, 340, 341, 350, 351, 352, 353, 354, 359, 360, 372, 373, 378, 379], "excluded_lines": [], "functions": {"PotreroController.get_all": {"executed_lines": [26, 28, 29, 30, 31, 32, 36, 37, 38, 39, 40, 41, 42], "summary": {"covered_lines": 13, "num_statements": 15, "percent_covered": 86.66666666666667, "percent_covered_display": "87", "missing_lines": 2, "excluded_lines": 0, "percent_statements_covered": 86.66666666666667, "percent_statements_covered_display": "87"}, "missing_lines": [33, 34], "excluded_lines": []}, "PotreroController.get_by_id": {"executed_lines": [54, 56, 57, 58, 64, 65, 66, 67, 72, 73], "summary": {"covered_lines": 10, "num_statements": 16, "percent_covered": 62.5, "percent_covered_display": "62", "missing_lines": 6, "excluded_lines": 0, "percent_statements_covered": 62.5, "percent_statements_covered_display": "62"}, "missing_lines": [59, 60, 61, 62, 78, 79], "excluded_lines": []}, "PotreroController.create": {"executed_lines": [91, 92, 93, 94, 100, 104, 105, 107, 108, 112, 113, 114, 119, 126, 133, 134, 135, 136, 137], "summary": {"covered_lines": 19, "num_statements": 24, "percent_covered": 79.16666666666667, "percent_covered_display": "79", "missing_lines": 5, "excluded_lines": 0, "percent_statements_covered": 79.16666666666667, "percent_statements_covered_display": "79"}, "missing_lines": [109, 120, 121, 127, 128], "excluded_lines": []}, "PotreroController.update": {"executed_lines": [149, 150, 151, 159, 160, 161, 167, 169, 170, 175, 176, 177, 182, 183], "summary": {"covered_lines": 14, "num_statements": 24, "percent_covered": 58.333333333333336, "percent_covered_display": "58", "missing_lines": 10, "excluded_lines": 0, "percent_statements_covered": 58.333333333333336, "percent_statements_covered_display": "58"}, "missing_lines": [152, 162, 163, 164, 165, 171, 188, 189, 194, 195], "excluded_lines": []}, "PotreroController.delete": {"executed_lines": [207, 209, 210, 211, 217, 219, 220, 224, 225, 226, 230, 231], "summary": {"covered_lines": 12, "num_statements": 21, "percent_covered": 57.142857142857146, "percent_covered_display": "57", "missing_lines": 9, "excluded_lines": 0, "percent_statements_covered": 57.142857142857146, "percent_statements_covered_display": "57"}, "missing_lines": [212, 213, 214, 215, 221, 236, 237, 242, 243], "excluded_lines": []}, "PotreroController.get_by_estado": {"executed_lines": [255, 257, 258, 259, 265, 266], "summary": {"covered_lines": 6, "num_statements": 16, "percent_covered": 37.5, "percent_covered_display": "38", "missing_lines": 10, "excluded_lines": 0, "percent_statements_covered": 37.5, "percent_statements_covered_display": "38"}, "missing_lines": [260, 261, 262, 263, 267, 268, 273, 274, 279, 280], "excluded_lines": []}, "PotreroController.actualizar_ocupacion": {"executed_lines": [292, 293, 294, 301, 302, 304], "summary": {"covered_lines": 6, "num_statements": 13, "percent_covered": 46.15384615384615, "percent_covered_display": "46", "missing_lines": 7, "excluded_lines": 0, "percent_statements_covered": 46.15384615384615, "percent_statements_covered_display": "46"}, "missing_lines": [295, 309, 310, 315, 316, 321, 322], "excluded_lines": []}, "PotreroController.get_tipos_pasto": {"executed_lines": [331, 332, 333], "summary": {"covered_lines": 3, "num_statements": 7, "percent_covered": 42.857142857142854, "percent_covered_display": "43", "missing_lines": 4, "excluded_lines": 0, "percent_statements_covered": 42.857142857142854, "percent_statements_covered_display": "43"}, "missing_lines": [334, 335, 340, 341], "excluded_lines": []}, "PotreroController.get_personas_usuario": {"executed_lines": [], "summary": {"covered_lines": 0, "num_statements": 7, "percent_covered": 0.0, "percent_covered_display": "0", "missing_lines": 7, "excluded_lines": 0, "percent_statements_covered": 0.0, "percent_statements_covered_display": "0"}, "missing_lines": [350, 351, 352, 353, 354, 359, 360], "excluded_lines": []}, "PotreroController.get_estados_potrero": {"executed_lines": [369, 370, 371], "summary": {"covered_lines": 3, "num_statements": 7, "percent_covered": 42.857142857142854, "percent_covered_display": "43", "missing_lines": 4, "excluded_lines": 0, "percent_statements_covered": 42.857142857142854, "percent_statements_covered_display": "43"}, "missing_lines": [372, 373, 378, 379], "excluded_lines": []}, "": {"executed_lines": [1, 2, 3, 4, 5, 6, 7, 8, 10, 11, 14, 15, 16, 17, 18, 20, 21, 22, 23, 24, 48, 49, 50, 51, 52, 85, 86, 87, 88, 89, 143, 144, 145, 146, 147, 201, 202, 203, 204, 205, 249, 250, 251, 252, 253, 286, 287, 288, 289, 290, 328, 329, 347, 348, 366, 367], "summary": {"covered_lines": 54, "num_statements": 54, "percent_covered": 100.0, "percent_covered_display": "100", "missing_lines": 0, "excluded_lines": 0, "percent_statements_covered": 100.0, "percent_statements_covered_display": "100"}, "missing_lines": [], "excluded_lines": []}}, "classes": {"PotreroController": {"executed_lines": [26, 28, 29, 30, 31, 32, 36, 37, 38, 39, 40, 41, 42, 54, 56, 57, 58, 64, 65, 66, 67, 72, 73, 91, 92, 93, 94, 100, 104, 105, 107, 108, 112, 113, 114, 119, 126, 133, 134, 135, 136, 137, 149, 150, 151, 159, 160, 161, 167, 169, 170, 175, 176, 177, 182, 183, 207, 209, 210, 211, 217, 219, 220, 224, 225, 226, 230, 231, 255, 257, 258, 259, 265, 266, 292, 293, 294, 301, 302, 304, 331, 332, 333, 369, 370, 371], "summary": {"covered_lines": 86, "num_statements": 150, "percent_covered": 57.333333333333336, "percent_covered_display": "57", "missing_lines": 64, "excluded_lines": 0, "percent_statements_covered": 57.333333333333336, "percent_statements_covered_display": "57"}, "missing_lines": [33, 34, 59, 60, 61, 62, 78, 79, 109, 120, 121, 127, 128, 152, 162, 163, 164, 165, 171, 188, 189, 194, 195, 212, 213, 214, 215, 221, 236, 237, 242, 243, 260, 261, 262, 263, 267, 268, 273, 274, 279, 280, 295, 309, 310, 315, 316, 321, 322, 334, 335, 340, 341, 350, 351, 352, 353, 354, 359, 360, 372, 373, 378, 379], "excluded_lines": []}, "": {"executed_lines": [1, 2, 3, 4, 5, 6, 7, 8, 10, 11, 14, 15, 16, 17, 18, 20, 21, 22, 23, 24, 48, 49, 50, 51, 52, 85, 86, 87, 88, 89, 143, 144, 145, 146, 147, 201, 202, 203, 204, 205, 249, 250, 251, 252, 253, 286, 287, 288, 289, 290, 328, 329, 347, 348, 366, 367], "summary": {"covered_lines": 54, "num_statements": 54, "percent_covered": 100.0, "percent_covered_display": "100", "missing_lines": 0, "excluded_lines": 0, "percent_statements_covered": 100.0, "percent_statements_covered_display": "100"}, "missing_lines": [], "excluded_lines": []}}}, "src\\controllers\\reporte_controller.py": {"executed_lines": [1, 3, 5, 8, 9, 11, 12, 13, 14, 16, 23, 28, 29, 34, 35, 36, 37, 39, 45, 47, 54, 55], "summary": {"covered_lines": 20, "num_statements": 22, "percent_covered": 90.9090909090909, "percent_covered_display": "91", "missing_lines": 2, "excluded_lines": 0, "percent_statements_covered": 90.9090909090909, "percent_statements_covered_display": "91"}, "missing_lines": [17, 40], "excluded_lines": [], "functions": {"ReporteController.obtener_resumen": {"executed_lines": [13, 14, 16, 23, 28, 29], "summary": {"covered_lines": 6, "num_statements": 7, "percent_covered": 85.71428571428571, "percent_covered_display": "86", "missing_lines": 1, "excluded_lines": 0, "percent_statements_covered": 85.71428571428571, "percent_statements_covered_display": "86"}, "missing_lines": [17], "excluded_lines": []}, "ReporteController.descargar_resumen_pdf": {"executed_lines": [36, 37, 39, 45, 47, 54, 55], "summary": {"covered_lines": 7, "num_statements": 8, "percent_covered": 87.5, "percent_covered_display": "88", "missing_lines": 1, "excluded_lines": 0, "percent_statements_covered": 87.5, "percent_statements_covered_display": "88"}, "missing_lines": [40], "excluded_lines": []}, "": {"executed_lines": [1, 3, 5, 8, 9, 11, 12, 34, 35], "summary": {"covered_lines": 7, "num_statements": 7, "percent_covered": 100.0, "percent_covered_display": "100", "missing_lines": 0, "excluded_lines": 0, "percent_statements_covered": 100.0, "percent_statements_covered_display": "100"}, "missing_lines": [], "excluded_lines": []}}, "classes": {"ReporteController": {"executed_lines": [13, 14, 16, 23, 28, 29, 36, 37, 39, 45, 47, 54, 55], "summary": {"covered_lines": 13, "num_statements": 15, "percent_covered": 86.66666666666667, "percent_covered_display": "87", "missing_lines": 2, "excluded_lines": 0, "percent_statements_covered": 86.66666666666667, "percent_statements_covered_display": "87"}, "missing_lines": [17, 40], "excluded_lines": []}, "": {"executed_lines": [1, 3, 5, 8, 9, 11, 12, 34, 35], "summary": {"covered_lines": 7, "num_statements": 7, "percent_covered": 100.0, "percent_covered_display": "100", "missing_lines": 0, "excluded_lines": 0, "percent_statements_covered": 100.0, "percent_statements_covered_display": "100"}, "missing_lines": [], "excluded_lines": []}}}, "src\\controllers\\tenant_controller.py": {"executed_lines": [1, 2, 3, 4, 5, 8, 9, 11, 12, 13, 14, 16, 17, 18, 20, 24, 25, 30, 31, 32, 33, 35, 36, 38, 39, 44, 45, 47, 53, 55, 56, 66, 67, 72, 73, 74, 75, 77, 78, 80, 81, 86, 96, 97, 98, 99, 101, 102, 104, 110, 111, 113, 119, 120, 126], "summary": {"covered_lines": 53, "num_statements": 60, "percent_covered": 88.33333333333333, "percent_covered_display": "88", "missing_lines": 7, "excluded_lines": 0, "percent_statements_covered": 88.33333333333333, "percent_statements_covered_display": "88"}, "missing_lines": [48, 62, 90, 91, 105, 130, 131], "excluded_lines": [], "functions": {"TenantController.listar_tenants": {"executed_lines": [16, 17, 18, 20, 24, 25], "summary": {"covered_lines": 6, "num_statements": 6, "percent_covered": 100.0, "percent_covered_display": "100", "missing_lines": 0, "excluded_lines": 0, "percent_statements_covered": 100.0, "percent_statements_covered_display": "100"}, "missing_lines": [], "excluded_lines": []}, "TenantController.crear_tenant": {"executed_lines": [35, 36, 38, 39, 44, 45, 47, 53, 55, 56, 66, 67], "summary": {"covered_lines": 12, "num_statements": 14, "percent_covered": 85.71428571428571, "percent_covered_display": "86", "missing_lines": 2, "excluded_lines": 0, "percent_statements_covered": 85.71428571428571, "percent_statements_covered_display": "86"}, "missing_lines": [48, 62], "excluded_lines": []}, "TenantController.obtener_tenant": {"executed_lines": [77, 78, 80, 81, 86], "summary": {"covered_lines": 5, "num_statements": 7, "percent_covered": 71.42857142857143, "percent_covered_display": "71", "missing_lines": 2, "excluded_lines": 0, "percent_statements_covered": 71.42857142857143, "percent_statements_covered_display": "71"}, "missing_lines": [90, 91], "excluded_lines": []}, "TenantController.actualizar_tenant": {"executed_lines": [101, 102, 104, 110, 111, 113, 119, 120, 126], "summary": {"covered_lines": 9, "num_statements": 12, "percent_covered": 75.0, "percent_covered_display": "75", "missing_lines": 3, "excluded_lines": 0, "percent_statements_covered": 75.0, "percent_statements_covered_display": "75"}, "missing_lines": [105, 130, 131], "excluded_lines": []}, "": {"executed_lines": [1, 2, 3, 4, 5, 8, 9, 11, 12, 13, 14, 30, 31, 32, 33, 72, 73, 74, 75, 96, 97, 98, 99], "summary": {"covered_lines": 21, "num_statements": 21, "percent_covered": 100.0, "percent_covered_display": "100", "missing_lines": 0, "excluded_lines": 0, "percent_statements_covered": 100.0, "percent_statements_covered_display": "100"}, "missing_lines": [], "excluded_lines": []}}, "classes": {"TenantController": {"executed_lines": [16, 17, 18, 20, 24, 25, 35, 36, 38, 39, 44, 45, 47, 53, 55, 56, 66, 67, 77, 78, 80, 81, 86, 101, 102, 104, 110, 111, 113, 119, 120, 126], "summary": {"covered_lines": 32, "num_statements": 39, "percent_covered": 82.05128205128206, "percent_covered_display": "82", "missing_lines": 7, "excluded_lines": 0, "percent_statements_covered": 82.05128205128206, "percent_statements_covered_display": "82"}, "missing_lines": [48, 62, 90, 91, 105, 130, 131], "excluded_lines": []}, "": {"executed_lines": [1, 2, 3, 4, 5, 8, 9, 11, 12, 13, 14, 30, 31, 32, 33, 72, 73, 74, 75, 96, 97, 98, 99], "summary": {"covered_lines": 21, "num_statements": 21, "percent_covered": 100.0, "percent_covered_display": "100", "missing_lines": 0, "excluded_lines": 0, "percent_statements_covered": 100.0, "percent_statements_covered_display": "100"}, "missing_lines": [], "excluded_lines": []}}}, "src\\controllers\\usuario_controller.py": {"executed_lines": [1, 2, 3, 4, 5, 6, 7, 8, 10, 12, 13, 15, 16, 18, 22, 23, 26, 27, 28, 29, 31, 32, 37, 38, 43, 45, 46, 47, 49, 50, 52, 53, 57, 58, 59, 60, 62, 63, 67, 68, 70, 72, 74, 75, 76, 77, 78, 79, 80, 81, 82, 83, 85, 86, 87, 97, 98, 99, 100, 103, 105, 106, 107, 108, 109, 110, 112, 113, 115, 116, 118, 119, 120, 121, 123, 124, 125, 127, 128, 129, 131, 132, 134, 136, 137, 139, 140, 141, 143, 144, 145, 146, 148, 149, 154, 155, 156, 158, 159, 160, 161, 166, 167, 169, 170, 172, 173, 175, 176, 180, 181, 183, 184, 185, 186, 187, 188, 189, 190, 192, 193, 194, 195, 197, 198, 200, 201, 203, 204, 206, 207, 209, 210, 212, 213, 214, 215, 217, 218, 220, 221, 223, 224, 225, 226, 227, 228, 230, 231, 233, 234, 240, 242, 243, 248, 249, 250, 251, 252, 254, 255, 257, 258, 261, 262, 264, 268, 269, 277, 278, 279, 281, 282, 284, 285, 286, 287, 291, 293, 294, 296, 297, 298, 304, 306, 307, 309, 316, 317, 318, 319, 320, 321, 322, 324, 325, 326, 331, 332, 334, 335, 336, 341, 342, 343, 344, 346, 347, 352, 357, 358, 359, 364, 365, 367, 368, 369, 373, 375, 376, 378, 380, 381, 382, 383, 384, 385, 386, 389, 390, 392, 394, 395, 396, 397, 398, 399, 401, 402, 403, 408, 413, 418, 419, 420, 425, 426, 427, 428, 429, 431, 432, 437, 438, 439, 444, 445, 447, 448, 449, 454, 466, 467, 468, 469, 470, 471, 476, 477, 484, 489, 490, 491, 493, 494, 495, 496, 497, 503, 504, 505, 508, 509, 510, 512, 514, 515, 520, 521, 522, 523, 525, 534, 535, 536, 537, 539, 540, 542, 543, 544, 546, 547, 548, 550, 551, 553, 554, 555, 561, 565, 566, 567, 573, 574, 575, 577, 578, 580, 581, 582, 583, 586, 587, 589, 591, 592, 593, 594, 595, 596, 598, 599, 601, 602, 605, 606, 608, 609, 610, 611, 612, 613, 614, 615, 616, 617, 619, 620, 640, 641, 642, 643, 647, 648, 649, 650, 652, 653, 655, 656, 657, 658, 659, 660, 661, 662, 664, 665, 666, 667, 668, 669, 671, 672, 673, 674, 676, 677, 682, 687, 692, 693, 694], "summary": {"covered_lines": 383, "num_statements": 420, "percent_covered": 91.19047619047619, "percent_covered_display": "91", "missing_lines": 37, "excluded_lines": 0, "percent_statements_covered": 91.19047619047619, "percent_statements_covered_display": "91"}, "missing_lines": [19, 55, 65, 101, 162, 163, 164, 178, 259, 275, 387, 459, 460, 461, 498, 506, 530, 531, 532, 584, 590, 603, 622, 623, 624, 626, 627, 628, 630, 631, 632, 634, 635, 636, 638, 680, 681], "excluded_lines": [], "functions": {"_validar_email": {"executed_lines": [16], "summary": {"covered_lines": 1, "num_statements": 1, "percent_covered": 100.0, "percent_covered_display": "100", "missing_lines": 0, "excluded_lines": 0, "percent_statements_covered": 100.0, "percent_statements_covered_display": "100"}, "missing_lines": [], "excluded_lines": []}, "_obtener_usuario_actual": {"executed_lines": [], "summary": {"covered_lines": 0, "num_statements": 1, "percent_covered": 0.0, "percent_covered_display": "0", "missing_lines": 1, "excluded_lines": 0, "percent_statements_covered": 0.0, "percent_statements_covered_display": "0"}, "missing_lines": [19], "excluded_lines": []}, "_respuesta_error": {"executed_lines": [23], "summary": {"covered_lines": 1, "num_statements": 1, "percent_covered": 100.0, "percent_covered_display": "100", "missing_lines": 0, "excluded_lines": 0, "percent_statements_covered": 100.0, "percent_statements_covered_display": "100"}, "missing_lines": [], "excluded_lines": []}, "_validar_datos_perfil": {"executed_lines": [27, 28, 29, 31, 32, 37, 38, 43], "summary": {"covered_lines": 8, "num_statements": 8, "percent_covered": 100.0, "percent_covered_display": "100", "missing_lines": 0, "excluded_lines": 0, "percent_statements_covered": 100.0, "percent_statements_covered_display": "100"}, "missing_lines": [], "excluded_lines": []}, "_parsear_nombre_completo": {"executed_lines": [46, 47, 49, 50, 52, 53, 57, 58, 59, 60, 62, 63, 67, 68, 70, 72], "summary": {"covered_lines": 16, "num_statements": 18, "percent_covered": 88.88888888888889, "percent_covered_display": "89", "missing_lines": 2, "excluded_lines": 0, "percent_statements_covered": 88.88888888888889, "percent_statements_covered_display": "89"}, "missing_lines": [55, 65], "excluded_lines": []}, "_actualizar_persona_perfil": {"executed_lines": [75, 76, 77, 78, 79, 80, 81, 82, 83], "summary": {"covered_lines": 9, "num_statements": 9, "percent_covered": 100.0, "percent_covered_display": "100", "missing_lines": 0, "excluded_lines": 0, "percent_statements_covered": 100.0, "percent_statements_covered_display": "100"}, "missing_lines": [], "excluded_lines": []}, "_respuesta_actualizacion_exitosa": {"executed_lines": [86, 87], "summary": {"covered_lines": 2, "num_statements": 2, "percent_covered": 100.0, "percent_covered_display": "100", "missing_lines": 0, "excluded_lines": 0, "percent_statements_covered": 100.0, "percent_statements_covered_display": "100"}, "missing_lines": [], "excluded_lines": []}, "UsuarioController._validar_datos_registro": {"executed_lines": [115, 116, 118, 119, 120, 121, 123, 124, 125, 127, 128, 129, 131, 132, 134], "summary": {"covered_lines": 15, "num_statements": 15, "percent_covered": 100.0, "percent_covered_display": "100", "missing_lines": 0, "excluded_lines": 0, "percent_statements_covered": 100.0, "percent_statements_covered_display": "100"}, "missing_lines": [], "excluded_lines": []}, "UsuarioController._obtener_usuario_desde_token": {"executed_lines": [139, 140, 141, 143, 144, 145, 146, 148, 149, 154, 155, 156, 158, 159, 160, 161], "summary": {"covered_lines": 16, "num_statements": 19, "percent_covered": 84.21052631578948, "percent_covered_display": "84", "missing_lines": 3, "excluded_lines": 0, "percent_statements_covered": 84.21052631578948, "percent_statements_covered_display": "84"}, "missing_lines": [162, 163, 164], "excluded_lines": []}, "UsuarioController._obtener_nombre_rol": {"executed_lines": [169, 170, 172, 173, 175, 176], "summary": {"covered_lines": 6, "num_statements": 7, "percent_covered": 85.71428571428571, "percent_covered_display": "86", "missing_lines": 1, "excluded_lines": 0, "percent_statements_covered": 85.71428571428571, "percent_statements_covered_display": "86"}, "missing_lines": [178], "excluded_lines": []}, "UsuarioController._obtener_nombre_rol_por_id": {"executed_lines": [183, 184, 185, 186, 187, 188, 189, 190, 192, 193, 194, 195], "summary": {"covered_lines": 12, "num_statements": 12, "percent_covered": 100.0, "percent_covered_display": "100", "missing_lines": 0, "excluded_lines": 0, "percent_statements_covered": 100.0, "percent_statements_covered_display": "100"}, "missing_lines": [], "excluded_lines": []}, "UsuarioController._es_super_admin": {"executed_lines": [200, 201], "summary": {"covered_lines": 2, "num_statements": 2, "percent_covered": 100.0, "percent_covered_display": "100", "missing_lines": 0, "excluded_lines": 0, "percent_statements_covered": 100.0, "percent_statements_covered_display": "100"}, "missing_lines": [], "excluded_lines": []}, "UsuarioController._obtener_tenant_id_override": {"executed_lines": [206, 207, 209, 210, 212, 213, 214, 215], "summary": {"covered_lines": 8, "num_statements": 8, "percent_covered": 100.0, "percent_covered_display": "100", "missing_lines": 0, "excluded_lines": 0, "percent_statements_covered": 100.0, "percent_statements_covered_display": "100"}, "missing_lines": [], "excluded_lines": []}, "UsuarioController._asignar_rol_si_es_super_admin": {"executed_lines": [220, 221, 223, 224, 225, 226, 227, 228], "summary": {"covered_lines": 8, "num_statements": 8, "percent_covered": 100.0, "percent_covered_display": "100", "missing_lines": 0, "excluded_lines": 0, "percent_statements_covered": 100.0, "percent_statements_covered_display": "100"}, "missing_lines": [], "excluded_lines": []}, "UsuarioController._crear_usuario_en_bd": {"executed_lines": [233, 234, 240], "summary": {"covered_lines": 3, "num_statements": 3, "percent_covered": 100.0, "percent_covered_display": "100", "missing_lines": 0, "excluded_lines": 0, "percent_statements_covered": 100.0, "percent_statements_covered_display": "100"}, "missing_lines": [], "excluded_lines": []}, "UsuarioController.registrar_usuario": {"executed_lines": [248, 249, 250, 251, 252, 254, 255, 257, 258, 261, 262, 264, 268, 269, 277, 278, 279], "summary": {"covered_lines": 17, "num_statements": 19, "percent_covered": 89.47368421052632, "percent_covered_display": "89", "missing_lines": 2, "excluded_lines": 0, "percent_statements_covered": 89.47368421052632, "percent_statements_covered_display": "89"}, "missing_lines": [259, 275], "excluded_lines": []}, "UsuarioController._validar_credenciales_login": {"executed_lines": [284, 285, 286, 287, 291], "summary": {"covered_lines": 5, "num_statements": 5, "percent_covered": 100.0, "percent_covered_display": "100", "missing_lines": 0, "excluded_lines": 0, "percent_statements_covered": 100.0, "percent_statements_covered_display": "100"}, "missing_lines": [], "excluded_lines": []}, "UsuarioController._generar_token_jwt": {"executed_lines": [296, 297, 298, 304], "summary": {"covered_lines": 4, "num_statements": 4, "percent_covered": 100.0, "percent_covered_display": "100", "missing_lines": 0, "excluded_lines": 0, "percent_statements_covered": 100.0, "percent_statements_covered_display": "100"}, "missing_lines": [], "excluded_lines": []}, "UsuarioController._respuesta_login_exitoso": {"executed_lines": [309], "summary": {"covered_lines": 1, "num_statements": 1, "percent_covered": 100.0, "percent_covered_display": "100", "missing_lines": 0, "excluded_lines": 0, "percent_statements_covered": 100.0, "percent_statements_covered_display": "100"}, "missing_lines": [], "excluded_lines": []}, "UsuarioController.login": {"executed_lines": [318, 319, 320, 321, 322, 324, 325, 326, 331, 332, 334, 335, 336], "summary": {"covered_lines": 13, "num_statements": 13, "percent_covered": 100.0, "percent_covered_display": "100", "missing_lines": 0, "excluded_lines": 0, "percent_statements_covered": 100.0, "percent_statements_covered_display": "100"}, "missing_lines": [], "excluded_lines": []}, "UsuarioController.obtener_usuario": {"executed_lines": [343, 344, 346, 347, 352, 357, 358, 359], "summary": {"covered_lines": 8, "num_statements": 8, "percent_covered": 100.0, "percent_covered_display": "100", "missing_lines": 0, "excluded_lines": 0, "percent_statements_covered": 100.0, "percent_statements_covered_display": "100"}, "missing_lines": [], "excluded_lines": []}, "UsuarioController._validar_autenticacion_para_listado": {"executed_lines": [367, 368, 369, 373], "summary": {"covered_lines": 4, "num_statements": 4, "percent_covered": 100.0, "percent_covered_display": "100", "missing_lines": 0, "excluded_lines": 0, "percent_statements_covered": 100.0, "percent_statements_covered_display": "100"}, "missing_lines": [], "excluded_lines": []}, "UsuarioController._obtener_tenant_id_filtrado": {"executed_lines": [378, 380, 381, 382, 383, 384, 385, 386, 389, 390, 392], "summary": {"covered_lines": 11, "num_statements": 12, "percent_covered": 91.66666666666667, "percent_covered_display": "92", "missing_lines": 1, "excluded_lines": 0, "percent_statements_covered": 91.66666666666667, "percent_statements_covered_display": "92"}, "missing_lines": [387], "excluded_lines": []}, "UsuarioController.obtener_todos_usuarios": {"executed_lines": [396, 397, 398, 399, 401, 402, 403, 408, 413, 418, 419, 420], "summary": {"covered_lines": 12, "num_statements": 12, "percent_covered": 100.0, "percent_covered_display": "100", "missing_lines": 0, "excluded_lines": 0, "percent_statements_covered": 100.0, "percent_statements_covered_display": "100"}, "missing_lines": [], "excluded_lines": []}, "UsuarioController.cambiar_estado_usuario": {"executed_lines": [427, 428, 429, 431, 432, 437, 438, 439, 444, 445, 447, 448, 449, 454], "summary": {"covered_lines": 14, "num_statements": 17, "percent_covered": 82.3529411764706, "percent_covered_display": "82", "missing_lines": 3, "excluded_lines": 0, "percent_statements_covered": 82.3529411764706, "percent_statements_covered_display": "82"}, "missing_lines": [459, 460, 461], "excluded_lines": []}, "UsuarioController.obtener_perfil_actual": {"executed_lines": [468, 469, 470, 471, 476, 477, 484, 489, 490, 491], "summary": {"covered_lines": 10, "num_statements": 10, "percent_covered": 100.0, "percent_covered_display": "100", "missing_lines": 0, "excluded_lines": 0, "percent_statements_covered": 100.0, "percent_statements_covered_display": "100"}, "missing_lines": [], "excluded_lines": []}, "UsuarioController.actualizar_perfil_actual": {"executed_lines": [495, 496, 497, 503, 504, 505, 508, 509, 510, 512, 514, 515, 520, 521, 522, 523, 525], "summary": {"covered_lines": 17, "num_statements": 22, "percent_covered": 77.27272727272727, "percent_covered_display": "77", "missing_lines": 5, "excluded_lines": 0, "percent_statements_covered": 77.27272727272727, "percent_statements_covered_display": "77"}, "missing_lines": [498, 506, 530, 531, 532], "excluded_lines": []}, "UsuarioController.actualizar_usuario": {"executed_lines": [536, 537, 539, 540, 542, 543, 544, 546, 547, 548, 550, 551, 553, 554, 555, 561, 565, 566, 567], "summary": {"covered_lines": 19, "num_statements": 19, "percent_covered": 100.0, "percent_covered_display": "100", "missing_lines": 0, "excluded_lines": 0, "percent_statements_covered": 100.0, "percent_statements_covered_display": "100"}, "missing_lines": [], "excluded_lines": []}, "UsuarioController._error": {"executed_lines": [575], "summary": {"covered_lines": 1, "num_statements": 1, "percent_covered": 100.0, "percent_covered_display": "100", "missing_lines": 0, "excluded_lines": 0, "percent_statements_covered": 100.0, "percent_statements_covered_display": "100"}, "missing_lines": [], "excluded_lines": []}, "UsuarioController._validar_campos_requeridos": {"executed_lines": [580, 581, 582, 583], "summary": {"covered_lines": 4, "num_statements": 5, "percent_covered": 80.0, "percent_covered_display": "80", "missing_lines": 1, "excluded_lines": 0, "percent_statements_covered": 80.0, "percent_statements_covered_display": "80"}, "missing_lines": [584], "excluded_lines": []}, "UsuarioController._validar_email_en_actualizacion": {"executed_lines": [589, 591, 592, 593, 594, 595, 596], "summary": {"covered_lines": 7, "num_statements": 8, "percent_covered": 87.5, "percent_covered_display": "88", "missing_lines": 1, "excluded_lines": 0, "percent_statements_covered": 87.5, "percent_statements_covered_display": "88"}, "missing_lines": [590], "excluded_lines": []}, "UsuarioController._validar_password_en_actualizacion": {"executed_lines": [601, 602], "summary": {"covered_lines": 2, "num_statements": 3, "percent_covered": 66.66666666666667, "percent_covered_display": "67", "missing_lines": 1, "excluded_lines": 0, "percent_statements_covered": 66.66666666666667, "percent_statements_covered_display": "67"}, "missing_lines": [603], "excluded_lines": []}, "UsuarioController._validar_rol_en_actualizacion": {"executed_lines": [608, 609, 610, 611, 612, 613, 614, 615, 616, 617], "summary": {"covered_lines": 10, "num_statements": 10, "percent_covered": 100.0, "percent_covered_display": "100", "missing_lines": 0, "excluded_lines": 0, "percent_statements_covered": 100.0, "percent_statements_covered_display": "100"}, "missing_lines": [], "excluded_lines": []}, "UsuarioController._validar_campos": {"executed_lines": [], "summary": {"covered_lines": 0, "num_statements": 13, "percent_covered": 0.0, "percent_covered_display": "0", "missing_lines": 13, "excluded_lines": 0, "percent_statements_covered": 0.0, "percent_statements_covered_display": "0"}, "missing_lines": [622, 623, 624, 626, 627, 628, 630, 631, 632, 634, 635, 636, 638], "excluded_lines": []}, "UsuarioController._actualizar_datos_persona": {"executed_lines": [642, 643, 647, 648, 649, 650, 652, 653], "summary": {"covered_lines": 8, "num_statements": 8, "percent_covered": 100.0, "percent_covered_display": "100", "missing_lines": 0, "excluded_lines": 0, "percent_statements_covered": 100.0, "percent_statements_covered_display": "100"}, "missing_lines": [], "excluded_lines": []}, "UsuarioController._actualizar_datos_usuario": {"executed_lines": [657, 658, 659, 660, 661, 662], "summary": {"covered_lines": 6, "num_statements": 6, "percent_covered": 100.0, "percent_covered_display": "100", "missing_lines": 0, "excluded_lines": 0, "percent_statements_covered": 100.0, "percent_statements_covered_display": "100"}, "missing_lines": [], "excluded_lines": []}, "UsuarioController._emitir_actualizacion": {"executed_lines": [666, 667, 668, 669], "summary": {"covered_lines": 4, "num_statements": 4, "percent_covered": 100.0, "percent_covered_display": "100", "missing_lines": 0, "excluded_lines": 0, "percent_statements_covered": 100.0, "percent_statements_covered_display": "100"}, "missing_lines": [], "excluded_lines": []}, "UsuarioController.eliminar_usuario": {"executed_lines": [673, 674, 676, 677, 682, 687, 692, 693, 694], "summary": {"covered_lines": 9, "num_statements": 11, "percent_covered": 81.81818181818181, "percent_covered_display": "82", "missing_lines": 2, "excluded_lines": 0, "percent_statements_covered": 81.81818181818181, "percent_statements_covered_display": "82"}, "missing_lines": [680, 681], "excluded_lines": []}, "": {"executed_lines": [1, 2, 3, 4, 5, 6, 7, 8, 10, 12, 13, 15, 18, 22, 26, 45, 74, 85, 97, 98, 99, 100, 103, 105, 106, 107, 108, 109, 110, 112, 113, 136, 137, 166, 167, 180, 181, 197, 198, 203, 204, 217, 218, 230, 231, 242, 243, 281, 282, 293, 294, 306, 307, 316, 317, 341, 342, 364, 365, 375, 376, 394, 395, 425, 426, 466, 467, 493, 494, 534, 535, 573, 574, 577, 578, 586, 587, 598, 599, 605, 606, 619, 620, 640, 641, 655, 656, 664, 665, 671, 672], "summary": {"covered_lines": 90, "num_statements": 91, "percent_covered": 98.9010989010989, "percent_covered_display": "99", "missing_lines": 1, "excluded_lines": 0, "percent_statements_covered": 98.9010989010989, "percent_statements_covered_display": "99"}, "missing_lines": [101], "excluded_lines": []}}, "classes": {"UsuarioController": {"executed_lines": [115, 116, 118, 119, 120, 121, 123, 124, 125, 127, 128, 129, 131, 132, 134, 139, 140, 141, 143, 144, 145, 146, 148, 149, 154, 155, 156, 158, 159, 160, 161, 169, 170, 172, 173, 175, 176, 183, 184, 185, 186, 187, 188, 189, 190, 192, 193, 194, 195, 200, 201, 206, 207, 209, 210, 212, 213, 214, 215, 220, 221, 223, 224, 225, 226, 227, 228, 233, 234, 240, 248, 249, 250, 251, 252, 254, 255, 257, 258, 261, 262, 264, 268, 269, 277, 278, 279, 284, 285, 286, 287, 291, 296, 297, 298, 304, 309, 318, 319, 320, 321, 322, 324, 325, 326, 331, 332, 334, 335, 336, 343, 344, 346, 347, 352, 357, 358, 359, 367, 368, 369, 373, 378, 380, 381, 382, 383, 384, 385, 386, 389, 390, 392, 396, 397, 398, 399, 401, 402, 403, 408, 413, 418, 419, 420, 427, 428, 429, 431, 432, 437, 438, 439, 444, 445, 447, 448, 449, 454, 468, 469, 470, 471, 476, 477, 484, 489, 490, 491, 495, 496, 497, 503, 504, 505, 508, 509, 510, 512, 514, 515, 520, 521, 522, 523, 525, 536, 537, 539, 540, 542, 543, 544, 546, 547, 548, 550, 551, 553, 554, 555, 561, 565, 566, 567, 575, 580, 581, 582, 583, 589, 591, 592, 593, 594, 595, 596, 601, 602, 608, 609, 610, 611, 612, 613, 614, 615, 616, 617, 642, 643, 647, 648, 649, 650, 652, 653, 657, 658, 659, 660, 661, 662, 666, 667, 668, 669, 673, 674, 676, 677, 682, 687, 692, 693, 694], "summary": {"covered_lines": 256, "num_statements": 289, "percent_covered": 88.58131487889273, "percent_covered_display": "89", "missing_lines": 33, "excluded_lines": 0, "percent_statements_covered": 88.58131487889273, "percent_statements_covered_display": "89"}, "missing_lines": [162, 163, 164, 178, 259, 275, 387, 459, 460, 461, 498, 506, 530, 531, 532, 584, 590, 603, 622, 623, 624, 626, 627, 628, 630, 631, 632, 634, 635, 636, 638, 680, 681], "excluded_lines": []}, "": {"executed_lines": [1, 2, 3, 4, 5, 6, 7, 8, 10, 12, 13, 15, 16, 18, 22, 23, 26, 27, 28, 29, 31, 32, 37, 38, 43, 45, 46, 47, 49, 50, 52, 53, 57, 58, 59, 60, 62, 63, 67, 68, 70, 72, 74, 75, 76, 77, 78, 79, 80, 81, 82, 83, 85, 86, 87, 97, 98, 99, 100, 103, 105, 106, 107, 108, 109, 110, 112, 113, 136, 137, 166, 167, 180, 181, 197, 198, 203, 204, 217, 218, 230, 231, 242, 243, 281, 282, 293, 294, 306, 307, 316, 317, 341, 342, 364, 365, 375, 376, 394, 395, 425, 426, 466, 467, 493, 494, 534, 535, 573, 574, 577, 578, 586, 587, 598, 599, 605, 606, 619, 620, 640, 641, 655, 656, 664, 665, 671, 672], "summary": {"covered_lines": 127, "num_statements": 131, "percent_covered": 96.94656488549619, "percent_covered_display": "97", "missing_lines": 4, "excluded_lines": 0, "percent_statements_covered": 96.94656488549619, "percent_statements_covered_display": "97"}, "missing_lines": [19, 55, 65, 101], "excluded_lines": []}}}, "src\\controllers\\vacunacion_controller.py": {"executed_lines": [2, 3, 4, 5, 6, 7, 8, 10, 12, 13, 14, 15, 16, 17, 18, 20, 21, 24, 25, 26, 32, 35, 36, 37, 39, 50, 52, 58, 59, 60, 65, 66, 67, 68, 69, 71, 73, 74, 75, 81, 83, 84, 89, 102, 103, 104, 105, 106, 108, 109, 111, 112, 118, 119, 120, 127, 130, 132, 133, 143, 144, 145, 150, 151, 152, 153, 154, 156, 157, 159, 166, 167, 168, 175, 176, 177, 183, 184, 185, 188, 190, 191, 208, 209, 210, 211, 212, 214, 215, 218, 219, 220, 227, 228, 229, 230, 231, 237, 238, 239, 241, 242, 243, 263, 264, 266, 267, 269], "summary": {"covered_lines": 108, "num_statements": 144, "percent_covered": 75.0, "percent_covered_display": "75", "missing_lines": 36, "excluded_lines": 0, "percent_statements_covered": 75.0, "percent_statements_covered_display": "75"}, "missing_lines": [27, 28, 29, 30, 76, 77, 78, 79, 95, 96, 97, 121, 138, 160, 169, 170, 171, 172, 196, 201, 202, 203, 221, 222, 223, 224, 248, 249, 254, 255, 256, 257, 258, 275, 276, 277], "excluded_lines": [], "functions": {"VacunacionController.obtener_todas_vacunaciones": {"executed_lines": [20, 21, 24, 25, 26, 32, 35, 36, 37, 39, 50, 52, 58, 59, 60], "summary": {"covered_lines": 15, "num_statements": 19, "percent_covered": 78.94736842105263, "percent_covered_display": "79", "missing_lines": 4, "excluded_lines": 0, "percent_statements_covered": 78.94736842105263, "percent_statements_covered_display": "79"}, "missing_lines": [27, 28, 29, 30], "excluded_lines": []}, "VacunacionController.obtener_vacunacion_por_id": {"executed_lines": [71, 73, 74, 75, 81, 83, 84, 89], "summary": {"covered_lines": 8, "num_statements": 15, "percent_covered": 53.333333333333336, "percent_covered_display": "53", "missing_lines": 7, "excluded_lines": 0, "percent_statements_covered": 53.333333333333336, "percent_statements_covered_display": "53"}, "missing_lines": [76, 77, 78, 79, 95, 96, 97], "excluded_lines": []}, "VacunacionController.crear_vacunacion": {"executed_lines": [108, 109, 111, 112, 118, 119, 120, 127, 130, 132, 133, 143, 144, 145], "summary": {"covered_lines": 14, "num_statements": 16, "percent_covered": 87.5, "percent_covered_display": "88", "missing_lines": 2, "excluded_lines": 0, "percent_statements_covered": 87.5, "percent_statements_covered_display": "88"}, "missing_lines": [121, 138], "excluded_lines": []}, "VacunacionController.actualizar_vacunacion": {"executed_lines": [156, 157, 159, 166, 167, 168, 175, 176, 177, 183, 184, 185, 188, 190, 191], "summary": {"covered_lines": 15, "num_statements": 24, "percent_covered": 62.5, "percent_covered_display": "62", "missing_lines": 9, "excluded_lines": 0, "percent_statements_covered": 62.5, "percent_statements_covered_display": "62"}, "missing_lines": [160, 169, 170, 171, 172, 196, 201, 202, 203], "excluded_lines": []}, "VacunacionController.eliminar_vacunacion": {"executed_lines": [214, 215, 218, 219, 220, 227, 228, 229, 230, 231, 237, 238, 239, 241, 242, 243], "summary": {"covered_lines": 16, "num_statements": 27, "percent_covered": 59.25925925925926, "percent_covered_display": "59", "missing_lines": 11, "excluded_lines": 0, "percent_statements_covered": 59.25925925925926, "percent_statements_covered_display": "59"}, "missing_lines": [221, 222, 223, 224, 248, 249, 254, 255, 256, 257, 258], "excluded_lines": []}, "VacunacionController.obtener_tipos_vacuna": {"executed_lines": [266, 267, 269], "summary": {"covered_lines": 3, "num_statements": 6, "percent_covered": 50.0, "percent_covered_display": "50", "missing_lines": 3, "excluded_lines": 0, "percent_statements_covered": 50.0, "percent_statements_covered_display": "50"}, "missing_lines": [275, 276, 277], "excluded_lines": []}, "": {"executed_lines": [2, 3, 4, 5, 6, 7, 8, 10, 12, 13, 14, 15, 16, 17, 18, 65, 66, 67, 68, 69, 102, 103, 104, 105, 106, 150, 151, 152, 153, 154, 208, 209, 210, 211, 212, 263, 264], "summary": {"covered_lines": 37, "num_statements": 37, "percent_covered": 100.0, "percent_covered_display": "100", "missing_lines": 0, "excluded_lines": 0, "percent_statements_covered": 100.0, "percent_statements_covered_display": "100"}, "missing_lines": [], "excluded_lines": []}}, "classes": {"VacunacionController": {"executed_lines": [20, 21, 24, 25, 26, 32, 35, 36, 37, 39, 50, 52, 58, 59, 60, 71, 73, 74, 75, 81, 83, 84, 89, 108, 109, 111, 112, 118, 119, 120, 127, 130, 132, 133, 143, 144, 145, 156, 157, 159, 166, 167, 168, 175, 176, 177, 183, 184, 185, 188, 190, 191, 214, 215, 218, 219, 220, 227, 228, 229, 230, 231, 237, 238, 239, 241, 242, 243, 266, 267, 269], "summary": {"covered_lines": 71, "num_statements": 107, "percent_covered": 66.35514018691589, "percent_covered_display": "66", "missing_lines": 36, "excluded_lines": 0, "percent_statements_covered": 66.35514018691589, "percent_statements_covered_display": "66"}, "missing_lines": [27, 28, 29, 30, 76, 77, 78, 79, 95, 96, 97, 121, 138, 160, 169, 170, 171, 172, 196, 201, 202, 203, 221, 222, 223, 224, 248, 249, 254, 255, 256, 257, 258, 275, 276, 277], "excluded_lines": []}, "": {"executed_lines": [2, 3, 4, 5, 6, 7, 8, 10, 12, 13, 14, 15, 16, 17, 18, 65, 66, 67, 68, 69, 102, 103, 104, 105, 106, 150, 151, 152, 153, 154, 208, 209, 210, 211, 212, 263, 264], "summary": {"covered_lines": 37, "num_statements": 37, "percent_covered": 100.0, "percent_covered_display": "100", "missing_lines": 0, "excluded_lines": 0, "percent_statements_covered": 100.0, "percent_statements_covered_display": "100"}, "missing_lines": [], "excluded_lines": []}}}, "src\\database\\__init__.py": {"executed_lines": [0], "summary": {"covered_lines": 0, "num_statements": 0, "percent_covered": 100.0, "percent_covered_display": "100", "missing_lines": 0, "excluded_lines": 0, "percent_statements_covered": 100.0, "percent_statements_covered_display": "100"}, "missing_lines": [], "excluded_lines": [], "functions": {"": {"executed_lines": [], "summary": {"covered_lines": 0, "num_statements": 0, "percent_covered": 100.0, "percent_covered_display": "100", "missing_lines": 0, "excluded_lines": 0, "percent_statements_covered": 100.0, "percent_statements_covered_display": "100"}, "missing_lines": [], "excluded_lines": []}}, "classes": {"": {"executed_lines": [], "summary": {"covered_lines": 0, "num_statements": 0, "percent_covered": 100.0, "percent_covered_display": "100", "missing_lines": 0, "excluded_lines": 0, "percent_statements_covered": 100.0, "percent_statements_covered_display": "100"}, "missing_lines": [], "excluded_lines": []}}}, "src\\database\\db.py": {"executed_lines": [1, 2, 3, 4, 5, 6, 7, 8, 9, 12, 13, 16, 18, 19, 20, 24, 33, 34, 35, 38, 40, 41, 42, 43, 45, 47, 48, 49, 52, 54, 55, 70, 71, 72, 74, 85, 86, 104, 119, 125, 133, 146, 147, 148, 149, 150, 153, 160], "summary": {"covered_lines": 45, "num_statements": 101, "percent_covered": 44.554455445544555, "percent_covered_display": "45", "missing_lines": 56, "excluded_lines": 0, "percent_statements_covered": 44.554455445544555, "percent_statements_covered_display": "45"}, "missing_lines": [21, 26, 27, 28, 29, 30, 50, 66, 68, 69, 76, 78, 79, 81, 82, 83, 88, 89, 90, 91, 92, 93, 94, 95, 96, 97, 98, 99, 101, 102, 106, 107, 108, 109, 114, 115, 116, 117, 121, 122, 123, 127, 130, 135, 136, 137, 138, 139, 140, 141, 142, 143, 155, 156, 157, 161], "excluded_lines": [], "functions": {"_require_env": {"executed_lines": [18, 19, 20], "summary": {"covered_lines": 3, "num_statements": 4, "percent_covered": 75.0, "percent_covered_display": "75", "missing_lines": 1, "excluded_lines": 0, "percent_statements_covered": 75.0, "percent_statements_covered_display": "75"}, "missing_lines": [21], "excluded_lines": []}, "_require_int_env": {"executed_lines": [], "summary": {"covered_lines": 0, "num_statements": 5, "percent_covered": 0.0, "percent_covered_display": "0", "missing_lines": 5, "excluded_lines": 0, "percent_statements_covered": 0.0, "percent_statements_covered_display": "0"}, "missing_lines": [26, 27, 28, 29, 30], "excluded_lines": []}, "ConexionBaseDatos.__new__": {"executed_lines": [47, 48, 49], "summary": {"covered_lines": 3, "num_statements": 4, "percent_covered": 75.0, "percent_covered_display": "75", "missing_lines": 1, "excluded_lines": 0, "percent_statements_covered": 75.0, "percent_statements_covered_display": "75"}, "missing_lines": [50], "excluded_lines": []}, "ConexionBaseDatos._inicializar_conexion": {"executed_lines": [54, 55, 70, 71, 72], "summary": {"covered_lines": 5, "num_statements": 8, "percent_covered": 62.5, "percent_covered_display": "62", "missing_lines": 3, "excluded_lines": 0, "percent_statements_covered": 62.5, "percent_statements_covered_display": "62"}, "missing_lines": [66, 68, 69], "excluded_lines": []}, "ConexionBaseDatos._obtener_conexion": {"executed_lines": [], "summary": {"covered_lines": 0, "num_statements": 6, "percent_covered": 0.0, "percent_covered_display": "0", "missing_lines": 6, "excluded_lines": 0, "percent_statements_covered": 0.0, "percent_statements_covered_display": "0"}, "missing_lines": [76, 78, 79, 81, 82, 83], "excluded_lines": []}, "ConexionBaseDatos.obtener_cursor": {"executed_lines": [], "summary": {"covered_lines": 0, "num_statements": 14, "percent_covered": 0.0, "percent_covered_display": "0", "missing_lines": 14, "excluded_lines": 0, "percent_statements_covered": 0.0, "percent_statements_covered_display": "0"}, "missing_lines": [88, 89, 90, 91, 92, 93, 94, 95, 96, 97, 98, 99, 101, 102], "excluded_lines": []}, "ConexionBaseDatos.ejecutar_consulta": {"executed_lines": [], "summary": {"covered_lines": 0, "num_statements": 8, "percent_covered": 0.0, "percent_covered_display": "0", "missing_lines": 8, "excluded_lines": 0, "percent_statements_covered": 0.0, "percent_statements_covered_display": "0"}, "missing_lines": [106, 107, 108, 109, 114, 115, 116, 117], "excluded_lines": []}, "ConexionBaseDatos.cerrar": {"executed_lines": [], "summary": {"covered_lines": 0, "num_statements": 3, "percent_covered": 0.0, "percent_covered_display": "0", "missing_lines": 3, "excluded_lines": 0, "percent_statements_covered": 0.0, "percent_statements_covered_display": "0"}, "missing_lines": [121, 122, 123], "excluded_lines": []}, "init_db": {"executed_lines": [], "summary": {"covered_lines": 0, "num_statements": 2, "percent_covered": 0.0, "percent_covered_display": "0", "missing_lines": 2, "excluded_lines": 0, "percent_statements_covered": 0.0, "percent_statements_covered_display": "0"}, "missing_lines": [127, 130], "excluded_lines": []}, "get_connection": {"executed_lines": [], "summary": {"covered_lines": 0, "num_statements": 9, "percent_covered": 0.0, "percent_covered_display": "0", "missing_lines": 9, "excluded_lines": 0, "percent_statements_covered": 0.0, "percent_statements_covered_display": "0"}, "missing_lines": [135, 136, 137, 138, 139, 140, 141, 142, 143], "excluded_lines": []}, "get_cursor": {"executed_lines": [], "summary": {"covered_lines": 0, "num_statements": 3, "percent_covered": 0.0, "percent_covered_display": "0", "missing_lines": 3, "excluded_lines": 0, "percent_statements_covered": 0.0, "percent_statements_covered_display": "0"}, "missing_lines": [155, 156, 157], "excluded_lines": []}, "": {"executed_lines": [1, 2, 3, 4, 5, 6, 7, 8, 9, 12, 13, 16, 24, 33, 34, 35, 38, 40, 41, 42, 43, 45, 52, 74, 85, 86, 104, 119, 125, 133, 146, 147, 148, 149, 150, 153, 160], "summary": {"covered_lines": 34, "num_statements": 35, "percent_covered": 97.14285714285714, "percent_covered_display": "97", "missing_lines": 1, "excluded_lines": 0, "percent_statements_covered": 97.14285714285714, "percent_statements_covered_display": "97"}, "missing_lines": [161], "excluded_lines": []}}, "classes": {"ErrorBaseDatos": {"executed_lines": [], "summary": {"covered_lines": 0, "num_statements": 0, "percent_covered": 100.0, "percent_covered_display": "100", "missing_lines": 0, "excluded_lines": 0, "percent_statements_covered": 100.0, "percent_statements_covered_display": "100"}, "missing_lines": [], "excluded_lines": []}, "ConexionBaseDatos": {"executed_lines": [47, 48, 49, 54, 55, 70, 71, 72], "summary": {"covered_lines": 8, "num_statements": 43, "percent_covered": 18.6046511627907, "percent_covered_display": "19", "missing_lines": 35, "excluded_lines": 0, "percent_statements_covered": 18.6046511627907, "percent_statements_covered_display": "19"}, "missing_lines": [50, 66, 68, 69, 76, 78, 79, 81, 82, 83, 88, 89, 90, 91, 92, 93, 94, 95, 96, 97, 98, 99, 101, 102, 106, 107, 108, 109, 114, 115, 116, 117, 121, 122, 123], "excluded_lines": []}, "": {"executed_lines": [1, 2, 3, 4, 5, 6, 7, 8, 9, 12, 13, 16, 18, 19, 20, 24, 33, 34, 35, 38, 40, 41, 42, 43, 45, 52, 74, 85, 86, 104, 119, 125, 133, 146, 147, 148, 149, 150, 153, 160], "summary": {"covered_lines": 37, "num_statements": 58, "percent_covered": 63.793103448275865, "percent_covered_display": "64", "missing_lines": 21, "excluded_lines": 0, "percent_statements_covered": 63.793103448275865, "percent_statements_covered_display": "64"}, "missing_lines": [21, 26, 27, 28, 29, 30, 127, 130, 135, 136, 137, 138, 139, 140, 141, 142, 143, 155, 156, 157, 161], "excluded_lines": []}}}, "src\\database\\migrations\\__init__.py": {"executed_lines": [], "summary": {"covered_lines": 0, "num_statements": 0, "percent_covered": 100.0, "percent_covered_display": "100", "missing_lines": 0, "excluded_lines": 0, "percent_statements_covered": 100.0, "percent_statements_covered_display": "100"}, "missing_lines": [], "excluded_lines": [], "functions": {"": {"executed_lines": [], "summary": {"covered_lines": 0, "num_statements": 0, "percent_covered": 100.0, "percent_covered_display": "100", "missing_lines": 0, "excluded_lines": 0, "percent_statements_covered": 100.0, "percent_statements_covered_display": "100"}, "missing_lines": [], "excluded_lines": []}}, "classes": {"": {"executed_lines": [], "summary": {"covered_lines": 0, "num_statements": 0, "percent_covered": 100.0, "percent_covered_display": "100", "missing_lines": 0, "excluded_lines": 0, "percent_statements_covered": 100.0, "percent_statements_covered_display": "100"}, "missing_lines": [], "excluded_lines": []}}}, "src\\database\\migrations\\env.py": {"executed_lines": [1, 2, 3, 4, 5, 6, 7, 8, 11, 12, 16, 17, 18, 19, 21, 25, 29, 30, 36, 40, 42, 43, 44, 45, 46, 48, 49, 52, 55, 57, 58, 61, 62, 70, 82, 83, 90, 91, 94, 102, 108, 109, 113, 114, 117, 120], "summary": {"covered_lines": 46, "num_statements": 47, "percent_covered": 97.87234042553192, "percent_covered_display": "98", "missing_lines": 1, "excluded_lines": 0, "percent_statements_covered": 97.87234042553192, "percent_statements_covered_display": "98"}, "missing_lines": [118], "excluded_lines": [], "functions": {"_build_database_url": {"executed_lines": [42, 43, 44, 45, 46, 48, 49, 52, 55, 57, 58], "summary": {"covered_lines": 11, "num_statements": 11, "percent_covered": 100.0, "percent_covered_display": "100", "missing_lines": 0, "excluded_lines": 0, "percent_statements_covered": 100.0, "percent_statements_covered_display": "100"}, "missing_lines": [], "excluded_lines": []}, "run_migrations_offline": {"executed_lines": [82, 83, 90, 91], "summary": {"covered_lines": 4, "num_statements": 4, "percent_covered": 100.0, "percent_covered_display": "100", "missing_lines": 0, "excluded_lines": 0, "percent_statements_covered": 100.0, "percent_statements_covered_display": "100"}, "missing_lines": [], "excluded_lines": []}, "run_migrations_online": {"executed_lines": [102, 108, 109, 113, 114], "summary": {"covered_lines": 5, "num_statements": 5, "percent_covered": 100.0, "percent_covered_display": "100", "missing_lines": 0, "excluded_lines": 0, "percent_statements_covered": 100.0, "percent_statements_covered_display": "100"}, "missing_lines": [], "excluded_lines": []}, "": {"executed_lines": [1, 2, 3, 4, 5, 6, 7, 8, 11, 12, 16, 17, 18, 19, 21, 25, 29, 30, 36, 40, 61, 62, 70, 94, 117, 120], "summary": {"covered_lines": 26, "num_statements": 27, "percent_covered": 96.29629629629629, "percent_covered_display": "96", "missing_lines": 1, "excluded_lines": 0, "percent_statements_covered": 96.29629629629629, "percent_statements_covered_display": "96"}, "missing_lines": [118], "excluded_lines": []}}, "classes": {"": {"executed_lines": [1, 2, 3, 4, 5, 6, 7, 8, 11, 12, 16, 17, 18, 19, 21, 25, 29, 30, 36, 40, 42, 43, 44, 45, 46, 48, 49, 52, 55, 57, 58, 61, 62, 70, 82, 83, 90, 91, 94, 102, 108, 109, 113, 114, 117, 120], "summary": {"covered_lines": 46, "num_statements": 47, "percent_covered": 97.87234042553192, "percent_covered_display": "98", "missing_lines": 1, "excluded_lines": 0, "percent_statements_covered": 97.87234042553192, "percent_statements_covered_display": "98"}, "missing_lines": [118], "excluded_lines": []}}}, "src\\database\\migrations\\versions\\001_inicial.py": {"executed_lines": [1, 7, 8, 11, 12, 13, 14, 17, 20, 25, 32, 38, 44, 57, 63, 70, 87, 101, 112, 121, 140, 153, 166, 179, 194, 195, 196, 197, 198, 199, 200, 201, 202, 203, 204, 205], "summary": {"covered_lines": 35, "num_statements": 35, "percent_covered": 100.0, "percent_covered_display": "100", "missing_lines": 0, "excluded_lines": 0, "percent_statements_covered": 100.0, "percent_statements_covered_display": "100"}, "missing_lines": [], "excluded_lines": [], "functions": {"upgrade": {"executed_lines": [25, 32, 38, 44, 57, 63, 70, 87, 101, 112, 121, 140, 153, 166, 179], "summary": {"covered_lines": 15, "num_statements": 15, "percent_covered": 100.0, "percent_covered_display": "100", "missing_lines": 0, "excluded_lines": 0, "percent_statements_covered": 100.0, "percent_statements_covered_display": "100"}, "missing_lines": [], "excluded_lines": []}, "downgrade": {"executed_lines": [195, 196, 197, 198, 199, 200, 201, 202, 203, 204, 205], "summary": {"covered_lines": 11, "num_statements": 11, "percent_covered": 100.0, "percent_covered_display": "100", "missing_lines": 0, "excluded_lines": 0, "percent_statements_covered": 100.0, "percent_statements_covered_display": "100"}, "missing_lines": [], "excluded_lines": []}, "": {"executed_lines": [1, 7, 8, 11, 12, 13, 14, 17, 20, 194], "summary": {"covered_lines": 9, "num_statements": 9, "percent_covered": 100.0, "percent_covered_display": "100", "missing_lines": 0, "excluded_lines": 0, "percent_statements_covered": 100.0, "percent_statements_covered_display": "100"}, "missing_lines": [], "excluded_lines": []}}, "classes": {"": {"executed_lines": [1, 7, 8, 11, 12, 13, 14, 17, 20, 25, 32, 38, 44, 57, 63, 70, 87, 101, 112, 121, 140, 153, 166, 179, 194, 195, 196, 197, 198, 199, 200, 201, 202, 203, 204, 205], "summary": {"covered_lines": 35, "num_statements": 35, "percent_covered": 100.0, "percent_covered_display": "100", "missing_lines": 0, "excluded_lines": 0, "percent_statements_covered": 100.0, "percent_statements_covered_display": "100"}, "missing_lines": [], "excluded_lines": []}}}, "src\\database\\migrations\\versions\\002_agregar_campos_baja_ganado.py": {"executed_lines": [], "summary": {"covered_lines": 0, "num_statements": 18, "percent_covered": 0.0, "percent_covered_display": "0", "missing_lines": 18, "excluded_lines": 0, "percent_statements_covered": 0.0, "percent_statements_covered_display": "0"}, "missing_lines": [8, 9, 10, 13, 14, 15, 16, 19, 20, 21, 22, 23, 26, 29, 30, 31, 32, 33], "excluded_lines": [], "functions": {"upgrade": {"executed_lines": [], "summary": {"covered_lines": 0, "num_statements": 5, "percent_covered": 0.0, "percent_covered_display": "0", "missing_lines": 5, "excluded_lines": 0, "percent_statements_covered": 0.0, "percent_statements_covered_display": "0"}, "missing_lines": [20, 21, 22, 23, 26], "excluded_lines": []}, "downgrade": {"executed_lines": [], "summary": {"covered_lines": 0, "num_statements": 4, "percent_covered": 0.0, "percent_covered_display": "0", "missing_lines": 4, "excluded_lines": 0, "percent_statements_covered": 0.0, "percent_statements_covered_display": "0"}, "missing_lines": [30, 31, 32, 33], "excluded_lines": []}, "": {"executed_lines": [], "summary": {"covered_lines": 0, "num_statements": 9, "percent_covered": 0.0, "percent_covered_display": "0", "missing_lines": 9, "excluded_lines": 0, "percent_statements_covered": 0.0, "percent_statements_covered_display": "0"}, "missing_lines": [8, 9, 10, 13, 14, 15, 16, 19, 29], "excluded_lines": []}}, "classes": {"": {"executed_lines": [], "summary": {"covered_lines": 0, "num_statements": 18, "percent_covered": 0.0, "percent_covered_display": "0", "missing_lines": 18, "excluded_lines": 0, "percent_statements_covered": 0.0, "percent_statements_covered_display": "0"}, "missing_lines": [8, 9, 10, 13, 14, 15, 16, 19, 20, 21, 22, 23, 26, 29, 30, 31, 32, 33], "excluded_lines": []}}}, "src\\database\\migrations\\versions\\003_refactorizar_estados_baja.py": {"executed_lines": [], "summary": {"covered_lines": 0, "num_statements": 21, "percent_covered": 0.0, "percent_covered_display": "0", "missing_lines": 21, "excluded_lines": 0, "percent_statements_covered": 0.0, "percent_statements_covered_display": "0"}, "missing_lines": [8, 9, 10, 13, 14, 15, 16, 19, 21, 37, 50, 51, 52, 53, 56, 58, 59, 60, 61, 64, 78], "excluded_lines": [], "functions": {"upgrade": {"executed_lines": [], "summary": {"covered_lines": 0, "num_statements": 6, "percent_covered": 0.0, "percent_covered_display": "0", "missing_lines": 6, "excluded_lines": 0, "percent_statements_covered": 0.0, "percent_statements_covered_display": "0"}, "missing_lines": [21, 37, 50, 51, 52, 53], "excluded_lines": []}, "downgrade": {"executed_lines": [], "summary": {"covered_lines": 0, "num_statements": 6, "percent_covered": 0.0, "percent_covered_display": "0", "missing_lines": 6, "excluded_lines": 0, "percent_stat
[...]
: [49, 50, 110, 111, 124, 125, 126, 127, 128, 232, 233, 242, 243, 244, 271, 272, 283, 284, 285, 286, 287], "excluded_lines": []}, "": {"executed_lines": [2, 3, 4, 5, 7, 8, 9, 15, 16, 73, 74, 135, 136, 194, 195, 251, 252, 294, 295], "summary": {"covered_lines": 19, "num_statements": 19, "percent_covered": 100.0, "percent_covered_display": "100", "missing_lines": 0, "excluded_lines": 0, "percent_statements_covered": 100.0, "percent_statements_covered_display": "100"}, "missing_lines": [], "excluded_lines": []}}}, "src\\utils\\__init__.py": {"executed_lines": [0], "summary": {"covered_lines": 0, "num_statements": 0, "percent_covered": 100.0, "percent_covered_display": "100", "missing_lines": 0, "excluded_lines": 0, "percent_statements_covered": 100.0, "percent_statements_covered_display": "100"}, "missing_lines": [], "excluded_lines": [], "functions": {"": {"executed_lines": [], "summary": {"covered_lines": 0, "num_statements": 0, "percent_covered": 100.0, "percent_covered_display": "100", "missing_lines": 0, "excluded_lines": 0, "percent_statements_covered": 100.0, "percent_statements_covered_display": "100"}, "missing_lines": [], "excluded_lines": []}}, "classes": {"": {"executed_lines": [], "summary": {"covered_lines": 0, "num_statements": 0, "percent_covered": 100.0, "percent_covered_display": "100", "missing_lines": 0, "excluded_lines": 0, "percent_statements_covered": 100.0, "percent_statements_covered_display": "100"}, "missing_lines": [], "excluded_lines": []}}}, "src\\utils\\auth.py": {"executed_lines": [1, 2, 3, 4, 7, 16, 17, 18, 19, 20, 22, 25, 26, 29, 30, 32, 33, 38, 44, 45, 48, 50, 51, 52, 53, 57, 59, 63, 68, 69, 70, 73, 74, 76, 77, 78, 80, 82], "summary": {"covered_lines": 38, "num_statements": 53, "percent_covered": 71.69811320754717, "percent_covered_display": "72", "missing_lines": 15, "excluded_lines": 0, "percent_statements_covered": 71.69811320754717, "percent_statements_covered_display": "72"}, "missing_lines": [8, 9, 23, 27, 39, 40, 41, 42, 46, 54, 55, 60, 61, 64, 65], "excluded_lines": [], "functions": {"_unauthorized": {"executed_lines": [], "summary": {"covered_lines": 0, "num_statements": 2, "percent_covered": 0.0, "percent_covered_display": "0", "missing_lines": 2, "excluded_lines": 0, "percent_statements_covered": 0.0, "percent_statements_covered_display": "0"}, "missing_lines": [8, 9], "excluded_lines": []}, "token_required": {"executed_lines": [18, 82], "summary": {"covered_lines": 2, "num_statements": 2, "percent_covered": 100.0, "percent_covered_display": "100", "missing_lines": 0, "excluded_lines": 0, "percent_statements_covered": 100.0, "percent_statements_covered_display": "100"}, "missing_lines": [], "excluded_lines": []}, "token_required.decorated": {"executed_lines": [19, 20, 22, 25, 26, 29, 30, 32, 33, 38, 44, 45, 48, 50, 51, 52, 53, 57, 59, 63, 68, 69, 70, 73, 74, 76, 77, 78, 80], "summary": {"covered_lines": 29, "num_statements": 42, "percent_covered": 69.04761904761905, "percent_covered_display": "69", "missing_lines": 13, "excluded_lines": 0, "percent_statements_covered": 69.04761904761905, "percent_statements_covered_display": "69"}, "missing_lines": [23, 27, 39, 40, 41, 42, 46, 54, 55, 60, 61, 64, 65], "excluded_lines": []}, "": {"executed_lines": [1, 2, 3, 4, 7, 16, 17], "summary": {"covered_lines": 7, "num_statements": 7, "percent_covered": 100.0, "percent_covered_display": "100", "missing_lines": 0, "excluded_lines": 0, "percent_statements_covered": 100.0, "percent_statements_covered_display": "100"}, "missing_lines": [], "excluded_lines": []}}, "classes": {"": {"executed_lines": [1, 2, 3, 4, 7, 16, 17, 18, 19, 20, 22, 25, 26, 29, 30, 32, 33, 38, 44, 45, 48, 50, 51, 52, 53, 57, 59, 63, 68, 69, 70, 73, 74, 76, 77, 78, 80, 82], "summary": {"covered_lines": 38, "num_statements": 53, "percent_covered": 71.69811320754717, "percent_covered_display": "72", "missing_lines": 15, "excluded_lines": 0, "percent_statements_covered": 71.69811320754717, "percent_statements_covered_display": "72"}, "missing_lines": [8, 9, 23, 27, 39, 40, 41, 42, 46, 54, 55, 60, 61, 64, 65], "excluded_lines": []}}}, "src\\utils\\init_super_admin.py": {"executed_lines": [1, 2, 3, 4, 5, 6, 7, 10, 12, 17, 19, 20, 21, 23, 25, 26, 27, 28, 29, 30, 31, 32, 33, 35, 37, 38, 39, 40, 41, 43, 47, 49, 50, 51, 52, 53, 54, 55, 58, 60, 61, 62, 63, 64, 65, 66, 70, 72, 73, 80, 82, 83, 86, 87, 88, 89, 90, 92, 93, 96, 98, 99, 102, 103, 104, 111, 112, 114, 115, 118, 124, 127, 128, 129, 132, 133, 136, 137, 138, 140, 142, 143, 146, 150, 151, 154, 155, 158, 160, 162, 163, 164, 165, 166, 169, 172, 175, 182, 185, 191, 193, 199, 200, 203, 208, 209, 210, 211, 213, 214], "summary": {"covered_lines": 109, "num_statements": 129, "percent_covered": 84.49612403100775, "percent_covered_display": "84", "missing_lines": 20, "excluded_lines": 0, "percent_statements_covered": 84.49612403100775, "percent_statements_covered_display": "84"}, "missing_lines": [44, 45, 56, 67, 68, 74, 75, 76, 77, 84, 100, 147, 152, 156, 195, 196, 197, 215, 216, 217], "excluded_lines": [], "functions": {"_obtener_posibles_rutas_env": {"executed_lines": [12], "summary": {"covered_lines": 1, "num_statements": 1, "percent_covered": 100.0, "percent_covered_display": "100", "missing_lines": 0, "excluded_lines": 0, "percent_statements_covered": 100.0, "percent_statements_covered_display": "100"}, "missing_lines": [], "excluded_lines": []}, "_verificar_variables_env": {"executed_lines": [19, 20, 21], "summary": {"covered_lines": 3, "num_statements": 3, "percent_covered": 100.0, "percent_covered_display": "100", "missing_lines": 0, "excluded_lines": 0, "percent_statements_covered": 100.0, "percent_statements_covered_display": "100"}, "missing_lines": [], "excluded_lines": []}, "_mostrar_info_env": {"executed_lines": [25, 26, 27, 28, 29, 30, 31, 32, 33], "summary": {"covered_lines": 9, "num_statements": 9, "percent_covered": 100.0, "percent_covered_display": "100", "missing_lines": 0, "excluded_lines": 0, "percent_statements_covered": 100.0, "percent_statements_covered_display": "100"}, "missing_lines": [], "excluded_lines": []}, "_procesar_archivo_env": {"executed_lines": [37, 38, 39, 40, 41, 43], "summary": {"covered_lines": 6, "num_statements": 8, "percent_covered": 75.0, "percent_covered_display": "75", "missing_lines": 2, "excluded_lines": 0, "percent_statements_covered": 75.0, "percent_statements_covered_display": "75"}, "missing_lines": [44, 45], "excluded_lines": []}, "_cargar_desde_rutas_posibles": {"executed_lines": [49, 50, 51, 52, 53, 54, 55], "summary": {"covered_lines": 7, "num_statements": 8, "percent_covered": 87.5, "percent_covered_display": "88", "missing_lines": 1, "excluded_lines": 0, "percent_statements_covered": 87.5, "percent_statements_covered_display": "88"}, "missing_lines": [56], "excluded_lines": []}, "_buscar_env_hacia_arriba": {"executed_lines": [60, 61, 62, 63, 64, 65, 66], "summary": {"covered_lines": 7, "num_statements": 9, "percent_covered": 77.77777777777777, "percent_covered_display": "78", "missing_lines": 2, "excluded_lines": 0, "percent_statements_covered": 77.77777777777777, "percent_statements_covered_display": "78"}, "missing_lines": [67, 68], "excluded_lines": []}, "_cargar_env": {"executed_lines": [72, 73], "summary": {"covered_lines": 2, "num_statements": 6, "percent_covered": 33.333333333333336, "percent_covered_display": "33", "missing_lines": 4, "excluded_lines": 0, "percent_statements_covered": 33.333333333333336, "percent_statements_covered_display": "33"}, "missing_lines": [74, 75, 76, 77], "excluded_lines": []}, "obtener_rol_super_admin_id": {"executed_lines": [82, 83, 86, 87, 88, 89, 90, 92, 93], "summary": {"covered_lines": 9, "num_statements": 10, "percent_covered": 90.0, "percent_covered_display": "90", "missing_lines": 1, "excluded_lines": 0, "percent_statements_covered": 90.0, "percent_statements_covered_display": "90"}, "missing_lines": [84], "excluded_lines": []}, "existe_super_admin": {"executed_lines": [98, 99, 102, 103, 104, 111, 112, 114, 115], "summary": {"covered_lines": 9, "num_statements": 10, "percent_covered": 90.0, "percent_covered_display": "90", "missing_lines": 1, "excluded_lines": 0, "percent_statements_covered": 90.0, "percent_statements_covered_display": "90"}, "missing_lines": [100], "excluded_lines": []}, "crear_super_admin_desde_env": {"executed_lines": [124, 127, 128, 129, 132, 133, 136, 137, 138, 140, 142, 143, 146, 150, 151, 154, 155, 158, 160, 162, 163, 164, 165, 166, 169, 172, 175, 182, 185, 191, 193, 199, 200], "summary": {"covered_lines": 33, "num_statements": 39, "percent_covered": 84.61538461538461, "percent_covered_display": "85", "missing_lines": 6, "excluded_lines": 0, "percent_statements_covered": 84.61538461538461, "percent_statements_covered_display": "85"}, "missing_lines": [147, 152, 156, 195, 196, 197], "excluded_lines": []}, "inicializar_super_admin": {"executed_lines": [208, 209, 210, 211, 213, 214], "summary": {"covered_lines": 6, "num_statements": 9, "percent_covered": 66.66666666666667, "percent_covered_display": "67", "missing_lines": 3, "excluded_lines": 0, "percent_statements_covered": 66.66666666666667, "percent_statements_covered_display": "67"}, "missing_lines": [215, 216, 217], "excluded_lines": []}, "": {"executed_lines": [1, 2, 3, 4, 5, 6, 7, 10, 17, 23, 35, 47, 58, 70, 80, 96, 118, 203], "summary": {"covered_lines": 17, "num_statements": 17, "percent_covered": 100.0, "percent_covered_display": "100", "missing_lines": 0, "excluded_lines": 0, "percent_statements_covered": 100.0, "percent_statements_covered_display": "100"}, "missing_lines": [], "excluded_lines": []}}, "classes": {"": {"executed_lines": [1, 2, 3, 4, 5, 6, 7, 10, 12, 17, 19, 20, 21, 23, 25, 26, 27, 28, 29, 30, 31, 32, 33, 35, 37, 38, 39, 40, 41, 43, 47, 49, 50, 51, 52, 53, 54, 55, 58, 60, 61, 62, 63, 64, 65, 66, 70, 72, 73, 80, 82, 83, 86, 87, 88, 89, 90, 92, 93, 96, 98, 99, 102, 103, 104, 111, 112, 114, 115, 118, 124, 127, 128, 129, 132, 133, 136, 137, 138, 140, 142, 143, 146, 150, 151, 154, 155, 158, 160, 162, 163, 164, 165, 166, 169, 172, 175, 182, 185, 191, 193, 199, 200, 203, 208, 209, 210, 211, 213, 214], "summary": {"covered_lines": 109, "num_statements": 129, "percent_covered": 84.49612403100775, "percent_covered_display": "84", "missing_lines": 20, "excluded_lines": 0, "percent_statements_covered": 84.49612403100775, "percent_statements_covered_display": "84"}, "missing_lines": [44, 45, 56, 67, 68, 74, 75, 76, 77, 84, 100, 147, 152, 156, 195, 196, 197, 215, 216, 217], "excluded_lines": []}}}, "src\\utils\\permissions.py": {"executed_lines": [1, 2, 3, 4, 7, 25, 27, 28, 33, 35, 37, 38, 39, 40, 41, 42, 45, 47, 48, 49, 50, 51, 56, 58, 60, 61, 62, 63, 64, 65, 67, 68, 69, 75, 76, 77, 79, 81, 82], "summary": {"covered_lines": 38, "num_statements": 39, "percent_covered": 97.43589743589743, "percent_covered_display": "97", "missing_lines": 1, "excluded_lines": 0, "percent_statements_covered": 97.43589743589743, "percent_statements_covered_display": "97"}, "missing_lines": [43], "excluded_lines": [], "functions": {"_validar_usuario_autenticado": {"executed_lines": [27, 28, 33], "summary": {"covered_lines": 3, "num_statements": 3, "percent_covered": 100.0, "percent_covered_display": "100", "missing_lines": 0, "excluded_lines": 0, "percent_statements_covered": 100.0, "percent_statements_covered_display": "100"}, "missing_lines": [], "excluded_lines": []}, "_obtener_rol_usuario": {"executed_lines": [37, 38, 39, 40, 41, 42], "summary": {"covered_lines": 6, "num_statements": 7, "percent_covered": 85.71428571428571, "percent_covered_display": "86", "missing_lines": 1, "excluded_lines": 0, "percent_statements_covered": 85.71428571428571, "percent_statements_covered_display": "86"}, "missing_lines": [43], "excluded_lines": []}, "_validar_permiso": {"executed_lines": [47, 48, 49, 50, 51, 56], "summary": {"covered_lines": 6, "num_statements": 6, "percent_covered": 100.0, "percent_covered_display": "100", "missing_lines": 0, "excluded_lines": 0, "percent_statements_covered": 100.0, "percent_statements_covered_display": "100"}, "missing_lines": [], "excluded_lines": []}, "permission_required": {"executed_lines": [60, 61, 82], "summary": {"covered_lines": 3, "num_statements": 3, "percent_covered": 100.0, "percent_covered_display": "100", "missing_lines": 0, "excluded_lines": 0, "percent_statements_covered": 100.0, "percent_statements_covered_display": "100"}, "missing_lines": [], "excluded_lines": []}, "permission_required.decorator": {"executed_lines": [62, 81], "summary": {"covered_lines": 2, "num_statements": 2, "percent_covered": 100.0, "percent_covered_display": "100", "missing_lines": 0, "excluded_lines": 0, "percent_statements_covered": 100.0, "percent_statements_covered_display": "100"}, "missing_lines": [], "excluded_lines": []}, "permission_required.decorator.decorated": {"executed_lines": [63, 64, 65, 67, 68, 69, 75, 76, 77, 79], "summary": {"covered_lines": 10, "num_statements": 10, "percent_covered": 100.0, "percent_covered_display": "100", "missing_lines": 0, "excluded_lines": 0, "percent_statements_covered": 100.0, "percent_statements_covered_display": "100"}, "missing_lines": [], "excluded_lines": []}, "": {"executed_lines": [1, 2, 3, 4, 7, 25, 35, 45, 58], "summary": {"covered_lines": 8, "num_statements": 8, "percent_covered": 100.0, "percent_covered_display": "100", "missing_lines": 0, "excluded_lines": 0, "percent_statements_covered": 100.0, "percent_statements_covered_display": "100"}, "missing_lines": [], "excluded_lines": []}}, "classes": {"": {"executed_lines": [1, 2, 3, 4, 7, 25, 27, 28, 33, 35, 37, 38, 39, 40, 41, 42, 45, 47, 48, 49, 50, 51, 56, 58, 60, 61, 62, 63, 64, 65, 67, 68, 69, 75, 76, 77, 79, 81, 82], "summary": {"covered_lines": 38, "num_statements": 39, "percent_covered": 97.43589743589743, "percent_covered_display": "97", "missing_lines": 1, "excluded_lines": 0, "percent_statements_covered": 97.43589743589743, "percent_statements_covered_display": "97"}, "missing_lines": [43], "excluded_lines": []}}}, "src\\utils\\tenant.py": {"executed_lines": [1, 2, 3, 4, 7, 9, 10, 11, 12, 13, 14, 17, 19, 20, 21, 22, 23, 24, 25, 26, 30, 32, 34, 36, 37, 38, 39, 40, 43, 54, 55, 56, 57, 59, 60, 61, 63, 64, 69, 71, 73, 74, 76, 91, 93, 99, 106, 107, 108, 109, 110, 112, 113, 115, 117, 120, 122, 123, 124, 125, 131, 138, 139, 140, 144, 145, 151, 153], "summary": {"covered_lines": 67, "num_statements": 83, "percent_covered": 80.72289156626506, "percent_covered_display": "81", "missing_lines": 16, "excluded_lines": 0, "percent_statements_covered": 80.72289156626506, "percent_statements_covered_display": "81"}, "missing_lines": [15, 27, 28, 29, 35, 41, 66, 72, 78, 79, 80, 85, 114, 132, 141, 142], "excluded_lines": [], "functions": {"_obtener_rol_nombre": {"executed_lines": [9, 10, 11, 12, 13, 14], "summary": {"covered_lines": 6, "num_statements": 7, "percent_covered": 85.71428571428571, "percent_covered_display": "86", "missing_lines": 1, "excluded_lines": 0, "percent_statements_covered": 85.71428571428571, "percent_statements_covered_display": "86"}, "missing_lines": [15], "excluded_lines": []}, "_obtener_tenant_desde_query_param": {"executed_lines": [19, 20, 21, 22, 23, 24, 25, 26, 30], "summary": {"covered_lines": 9, "num_statements": 12, "percent_covered": 75.0, "percent_covered_display": "75", "missing_lines": 3, "excluded_lines": 0, "percent_statements_covered": 75.0, "percent_statements_covered_display": "75"}, "missing_lines": [27, 28, 29], "excluded_lines": []}, "_obtener_tenant_del_usuario": {"executed_lines": [34, 36, 37, 38, 39, 40], "summary": {"covered_lines": 6, "num_statements": 8, "percent_covered": 75.0, "percent_covered_display": "75", "missing_lines": 2, "excluded_lines": 0, "percent_statements_covered": 75.0, "percent_statements_covered_display": "75"}, "missing_lines": [35, 41], "excluded_lines": []}, "get_current_tenant_id": {"executed_lines": [54, 55, 56, 57, 59, 60, 61, 63, 64], "summary": {"covered_lines": 9, "num_statements": 10, "percent_covered": 90.0, "percent_covered_display": "90", "missing_lines": 1, "excluded_lines": 0, "percent_statements_covered": 90.0, "percent_statements_covered_display": "90"}, "missing_lines": [66], "excluded_lines": []}, "_es_super_admin_usuario": {"executed_lines": [71, 73, 74], "summary": {"covered_lines": 3, "num_statements": 4, "percent_covered": 75.0, "percent_covered_display": "75", "missing_lines": 1, "excluded_lines": 0, "percent_statements_covered": 75.0, "percent_statements_covered_display": "75"}, "missing_lines": [72], "excluded_lines": []}, "_validar_tenant_super_admin": {"executed_lines": [], "summary": {"covered_lines": 0, "num_statements": 4, "percent_covered": 0.0, "percent_covered_display": "0", "missing_lines": 4, "excluded_lines": 0, "percent_statements_covered": 0.0, "percent_statements_covered_display": "0"}, "missing_lines": [78, 79, 80, 85], "excluded_lines": []}, "_validar_tenant_usuario_normal": {"executed_lines": [93], "summary": {"covered_lines": 1, "num_statements": 1, "percent_covered": 100.0, "percent_covered_display": "100", "missing_lines": 0, "excluded_lines": 0, "percent_statements_covered": 100.0, "percent_statements_covered_display": "100"}, "missing_lines": [], "excluded_lines": []}, "tenant_required": {"executed_lines": [106, 107, 117], "summary": {"covered_lines": 3, "num_statements": 3, "percent_covered": 100.0, "percent_covered_display": "100", "missing_lines": 0, "excluded_lines": 0, "percent_statements_covered": 100.0, "percent_statements_covered_display": "100"}, "missing_lines": [], "excluded_lines": []}, "tenant_required.decorated": {"executed_lines": [108, 109, 110, 112, 113, 115], "summary": {"covered_lines": 6, "num_statements": 7, "percent_covered": 85.71428571428571, "percent_covered_display": "86", "missing_lines": 1, "excluded_lines": 0, "percent_statements_covered": 85.71428571428571, "percent_statements_covered_display": "86"}, "missing_lines": [114], "excluded_lines": []}, "super_admin_required": {"executed_lines": [122, 123, 153], "summary": {"covered_lines": 3, "num_statements": 3, "percent_covered": 100.0, "percent_covered_display": "100", "missing_lines": 0, "excluded_lines": 0, "percent_statements_covered": 100.0, "percent_statements_covered_display": "100"}, "missing_lines": [], "excluded_lines": []}, "super_admin_required.decorated": {"executed_lines": [124, 125, 131, 138, 139, 140, 144, 145, 151], "summary": {"covered_lines": 9, "num_statements": 12, "percent_covered": 75.0, "percent_covered_display": "75", "missing_lines": 3, "excluded_lines": 0, "percent_statements_covered": 75.0, "percent_statements_covered_display": "75"}, "missing_lines": [132, 141, 142], "excluded_lines": []}, "": {"executed_lines": [1, 2, 3, 4, 7, 17, 32, 43, 69, 76, 91, 99, 120], "summary": {"covered_lines": 12, "num_statements": 12, "percent_covered": 100.0, "percent_covered_display": "100", "missing_lines": 0, "excluded_lines": 0, "percent_statements_covered": 100.0, "percent_statements_covered_display": "100"}, "missing_lines": [], "excluded_lines": []}}, "classes": {"": {"executed_lines": [1, 2, 3, 4, 7, 9, 10, 11, 12, 13, 14, 17, 19, 20, 21, 22, 23, 24, 25, 26, 30, 32, 34, 36, 37, 38, 39, 40, 43, 54, 55, 56, 57, 59, 60, 61, 63, 64, 69, 71, 73, 74, 76, 91, 93, 99, 106, 107, 108, 109, 110, 112, 113, 115, 117, 120, 122, 123, 124, 125, 131, 138, 139, 140, 144, 145, 151, 153], "summary": {"covered_lines": 67, "num_statements": 83, "percent_covered": 80.72289156626506, "percent_covered_display": "81", "missing_lines": 16, "excluded_lines": 0, "percent_statements_covered": 80.72289156626506, "percent_statements_covered_display": "81"}, "missing_lines": [15, 27, 28, 29, 35, 41, 66, 72, 78, 79, 80, 85, 114, 132, 141, 142], "excluded_lines": []}}}}, "totals": {"covered_lines": 3337, "num_statements": 4487, "percent_covered": 74.37040338756407, "percent_covered_display": "74", "missing_lines": 1150, "excluded_lines": 0, "percent_statements_covered": 74.37040338756407, "percent_statements_covered_display": "74"}}